#
# There is insufficient memory for the Java Runtime Environment to continue.
# Native memory allocation (malloc) failed to allocate 1007536 bytes for Chunk::new
# Possible reasons:
#   The system is out of physical RAM or swap space
#   In 32 bit mode, the process size limit was hit
# Possible solutions:
#   Reduce memory load on the system
#   Increase physical memory or swap space
#   Check if swap backing store is full
#   Use 64 bit Java on a 64 bit OS
#   Decrease Java heap size (-Xmx/-Xms)
#   Decrease number of Java threads
#   Decrease Java thread stack sizes (-Xss)
#   Set larger code cache with -XX:ReservedCodeCacheSize=
# This output file may be truncated or incomplete.
#
#  Out of Memory Error (allocation.cpp:390), pid=17632, tid=18008
#
# JRE version: Java(TM) SE Runtime Environment (8.0_60-b27) (build 1.8.0_60-b27)
# Java VM: Java HotSpot(TM) 64-Bit Server VM (25.60-b23 mixed mode windows-amd64 compressed oops)
# Failed to write core dump. Minidumps are not enabled by default on client versions of Windows
#

---------------  T H R E A D  ---------------

Current thread (0x000000001680e800):  JavaThread "C2 CompilerThread0" daemon [_thread_in_native, id=18008, stack(0x0000000017e90000,0x0000000017f90000)]

Stack: [0x0000000017e90000,0x0000000017f90000]
[error occurred during error reporting (printing stack bounds), id 0xc0000005]

Native frames: (J=compiled Java code, j=interpreted, Vv=VM code, C=native code)


Current CompileTask:
C2:   4753 2185       4       com.android.dx.ssa.LocalVariableExtractor::processBlock (383 bytes)


---------------  P R O C E S S  ---------------

Java Threads: ( => current thread )
  0x0000000016a8c800 JavaThread "pool-1-thread-4" [_thread_in_Java, id=18128, stack(0x00000000193d0000,0x00000000194d0000)]
  0x0000000016a8a000 JavaThread "pool-1-thread-3" [_thread_in_Java, id=18124, stack(0x0000000019280000,0x0000000019380000)]
  0x0000000016aaa800 JavaThread "pool-1-thread-2" [_thread_in_Java, id=18120, stack(0x00000000190c0000,0x00000000191c0000)]
  0x0000000016a86800 JavaThread "pool-2-thread-1" [_thread_blocked, id=18116, stack(0x0000000018e30000,0x0000000018f30000)]
  0x000000001863f000 JavaThread "pool-1-thread-1" [_thread_in_Java, id=18112, stack(0x0000000018f50000,0x0000000019050000)]
  0x000000001689b000 JavaThread "Service Thread" daemon [_thread_blocked, id=18024, stack(0x0000000018420000,0x0000000018520000)]
  0x0000000016820800 JavaThread "C1 CompilerThread3" daemon [_thread_blocked, id=18020, stack(0x0000000018290000,0x0000000018390000)]
  0x000000001681b000 JavaThread "C2 CompilerThread2" daemon [_thread_in_native, id=18016, stack(0x0000000018030000,0x0000000018130000)]
  0x0000000016818800 JavaThread "C2 CompilerThread1" daemon [_thread_in_native, id=18012, stack(0x0000000018150000,0x0000000018250000)]
=>0x000000001680e800 JavaThread "C2 CompilerThread0" daemon [_thread_in_native, id=18008, stack(0x0000000017e90000,0x0000000017f90000)]
  0x000000001680d000 JavaThread "Attach Listener" daemon [_thread_blocked, id=18004, stack(0x0000000017bb0000,0x0000000017cb0000)]
  0x000000001680b800 JavaThread "Signal Dispatcher" daemon [_thread_blocked, id=18000, stack(0x0000000017d20000,0x0000000017e20000)]
  0x0000000015866800 JavaThread "Finalizer" daemon [_thread_blocked, id=17996, stack(0x0000000017780000,0x0000000017880000)]
  0x0000000015864800 JavaThread "Reference Handler" daemon [_thread_blocked, id=17992, stack(0x0000000017a60000,0x0000000017b60000)]
  0x0000000001eee000 JavaThread "main" [_thread_in_Java, id=17940, stack(0x0000000002380000,0x0000000002480000)]

Other Threads:
  0x00000000167c0800 VMThread [stack: 0x0000000017880000,0x0000000017980000] [id=17988]
  0x00000000168ad800 WatcherThread [stack: 0x0000000018520000,0x0000000018620000] [id=18028]

VM state:not at safepoint (normal execution)

VM Mutex/Monitor currently owned by a thread: None

Heap:
 PSYoungGen      total 214528K, used 152853K [0x00000000eab00000, 0x00000000f9c00000, 0x0000000100000000)
  eden space 193024K, 69% used [0x00000000eab00000,0x00000000f2d45db8,0x00000000f6780000)
  from space 21504K, 90% used [0x00000000f8000000,0x00000000f92ff688,0x00000000f9500000)
  to   space 25088K, 0% used [0x00000000f6780000,0x00000000f6780000,0x00000000f8000000)
 ParOldGen       total 65536K, used 32076K [0x00000000c0000000, 0x00000000c4000000, 0x00000000eab00000)
  object space 65536K, 48% used [0x00000000c0000000,0x00000000c1f53148,0x00000000c4000000)
 Metaspace       used 6563K, capacity 7256K, committed 7424K, reserved 1056768K
  class space    used 626K, capacity 656K, committed 768K, reserved 1048576K

Card table byte_map: [0x0000000011bb0000,0x0000000011dc0000] byte_map_base: 0x00000000115b0000

Marking Bits: (ParMarkBitMap*) 0x000000005a6ca5b0
 Begin Bits: [0x0000000012c80000, 0x0000000013c80000)
 End Bits:   [0x0000000013c80000, 0x0000000014c80000)

Polling page: 0x0000000000230000

CodeCache: size=245760Kb used=8933Kb max_used=8933Kb free=236826Kb
 bounds [0x00000000027f0000, 0x00000000030c0000, 0x00000000117f0000]
 total_blobs=2457 nmethods=2184 adapters=185
 compilation: enabled

Compilation events (10 events):
Event: 4.725 Thread 0x0000000016820800 nmethod 2305 0x0000000003077950 code [0x0000000003077ac0, 0x0000000003077c98]
Event: 4.735 Thread 0x0000000016820800 2307       2       com.android.dx.ssa.back.FirstFitLocalCombiningAllocator::ssaSetToSpecs (57 bytes)
Event: 4.736 Thread 0x0000000016820800 nmethod 2307 0x0000000003076590 code [0x00000000030767a0, 0x0000000003076f58]
Event: 4.736 Thread 0x0000000016820800 2309       2       com.android.dx.util.Bits::bitCount (29 bytes)
Event: 4.736 Thread 0x0000000016820800 nmethod 2309 0x0000000003076110 code [0x0000000003076280, 0x0000000003076468]
Event: 4.736 Thread 0x0000000016820800 2308       2       com.android.dx.util.BitIntSet::elements (8 bytes)
Event: 4.737 Thread 0x0000000016820800 nmethod 2308 0x0000000003075c50 code [0x0000000003075dc0, 0x0000000003075fc8]
Event: 4.742 Thread 0x0000000016820800 2310       2       java.util.DualPivotQuicksort::sort (1195 bytes)
Event: 4.746 Thread 0x0000000016820800 nmethod 2310 0x00000000030ad190 code [0x00000000030ad480, 0x00000000030ae968]
Event: 4.751 Thread 0x0000000016820800 2312       2       com.android.dx.ssa.DeadCodeRemover$NoSideEffectVisitor::visitMoveInsn (22 bytes)

GC Heap History (10 events):
Event: 1.721 GC heap before
{Heap before GC invocations=2 (full 0):
 PSYoungGen      total 28672K, used 28193K [0x00000000eab00000, 0x00000000ee300000, 0x0000000100000000)
  eden space 24576K, 100% used [0x00000000eab00000,0x00000000ec300000,0x00000000ec300000)
  from space 4096K, 88% used [0x00000000ec300000,0x00000000ec688478,0x00000000ec700000)
  to   space 4096K, 0% used [0x00000000edf00000,0x00000000edf00000,0x00000000ee300000)
 ParOldGen       total 65536K, used 8K [0x00000000c0000000, 0x00000000c4000000, 0x00000000eab00000)
  object space 65536K, 0% used [0x00000000c0000000,0x00000000c0002000,0x00000000c4000000)
 Metaspace       used 6036K, capacity 6898K, committed 7040K, reserved 1056768K
  class space    used 604K, capacity 618K, committed 640K, reserved 1048576K
Event: 1.746 GC heap after
Heap after GC invocations=2 (full 0):
 PSYoungGen      total 53248K, used 4082K [0x00000000eab00000, 0x00000000ee300000, 0x0000000100000000)
  eden space 49152K, 0% used [0x00000000eab00000,0x00000000eab00000,0x00000000edb00000)
  from space 4096K, 99% used [0x00000000edf00000,0x00000000ee2fc948,0x00000000ee300000)
  to   space 4096K, 0% used [0x00000000edb00000,0x00000000edb00000,0x00000000edf00000)
 ParOldGen       total 65536K, used 2279K [0x00000000c0000000, 0x00000000c4000000, 0x00000000eab00000)
  object space 65536K, 3% used [0x00000000c0000000,0x00000000c0239fb0,0x00000000c4000000)
 Metaspace       used 6036K, capacity 6898K, committed 7040K, reserved 1056768K
  class space    used 604K, capacity 618K, committed 640K, reserved 1048576K
}
Event: 2.191 GC heap before
{Heap before GC invocations=3 (full 0):
 PSYoungGen      total 53248K, used 53234K [0x00000000eab00000, 0x00000000ee300000, 0x0000000100000000)
  eden space 49152K, 100% used [0x00000000eab00000,0x00000000edb00000,0x00000000edb00000)
  from space 4096K, 99% used [0x00000000edf00000,0x00000000ee2fc948,0x00000000ee300000)
  to   space 4096K, 0% used [0x00000000edb00000,0x00000000edb00000,0x00000000edf00000)
 ParOldGen       total 65536K, used 2279K [0x00000000c0000000, 0x00000000c4000000, 0x00000000eab00000)
  object space 65536K, 3% used [0x00000000c0000000,0x00000000c0239fb0,0x00000000c4000000)
 Metaspace       used 6118K, capacity 7026K, committed 7296K, reserved 1056768K
  class space    used 604K, capacity 618K, committed 640K, reserved 1048576K
Event: 2.426 GC heap after
Heap after GC invocations=3 (full 0):
 PSYoungGen      total 53248K, used 4081K [0x00000000eab00000, 0x00000000f1300000, 0x0000000100000000)
  eden space 49152K, 0% used [0x00000000eab00000,0x00000000eab00000,0x00000000edb00000)
  from space 4096K, 99% used [0x00000000edb00000,0x00000000edefc5f8,0x00000000edf00000)
  to   space 4096K, 0% used [0x00000000f0f00000,0x00000000f0f00000,0x00000000f1300000)
 ParOldGen       total 65536K, used 8179K [0x00000000c0000000, 0x00000000c4000000, 0x00000000eab00000)
  object space 65536K, 12% used [0x00000000c0000000,0x00000000c07fce60,0x00000000c4000000)
 Metaspace       used 6118K, capacity 7026K, committed 7296K, reserved 1056768K
  class space    used 604K, capacity 618K, committed 640K, reserved 1048576K
}
Event: 2.662 GC heap before
{Heap before GC invocations=4 (full 0):
 PSYoungGen      total 53248K, used 53233K [0x00000000eab00000, 0x00000000f1300000, 0x0000000100000000)
  eden space 49152K, 100% used [0x00000000eab00000,0x00000000edb00000,0x00000000edb00000)
  from space 4096K, 99% used [0x00000000edb00000,0x00000000edefc5f8,0x00000000edf00000)
  to   space 4096K, 0% used [0x00000000f0f00000,0x00000000f0f00000,0x00000000f1300000)
 ParOldGen       total 65536K, used 8179K [0x00000000c0000000, 0x00000000c4000000, 0x00000000eab00000)
  object space 65536K, 12% used [0x00000000c0000000,0x00000000c07fce60,0x00000000c4000000)
 Metaspace       used 6177K, capacity 7026K, committed 7296K, reserved 1056768K
  class space    used 605K, capacity 618K, committed 640K, reserved 1048576K
Event: 2.758 GC heap after
Heap after GC invocations=4 (full 0):
 PSYoungGen      total 102400K, used 4076K [0x00000000eab00000, 0x00000000f1300000, 0x0000000100000000)
  eden space 98304K, 0% used [0x00000000eab00000,0x00000000eab00000,0x00000000f0b00000)
  from space 4096K, 99% used [0x00000000f0f00000,0x00000000f12fb328,0x00000000f1300000)
  to   space 4096K, 0% used [0x00000000f0b00000,0x00000000f0b00000,0x00000000f0f00000)
 ParOldGen       total 65536K, used 16386K [0x00000000c0000000, 0x00000000c4000000, 0x00000000eab00000)
  object space 65536K, 25% used [0x00000000c0000000,0x00000000c1000a38,0x00000000c4000000)
 Metaspace       used 6177K, capacity 7026K, committed 7296K, reserved 1056768K
  class space    used 605K, capacity 618K, committed 640K, reserved 1048576K
}
Event: 3.629 GC heap before
{Heap before GC invocations=5 (full 0):
 PSYoungGen      total 102400K, used 102380K [0x00000000eab00000, 0x00000000f1300000, 0x0000000100000000)
  eden space 98304K, 100% used [0x00000000eab00000,0x00000000f0b00000,0x00000000f0b00000)
  from space 4096K, 99% used [0x00000000f0f00000,0x00000000f12fb328,0x00000000f1300000)
  to   space 4096K, 0% used [0x00000000f0b00000,0x00000000f0b00000,0x00000000f0f00000)
 ParOldGen       total 65536K, used 16386K [0x00000000c0000000, 0x00000000c4000000, 0x00000000eab00000)
  object space 65536K, 25% used [0x00000000c0000000,0x00000000c1000a38,0x00000000c4000000)
 Metaspace       used 6394K, capacity 7154K, committed 7296K, reserved 1056768K
  class space    used 605K, capacity 618K, committed 640K, reserved 1048576K
Event: 3.801 GC heap after
Heap after GC invocations=5 (full 0):
 PSYoungGen      total 102400K, used 4081K [0x00000000eab00000, 0x00000000f9500000, 0x0000000100000000)
  eden space 98304K, 0% used [0x00000000eab00000,0x00000000eab00000,0x00000000f0b00000)
  from space 4096K, 99% used [0x00000000f0b00000,0x00000000f0efc5c0,0x00000000f0f00000)
  to   space 21504K, 0% used [0x00000000f8000000,0x00000000f8000000,0x00000000f9500000)
 ParOldGen       total 65536K, used 32076K [0x00000000c0000000, 0x00000000c4000000, 0x00000000eab00000)
  object space 65536K, 48% used [0x00000000c0000000,0x00000000c1f53148,0x00000000c4000000)
 Metaspace       used 6394K, capacity 7154K, committed 7296K, reserved 1056768K
  class space    used 605K, capacity 618K, committed 640K, reserved 1048576K
}
Event: 4.162 GC heap before
{Heap before GC invocations=6 (full 0):
 PSYoungGen      total 102400K, used 102385K [0x00000000eab00000, 0x00000000f9500000, 0x0000000100000000)
  eden space 98304K, 100% used [0x00000000eab00000,0x00000000f0b00000,0x00000000f0b00000)
  from space 4096K, 99% used [0x00000000f0b00000,0x00000000f0efc5c0,0x00000000f0f00000)
  to   space 21504K, 0% used [0x00000000f8000000,0x00000000f8000000,0x00000000f9500000)
 ParOldGen       total 65536K, used 32076K [0x00000000c0000000, 0x00000000c4000000, 0x00000000eab00000)
  object space 65536K, 48% used [0x00000000c0000000,0x00000000c1f53148,0x00000000c4000000)
 Metaspace       used 6535K, capacity 7256K, committed 7424K, reserved 1056768K
  class space    used 626K, capacity 656K, committed 768K, reserved 1048576K
Event: 4.315 GC heap after
Heap after GC invocations=6 (full 0):
 PSYoungGen      total 214528K, used 19453K [0x00000000eab00000, 0x00000000f9c00000, 0x0000000100000000)
  eden space 193024K, 0% used [0x00000000eab00000,0x00000000eab00000,0x00000000f6780000)
  from space 21504K, 90% used [0x00000000f8000000,0x00000000f92ff688,0x00000000f9500000)
  to   space 25088K, 0% used [0x00000000f6780000,0x00000000f6780000,0x00000000f8000000)
 ParOldGen       total 65536K, used 32076K [0x00000000c0000000, 0x00000000c4000000, 0x00000000eab00000)
  object space 65536K, 48% used [0x00000000c0000000,0x00000000c1f53148,0x00000000c4000000)
 Metaspace       used 6535K, capacity 7256K, committed 7424K, reserved 1056768K
  class space    used 626K, capacity 656K, committed 768K, reserved 1048576K
}

Deoptimization events (10 events):
Event: 3.923 Thread 0x0000000001eee000 Uncommon trap: reason=unstable_if action=reinterpret pc=0x0000000002db9170 method=java.util.HashMap.getNode(ILjava/lang/Object;)Ljava/util/HashMap$Node; @ 84
Event: 3.978 Thread 0x0000000001eee000 Uncommon trap: reason=bimorphic action=maybe_recompile pc=0x0000000002f51e78 method=com.android.dx.cf.code.RopperMachine.run(Lcom/android/dx/cf/code/Frame;II)V @ 988
Event: 3.978 Thread 0x0000000001eee000 Uncommon trap: reason=bimorphic action=maybe_recompile pc=0x0000000002f51e78 method=com.android.dx.cf.code.RopperMachine.run(Lcom/android/dx/cf/code/Frame;II)V @ 988
Event: 3.978 Thread 0x0000000001eee000 Uncommon trap: reason=bimorphic action=maybe_recompile pc=0x0000000002f51e78 method=com.android.dx.cf.code.RopperMachine.run(Lcom/android/dx/cf/code/Frame;II)V @ 988
Event: 4.026 Thread 0x0000000016a8c800 Uncommon trap: reason=bimorphic action=maybe_recompile pc=0x0000000002ea7fa0 method=com.android.dx.ssa.LiteralOpUpgrader.tryReplacingWithConstant(Lcom/android/dx/ssa/NormalSsaInsn;)Z @ 62
Event: 4.026 Thread 0x0000000016a8c800 Uncommon trap: reason=unstable_if action=reinterpret pc=0x0000000002eb885c method=com.android.dx.ssa.LiteralOpUpgrader$1.visitNonMoveInsn(Lcom/android/dx/ssa/NormalSsaInsn;)V @ 24
Event: 4.030 Thread 0x0000000016a8c800 Uncommon trap: reason=bimorphic action=maybe_recompile pc=0x0000000002ea7fa0 method=com.android.dx.ssa.LiteralOpUpgrader.tryReplacingWithConstant(Lcom/android/dx/ssa/NormalSsaInsn;)Z @ 62
Event: 4.099 Thread 0x0000000016a8c800 Uncommon trap: reason=bimorphic action=maybe_recompile pc=0x0000000002f51e78 method=com.android.dx.cf.code.RopperMachine.run(Lcom/android/dx/cf/code/Frame;II)V @ 988
Event: 4.106 Thread 0x0000000016a8a000 Uncommon trap: reason=unstable_if action=reinterpret pc=0x0000000002e7b384 method=com.android.dx.ssa.MoveParamCombiner$1.visitNonMoveInsn(Lcom/android/dx/ssa/NormalSsaInsn;)V @ 27
Event: 4.151 Thread 0x000000001863f000 Uncommon trap: reason=unstable_if action=reinterpret pc=0x0000000002fa9874 method=java.util.HashMap.putVal(ILjava/lang/Object;Ljava/lang/Object;ZZ)Ljava/lang/Object; @ 109

Internal exceptions (7 events):
Event: 0.073 Thread 0x0000000001eee000 Exception <a 'java/lang/NoSuchMethodError': Method sun.misc.Unsafe.defineClass(Ljava/lang/String;[BII)Ljava/lang/Class; name or signature does not match> (0x00000000eab0d768) thrown at [C:\re\workspace\8-2-build-windows-amd64-cygwin\jdk8u60\4407\hotspot\srŠÆTy_ž²?
Event: 0.073 Thread 0x0000000001eee000 Exception <a 'java/lang/NoSuchMethodError': Method sun.misc.Unsafe.prefetchRead(Ljava/lang/Object;J)V name or signature does not match> (0x00000000eab0da50) thrown at [C:\re\workspace\8-2-build-windows-amd64-cygwin\jdk8u60\4407\hotspot\src\share\vm\prims\j¡ÉÝÐDwø?
Event: 1.529 Thread 0x0000000016a8a000 Implicit null exception at 0x0000000002a66252 to 0x0000000002a66351
Event: 3.546 Thread 0x000000001863f000 Implicit null exception at 0x0000000002e9d696 to 0x0000000002e9eb5d
Event: 3.921 Thread 0x0000000001eee000 Exception <a 'java/lang/ArrayIndexOutOfBoundsException': 18> (0x00000000ecfdb970) thrown at [C:\re\workspace\8-2-build-windows-amd64-cygwin\jdk8u60\4407\hotspot\src\share\vm\interpreter\interpreterRuntime.cpp, line 366]
Event: 3.921 Thread 0x0000000001eee000 Exception <a 'java/lang/ArrayIndexOutOfBoundsException': 145> (0x00000000ecfdd4f0) thrown at [C:\re\workspace\8-2-build-windows-amd64-cygwin\jdk8u60\4407\hotspot\src\share\vm\interpreter\interpreterRuntime.cpp, line 366]
Event: 3.922 Thread 0x0000000001eee000 Exception <a 'java/lang/ArrayIndexOutOfBoundsException'> (0x00000000ecfde7d8) thrown at [C:\re\workspace\8-2-build-windows-amd64-cygwin\jdk8u60\4407\hotspot\src\share\vm\runtime\sharedRuntime.cpp, line 605]

Events (10 events):
Event: 4.579 Thread 0x0000000001eee000 DEOPT PACKING pc=0x0000000002c28584 sp=0x000000000247e3c0
Event: 4.579 Thread 0x0000000001eee000 DEOPT UNPACKING pc=0x000000000283787f sp=0x000000000247e0a0 mode 0
Event: 4.632 Thread 0x0000000001eee000 DEOPT PACKING pc=0x0000000002b25a24 sp=0x000000000247e230
Event: 4.632 Thread 0x0000000001eee000 DEOPT UNPACKING pc=0x000000000283787f sp=0x000000000247df48 mode 0
Event: 4.665 Thread 0x0000000016a8a000 DEOPT PACKING pc=0x0000000002c28584 sp=0x000000001937e520
Event: 4.665 Thread 0x0000000016a8a000 DEOPT UNPACKING pc=0x000000000283787f sp=0x000000001937e200 mode 0
Event: 4.690 Thread 0x0000000001eee000 DEOPT PACKING pc=0x0000000002da0c1f sp=0x000000000247d750
Event: 4.690 Thread 0x0000000001eee000 DEOPT UNPACKING pc=0x000000000283787f sp=0x000000000247d558 mode 0
Event: 4.727 Thread 0x000000001863f000 DEOPT PACKING pc=0x0000000002c28584 sp=0x000000001904eb00
Event: 4.727 Thread 0x000000001863f000 DEOPT UNPACKING pc=0x000000000283787f sp=0x000000001904e7e0 mode 0


Dynamic libraries:
0x000000013fd40000 - 0x000000013fd77000 	C:\Program Files\Java\jdk1.8.0_60\bin\java.exe
0x0000000077000000 - 0x00000000771a9000 	C:\Windows\SYSTEM32\ntdll.dll
0x0000000076de0000 - 0x0000000076eff000 	C:\Windows\system32\kernel32.dll
0x000007fefd000000 - 0x000007fefd06b000 	C:\Windows\system32\KERNELBASE.dll
0x000007feff230000 - 0x000007feff30b000 	C:\Windows\system32\ADVAPI32.dll
0x000007fefd760000 - 0x000007fefd7ff000 	C:\Windows\system32\msvcrt.dll
0x000007fefded0000 - 0x000007fefdeef000 	C:\Windows\SYSTEM32\sechost.dll
0x000007fefdc60000 - 0x000007fefdd8d000 	C:\Windows\system32\RPCRT4.dll
0x0000000076f00000 - 0x0000000076ffa000 	C:\Windows\system32\USER32.dll
0x000007fefed00000 - 0x000007fefed67000 	C:\Windows\system32\GDI32.dll
0x000007fefdec0000 - 0x000007fefdece000 	C:\Windows\system32\LPK.dll
0x000007fefd5b0000 - 0x000007fefd679000 	C:\Windows\system32\USP10.dll
0x000007fefafb0000 - 0x000007fefb1a4000 	C:\Windows\WinSxS\amd64_microsoft.windows.common-controls_6595b64144ccf1df_6.0.7601.17514_none_fa396087175ac9ac\COMCTL32.dll
0x000007fefdef0000 - 0x000007fefdf61000 	C:\Windows\system32\SHLWAPI.dll
0x000007fefdd90000 - 0x000007fefddbe000 	C:\Windows\system32\IMM32.DLL
0x000007fefd320000 - 0x000007fefd429000 	C:\Windows\system32\MSCTF.dll
0x00000000527c0000 - 0x0000000052892000 	C:\Program Files\Java\jdk1.8.0_60\jre\bin\msvcr100.dll
0x0000000059ec0000 - 0x000000005a749000 	C:\Program Files\Java\jdk1.8.0_60\jre\bin\server\jvm.dll
0x000007feeb9f0000 - 0x000007feeb9f9000 	C:\Windows\system32\WSOCK32.dll
0x000007fefd680000 - 0x000007fefd6cd000 	C:\Windows\system32\WS2_32.dll
0x000007fefd6d0000 - 0x000007fefd6d8000 	C:\Windows\system32\NSI.dll
0x000007fefba50000 - 0x000007fefba8b000 	C:\Windows\system32\WINMM.dll
0x000007fefc0b0000 - 0x000007fefc0bc000 	C:\Windows\system32\VERSION.dll
0x00000000771c0000 - 0x00000000771c7000 	C:\Windows\system32\PSAPI.DLL
0x0000000068100000 - 0x000000006810f000 	C:\Program Files\Java\jdk1.8.0_60\jre\bin\verify.dll
0x0000000059e90000 - 0x0000000059eb9000 	C:\Program Files\Java\jdk1.8.0_60\jre\bin\java.dll
0x0000000059e70000 - 0x0000000059e86000 	C:\Program Files\Java\jdk1.8.0_60\jre\bin\zip.dll
0x000007fefdf70000 - 0x000007fefecf8000 	C:\Windows\system32\SHELL32.dll
0x000007fefed70000 - 0x000007fefef73000 	C:\Windows\system32\ole32.dll
0x000007fefcf50000 - 0x000007fefcf5f000 	C:\Windows\system32\profapi.dll

VM Arguments:
jvm_args: -Djava.awt.headless=true -Xmx1024M -Dfile.encoding=windows-1252 -Duser.country=US -Duser.language=en -Duser.variant 
java_command: com.android.dx.command.Main --dex --force-jumbo --num-threads=4 --output D:\project\AndroidStudioProjects\HocSQLite\app\build\intermediates\pre-dexed\debug\com.android.support-support-v4-23.4.0_3a6af26798c3f02ffd53b130fbc1e1e12a7e6987.jar D:\project\AndroidStudioProjects\HocSQLite\app\build\intermediates\exploded-aar\com.android.support\support-v4\23.4.0\jars\classes.jar
java_class_path (initial): D:\Android\sdk\build-tools\23.0.3\lib\dx.jar
Launcher Type: SUN_STANDARD

Environment Variables:
JAVA_HOME=C:\Program Files\Java\jdk1.8.0_60
PATH=C:\ProgramData\Oracle\Java\javapath;C:\Program Files\Common Files\Microsoft Shared\Windows Live;C:\Program Files (x86)\HP SimplePass\x64;C:\Program Files (x86)\HP SimplePass\;;C:\Windows\system32;C:\Windows;C:\Windows\System32\Wbem;C:\Windows\System32\WindowsPowerShell\v1.0\;C:\Program Files (x86)\Java\jdk1.7.0_09\bin;C:\Strawberry\c\bin;C:\Strawberry\perl\site\bin;C:\Strawberry\perl\bin;C:\Program Files (x86)\Intel\OpenCL SDK\2.0\bin\x86;C:\Program Files (x86)\Intel\OpenCL SDK\2.0\bin\x64;C:\PROGRA~2\PICC;C:\Program Files (x86)\Microchip\xc16\v1.25\bin;C:\Program Files (x86)\Microchip\xc8\v1.35\bin;C:\Program Files\Java\jre1.8.0_65\bin;C:\Program Files\Java\jdk1.8.0_60\jre\bin;D:\Android\sdk\platform-tools;C:\Program Files\Common Files\Microsoft Shared\Windows Live;C:\Program Files\Java\jre1.8.0_65\bin
USERNAME=Nhut
OS=Windows_NT
PROCESSOR_IDENTIFIER=Intel64 Family 6 Model 42 Stepping 7, GenuineIntel



---------------  S Y S T E M  ---------------

OS: Windows 7 , 64 bit Build 7601 (6.1.7601.17514)

CPU:total 8 (4 cores per cpu, 2 threads per core) family 6 model 42 stepping 7, cmov, cx8, fxsr, mmx, sse, sse2, sse3, ssse3, sse4.1, sse4.2, popcnt, avx, aes, clmul, ht, tsc, tscinvbit

Memory: 4k page, physical 6238064k(576536k free), swap 8333368k(5356k free)

vm_info: Java HotSpot(TM) 64-Bit Server VM (25.60-b23) for windows-amd64 JRE (1.8.0_60-b27), built on Aug  4 2015 11:06:27 by "java_re" with MS VC++ 10.0 (VS2010)

time: Sat Jun 11 13:59:47 2016
elapsed time: 4 seconds (0d 0h 0m 4s)

