#
# There is insufficient memory for the Java Runtime Environment to continue.
# Native memory allocation (malloc) failed to allocate 783616 bytes for Chunk::new
# Possible reasons:
#   The system is out of physical RAM or swap space
#   In 32 bit mode, the process size limit was hit
# Possible solutions:
#   Reduce memory load on the system
#   Increase physical memory or swap space
#   Check if swap backing store is full
#   Use 64 bit Java on a 64 bit OS
#   Decrease Java heap size (-Xmx/-Xms)
#   Decrease number of Java threads
#   Decrease Java thread stack sizes (-Xss)
#   Set larger code cache with -XX:ReservedCodeCacheSize=
# This output file may be truncated or incomplete.
#
#  Out of Memory Error (allocation.cpp:390), pid=10700, tid=17416
#
# JRE version: Java(TM) SE Runtime Environment (8.0_60-b27) (build 1.8.0_60-b27)
# Java VM: Java HotSpot(TM) 64-Bit Server VM (25.60-b23 mixed mode windows-amd64 compressed oops)
# Failed to write core dump. Minidumps are not enabled by default on client versions of Windows
#

---------------  T H R E A D  ---------------

Current thread (0x000000001678c800):  JavaThread "C2 CompilerThread1" daemon [_thread_in_native, id=17416, stack(0x0000000018020000,0x0000000018120000)]

Stack: [0x0000000018020000,0x0000000018120000]
[error occurred during error reporting (printing stack bounds), id 0xc0000005]

Native frames: (J=compiled Java code, j=interpreted, Vv=VM code, C=native code)


Current CompileTask:
C2:   2192 1664       4       com.android.dx.ssa.SCCP::simulateBlock (54 bytes)


---------------  P R O C E S S  ---------------

Java Threads: ( => current thread )
  0x0000000018430000 JavaThread "pool-1-thread-4" [_thread_blocked, id=17452, stack(0x00000000192d0000,0x00000000193d0000)]
  0x00000000183ff800 JavaThread "pool-1-thread-3" [_thread_blocked, id=17448, stack(0x0000000019060000,0x0000000019160000)]
  0x0000000018429000 JavaThread "pool-1-thread-2" [_thread_blocked, id=17444, stack(0x0000000018dd0000,0x0000000018ed0000)]
  0x000000001841a000 JavaThread "pool-2-thread-1" [_thread_blocked, id=17440, stack(0x0000000018f40000,0x0000000019040000)]
  0x0000000018418000 JavaThread "pool-1-thread-1" [_thread_blocked, id=17436, stack(0x0000000018c80000,0x0000000018d80000)]
  0x00000000167fd000 JavaThread "Service Thread" daemon [_thread_blocked, id=17428, stack(0x00000000182f0000,0x00000000183f0000)]
  0x00000000167f0000 JavaThread "C1 CompilerThread3" daemon [_thread_in_native, id=17424, stack(0x0000000017b60000,0x0000000017c60000)]
  0x0000000016793800 JavaThread "C2 CompilerThread2" daemon [_thread_in_native, id=17420, stack(0x0000000017dd0000,0x0000000017ed0000)]
=>0x000000001678c800 JavaThread "C2 CompilerThread1" daemon [_thread_in_native, id=17416, stack(0x0000000018020000,0x0000000018120000)]
  0x000000001677f000 JavaThread "C2 CompilerThread0" daemon [_thread_in_native, id=17412, stack(0x0000000017ee0000,0x0000000017fe0000)]
  0x000000001677d800 JavaThread "Attach Listener" daemon [_thread_blocked, id=17064, stack(0x0000000017c90000,0x0000000017d90000)]
  0x000000001677c000 JavaThread "Signal Dispatcher" daemon [_thread_blocked, id=17004, stack(0x0000000017a60000,0x0000000017b60000)]
  0x00000000158ec000 JavaThread "Finalizer" daemon [_thread_blocked, id=12412, stack(0x0000000017960000,0x0000000017a60000)]
  0x00000000158e4800 JavaThread "Reference Handler" daemon [_thread_blocked, id=15864, stack(0x00000000176d0000,0x00000000177d0000)]
  0x0000000001eae000 JavaThread "main" [_thread_blocked, id=1404, stack(0x0000000002530000,0x0000000002630000)]

Other Threads:
  0x0000000016730800 VMThread [stack: 0x00000000177d0000,0x00000000178d0000] [id=16188]
  0x00000000167fe000 WatcherThread [stack: 0x0000000018150000,0x0000000018250000] [id=17432]

VM state:at safepoint (normal execution)

VM Mutex/Monitor currently owned by a thread:  ([mutex/lock_event])
[0x0000000001eac7a0] Threads_lock - owner thread: 0x0000000016730800
[0x0000000001eacca0] Heap_lock - owner thread: 0x00000000183ff800

Heap:
 PSYoungGen      total 53248K, used 53242K [0x00000000eab00000, 0x00000000ee300000, 0x0000000100000000)
  eden space 49152K, 100% used [0x00000000eab00000,0x00000000edb00000,0x00000000edb00000)
  from space 4096K, 99% used [0x00000000edf00000,0x00000000ee2feaa8,0x00000000ee300000)
  to   space 4096K, 99% used [0x00000000edb00000,0x00000000edefdc88,0x00000000edf00000)
 ParOldGen       total 65536K, used 2743K [0x00000000c0000000, 0x00000000c4000000, 0x00000000eab00000)
  object space 65536K, 4% used [0x00000000c0000000,0x00000000c02b1c90,0x00000000c4000000)
 Metaspace       used 6251K, capacity 7088K, committed 7296K, reserved 1056768K
  class space    used 602K, capacity 616K, committed 640K, reserved 1048576K

Card table byte_map: [0x0000000011cc0000,0x0000000011ed0000] byte_map_base: 0x00000000116c0000

Marking Bits: (ParMarkBitMap*) 0x000000005a6ca5b0
 Begin Bits: [0x0000000012d00000, 0x0000000013d00000)
 End Bits:   [0x0000000013d00000, 0x0000000014d00000)

Polling page: 0x0000000000230000

CodeCache: size=245760Kb used=6792Kb max_used=6792Kb free=238967Kb
 bounds [0x0000000002900000, 0x0000000002fb0000, 0x0000000011900000]
 total_blobs=1943 nmethods=1673 adapters=182
 compilation: enabled

Compilation events (10 events):
Event: 1.985 Thread 0x00000000167f0000 nmethod 1689 0x0000000002fa3d10 code [0x0000000002fa3ec0, 0x0000000002fa4318]
Event: 1.985 Thread 0x00000000167f0000 1684       3       com.android.dx.cf.code.Ropper$ExceptionSetupLabelAllocator::<init> (33 bytes)
Event: 1.986 Thread 0x00000000167f0000 nmethod 1684 0x0000000002fa4550 code [0x0000000002fa46e0, 0x0000000002fa4bb0]
Event: 1.986 Thread 0x00000000167f0000 1688       3       com.android.dx.cf.code.Ropper$LabelAllocator::<init> (10 bytes)
Event: 1.986 Thread 0x00000000167f0000 nmethod 1688 0x0000000002f92490 code [0x0000000002f925e0, 0x0000000002f92790]
Event: 1.986 Thread 0x00000000167f0000 1690       3       com.android.dx.rop.code.LocalVariableInfo::<init> (82 bytes)
Event: 1.987 Thread 0x00000000167f0000 nmethod 1690 0x0000000002fa4e10 code [0x0000000002fa5060, 0x0000000002fa5da8]
Event: 2.012 Thread 0x00000000167f0000 1695       2       com.android.dx.cf.direct.DirectClassFile::makeTypeList (47 bytes)
Event: 2.012 Thread 0x00000000167f0000 nmethod 1695 0x0000000002fa6350 code [0x0000000002fa64e0, 0x0000000002fa6798]
Event: 2.042 Thread 0x00000000167f0000 1696   !   2       java.util.zip.ZipFile::releaseInflater (41 bytes)

GC Heap History (4 events):
Event: 0.864 GC heap before
{Heap before GC invocations=1 (full 0):
 PSYoungGen      total 28672K, used 24576K [0x00000000eab00000, 0x00000000ecb00000, 0x0000000100000000)
  eden space 24576K, 100% used [0x00000000eab00000,0x00000000ec300000,0x00000000ec300000)
  from space 4096K, 0% used [0x00000000ec700000,0x00000000ec700000,0x00000000ecb00000)
  to   space 4096K, 0% used [0x00000000ec300000,0x00000000ec300000,0x00000000ec700000)
 ParOldGen       total 65536K, used 0K [0x00000000c0000000, 0x00000000c4000000, 0x00000000eab00000)
  object space 65536K, 0% used [0x00000000c0000000,0x00000000c0000000,0x00000000c4000000)
 Metaspace       used 5770K, capacity 6704K, committed 6784K, reserved 1056768K
  class space    used 596K, capacity 616K, committed 640K, reserved 1048576K
Event: 0.886 GC heap after
Heap after GC invocations=1 (full 0):
 PSYoungGen      total 28672K, used 4082K [0x00000000eab00000, 0x00000000ee300000, 0x0000000100000000)
  eden space 24576K, 0% used [0x00000000eab00000,0x00000000eab00000,0x00000000ec300000)
  from space 4096K, 99% used [0x00000000ec300000,0x00000000ec6fc840,0x00000000ec700000)
  to   space 4096K, 0% used [0x00000000edf00000,0x00000000edf00000,0x00000000ee300000)
 ParOldGen       total 65536K, used 326K [0x00000000c0000000, 0x00000000c4000000, 0x00000000eab00000)
  object space 65536K, 0% used [0x00000000c0000000,0x00000000c0051840,0x00000000c4000000)
 Metaspace       used 5770K, capacity 6704K, committed 6784K, reserved 1056768K
  class space    used 596K, capacity 616K, committed 640K, reserved 1048576K
}
Event: 1.543 GC heap before
{Heap before GC invocations=2 (full 0):
 PSYoungGen      total 28672K, used 28658K [0x00000000eab00000, 0x00000000ee300000, 0x0000000100000000)
  eden space 24576K, 100% used [0x00000000eab00000,0x00000000ec300000,0x00000000ec300000)
  from space 4096K, 99% used [0x00000000ec300000,0x00000000ec6fc840,0x00000000ec700000)
  to   space 4096K, 0% used [0x00000000edf00000,0x00000000edf00000,0x00000000ee300000)
 ParOldGen       total 65536K, used 326K [0x00000000c0000000, 0x00000000c4000000, 0x00000000eab00000)
  object space 65536K, 0% used [0x00000000c0000000,0x00000000c0051840,0x00000000c4000000)
 Metaspace       used 6088K, capacity 7024K, committed 7296K, reserved 1056768K
  class space    used 601K, capacity 616K, committed 640K, reserved 1048576K
Event: 1.602 GC heap after
Heap after GC invocations=2 (full 0):
 PSYoungGen      total 53248K, used 4090K [0x00000000eab00000, 0x00000000ee300000, 0x0000000100000000)
  eden space 49152K, 0% used [0x00000000eab00000,0x00000000eab00000,0x00000000edb00000)
  from space 4096K, 99% used [0x00000000edf00000,0x00000000ee2feaa8,0x00000000ee300000)
  to   space 4096K, 0% used [0x00000000edb00000,0x00000000edb00000,0x00000000edf00000)
 ParOldGen       total 65536K, used 2495K [0x00000000c0000000, 0x00000000c4000000, 0x00000000eab00000)
  object space 65536K, 3% used [0x00000000c0000000,0x00000000c026fc50,0x00000000c4000000)
 Metaspace       used 6088K, capacity 7024K, committed 7296K, reserved 1056768K
  class space    used 601K, capacity 616K, committed 640K, reserved 1048576K
}

Deoptimization events (9 events):
Event: 0.357 Thread 0x0000000001eae000 Uncommon trap: reason=unstable_if action=reinterpret pc=0x0000000002a49f84 method=java.lang.String.compareTo(Ljava/lang/String;)I @ 38
Event: 0.635 Thread 0x0000000018418000 Uncommon trap: reason=unstable_if action=reinterpret pc=0x0000000002afbae0 method=java.util.BitSet.nextSetBit(I)I @ 87
Event: 0.639 Thread 0x0000000018418000 Uncommon trap: reason=unstable_if action=reinterpret pc=0x0000000002af470c method=java.util.HashMap.getNode(ILjava/lang/Object;)Ljava/util/HashMap$Node; @ 129
Event: 1.631 Thread 0x0000000018429000 Uncommon trap: reason=unstable_if action=reinterpret pc=0x0000000002e2a1fc method=com.android.dx.ssa.SCCP.simulateStmt(Lcom/android/dx/ssa/SsaInsn;)V @ 53
Event: 1.821 Thread 0x0000000001eae000 Uncommon trap: reason=unstable_if action=reinterpret pc=0x0000000002dc90dc method=com.android.dx.rop.cst.StdConstantPool.set(ILcom/android/dx/rop/cst/Constant;)V @ 12
Event: 1.844 Thread 0x0000000018418000 Uncommon trap: reason=bimorphic action=maybe_recompile pc=0x0000000002f09f6c method=com.android.dx.rop.code.RegisterSpec.withSimpleType()Lcom/android/dx/rop/code/RegisterSpec; @ 21
Event: 1.896 Thread 0x0000000018430000 Uncommon trap: reason=unstable_if action=reinterpret pc=0x0000000002c586e4 method=com.android.dx.rop.code.RegisterSpecSet.<init>(I)V @ 2
Event: 1.935 Thread 0x0000000018430000 Uncommon trap: reason=unstable_if action=reinterpret pc=0x0000000002e4b974 method=com.android.dx.ssa.SCCP.simulateBranch(Lcom/android/dx/ssa/SsaInsn;)V @ 64
Event: 1.936 Thread 0x0000000018430000 Uncommon trap: reason=unstable_if action=reinterpret pc=0x0000000002cad70c method=com.android.dx.ssa.SsaMethod.updateOneDefinition(Lcom/android/dx/ssa/SsaInsn;Lcom/android/dx/rop/code/RegisterSpec;)V @ 4

Internal exceptions (2 events):
Event: 0.115 Thread 0x0000000001eae000 Exception <a 'java/lang/NoSuchMethodError': Method sun.misc.Unsafe.defineClass(Ljava/lang/String;[BII)Ljava/lang/Class; name or signature does not match> (0x00000000eab0d438) thrown at [C:\re\workspace\8-2-build-windows-amd64-cygwin\jdk8u60\4407\hotspot\sr’
Event: 0.115 Thread 0x0000000001eae000 Exception <a 'java/lang/NoSuchMethodError': Method sun.misc.Unsafe.prefetchRead(Ljava/lang/Object;J)V name or signature does not match> (0x00000000eab0d720) thrown at [C:\re\workspace\8-2-build-windows-amd64-cygwin\jdk8u60\4407\hotspot\src\share\vm\prims\j

Events (10 events):
Event: 1.896 Thread 0x0000000018430000 DEOPT PACKING pc=0x0000000002c586e4 sp=0x00000000193cea10
Event: 1.896 Thread 0x0000000018430000 DEOPT UNPACKING pc=0x000000000294582a sp=0x00000000193ce940 mode 2
Event: 1.935 Thread 0x0000000018430000 Uncommon trap: trap_request=0xffffff65 fr.pc=0x0000000002e4b974
Event: 1.935 Thread 0x0000000018430000 DEOPT PACKING pc=0x0000000002e4b974 sp=0x00000000193ce710
Event: 1.935 Thread 0x0000000018430000 DEOPT UNPACKING pc=0x000000000294582a sp=0x00000000193ce700 mode 2
Event: 1.935 loading class com/android/dx/rop/code/RegOps
Event: 1.935 loading class com/android/dx/rop/code/RegOps done
Event: 1.936 Thread 0x0000000018430000 Uncommon trap: trap_request=0xffffff65 fr.pc=0x0000000002cad70c
Event: 1.936 Thread 0x0000000018430000 DEOPT PACKING pc=0x0000000002cad70c sp=0x00000000193ce6c0
Event: 1.936 Thread 0x0000000018430000 DEOPT UNPACKING pc=0x000000000294582a sp=0x00000000193ce668 mode 2


Dynamic libraries:
0x000000013fd40000 - 0x000000013fd77000 	C:\Program Files\Java\jdk1.8.0_60\bin\java.exe
0x0000000077000000 - 0x00000000771a9000 	C:\Windows\SYSTEM32\ntdll.dll
0x0000000076de0000 - 0x0000000076eff000 	C:\Windows\system32\kernel32.dll
0x000007fefd000000 - 0x000007fefd06b000 	C:\Windows\system32\KERNELBASE.dll
0x000007feff230000 - 0x000007feff30b000 	C:\Windows\system32\ADVAPI32.dll
0x000007fefd760000 - 0x000007fefd7ff000 	C:\Windows\system32\msvcrt.dll
0x000007fefded0000 - 0x000007fefdeef000 	C:\Windows\SYSTEM32\sechost.dll
0x000007fefdc60000 - 0x000007fefdd8d000 	C:\Windows\system32\RPCRT4.dll
0x0000000076f00000 - 0x0000000076ffa000 	C:\Windows\system32\USER32.dll
0x000007fefed00000 - 0x000007fefed67000 	C:\Windows\system32\GDI32.dll
0x000007fefdec0000 - 0x000007fefdece000 	C:\Windows\system32\LPK.dll
0x000007fefd5b0000 - 0x000007fefd679000 	C:\Windows\system32\USP10.dll
0x000007fefafb0000 - 0x000007fefb1a4000 	C:\Windows\WinSxS\amd64_microsoft.windows.common-controls_6595b64144ccf1df_6.0.7601.17514_none_fa396087175ac9ac\COMCTL32.dll
0x000007fefdef0000 - 0x000007fefdf61000 	C:\Windows\system32\SHLWAPI.dll
0x000007fefdd90000 - 0x000007fefddbe000 	C:\Windows\system32\IMM32.DLL
0x000007fefd320000 - 0x000007fefd429000 	C:\Windows\system32\MSCTF.dll
0x00000000527c0000 - 0x0000000052892000 	C:\Program Files\Java\jdk1.8.0_60\jre\bin\msvcr100.dll
0x0000000059ec0000 - 0x000000005a749000 	C:\Program Files\Java\jdk1.8.0_60\jre\bin\server\jvm.dll
0x000007feeb9f0000 - 0x000007feeb9f9000 	C:\Windows\system32\WSOCK32.dll
0x000007fefd680000 - 0x000007fefd6cd000 	C:\Windows\system32\WS2_32.dll
0x000007fefd6d0000 - 0x000007fefd6d8000 	C:\Windows\system32\NSI.dll
0x000007fefba50000 - 0x000007fefba8b000 	C:\Windows\system32\WINMM.dll
0x000007fefc0b0000 - 0x000007fefc0bc000 	C:\Windows\system32\VERSION.dll
0x00000000771c0000 - 0x00000000771c7000 	C:\Windows\system32\PSAPI.DLL
0x0000000068100000 - 0x000000006810f000 	C:\Program Files\Java\jdk1.8.0_60\jre\bin\verify.dll
0x0000000059e90000 - 0x0000000059eb9000 	C:\Program Files\Java\jdk1.8.0_60\jre\bin\java.dll
0x0000000059e70000 - 0x0000000059e86000 	C:\Program Files\Java\jdk1.8.0_60\jre\bin\zip.dll
0x000007fefdf70000 - 0x000007fefecf8000 	C:\Windows\system32\SHELL32.dll
0x000007fefed70000 - 0x000007fefef73000 	C:\Windows\system32\ole32.dll
0x000007fefcf50000 - 0x000007fefcf5f000 	C:\Windows\system32\profapi.dll

VM Arguments:
jvm_args: -Djava.awt.headless=true -Xmx1024M -Dfile.encoding=windows-1252 -Duser.country=US -Duser.language=en -Duser.variant 
java_command: com.android.dx.command.Main --dex --force-jumbo --num-threads=4 --output D:\project\AndroidStudioProjects\HocSQLite\app\build\intermediates\pre-dexed\debug\internal_impl-23.4.0_9bf94cb9c46585153c1ea47ddd43f04872e03f6f.jar D:\project\AndroidStudioProjects\HocSQLite\app\build\intermediates\exploded-aar\com.android.support\support-v4\23.4.0\jars\libs\internal_impl-23.4.0.jar
java_class_path (initial): D:\Android\sdk\build-tools\23.0.3\lib\dx.jar
Launcher Type: SUN_STANDARD

Environment Variables:
JAVA_HOME=C:\Program Files\Java\jdk1.8.0_60
PATH=C:\ProgramData\Oracle\Java\javapath;C:\Program Files\Common Files\Microsoft Shared\Windows Live;C:\Program Files (x86)\HP SimplePass\x64;C:\Program Files (x86)\HP SimplePass\;;C:\Windows\system32;C:\Windows;C:\Windows\System32\Wbem;C:\Windows\System32\WindowsPowerShell\v1.0\;C:\Program Files (x86)\Java\jdk1.7.0_09\bin;C:\Strawberry\c\bin;C:\Strawberry\perl\site\bin;C:\Strawberry\perl\bin;C:\Program Files (x86)\Intel\OpenCL SDK\2.0\bin\x86;C:\Program Files (x86)\Intel\OpenCL SDK\2.0\bin\x64;C:\PROGRA~2\PICC;C:\Program Files (x86)\Microchip\xc16\v1.25\bin;C:\Program Files (x86)\Microchip\xc8\v1.35\bin;C:\Program Files\Java\jre1.8.0_65\bin;C:\Program Files\Java\jdk1.8.0_60\jre\bin;D:\Android\sdk\platform-tools;C:\Program Files\Common Files\Microsoft Shared\Windows Live;C:\Program Files\Java\jre1.8.0_65\bin
USERNAME=Nhut
OS=Windows_NT
PROCESSOR_IDENTIFIER=Intel64 Family 6 Model 42 Stepping 7, GenuineIntel



---------------  S Y S T E M  ---------------

OS: Windows 7 , 64 bit Build 7601 (6.1.7601.17514)

CPU:total 8 (4 cores per cpu, 2 threads per core) family 6 model 42 stepping 7, cmov, cx8, fxsr, mmx, sse, sse2, sse3, ssse3, sse4.1, sse4.2, popcnt, avx, aes, clmul, ht, tsc, tscinvbit

Memory: 4k page, physical 6238064k(605504k free), swap 8333368k(92212k free)

vm_info: Java HotSpot(TM) 64-Bit Server VM (25.60-b23) for windows-amd64 JRE (1.8.0_60-b27), built on Aug  4 2015 11:06:27 by "java_re" with MS VC++ 10.0 (VS2010)

time: Sat Jun 11 13:59:40 2016
elapsed time: 2 seconds (0d 0h 0m 2s)

