#
# There is insufficient memory for the Java Runtime Environment to continue.
# Native memory allocation (malloc) failed to allocate 32744 bytes for ChunkPool::allocate
# Possible reasons:
#   The system is out of physical RAM or swap space
#   In 32 bit mode, the process size limit was hit
# Possible solutions:
#   Reduce memory load on the system
#   Increase physical memory or swap space
#   Check if swap backing store is full
#   Use 64 bit Java on a 64 bit OS
#   Decrease Java heap size (-Xmx/-Xms)
#   Decrease number of Java threads
#   Decrease Java thread stack sizes (-Xss)
#   Set larger code cache with -XX:ReservedCodeCacheSize=
# This output file may be truncated or incomplete.
#
#  Out of Memory Error (allocation.cpp:273), pid=6768, tid=10220
#
# JRE version: Java(TM) SE Runtime Environment (8.0_60-b27) (build 1.8.0_60-b27)
# Java VM: Java HotSpot(TM) 64-Bit Server VM (25.60-b23 mixed mode windows-amd64 compressed oops)
# Failed to write core dump. Minidumps are not enabled by default on client versions of Windows
#

---------------  T H R E A D  ---------------

Current thread (0x0000000057044000):  JavaThread "C2 CompilerThread2" daemon [_thread_in_native, id=10220, stack(0x0000000002450000,0x0000000002550000)]

Stack: [0x0000000002450000,0x0000000002550000]
[error occurred during error reporting (printing stack bounds), id 0xc0000005]

Native frames: (J=compiled Java code, j=interpreted, Vv=VM code, C=native code)


Current CompileTask:
C2: 446698 16449   !   4       org.gradle.api.internal.AbstractClassGenerator::generateUnderLock (1055 bytes)


---------------  P R O C E S S  ---------------

Java Threads: ( => current thread )
  0x000000005bd5c000 JavaThread "Forward streams with process: command 'C:\Program Files\Java\jdk1.8.0_60\bin\java.exe' Thread 3" [_thread_in_native, id=6704, stack(0x0000000066870000,0x0000000066970000)]
  0x000000005bd5b000 JavaThread "Forward streams with process: command 'C:\Program Files\Java\jdk1.8.0_60\bin\java.exe' Thread 2" [_thread_in_native, id=6568, stack(0x0000000066120000,0x0000000066220000)]
  0x000000005c90a000 JavaThread "Forward streams with process: command 'C:\Program Files\Java\jdk1.8.0_60\bin\java.exe'" [_thread_blocked, id=11336, stack(0x0000000066770000,0x0000000066870000)]
  0x000000005c90b800 JavaThread "Run command 'C:\Program Files\Java\jdk1.8.0_60\bin\java.exe'" [_thread_blocked, id=5604, stack(0x0000000065b70000,0x0000000065c70000)]
  0x000000005c910000 JavaThread "Forward streams with process: command 'C:\Program Files\Java\jdk1.8.0_60\bin\java.exe' Thread 3" [_thread_in_native, id=11120, stack(0x0000000066490000,0x0000000066590000)]
  0x000000005bd59000 JavaThread "Forward streams with process: command 'C:\Program Files\Java\jdk1.8.0_60\bin\java.exe' Thread 2" [_thread_in_native, id=4044, stack(0x0000000066af0000,0x0000000066bf0000)]
  0x000000005c90e000 JavaThread "Forward streams with process: command 'C:\Program Files\Java\jdk1.8.0_60\bin\java.exe'" [_thread_blocked, id=8708, stack(0x0000000066970000,0x0000000066a70000)]
  0x000000005bd63800 JavaThread "Run command 'C:\Program Files\Java\jdk1.8.0_60\bin\java.exe'" [_thread_in_native, id=10036, stack(0x000000005ada0000,0x000000005aea0000)]
  0x000000005c90b000 JavaThread "Run command 'C:\Program Files\Java\jdk1.8.0_60\bin\java.exe'" [_thread_in_native, id=3220, stack(0x0000000065a00000,0x0000000065b00000)]
  0x000000005c90e800 JavaThread "Run command 'C:\Program Files\Java\jdk1.8.0_60\bin\java.exe'" [_thread_in_native, id=8432, stack(0x00000000655d0000,0x00000000656d0000)]
  0x000000005c90d000 JavaThread "Stdin handler" [_thread_blocked, id=9112, stack(0x0000000065ff0000,0x00000000660f0000)]
  0x000000005c90f800 JavaThread "Cancel handler" [_thread_blocked, id=9520, stack(0x00000000640e0000,0x00000000641e0000)]
  0x000000005c909800 JavaThread "Handler for socket connection from /127.0.0.1:54536 to /127.0.0.1:55397" [_thread_in_native, id=10680, stack(0x0000000065180000,0x0000000065280000)]
  0x000000005bd5e000 JavaThread "pool-4-thread-8" [_thread_blocked, id=6976, stack(0x0000000065280000,0x0000000065380000)]
  0x000000005bd62800 JavaThread "pool-4-thread-7" [_thread_blocked, id=9956, stack(0x0000000064530000,0x0000000064630000)]
  0x000000005bd62000 JavaThread "pool-4-thread-6" [_thread_blocked, id=11888, stack(0x0000000064e80000,0x0000000064f80000)]
  0x000000005bd5a800 JavaThread "pool-4-thread-5" [_thread_blocked, id=8736, stack(0x0000000064cf0000,0x0000000064df0000)]
  0x000000005bd65800 JavaThread "pool-4-thread-4" [_thread_blocked, id=4468, stack(0x00000000632c0000,0x00000000633c0000)]
  0x000000005bd67000 JavaThread "pool-4-thread-3" [_thread_blocked, id=11840, stack(0x0000000063f10000,0x0000000064010000)]
  0x000000005bd5d800 JavaThread "pool-4-thread-2" [_thread_blocked, id=12088, stack(0x000000005b170000,0x000000005b270000)]
  0x000000005bd59800 JavaThread "pool-4-thread-1" [_thread_blocked, id=7020, stack(0x000000005af60000,0x000000005b060000)]
  0x000000005bd61000 JavaThread "pool-2-thread-3" [_thread_blocked, id=8752, stack(0x0000000064640000,0x0000000064740000)]
  0x000000005bd60800 JavaThread "pool-2-thread-2" [_thread_blocked, id=11368, stack(0x0000000064420000,0x0000000064520000)]
  0x000000005bd5f800 JavaThread "pool-2-thread-4" [_thread_blocked, id=10128, stack(0x0000000064200000,0x0000000064300000)]
  0x000000005bd5f000 JavaThread "pool-2-thread-1" [_thread_blocked, id=4952, stack(0x0000000064300000,0x0000000064400000)]
  0x000000005c583000 JavaThread "File lock request listener" [_thread_in_native, id=7932, stack(0x000000005dd20000,0x000000005de20000)]
  0x00000000597e1800 JavaThread "Daemon worker" [_thread_in_vm, id=8384, stack(0x000000005b070000,0x000000005b170000)]
  0x000000005952e000 JavaThread "Daemon" [_thread_blocked, id=9468, stack(0x000000005ac60000,0x000000005ad60000)]
  0x00000000572e5000 JavaThread "Incoming local TCP Connector on port 54536" [_thread_in_native, id=11504, stack(0x000000005a7d0000,0x000000005a8d0000)]
  0x00000000570e3000 JavaThread "Service Thread" daemon [_thread_blocked, id=9448, stack(0x0000000058be0000,0x0000000058ce0000)]
  0x0000000057094800 JavaThread "C1 CompilerThread3" daemon [_thread_blocked, id=10352, stack(0x0000000058780000,0x0000000058880000)]
=>0x0000000057044000 JavaThread "C2 CompilerThread2" daemon [_thread_in_native, id=10220, stack(0x0000000002450000,0x0000000002550000)]
  0x000000005703d000 JavaThread "C2 CompilerThread1" daemon [_thread_blocked, id=10124, stack(0x0000000058a10000,0x0000000058b10000)]
  0x000000005702a000 JavaThread "C2 CompilerThread0" daemon [_thread_blocked, id=948, stack(0x0000000058910000,0x0000000058a10000)]
  0x0000000057029000 JavaThread "Attach Listener" daemon [_thread_blocked, id=7776, stack(0x0000000058660000,0x0000000058760000)]
  0x0000000057028000 JavaThread "Signal Dispatcher" daemon [_thread_blocked, id=7476, stack(0x0000000057f90000,0x0000000058090000)]
  0x000000005587c000 JavaThread "Finalizer" daemon [_thread_blocked, id=11032, stack(0x0000000058450000,0x0000000058550000)]
  0x0000000055875000 JavaThread "Reference Handler" daemon [_thread_blocked, id=9816, stack(0x00000000582d0000,0x00000000583d0000)]
  0x000000000244f000 JavaThread "main" [_thread_blocked, id=8344, stack(0x0000000002630000,0x0000000002730000)]

Other Threads:
  0x0000000056fe1800 VMThread [stack: 0x0000000058110000,0x0000000058210000] [id=9224]
  0x00000000570e8000 WatcherThread [stack: 0x0000000058d30000,0x0000000058e30000] [id=11364]

VM state:not at safepoint (normal execution)

VM Mutex/Monitor currently owned by a thread: None

Heap:
 PSYoungGen      total 294912K, used 120580K [0x00000000eab00000, 0x00000000ffb80000, 0x0000000100000000)
  eden space 245760K, 37% used [0x00000000eab00000,0x00000000f0583768,0x00000000f9b00000)
  from space 49152K, 56% used [0x00000000fca00000,0x00000000fe53da08,0x00000000ffa00000)
  to   space 48128K, 0% used [0x00000000f9b00000,0x00000000f9b00000,0x00000000fca00000)
 ParOldGen       total 147456K, used 52443K [0x00000000c0000000, 0x00000000c9000000, 0x00000000eab00000)
  object space 147456K, 35% used [0x00000000c0000000,0x00000000c3336e38,0x00000000c9000000)
 Metaspace       used 67774K, capacity 70788K, committed 71040K, reserved 1110016K
  class space    used 8865K, capacity 9516K, committed 9600K, reserved 1048576K

Card table byte_map: [0x0000000011dc0000,0x0000000011fd0000] byte_map_base: 0x00000000117c0000

Marking Bits: (ParMarkBitMap*) 0x0000000056bca5b0
 Begin Bits: [0x0000000012c90000, 0x0000000013c90000)
 End Bits:   [0x0000000013c90000, 0x0000000014c90000)

Polling page: 0x0000000000130000

CodeCache: size=245760Kb used=47488Kb max_used=47865Kb free=198271Kb
 bounds [0x0000000002a00000, 0x0000000005930000, 0x0000000011a00000]
 total_blobs=13601 nmethods=12825 adapters=686
 compilation: enabled

Compilation events (10 events):
Event: 444.369 Thread 0x0000000057094800 nmethod 16445 0x0000000003c136d0 code [0x0000000003c138a0, 0x0000000003c14288]
Event: 444.370 Thread 0x0000000057094800 16446       3       org.gradle.api.internal.file.copy.DefaultCopySpec$DefaultCopySpecResolver::<init> (7 bytes)
Event: 444.371 Thread 0x0000000057094800 nmethod 16446 0x00000000032bd690 code [0x00000000032bd800, 0x00000000032bda30]
Event: 444.371 Thread 0x0000000057094800 16447       3       org.gradle.api.internal.file.copy.DefaultCopySpec$DefaultCopySpecResolver::<init> (15 bytes)
Event: 444.372 Thread 0x0000000057094800 nmethod 16447 0x00000000032bd2d0 code [0x00000000032bd420, 0x00000000032bd5f0]
Event: 446.263 Thread 0x000000005702a000 16448       4       org.gradle.api.file.RelativePath::getParent (39 bytes)
Event: 446.275 Thread 0x000000005702a000 nmethod 16448 0x0000000004acfc10 code [0x0000000004acfd80, 0x0000000004ad0188]
Event: 446.282 Thread 0x0000000057044000 16449   !   4       org.gradle.api.internal.AbstractClassGenerator::generateUnderLock (1055 bytes)
Event: 446.389 Thread 0x000000005703d000 16450       4       org.gradle.api.internal.file.copy.DefaultFileCopyDetails::isDirectory (10 bytes)
Event: 446.394 Thread 0x000000005703d000 nmethod 16450 0x00000000053ae7d0 code [0x00000000053ae920, 0x00000000053aea18]

GC Heap History (10 events):
Event: 319.124 GC heap before
{Heap before GC invocations=25 (full 4):
 PSYoungGen      total 292864K, used 152845K [0x00000000eab00000, 0x00000000ffe80000, 0x0000000100000000)
  eden space 241152K, 50% used [0x00000000eab00000,0x00000000f21289e8,0x00000000f9680000)
  from space 51712K, 61% used [0x00000000fcc00000,0x00000000feb1ab78,0x00000000ffe80000)
  to   space 53248K, 0% used [0x00000000f9680000,0x00000000f9680000,0x00000000fca80000)
 ParOldGen       total 147456K, used 51416K [0x00000000c0000000, 0x00000000c9000000, 0x00000000eab00000)
  object space 147456K, 34% used [0x00000000c0000000,0x00000000c3236190,0x00000000c9000000)
 Metaspace       used 64309K, capacity 66012K, committed 66048K, reserved 1105920K
  class space    used 8293K, capacity 8698K, committed 8704K, reserved 1048576K
Event: 319.179 GC heap after
Heap after GC invocations=25 (full 4):
 PSYoungGen      total 272384K, used 30845K [0x00000000eab00000, 0x00000000ffd80000, 0x0000000100000000)
  eden space 241152K, 0% used [0x00000000eab00000,0x00000000eab00000,0x00000000f9680000)
  from space 31232K, 98% used [0x00000000f9680000,0x00000000fb49f6a8,0x00000000fb500000)
  to   space 52736K, 0% used [0x00000000fca00000,0x00000000fca00000,0x00000000ffd80000)
 ParOldGen       total 147456K, used 51424K [0x00000000c0000000, 0x00000000c9000000, 0x00000000eab00000)
  object space 147456K, 34% used [0x00000000c0000000,0x00000000c3238190,0x00000000c9000000)
 Metaspace       used 64309K, capacity 66012K, committed 66048K, reserved 1105920K
  class space    used 8293K, capacity 8698K, committed 8704K, reserved 1048576K
}
Event: 319.179 GC heap before
{Heap before GC invocations=26 (full 5):
 PSYoungGen      total 272384K, used 30845K [0x00000000eab00000, 0x00000000ffd80000, 0x0000000100000000)
  eden space 241152K, 0% used [0x00000000eab00000,0x00000000eab00000,0x00000000f9680000)
  from space 31232K, 98% used [0x00000000f9680000,0x00000000fb49f6a8,0x00000000fb500000)
  to   space 52736K, 0% used [0x00000000fca00000,0x00000000fca00000,0x00000000ffd80000)
 ParOldGen       total 147456K, used 51424K [0x00000000c0000000, 0x00000000c9000000, 0x00000000eab00000)
  object space 147456K, 34% used [0x00000000c0000000,0x00000000c3238190,0x00000000c9000000)
 Metaspace       used 64309K, capacity 66012K, committed 66048K, reserved 1105920K
  class space    used 8293K, capacity 8698K, committed 8704K, reserved 1048576K
Event: 320.210 GC heap after
Heap after GC invocations=26 (full 5):
 PSYoungGen      total 272384K, used 0K [0x00000000eab00000, 0x00000000ffd80000, 0x0000000100000000)
  eden space 241152K, 0% used [0x00000000eab00000,0x00000000eab00000,0x00000000f9680000)
  from space 31232K, 0% used [0x00000000f9680000,0x00000000f9680000,0x00000000fb500000)
  to   space 52736K, 0% used [0x00000000fca00000,0x00000000fca00000,0x00000000ffd80000)
 ParOldGen       total 147456K, used 52419K [0x00000000c0000000, 0x00000000c9000000, 0x00000000eab00000)
  object space 147456K, 35% used [0x00000000c0000000,0x00000000c3330e38,0x00000000c9000000)
 Metaspace       used 63992K, capacity 65670K, committed 66048K, reserved 1105920K
  class space    used 8244K, capacity 8628K, committed 8704K, reserved 1048576K
}
Event: 338.042 GC heap before
{Heap before GC invocations=27 (full 5):
 PSYoungGen      total 272384K, used 241152K [0x00000000eab00000, 0x00000000ffd80000, 0x0000000100000000)
  eden space 241152K, 100% used [0x00000000eab00000,0x00000000f9680000,0x00000000f9680000)
  from space 31232K, 0% used [0x00000000f9680000,0x00000000f9680000,0x00000000fb500000)
  to   space 52736K, 0% used [0x00000000fca00000,0x00000000fca00000,0x00000000ffd80000)
 ParOldGen       total 147456K, used 52419K [0x00000000c0000000, 0x00000000c9000000, 0x00000000eab00000)
  object space 147456K, 35% used [0x00000000c0000000,0x00000000c3330e38,0x00000000c9000000)
 Metaspace       used 65243K, capacity 67356K, committed 67584K, reserved 1107968K
  class space    used 8452K, capacity 8939K, committed 8960K, reserved 1048576K
Event: 338.244 GC heap after
Heap after GC invocations=27 (full 5):
 PSYoungGen      total 294912K, used 15349K [0x00000000eab00000, 0x0000000100000000, 0x0000000100000000)
  eden space 242176K, 0% used [0x00000000eab00000,0x00000000eab00000,0x00000000f9780000)
  from space 52736K, 29% used [0x00000000fca00000,0x00000000fd8fd470,0x00000000ffd80000)
  to   space 51712K, 0% used [0x00000000f9780000,0x00000000f9780000,0x00000000fca00000)
 ParOldGen       total 147456K, used 52427K [0x00000000c0000000, 0x00000000c9000000, 0x00000000eab00000)
  object space 147456K, 35% used [0x00000000c0000000,0x00000000c3332e38,0x00000000c9000000)
 Metaspace       used 65243K, capacity 67356K, committed 67584K, reserved 1107968K
  class space    used 8452K, capacity 8939K, committed 8960K, reserved 1048576K
}
Event: 405.657 GC heap before
{Heap before GC invocations=28 (full 5):
 PSYoungGen      total 294912K, used 257525K [0x00000000eab00000, 0x0000000100000000, 0x0000000100000000)
  eden space 242176K, 100% used [0x00000000eab00000,0x00000000f9780000,0x00000000f9780000)
  from space 52736K, 29% used [0x00000000fca00000,0x00000000fd8fd470,0x00000000ffd80000)
  to   space 51712K, 0% used [0x00000000f9780000,0x00000000f9780000,0x00000000fca00000)
 ParOldGen       total 147456K, used 52427K [0x00000000c0000000, 0x00000000c9000000, 0x00000000eab00000)
  object space 147456K, 35% used [0x00000000c0000000,0x00000000c3332e38,0x00000000c9000000)
 Metaspace       used 67130K, capacity 69818K, committed 70144K, reserved 1110016K
  class space    used 8786K, capacity 9387K, committed 9472K, reserved 1048576K
Event: 405.690 GC heap after
Heap after GC invocations=28 (full 5):
 PSYoungGen      total 293888K, used 21807K [0x00000000eab00000, 0x00000000ffa00000, 0x0000000100000000)
  eden space 242176K, 0% used [0x00000000eab00000,0x00000000eab00000,0x00000000f9780000)
  from space 51712K, 42% used [0x00000000f9780000,0x00000000faccbec8,0x00000000fca00000)
  to   space 49152K, 0% used [0x00000000fca00000,0x00000000fca00000,0x00000000ffa00000)
 ParOldGen       total 147456K, used 52435K [0x00000000c0000000, 0x00000000c9000000, 0x00000000eab00000)
  object space 147456K, 35% used [0x00000000c0000000,0x00000000c3334e38,0x00000000c9000000)
 Metaspace       used 67130K, capacity 69818K, committed 70144K, reserved 1110016K
  class space    used 8786K, capacity 9387K, committed 9472K, reserved 1048576K
}
Event: 437.120 GC heap before
{Heap before GC invocations=29 (full 5):
 PSYoungGen      total 293888K, used 263983K [0x00000000eab00000, 0x00000000ffa00000, 0x0000000100000000)
  eden space 242176K, 100% used [0x00000000eab00000,0x00000000f9780000,0x00000000f9780000)
  from space 51712K, 42% used [0x00000000f9780000,0x00000000faccbec8,0x00000000fca00000)
  to   space 49152K, 0% used [0x00000000fca00000,0x00000000fca00000,0x00000000ffa00000)
 ParOldGen       total 147456K, used 52435K [0x00000000c0000000, 0x00000000c9000000, 0x00000000eab00000)
  object space 147456K, 35% used [0x00000000c0000000,0x00000000c3334e38,0x00000000c9000000)
 Metaspace       used 67610K, capacity 70514K, committed 70784K, reserved 1110016K
  class space    used 8844K, capacity 9481K, committed 9600K, reserved 1048576K
Event: 437.145 GC heap after
Heap after GC invocations=29 (full 5):
 PSYoungGen      total 294912K, used 27894K [0x00000000eab00000, 0x00000000ffb80000, 0x0000000100000000)
  eden space 245760K, 0% used [0x00000000eab00000,0x00000000eab00000,0x00000000f9b00000)
  from space 49152K, 56% used [0x00000000fca00000,0x00000000fe53da08,0x00000000ffa00000)
  to   space 48128K, 0% used [0x00000000f9b00000,0x00000000f9b00000,0x00000000fca00000)
 ParOldGen       total 147456K, used 52443K [0x00000000c0000000, 0x00000000c9000000, 0x00000000eab00000)
  object space 147456K, 35% used [0x00000000c0000000,0x00000000c3336e38,0x00000000c9000000)
 Metaspace       used 67610K, capacity 70514K, committed 70784K, reserved 1110016K
  class space    used 8844K, capacity 9481K, committed 9600K, reserved 1048576K
}

Deoptimization events (10 events):
Event: 437.148 Thread 0x000000005bd5f800 Uncommon trap: reason=class_check action=maybe_recompile pc=0x00000000037c9620 method=com.google.gson.stream.JsonWriter.close(IILjava/lang/String;)Lcom/google/gson/stream/JsonWriter; @ 90
Event: 437.150 Thread 0x000000005bd5f800 Uncommon trap: reason=class_check action=maybe_recompile pc=0x00000000044a2960 method=com.google.gson.stream.JsonWriter.open(ILjava/lang/String;)Lcom/google/gson/stream/JsonWriter; @ 15
Event: 437.150 Thread 0x000000005bd5f800 Uncommon trap: reason=class_check action=maybe_recompile pc=0x00000000042e28ac method=com.google.gson.stream.JsonWriter.beforeValue(Z)V @ 132
Event: 437.150 Thread 0x000000005bd5f800 Uncommon trap: reason=class_check action=maybe_recompile pc=0x0000000003fd8c94 method=com.google.gson.stream.JsonWriter.beforeName()V @ 16
Event: 437.151 Thread 0x000000005bd5f800 Uncommon trap: reason=class_check action=maybe_recompile pc=0x0000000003fd8c94 method=com.google.gson.stream.JsonWriter.beforeName()V @ 16
Event: 437.151 Thread 0x000000005bd5f800 Uncommon trap: reason=class_check action=maybe_recompile pc=0x00000000044a2960 method=com.google.gson.stream.JsonWriter.open(ILjava/lang/String;)Lcom/google/gson/stream/JsonWriter; @ 15
Event: 437.151 Thread 0x000000005bd5f800 Uncommon trap: reason=unstable_if action=reinterpret pc=0x0000000003c87808 method=com.android.ide.common.blame.SourceFile.equals(Ljava/lang/Object;)Z @ 2
Event: 437.151 Thread 0x000000005bd5f800 Uncommon trap: reason=unstable_if action=reinterpret pc=0x00000000037c9880 method=com.google.gson.stream.JsonWriter.close(IILjava/lang/String;)Lcom/google/gson/stream/JsonWriter; @ 9
Event: 440.734 Thread 0x00000000597e1800 Uncommon trap: reason=null_check action=make_not_entrant pc=0x0000000005818ca0 method=java.lang.Class.isEnum()Z @ 1
Event: 440.861 Thread 0x00000000597e1800 Uncommon trap: reason=null_check action=make_not_entrant pc=0x000000000551e120 method=org.codehaus.groovy.runtime.typehandling.DefaultTypeTransformation.castToType(Ljava/lang/Object;Ljava/lang/Class;)Ljava/lang/Object; @ 65

Internal exceptions (10 events):
Event: 412.789 Thread 0x00000000597e1800 Exception <a 'java/lang/ClassNotFoundException': org/jetbrains/plugins/gradle/model/ExternalProjectCustomizer> (0x00000000ef3df518) thrown at [C:\re\workspace\8-2-build-windows-amd64-cygwin\jdk8u60\4407\hotspot\src\share\vm\classfile\systemDictionary.cpp, WŒå¯“y@
Event: 413.131 Thread 0x00000000597e1800 Exception <a 'java/lang/ClassNotFoundException': org/jetbrains/plugins/gradle/model/DefaultExternalProjectBeanInfo> (0x00000000efe64ea8) thrown at [C:\re\workspace\8-2-build-windows-amd64-cygwin\jdk8u60\4407\hotspot\src\share\vm\classfile\systemDictionary.6‘øˆ“y@
Event: 413.132 Thread 0x00000000597e1800 Exception <a 'java/lang/ClassNotFoundException': org/jetbrains/plugins/gradle/model/DefaultExternalProjectCustomizer> (0x00000000efe70620) thrown at [C:\re\workspace\8-2-build-windows-amd64-cygwin\jdk8u60\4407\hotspot\src\share\vm\classfile\systemDictionar«’Mt“y@
Event: 413.153 Thread 0x00000000597e1800 Exception <a 'java/lang/ClassNotFoundException': org/jetbrains/plugins/gradle/model/DefaultExternalTaskBeanInfo> (0x00000000eff0dfc0) thrown at [C:\re\workspace\8-2-build-windows-amd64-cygwin\jdk8u60\4407\hotspot\src\share\vm\classfile\systemDictionary.cppÅ»”‹v“y@
Event: 413.154 Thread 0x00000000597e1800 Exception <a 'java/lang/ClassNotFoundException': org/jetbrains/plugins/gradle/model/DefaultExternalTaskCustomizer> (0x00000000eff194e0) thrown at [C:\re\workspace\8-2-build-windows-amd64-cygwin\jdk8u60\4407\hotspot\src\share\vm\classfile\systemDictionary.c
Event: 413.196 Thread 0x00000000597e1800 Exception <a 'java/lang/ClassNotFoundException': org/jetbrains/plugins/gradle/model/DefaultExternalPluginBeanInfo> (0x00000000f0137500) thrown at [C:\re\workspace\8-2-build-windows-amd64-cygwin\jdk8u60\4407\hotspot\src\share\vm\classfile\systemDictionary.cbËä≈%”y@
Event: 413.197 Thread 0x00000000597e1800 Exception <a 'java/lang/ClassNotFoundException': org/jetbrains/plugins/gradle/model/DefaultExternalPluginCustomizer> (0x00000000f0142700) thrown at [C:\re\workspace\8-2-build-windows-amd64-cygwin\jdk8u60\4407\hotspot\src\share\vm\classfile\systemDictionaryR,«õÄz@
Event: 424.038 Thread 0x00000000597e1800 Exception <a 'java/lang/ClassNotFoundException': asLocalRepo28_4m5e450y02zz8yo2zd4wgn6lqBeanInfo> (0x00000000f12061a8) thrown at [C:\re\workspace\8-2-build-windows-amd64-cygwin\jdk8u60\4407\hotspot\src\share\vm\classfile\systemDictionary.cpp, line 210]
Event: 424.039 Thread 0x00000000597e1800 Exception <a 'java/lang/ClassNotFoundException': asLocalRepo28_4m5e450y02zz8yo2zd4wgn6lqCustomizer> (0x00000000f120f608) thrown at [C:\re\workspace\8-2-build-windows-amd64-cygwin\jdk8u60\4407\hotspot\src\share\vm\classfile\systemDictionary.cpp, line 210]
Event: 426.987 Thread 0x00000000597e1800 Implicit null exception at 0x00000000057c3ecf to 0x00000000057c3ff9

Events (10 events):
Event: 442.947 Thread 0x000000005bd66800 Thread exited: 0x000000005bd66800
Event: 442.947 Thread 0x000000005bd5c000 Thread exited: 0x000000005bd5c000
Event: 442.947 Thread 0x000000005bd5b000 Thread exited: 0x000000005bd5b000
Event: 442.947 Thread 0x000000005c90b800 Thread exited: 0x000000005c90b800
Event: 442.949 Thread 0x000000005c90b800 Thread added: 0x000000005c90b800
Event: 445.721 Thread 0x000000005c90c800 Thread added: 0x000000005c90c800
Event: 445.721 Thread 0x000000005c90a000 Thread added: 0x000000005c90a000
Event: 445.722 Thread 0x000000005bd5b000 Thread added: 0x000000005bd5b000
Event: 445.722 Thread 0x000000005bd5c000 Thread added: 0x000000005bd5c000
Event: 445.878 Thread 0x000000005c90c800 Thread exited: 0x000000005c90c800


Dynamic libraries:
0x000000013f8d0000 - 0x000000013f907000 	C:\Program Files\Java\jdk1.8.0_60\bin\java.exe
0x0000000077b60000 - 0x0000000077d09000 	C:\Windows\SYSTEM32\ntdll.dll
0x0000000077a40000 - 0x0000000077b5f000 	C:\Windows\system32\kernel32.dll
0x000007fefdc60000 - 0x000007fefdccb000 	C:\Windows\system32\KERNELBASE.dll
0x000007feff9f0000 - 0x000007feffacb000 	C:\Windows\system32\ADVAPI32.dll
0x000007fefe510000 - 0x000007fefe5af000 	C:\Windows\system32\msvcrt.dll
0x000007feffb40000 - 0x000007feffb5f000 	C:\Windows\SYSTEM32\sechost.dll
0x000007fefe150000 - 0x000007fefe27d000 	C:\Windows\system32\RPCRT4.dll
0x0000000077940000 - 0x0000000077a3a000 	C:\Windows\system32\USER32.dll
0x000007feffad0000 - 0x000007feffb37000 	C:\Windows\system32\GDI32.dll
0x000007feff860000 - 0x000007feff86e000 	C:\Windows\system32\LPK.dll
0x000007fefde80000 - 0x000007fefdf49000 	C:\Windows\system32\USP10.dll
0x000007fefc580000 - 0x000007fefc774000 	C:\Windows\WinSxS\amd64_microsoft.windows.common-controls_6595b64144ccf1df_6.0.7601.17514_none_fa396087175ac9ac\COMCTL32.dll
0x000007fefea50000 - 0x000007fefeac1000 	C:\Windows\system32\SHLWAPI.dll
0x000007fefe2d0000 - 0x000007fefe2fe000 	C:\Windows\system32\IMM32.DLL
0x000007feffb70000 - 0x000007feffc79000 	C:\Windows\system32\MSCTF.dll
0x000000005fee0000 - 0x000000005ffb2000 	C:\Program Files\Java\jdk1.8.0_60\jre\bin\msvcr100.dll
0x00000000563c0000 - 0x0000000056c49000 	C:\Program Files\Java\jdk1.8.0_60\jre\bin\server\jvm.dll
0x000007fef3c20000 - 0x000007fef3c29000 	C:\Windows\system32\WSOCK32.dll
0x000007fefe280000 - 0x000007fefe2cd000 	C:\Windows\system32\WS2_32.dll
0x000007feffb60000 - 0x000007feffb68000 	C:\Windows\system32\NSI.dll
0x000007fefc080000 - 0x000007fefc0bb000 	C:\Windows\system32\WINMM.dll
0x000007fefcc10000 - 0x000007fefcc1c000 	C:\Windows\system32\VERSION.dll
0x0000000077d20000 - 0x0000000077d27000 	C:\Windows\system32\PSAPI.DLL
0x00000000751f0000 - 0x00000000751ff000 	C:\Program Files\Java\jdk1.8.0_60\jre\bin\verify.dll
0x00000000647c0000 - 0x00000000647e9000 	C:\Program Files\Java\jdk1.8.0_60\jre\bin\java.dll
0x0000000065760000 - 0x0000000065776000 	C:\Program Files\Java\jdk1.8.0_60\jre\bin\zip.dll
0x000007fefead0000 - 0x000007feff858000 	C:\Windows\system32\SHELL32.dll
0x000007fefe300000 - 0x000007fefe503000 	C:\Windows\system32\ole32.dll
0x000007fefdab0000 - 0x000007fefdabf000 	C:\Windows\system32\profapi.dll
0x0000000065740000 - 0x000000006575a000 	C:\Program Files\Java\jdk1.8.0_60\jre\bin\net.dll
0x000007fefd2e0000 - 0x000007fefd335000 	C:\Windows\system32\mswsock.dll
0x000007fefd2d0000 - 0x000007fefd2d7000 	C:\Windows\System32\wship6.dll
0x00000000647a0000 - 0x00000000647b1000 	C:\Program Files\Java\jdk1.8.0_60\jre\bin\nio.dll
0x000007fefc1a0000 - 0x000007fefc1b2000 	C:\Users\Nhut\.gradle\native\19\windows-amd64\native-platform.dll
0x000007fefa8c0000 - 0x000007fefa8e7000 	C:\Windows\system32\IPHLPAPI.DLL
0x000007fefa8b0000 - 0x000007fefa8bb000 	C:\Windows\system32\WINNSI.DLL
0x000007fefa6c0000 - 0x000007fefa6d8000 	C:\Windows\system32\dhcpcsvc.DLL
0x000007fefa6a0000 - 0x000007fefa6b1000 	C:\Windows\system32\dhcpcsvc6.DLL
0x000007fefd340000 - 0x000007fefd357000 	C:\Windows\system32\CRYPTSP.dll
0x000007fefd040000 - 0x000007fefd087000 	C:\Windows\system32\rsaenh.dll
0x000007fefcdf0000 - 0x000007fefce0e000 	C:\Windows\system32\USERENV.dll
0x000007fefd9a0000 - 0x000007fefd9af000 	C:\Windows\system32\CRYPTBASE.dll
0x000007fefd940000 - 0x000007fefd997000 	C:\Windows\system32\apphelp.dll
0x0000000075200000 - 0x000000007520d000 	C:\Program Files\Java\jdk1.8.0_60\jre\bin\management.dll
0x00000000002d0000 - 0x00000000002f4000 	C:\Program Files\Java\jdk1.8.0_60\jre\bin\sunec.dll
0x000007fefcce0000 - 0x000007fefcce7000 	C:\Windows\System32\wshtcpip.dll
0x000007fefd160000 - 0x000007fefd1bb000 	C:\Windows\system32\DNSAPI.dll
0x0000000073510000 - 0x000000007353e000 	C:\Program Files\Common Files\Microsoft Shared\Windows Live\WLIDNSP.DLL
0x000007fef92b0000 - 0x000007fef92b8000 	C:\Windows\system32\rasadhlp.dll
0x000007fefa730000 - 0x000007fefa783000 	C:\Windows\System32\fwpuclnt.dll
0x000007fefb090000 - 0x000007fefb0a5000 	C:\Windows\system32\NLAapi.dll
0x000007fef6080000 - 0x000007fef6095000 	C:\Windows\system32\napinsp.dll
0x000007fef6060000 - 0x000007fef6079000 	C:\Windows\system32\pnrpnsp.dll
0x000007fef6050000 - 0x000007fef605b000 	C:\Windows\System32\winrnr.dll
0x000007fef8f10000 - 0x000007fef8f20000 	C:\Windows\system32\wshbth.dll

VM Arguments:
jvm_args: -XX:MaxPermSize=256m -XX:+HeapDumpOnOutOfMemoryError -Xmx1024m -Dfile.encoding=windows-1252 -Duser.country=US -Duser.language=en -Duser.variant 
java_command: org.gradle.launcher.daemon.bootstrap.GradleDaemon 2.10
java_class_path (initial): D:\Android\Android_Studio\gradle\gradle-2.10\lib\gradle-launcher-2.10.jar
Launcher Type: SUN_STANDARD

Environment Variables:
JAVA_HOME=C:\Program Files\Java\jdk1.8.0_60
PATH=C:\ProgramData\Oracle\Java\javapath;C:\Program Files\Common Files\Microsoft Shared\Windows Live;C:\Program Files (x86)\HP SimplePass\x64;C:\Program Files (x86)\HP SimplePass\;;C:\Windows\system32;C:\Windows;C:\Windows\System32\Wbem;C:\Windows\System32\WindowsPowerShell\v1.0\;C:\Program Files (x86)\Java\jdk1.7.0_09\bin;C:\Strawberry\c\bin;C:\Strawberry\perl\site\bin;C:\Strawberry\perl\bin;C:\Program Files (x86)\Intel\OpenCL SDK\2.0\bin\x86;C:\Program Files (x86)\Intel\OpenCL SDK\2.0\bin\x64;C:\PROGRA~2\PICC;C:\Program Files (x86)\Microchip\xc16\v1.25\bin;C:\Program Files (x86)\Microchip\xc8\v1.35\bin;C:\Program Files\Java\jre1.8.0_65\bin;C:\Program Files\Java\jdk1.8.0_60\jre\bin;D:\Android\sdk\platform-tools;C:\Program Files\Common Files\Microsoft Shared\Windows Live;C:\Program Files\Java\jre1.8.0_65\bin
USERNAME=Nhut
OS=Windows_NT
PROCESSOR_IDENTIFIER=Intel64 Family 6 Model 42 Stepping 7, GenuineIntel



---------------  S Y S T E M  ---------------

OS: Windows 7 , 64 bit Build 7601 (6.1.7601.17514)

CPU:total 8 (4 cores per cpu, 2 threads per core) family 6 model 42 stepping 7, cmov, cx8, fxsr, mmx, sse, sse2, sse3, ssse3, sse4.1, sse4.2, popcnt, avx, aes, clmul, ht, tsc, tscinvbit

Memory: 4k page, physical 6238064k(301264k free), swap 8333368k(10004k free)

vm_info: Java HotSpot(TM) 64-Bit Server VM (25.60-b23) for windows-amd64 JRE (1.8.0_60-b27), built on Aug  4 2015 11:06:27 by "java_re" with MS VC++ 10.0 (VS2010)

time: Mon Jun 27 11:08:42 2016
elapsed time: 446 seconds (0d 0h 7m 26s)

