#
# There is insufficient memory for the Java Runtime Environment to continue.
# Native memory allocation (malloc) failed to allocate 32744 bytes for ChunkPool::allocate
# Possible reasons:
#   The system is out of physical RAM or swap space
#   In 32 bit mode, the process size limit was hit
# Possible solutions:
#   Reduce memory load on the system
#   Increase physical memory or swap space
#   Check if swap backing store is full
#   Use 64 bit Java on a 64 bit OS
#   Decrease Java heap size (-Xmx/-Xms)
#   Decrease number of Java threads
#   Decrease Java thread stack sizes (-Xss)
#   Set larger code cache with -XX:ReservedCodeCacheSize=
# This output file may be truncated or incomplete.
#
#  Out of Memory Error (allocation.cpp:273), pid=9844, tid=8056
#
# JRE version: Java(TM) SE Runtime Environment (8.0_60-b27) (build 1.8.0_60-b27)
# Java VM: Java HotSpot(TM) 64-Bit Server VM (25.60-b23 mixed mode windows-amd64 compressed oops)
# Failed to write core dump. Minidumps are not enabled by default on client versions of Windows
#

---------------  T H R E A D  ---------------

Current thread (0x000000005547d000):  JavaThread "C2 CompilerThread2" daemon [_thread_in_native, id=8056, stack(0x0000000057a30000,0x0000000057b30000)]

Stack: [0x0000000057a30000,0x0000000057b30000]
[error occurred during error reporting (printing stack bounds), id 0xc0000005]

Native frames: (J=compiled Java code, j=interpreted, Vv=VM code, C=native code)


Current CompileTask:
C2:    862  905       4       com.android.dx.dex.code.OutputCollector::add (9 bytes)


---------------  P R O C E S S  ---------------

Java Threads: ( => current thread )
  0x0000000056854800 JavaThread "pool-1-thread-4" [_thread_in_Java, id=8172, stack(0x0000000058ae0000,0x0000000058be0000)]
  0x00000000567c2000 JavaThread "pool-1-thread-2" [_thread_in_vm, id=6304, stack(0x0000000057fc0000,0x00000000580c0000)]
  0x00000000567c5800 JavaThread "pool-2-thread-1" [_thread_blocked, id=9624, stack(0x0000000058900000,0x0000000058a00000)]
  0x00000000566cc000 JavaThread "Service Thread" daemon [_thread_blocked, id=2268, stack(0x0000000058260000,0x0000000058360000)]
  0x000000005547f000 JavaThread "C1 CompilerThread3" daemon [_thread_in_native, id=148, stack(0x0000000058360000,0x0000000058460000)]
=>0x000000005547d000 JavaThread "C2 CompilerThread2" daemon [_thread_in_native, id=8056, stack(0x0000000057a30000,0x0000000057b30000)]
  0x000000005547a000 JavaThread "C2 CompilerThread1" daemon [_thread_in_native, id=6984, stack(0x00000000580c0000,0x00000000581c0000)]
  0x0000000056631800 JavaThread "C2 CompilerThread0" daemon [_thread_in_native, id=9792, stack(0x0000000057e90000,0x0000000057f90000)]
  0x0000000056630800 JavaThread "Attach Listener" daemon [_thread_blocked, id=5496, stack(0x0000000057d20000,0x0000000057e20000)]
  0x000000005662f800 JavaThread "Signal Dispatcher" daemon [_thread_blocked, id=8556, stack(0x0000000057b40000,0x0000000057c40000)]
  0x000000005546f000 JavaThread "Finalizer" daemon [_thread_blocked, id=9972, stack(0x00000000578f0000,0x00000000579f0000)]
  0x0000000055467000 JavaThread "Reference Handler" daemon [_thread_blocked, id=9532, stack(0x0000000057770000,0x0000000057870000)]
  0x000000000049e000 JavaThread "main" [_thread_blocked, id=7788, stack(0x00000000025c0000,0x00000000026c0000)]

Other Threads:
  0x00000000565e2800 VMThread [stack: 0x00000000575f0000,0x00000000576f0000] [id=9748]
  0x00000000566d4800 WatcherThread [stack: 0x00000000584e0000,0x00000000585e0000] [id=2756]

VM state:not at safepoint (normal execution)

VM Mutex/Monitor currently owned by a thread: None

Heap:
 PSYoungGen      total 28672K, used 10850K [0x00000000eab00000, 0x00000000ecb00000, 0x0000000100000000)
  eden space 24576K, 27% used [0x00000000eab00000,0x00000000eb1a0b08,0x00000000ec300000)
  from space 4096K, 99% used [0x00000000ec300000,0x00000000ec6f8020,0x00000000ec700000)
  to   space 4096K, 0% used [0x00000000ec700000,0x00000000ec700000,0x00000000ecb00000)
 ParOldGen       total 65536K, used 1766K [0x00000000c0000000, 0x00000000c4000000, 0x00000000eab00000)
  object space 65536K, 2% used [0x00000000c0000000,0x00000000c01b9b08,0x00000000c4000000)
 Metaspace       used 5905K, capacity 6834K, committed 7040K, reserved 1056768K
  class space    used 604K, capacity 618K, committed 640K, reserved 1048576K

Card table byte_map: [0x0000000011d50000,0x0000000011f60000] byte_map_base: 0x0000000011750000

Marking Bits: (ParMarkBitMap*) 0x000000005a02a5b0
 Begin Bits: [0x0000000012880000, 0x0000000013880000)
 End Bits:   [0x0000000013880000, 0x0000000014880000)

Polling page: 0x0000000000430000

CodeCache: size=245760Kb used=3359Kb max_used=3359Kb free=242400Kb
 bounds [0x0000000002990000, 0x0000000002ce0000, 0x0000000011990000]
 total_blobs=1108 nmethods=839 adapters=182
 compilation: enabled

Compilation events (10 events):
Event: 0.817 Thread 0x000000005547f000 nmethod 873 0x0000000002cd6bd0 code [0x0000000002cd6d40, 0x0000000002cd7018]
Event: 0.817 Thread 0x000000005547f000  866       3       com.android.dx.ssa.SsaBasicBlock::getPhiInsns (13 bytes)
Event: 0.818 Thread 0x000000005547f000 nmethod 866 0x0000000002cd70d0 code [0x0000000002cd7260, 0x0000000002cd7548]
Event: 0.818 Thread 0x000000005547f000  924       3       com.android.dx.ssa.SsaBasicBlock::scheduleMovesFromPhis (108 bytes)
Event: 0.819 Thread 0x000000005547f000 nmethod 924 0x0000000002cd76d0 code [0x0000000002cd7940, 0x0000000002cd8518]
Event: 0.819 Thread 0x000000005547f000  927       3       com.android.dx.ssa.back.SsaToRop$1::visitBlock (97 bytes)
Event: 0.820 Thread 0x000000005547f000 nmethod 927 0x0000000002cd8bd0 code [0x0000000002cd8e40, 0x0000000002cd9d48]
Event: 0.820 Thread 0x000000005547f000  838       3       com.android.dx.ssa.back.FirstFitLocalCombiningAllocator::canMapReg (32 bytes)
Event: 0.821 Thread 0x000000005547f000 nmethod 838 0x0000000002cda6d0 code [0x0000000002cda8a0, 0x0000000002cdb188]
Event: 0.821 Thread 0x000000005547f000  931       3       com.android.dx.ssa.back.SsaToRop::convertInsns (53 bytes)

GC Heap History (2 events):
Event: 0.755 GC heap before
{Heap before GC invocations=1 (full 0):
 PSYoungGen      total 28672K, used 24576K [0x00000000eab00000, 0x00000000ecb00000, 0x0000000100000000)
  eden space 24576K, 100% used [0x00000000eab00000,0x00000000ec300000,0x00000000ec300000)
  from space 4096K, 0% used [0x00000000ec700000,0x00000000ec700000,0x00000000ecb00000)
  to   space 4096K, 0% used [0x00000000ec300000,0x00000000ec300000,0x00000000ec700000)
 ParOldGen       total 65536K, used 0K [0x00000000c0000000, 0x00000000c4000000, 0x00000000eab00000)
  object space 65536K, 0% used [0x00000000c0000000,0x00000000c0000000,0x00000000c4000000)
 Metaspace       used 5875K, capacity 6834K, committed 7040K, reserved 1056768K
  class space    used 604K, capacity 618K, committed 640K, reserved 1048576K
Event: 0.766 GC heap after
Heap after GC invocations=1 (full 0):
 PSYoungGen      total 28672K, used 4064K [0x00000000eab00000, 0x00000000ecb00000, 0x0000000100000000)
  eden space 24576K, 0% used [0x00000000eab00000,0x00000000eab00000,0x00000000ec300000)
  from space 4096K, 99% used [0x00000000ec300000,0x00000000ec6f8020,0x00000000ec700000)
  to   space 4096K, 0% used [0x00000000ec700000,0x00000000ec700000,0x00000000ecb00000)
 ParOldGen       total 65536K, used 1766K [0x00000000c0000000, 0x00000000c4000000, 0x00000000eab00000)
  object space 65536K, 2% used [0x00000000c0000000,0x00000000c01b9b08,0x00000000c4000000)
 Metaspace       used 5875K, capacity 6834K, committed 7040K, reserved 1056768K
  class space    used 604K, capacity 618K, committed 640K, reserved 1048576K
}

Deoptimization events (5 events):
Event: 0.491 Thread 0x0000000056821800 Uncommon trap: reason=unstable_if action=reinterpret pc=0x0000000002b84588 method=java.util.HashMap.getNode(ILjava/lang/Object;)Ljava/util/HashMap$Node; @ 129
Event: 0.567 Thread 0x0000000056821800 Uncommon trap: reason=unstable_if action=reinterpret pc=0x0000000002b8c820 method=java.util.BitSet.nextSetBit(I)I @ 87
Event: 0.624 Thread 0x0000000056854800 Uncommon trap: reason=unstable_if action=reinterpret pc=0x0000000002c09204 method=com.android.dx.rop.cst.Constant.compareTo(Lcom/android/dx/rop/cst/Constant;)I @ 12
Event: 0.787 Thread 0x0000000056821800 Uncommon trap: reason=null_check action=make_not_entrant pc=0x0000000002bf0b50 method=com.android.dx.rop.type.Type.equals(Ljava/lang/Object;)Z @ 8
Event: 0.807 Thread 0x0000000056821800 Uncommon trap: reason=unstable_if action=reinterpret pc=0x0000000002bdd680 method=com.android.dx.rop.code.RegisterSpec.equals(ILcom/android/dx/rop/type/TypeBearer;Lcom/android/dx/rop/code/LocalItem;)Z @ 42

Internal exceptions (3 events):
Event: 0.046 Thread 0x000000000049e000 Exception <a 'java/lang/NoSuchMethodError': Method sun.misc.Unsafe.defineClass(Ljava/lang/String;[BII)Ljava/lang/Class; name or signature does not match> (0x00000000eab0d460) thrown at [C:\re\workspace\8-2-build-windows-amd64-cygwin\jdk8u60\4407\hotspot\sr=
}ˆ›Á§?
Event: 0.046 Thread 0x000000000049e000 Exception <a 'java/lang/NoSuchMethodError': Method sun.misc.Unsafe.prefetchRead(Ljava/lang/Object;J)V name or signature does not match> (0x00000000eab0d748) thrown at [C:\re\workspace\8-2-build-windows-amd64-cygwin\jdk8u60\4407\hotspot\src\share\vm\prims\j6}µÞ2é?
Event: 0.787 Thread 0x0000000056821800 Implicit null exception at 0x0000000002bf0a52 to 0x0000000002bf0b42

Events (10 events):
Event: 0.778 Thread 0x0000000056821800 DEOPT PACKING pc=0x0000000002c0291b sp=0x00000000588dea60
Event: 0.778 Thread 0x0000000056821800 DEOPT UNPACKING pc=0x00000000029d787f sp=0x00000000588de7b8 mode 0
Event: 0.787 Thread 0x0000000056821800 Uncommon trap: trap_request=0xfffffff4 fr.pc=0x0000000002bf0b50
Event: 0.787 Thread 0x0000000056821800 DEOPT PACKING pc=0x0000000002bf0b50 sp=0x00000000588de9b0
Event: 0.788 Thread 0x0000000056821800 DEOPT UNPACKING pc=0x00000000029d582a sp=0x00000000588de948 mode 2
Event: 0.807 Thread 0x0000000056821800 Uncommon trap: trap_request=0xffffff65 fr.pc=0x0000000002bdd680
Event: 0.807 Thread 0x0000000056821800 DEOPT PACKING pc=0x0000000002bdd680 sp=0x00000000588dea70
Event: 0.807 Thread 0x0000000056821800 DEOPT UNPACKING pc=0x00000000029d582a sp=0x00000000588de9f8 mode 2
Event: 0.810 Thread 0x0000000056854800 DEOPT PACKING pc=0x0000000002c0291b sp=0x0000000058bde7d0
Event: 0.810 Thread 0x0000000056854800 DEOPT UNPACKING pc=0x00000000029d787f sp=0x0000000058bde530 mode 0


Dynamic libraries:
0x000000013faa0000 - 0x000000013fad7000 	C:\Program Files\Java\jdk1.8.0_60\bin\java.exe
0x0000000077ba0000 - 0x0000000077d49000 	C:\Windows\SYSTEM32\ntdll.dll
0x0000000077a80000 - 0x0000000077b9f000 	C:\Windows\system32\kernel32.dll
0x000007fefde10000 - 0x000007fefde7b000 	C:\Windows\system32\KERNELBASE.dll
0x000007feff690000 - 0x000007feff76b000 	C:\Windows\system32\ADVAPI32.dll
0x000007fefe630000 - 0x000007fefe6cf000 	C:\Windows\system32\msvcrt.dll
0x000007feffe30000 - 0x000007feffe4f000 	C:\Windows\SYSTEM32\sechost.dll
0x000007feff960000 - 0x000007feffa8d000 	C:\Windows\system32\RPCRT4.dll
0x0000000077980000 - 0x0000000077a7a000 	C:\Windows\system32\USER32.dll
0x000007fefe360000 - 0x000007fefe3c7000 	C:\Windows\system32\GDI32.dll
0x000007feffc80000 - 0x000007feffc8e000 	C:\Windows\system32\LPK.dll
0x000007feff810000 - 0x000007feff8d9000 	C:\Windows\system32\USP10.dll
0x000007fefbcd0000 - 0x000007fefbec4000 	C:\Windows\WinSxS\amd64_microsoft.windows.common-controls_6595b64144ccf1df_6.0.7601.17514_none_fa396087175ac9ac\COMCTL32.dll
0x000007fefe6d0000 - 0x000007fefe741000 	C:\Windows\system32\SHLWAPI.dll
0x000007fefe8d0000 - 0x000007fefe8fe000 	C:\Windows\system32\IMM32.DLL
0x000007fefe250000 - 0x000007fefe359000 	C:\Windows\system32\MSCTF.dll
0x000000005a330000 - 0x000000005a402000 	C:\Program Files\Java\jdk1.8.0_60\jre\bin\msvcr100.dll
0x0000000059820000 - 0x000000005a0a9000 	C:\Program Files\Java\jdk1.8.0_60\jre\bin\server\jvm.dll
0x000007feec030000 - 0x000007feec039000 	C:\Windows\system32\WSOCK32.dll
0x000007fefe750000 - 0x000007fefe79d000 	C:\Windows\system32\WS2_32.dll
0x000007feffc70000 - 0x000007feffc78000 	C:\Windows\system32\NSI.dll
0x000007fefc600000 - 0x000007fefc63b000 	C:\Windows\system32\WINMM.dll
0x000007fefcc50000 - 0x000007fefcc5c000 	C:\Windows\system32\VERSION.dll
0x0000000077d70000 - 0x0000000077d77000 	C:\Windows\system32\PSAPI.DLL
0x0000000074190000 - 0x000000007419f000 	C:\Program Files\Java\jdk1.8.0_60\jre\bin\verify.dll
0x000000005b8d0000 - 0x000000005b8f9000 	C:\Program Files\Java\jdk1.8.0_60\jre\bin\java.dll
0x000000005bc00000 - 0x000000005bc16000 	C:\Program Files\Java\jdk1.8.0_60\jre\bin\zip.dll
0x000007fefe900000 - 0x000007feff688000 	C:\Windows\system32\SHELL32.dll
0x000007fefdec0000 - 0x000007fefe0c3000 	C:\Windows\system32\ole32.dll
0x000007fefdaf0000 - 0x000007fefdaff000 	C:\Windows\system32\profapi.dll

VM Arguments:
jvm_args: -Djava.awt.headless=true -Xmx1024M -Dfile.encoding=windows-1252 -Duser.country=US -Duser.language=en -Duser.variant 
java_command: com.android.dx.command.Main --dex --num-threads=4 --output D:\project\AndroidStudioProjects\HocListViewNangCao\app\build\intermediates\pre-dexed\debug\com.android.support-support-vector-drawable-23.4.0_cce1c705f450f477fc22d9d440b414792bee4c03.jar D:\project\AndroidStudioProjects\HocListViewNangCao\app\build\intermediates\exploded-aar\com.android.support\support-vector-drawable\23.4.0\jars\classes.jar
java_class_path (initial): D:\Android\sdk\build-tools\23.0.3\lib\dx.jar
Launcher Type: SUN_STANDARD

Environment Variables:



---------------  S Y S T E M  ---------------

OS: Windows 7 , 64 bit Build 7601 (6.1.7601.17514)

CPU:total 8 (4 cores per cpu, 2 threads per core) family 6 model 42 stepping 7, cmov, cx8, fxsr, mmx, sse, sse2, sse3, ssse3, sse4.1, sse4.2, popcnt, avx, aes, clmul, ht, tsc, tscinvbit

Memory: 4k page, physical 6238064k(707888k free), swap 8333368k(5064k free)

vm_info: Java HotSpot(TM) 64-Bit Server VM (25.60-b23) for windows-amd64 JRE (1.8.0_60-b27), built on Aug  4 2015 11:06:27 by "java_re" with MS VC++ 10.0 (VS2010)

time: Tue May 31 20:17:14 2016
elapsed time: 0 seconds (0d 0h 0m 0s)

