#
# There is insufficient memory for the Java Runtime Environment to continue.
# Native memory allocation (malloc) failed to allocate 1890496 bytes for Chunk::new
# Possible reasons:
#   The system is out of physical RAM or swap space
#   In 32 bit mode, the process size limit was hit
# Possible solutions:
#   Reduce memory load on the system
#   Increase physical memory or swap space
#   Check if swap backing store is full
#   Use 64 bit Java on a 64 bit OS
#   Decrease Java heap size (-Xmx/-Xms)
#   Decrease number of Java threads
#   Decrease Java thread stack sizes (-Xss)
#   Set larger code cache with -XX:ReservedCodeCacheSize=
# This output file may be truncated or incomplete.
#
#  Out of Memory Error (allocation.cpp:390), pid=6304, tid=3468
#
# JRE version: Java(TM) SE Runtime Environment (8.0_60-b27) (build 1.8.0_60-b27)
# Java VM: Java HotSpot(TM) 64-Bit Server VM (25.60-b23 mixed mode windows-amd64 compressed oops)
# Failed to write core dump. Minidumps are not enabled by default on client versions of Windows
#

---------------  T H R E A D  ---------------

Current thread (0x00000000166c9000):  JavaThread "C2 CompilerThread1" daemon [_thread_in_native, id=3468, stack(0x0000000018090000,0x0000000018190000)]

Stack: [0x0000000018090000,0x0000000018190000]
[error occurred during error reporting (printing stack bounds), id 0xc0000005]

Native frames: (J=compiled Java code, j=interpreted, Vv=VM code, C=native code)


Current CompileTask:
C2:   5049 2021       4       com.android.dx.cf.code.Simulator$SimVisitor::visitConstant (332 bytes)


---------------  P R O C E S S  ---------------

Java Threads: ( => current thread )
  0x000000001694d000 JavaThread "pool-1-thread-4" [_thread_blocked, id=9112, stack(0x00000000192b0000,0x00000000193b0000)]
  0x0000000016949000 JavaThread "pool-1-thread-3" [_thread_blocked, id=9624, stack(0x0000000019080000,0x0000000019180000)]
  0x0000000016946000 JavaThread "pool-1-thread-2" [_thread_blocked, id=8500, stack(0x0000000019180000,0x0000000019280000)]
  0x00000000185a1800 JavaThread "pool-2-thread-1" [_thread_blocked, id=4916, stack(0x00000000181f0000,0x00000000182f0000)]
  0x0000000018733800 JavaThread "pool-1-thread-1" [_thread_blocked, id=7568, stack(0x0000000018ea0000,0x0000000018fa0000)]
  0x0000000016774000 JavaThread "Service Thread" daemon [_thread_blocked, id=9908, stack(0x0000000018350000,0x0000000018450000)]
  0x00000000166db000 JavaThread "C1 CompilerThread3" daemon [_thread_blocked, id=2344, stack(0x0000000017f40000,0x0000000018040000)]
  0x00000000166ca000 JavaThread "C2 CompilerThread2" daemon [_thread_in_native, id=7332, stack(0x00000000177a0000,0x00000000178a0000)]
=>0x00000000166c9000 JavaThread "C2 CompilerThread1" daemon [_thread_in_native, id=3468, stack(0x0000000018090000,0x0000000018190000)]
  0x00000000166c2000 JavaThread "C2 CompilerThread0" daemon [_thread_in_native, id=7348, stack(0x0000000017e40000,0x0000000017f40000)]
  0x00000000166bf000 JavaThread "Attach Listener" daemon [_thread_blocked, id=7252, stack(0x0000000017cf0000,0x0000000017df0000)]
  0x00000000166d0000 JavaThread "Signal Dispatcher" daemon [_thread_blocked, id=8832, stack(0x0000000017a00000,0x0000000017b00000)]
  0x0000000015722800 JavaThread "Finalizer" daemon [_thread_blocked, id=6424, stack(0x0000000017b20000,0x0000000017c20000)]
  0x0000000015717000 JavaThread "Reference Handler" daemon [_thread_blocked, id=9248, stack(0x00000000178c0000,0x00000000179c0000)]
  0x00000000020bf000 JavaThread "main" [_thread_in_native, id=10172, stack(0x0000000002400000,0x0000000002500000)]

Other Threads:
  0x0000000016672800 VMThread [stack: 0x00000000176a0000,0x00000000177a0000] [id=8420]
  0x000000001677a800 WatcherThread [stack: 0x00000000184a0000,0x00000000185a0000] [id=8388]

VM state:not at safepoint (normal execution)

VM Mutex/Monitor currently owned by a thread: None

Heap:
 PSYoungGen      total 102400K, used 85350K [0x00000000eab00000, 0x00000000f1300000, 0x0000000100000000)
  eden space 98304K, 82% used [0x00000000eab00000,0x00000000efa5dca0,0x00000000f0b00000)
  from space 4096K, 99% used [0x00000000f0f00000,0x00000000f12fbc78,0x00000000f1300000)
  to   space 4096K, 0% used [0x00000000f0b00000,0x00000000f0b00000,0x00000000f0f00000)
 ParOldGen       total 65536K, used 16317K [0x00000000c0000000, 0x00000000c4000000, 0x00000000eab00000)
  object space 65536K, 24% used [0x00000000c0000000,0x00000000c0fef4c8,0x00000000c4000000)
 Metaspace       used 6380K, capacity 7216K, committed 7296K, reserved 1056768K
  class space    used 605K, capacity 616K, committed 640K, reserved 1048576K

Card table byte_map: [0x0000000011b90000,0x0000000011da0000] byte_map_base: 0x0000000011590000

Marking Bits: (ParMarkBitMap*) 0x0000000054d7a5b0
 Begin Bits: [0x0000000012b30000, 0x0000000013b30000)
 End Bits:   [0x0000000013b30000, 0x0000000014b30000)

Polling page: 0x0000000001fa0000

CodeCache: size=245760Kb used=7749Kb max_used=7749Kb free=238010Kb
 bounds [0x00000000027d0000, 0x0000000002f70000, 0x00000000117d0000]
 total_blobs=2228 nmethods=1958 adapters=182
 compilation: enabled

Compilation events (10 events):
Event: 4.976 Thread 0x00000000166db000 2084       2       com.android.dx.cf.cst.ConstantPoolParser::parseIfNecessary (12 bytes)
Event: 4.976 Thread 0x00000000166db000 nmethod 2084 0x0000000002f3bf10 code [0x0000000002f3c080, 0x0000000002f3c208]
Event: 4.976 Thread 0x00000000166db000 2085       2       com.android.dx.cf.direct.MemberListParser::<init> (74 bytes)
Event: 4.977 Thread 0x00000000166db000 nmethod 2085 0x0000000002f67b50 code [0x0000000002f67ce0, 0x0000000002f68088]
Event: 4.977 Thread 0x00000000166db000 2086       2       com.android.dx.cf.direct.MemberListParser::setObserver (6 bytes)
Event: 4.977 Thread 0x00000000166db000 nmethod 2086 0x0000000002f3bbd0 code [0x0000000002f3bd20, 0x0000000002f3be90]
Event: 4.977 Thread 0x00000000166db000 2087       2       com.android.dx.cf.direct.MemberListParser::getEndOffset (9 bytes)
Event: 4.977 Thread 0x00000000166db000 nmethod 2087 0x0000000002f68250 code [0x0000000002f683c0, 0x0000000002f68548]
Event: 4.977 Thread 0x00000000166db000 2088       2       com.android.dx.cf.direct.DirectClassFile::getMagic0 (9 bytes)
Event: 4.977 Thread 0x00000000166db000 nmethod 2088 0x0000000002f68610 code [0x0000000002f68780, 0x0000000002f68908]

GC Heap History (8 events):
Event: 0.826 GC heap before
{Heap before GC invocations=1 (full 0):
 PSYoungGen      total 28672K, used 24576K [0x00000000eab00000, 0x00000000ecb00000, 0x0000000100000000)
  eden space 24576K, 100% used [0x00000000eab00000,0x00000000ec300000,0x00000000ec300000)
  from space 4096K, 0% used [0x00000000ec700000,0x00000000ec700000,0x00000000ecb00000)
  to   space 4096K, 0% used [0x00000000ec300000,0x00000000ec300000,0x00000000ec700000)
 ParOldGen       total 65536K, used 0K [0x00000000c0000000, 0x00000000c4000000, 0x00000000eab00000)
  object space 65536K, 0% used [0x00000000c0000000,0x00000000c0000000,0x00000000c4000000)
 Metaspace       used 5542K, capacity 6512K, committed 6784K, reserved 1056768K
  class space    used 597K, capacity 616K, committed 640K, reserved 1048576K
Event: 0.835 GC heap after
Heap after GC invocations=1 (full 0):
 PSYoungGen      total 28672K, used 3471K [0x00000000eab00000, 0x00000000ee300000, 0x0000000100000000)
  eden space 24576K, 0% used [0x00000000eab00000,0x00000000eab00000,0x00000000ec300000)
  from space 4096K, 84% used [0x00000000ec300000,0x00000000ec663c68,0x00000000ec700000)
  to   space 4096K, 0% used [0x00000000edf00000,0x00000000edf00000,0x00000000ee300000)
 ParOldGen       total 65536K, used 8K [0x00000000c0000000, 0x00000000c4000000, 0x00000000eab00000)
  object space 65536K, 0% used [0x00000000c0000000,0x00000000c0002000,0x00000000c4000000)
 Metaspace       used 5542K, capacity 6512K, committed 6784K, reserved 1056768K
  class space    used 597K, capacity 616K, committed 640K, reserved 1048576K
}
Event: 1.865 GC heap before
{Heap before GC invocations=2 (full 0):
 PSYoungGen      total 28672K, used 28047K [0x00000000eab00000, 0x00000000ee300000, 0x0000000100000000)
  eden space 24576K, 100% used [0x00000000eab00000,0x00000000ec300000,0x00000000ec300000)
  from space 4096K, 84% used [0x00000000ec300000,0x00000000ec663c68,0x00000000ec700000)
  to   space 4096K, 0% used [0x00000000edf00000,0x00000000edf00000,0x00000000ee300000)
 ParOldGen       total 65536K, used 8K [0x00000000c0000000, 0x00000000c4000000, 0x00000000eab00000)
  object space 65536K, 0% used [0x00000000c0000000,0x00000000c0002000,0x00000000c4000000)
 Metaspace       used 6022K, capacity 6960K, committed 7040K, reserved 1056768K
  class space    used 601K, capacity 616K, committed 640K, reserved 1048576K
Event: 1.934 GC heap after
Heap after GC invocations=2 (full 0):
 PSYoungGen      total 53248K, used 4077K [0x00000000eab00000, 0x00000000ee300000, 0x0000000100000000)
  eden space 49152K, 0% used [0x00000000eab00000,0x00000000eab00000,0x00000000edb00000)
  from space 4096K, 99% used [0x00000000edf00000,0x00000000ee2fb5d8,0x00000000ee300000)
  to   space 4096K, 0% used [0x00000000edb00000,0x00000000edb00000,0x00000000edf00000)
 ParOldGen       total 65536K, used 1322K [0x00000000c0000000, 0x00000000c4000000, 0x00000000eab00000)
  object space 65536K, 2% used [0x00000000c0000000,0x00000000c014ab50,0x00000000c4000000)
 Metaspace       used 6022K, capacity 6960K, committed 7040K, reserved 1056768K
  class space    used 601K, capacity 616K, committed 640K, reserved 1048576K
}
Event: 2.724 GC heap before
{Heap before GC invocations=3 (full 0):
 PSYoungGen      total 53248K, used 53229K [0x00000000eab00000, 0x00000000ee300000, 0x0000000100000000)
  eden space 49152K, 100% used [0x00000000eab00000,0x00000000edb00000,0x00000000edb00000)
  from space 4096K, 99% used [0x00000000edf00000,0x00000000ee2fb5d8,0x00000000ee300000)
  to   space 4096K, 0% used [0x00000000edb00000,0x00000000edb00000,0x00000000edf00000)
 ParOldGen       total 65536K, used 1322K [0x00000000c0000000, 0x00000000c4000000, 0x00000000eab00000)
  object space 65536K, 2% used [0x00000000c0000000,0x00000000c014ab50,0x00000000c4000000)
 Metaspace       used 6214K, capacity 7088K, committed 7296K, reserved 1056768K
  class space    used 603K, capacity 616K, committed 640K, reserved 1048576K
Event: 2.805 GC heap after
Heap after GC invocations=3 (full 0):
 PSYoungGen      total 53248K, used 4068K [0x00000000eab00000, 0x00000000f1300000, 0x0000000100000000)
  eden space 49152K, 0% used [0x00000000eab00000,0x00000000eab00000,0x00000000edb00000)
  from space 4096K, 99% used [0x00000000edb00000,0x00000000edef9080,0x00000000edf00000)
  to   space 4096K, 0% used [0x00000000f0f00000,0x00000000f0f00000,0x00000000f1300000)
 ParOldGen       total 65536K, used 8385K [0x00000000c0000000, 0x00000000c4000000, 0x00000000eab00000)
  object space 65536K, 12% used [0x00000000c0000000,0x00000000c08306f8,0x00000000c4000000)
 Metaspace       used 6214K, capacity 7088K, committed 7296K, reserved 1056768K
  class space    used 603K, capacity 616K, committed 640K, reserved 1048576K
}
Event: 3.269 GC heap before
{Heap before GC invocations=4 (full 0):
 PSYoungGen      total 53248K, used 53220K [0x00000000eab00000, 0x00000000f1300000, 0x0000000100000000)
  eden space 49152K, 100% used [0x00000000eab00000,0x00000000edb00000,0x00000000edb00000)
  from space 4096K, 99% used [0x00000000edb00000,0x00000000edef9080,0x00000000edf00000)
  to   space 4096K, 0% used [0x00000000f0f00000,0x00000000f0f00000,0x00000000f1300000)
 ParOldGen       total 65536K, used 8385K [0x00000000c0000000, 0x00000000c4000000, 0x00000000eab00000)
  object space 65536K, 12% used [0x00000000c0000000,0x00000000c08306f8,0x00000000c4000000)
 Metaspace       used 6290K, capacity 7152K, committed 7296K, reserved 1056768K
  class space    used 604K, capacity 616K, committed 640K, reserved 1048576K
Event: 3.308 GC heap after
Heap after GC invocations=4 (full 0):
 PSYoungGen      total 102400K, used 4079K [0x00000000eab00000, 0x00000000f1300000, 0x0000000100000000)
  eden space 98304K, 0% used [0x00000000eab00000,0x00000000eab00000,0x00000000f0b00000)
  from space 4096K, 99% used [0x00000000f0f00000,0x00000000f12fbc78,0x00000000f1300000)
  to   space 4096K, 0% used [0x00000000f0b00000,0x00000000f0b00000,0x00000000f0f00000)
 ParOldGen       total 65536K, used 16317K [0x00000000c0000000, 0x00000000c4000000, 0x00000000eab00000)
  object space 65536K, 24% used [0x00000000c0000000,0x00000000c0fef4c8,0x00000000c4000000)
 Metaspace       used 6290K, capacity 7152K, committed 7296K, reserved 1056768K
  class space    used 604K, capacity 616K, committed 640K, reserved 1048576K
}

Deoptimization events (10 events):
Event: 2.833 Thread 0x0000000016949000 Uncommon trap: reason=unstable_if action=reinterpret pc=0x0000000002d90990 method=com.android.dx.ssa.SCCP.simulateBranch(Lcom/android/dx/ssa/SsaInsn;)V @ 64
Event: 2.836 Thread 0x0000000016949000 Uncommon trap: reason=unstable_if action=reinterpret pc=0x0000000002b97a4c method=com.android.dx.ssa.SsaMethod.updateOneDefinition(Lcom/android/dx/ssa/SsaInsn;Lcom/android/dx/rop/code/RegisterSpec;)V @ 4
Event: 2.866 Thread 0x0000000018733800 Uncommon trap: reason=bimorphic action=maybe_recompile pc=0x0000000002de0700 method=com.android.dx.cf.code.BytecodeArray.parseInstruction(ILcom/android/dx/cf/code/BytecodeArray$Visitor;)I @ 1501
Event: 2.869 Thread 0x0000000018733800 Uncommon trap: reason=bimorphic action=maybe_recompile pc=0x0000000002de0700 method=com.android.dx.cf.code.BytecodeArray.parseInstruction(ILcom/android/dx/cf/code/BytecodeArray$Visitor;)I @ 1501
Event: 3.009 Thread 0x0000000018733800 Uncommon trap: reason=unstable_if action=reinterpret pc=0x0000000002df77e0 method=com.android.dx.rop.code.RegisterSpecSet.put(Lcom/android/dx/rop/code/RegisterSpec;)V @ 77
Event: 3.155 Thread 0x000000001694d000 Uncommon trap: reason=unstable_if action=reinterpret pc=0x0000000002e30d88 method=com.android.dx.ssa.SsaRenamer$BlockRenamer.visitMoveInsn(Lcom/android/dx/ssa/NormalSsaInsn;)V @ 104
Event: 3.323 Thread 0x0000000016949000 Uncommon trap: reason=bimorphic action=maybe_recompile pc=0x0000000002de1490 method=com.android.dx.cf.code.BytecodeArray.parseInstruction(ILcom/android/dx/cf/code/BytecodeArray$Visitor;)I @ 1130
Event: 3.324 Thread 0x0000000016949000 Uncommon trap: reason=bimorphic action=maybe_recompile pc=0x0000000002de1490 method=com.android.dx.cf.code.BytecodeArray.parseInstruction(ILcom/android/dx/cf/code/BytecodeArray$Visitor;)I @ 1130
Event: 4.004 Thread 0x0000000016949000 Uncommon trap: reason=unstable_if action=reinterpret pc=0x0000000002d53cbc method=com.android.dx.ssa.SCCP.simulateStmt(Lcom/android/dx/ssa/SsaInsn;)V @ 53
Event: 4.015 Thread 0x0000000016949000 Uncommon trap: reason=class_check action=maybe_recompile pc=0x0000000002c23ff0 method=java.util.HashMap.putVal(ILjava/lang/Object;Ljava/lang/Object;ZZ)Ljava/lang/Object; @ 203

Internal exceptions (3 events):
Event: 0.190 Thread 0x00000000020bf000 Exception <a 'java/lang/NoSuchMethodError': Method sun.misc.Unsafe.defineClass(Ljava/lang/String;[BII)Ljava/lang/Class; name or signature does not match> (0x00000000eab0d798) thrown at [C:\re\workspace\8-2-build-windows-amd64-cygwin\jdk8u60\4407\hotspot\srì÷aócO»?
Event: 0.190 Thread 0x00000000020bf000 Exception <a 'java/lang/NoSuchMethodError': Method sun.misc.Unsafe.prefetchRead(Ljava/lang/Object;J)V name or signature does not match> (0x00000000eab0da80) thrown at [C:\re\workspace\8-2-build-windows-amd64-cygwin\jdk8u60\4407\hotspot\src\share\vm\prims\jˆÉê·ıù˙?
Event: 1.664 Thread 0x000000001694d000 Implicit null exception at 0x0000000002b0f052 to 0x0000000002b0f151

Events (10 events):
Event: 4.523 Thread 0x00000000020bf000 DEOPT PACKING pc=0x0000000002e0dee8 sp=0x00000000024fecf0
Event: 4.523 Thread 0x00000000020bf000 DEOPT UNPACKING pc=0x000000000281787f sp=0x00000000024fe9f0 mode 0
Event: 4.531 Thread 0x0000000018733800 DEOPT PACKING pc=0x0000000002bd3a83 sp=0x0000000018f9e670
Event: 4.531 Thread 0x0000000018733800 DEOPT UNPACKING pc=0x000000000281787f sp=0x0000000018f9e3f0 mode 0
Event: 4.647 Thread 0x000000001694d000 DEOPT PACKING pc=0x0000000002bd3a83 sp=0x00000000193ae380
Event: 4.647 Thread 0x000000001694d000 DEOPT UNPACKING pc=0x000000000281787f sp=0x00000000193ae100 mode 0
Event: 4.942 Thread 0x00000000020bf000 DEOPT PACKING pc=0x0000000002e0983a sp=0x00000000024fe900
Event: 4.942 Thread 0x00000000020bf000 DEOPT UNPACKING pc=0x000000000281787f sp=0x00000000024fe718 mode 0
Event: 4.952 Thread 0x00000000020bf000 DEOPT PACKING pc=0x0000000002e05da9 sp=0x00000000024fe800
Event: 4.952 Thread 0x00000000020bf000 DEOPT UNPACKING pc=0x000000000281787f sp=0x00000000024fe5c0 mode 0


Dynamic libraries:
0x000000013f970000 - 0x000000013f9a7000 	C:\Program Files\Java\jdk1.8.0_60\bin\java.exe
0x0000000077ba0000 - 0x0000000077d49000 	C:\Windows\SYSTEM32\ntdll.dll
0x0000000077a80000 - 0x0000000077b9f000 	C:\Windows\system32\kernel32.dll
0x000007fefde10000 - 0x000007fefde7b000 	C:\Windows\system32\KERNELBASE.dll
0x000007feff690000 - 0x000007feff76b000 	C:\Windows\system32\ADVAPI32.dll
0x000007fefe630000 - 0x000007fefe6cf000 	C:\Windows\system32\msvcrt.dll
0x000007feffe30000 - 0x000007feffe4f000 	C:\Windows\SYSTEM32\sechost.dll
0x000007feff960000 - 0x000007feffa8d000 	C:\Windows\system32\RPCRT4.dll
0x0000000077980000 - 0x0000000077a7a000 	C:\Windows\system32\USER32.dll
0x000007fefe360000 - 0x000007fefe3c7000 	C:\Windows\system32\GDI32.dll
0x000007feffc80000 - 0x000007feffc8e000 	C:\Windows\system32\LPK.dll
0x000007feff810000 - 0x000007feff8d9000 	C:\Windows\system32\USP10.dll
0x000007fefbcd0000 - 0x000007fefbec4000 	C:\Windows\WinSxS\amd64_microsoft.windows.common-controls_6595b64144ccf1df_6.0.7601.17514_none_fa396087175ac9ac\COMCTL32.dll
0x000007fefe6d0000 - 0x000007fefe741000 	C:\Windows\system32\SHLWAPI.dll
0x000007fefe8d0000 - 0x000007fefe8fe000 	C:\Windows\system32\IMM32.DLL
0x000007fefe250000 - 0x000007fefe359000 	C:\Windows\system32\MSCTF.dll
0x000000005b160000 - 0x000000005b232000 	C:\Program Files\Java\jdk1.8.0_60\jre\bin\msvcr100.dll
0x0000000054570000 - 0x0000000054df9000 	C:\Program Files\Java\jdk1.8.0_60\jre\bin\server\jvm.dll
0x000007feec030000 - 0x000007feec039000 	C:\Windows\system32\WSOCK32.dll
0x000007fefe750000 - 0x000007fefe79d000 	C:\Windows\system32\WS2_32.dll
0x000007feffc70000 - 0x000007feffc78000 	C:\Windows\system32\NSI.dll
0x000007fefc600000 - 0x000007fefc63b000 	C:\Windows\system32\WINMM.dll
0x000007fefcc50000 - 0x000007fefcc5c000 	C:\Windows\system32\VERSION.dll
0x0000000077d70000 - 0x0000000077d77000 	C:\Windows\system32\PSAPI.DLL
0x0000000074260000 - 0x000000007426f000 	C:\Program Files\Java\jdk1.8.0_60\jre\bin\verify.dll
0x000000005ae10000 - 0x000000005ae39000 	C:\Program Files\Java\jdk1.8.0_60\jre\bin\java.dll
0x000000005bba0000 - 0x000000005bbb6000 	C:\Program Files\Java\jdk1.8.0_60\jre\bin\zip.dll
0x000007fefe900000 - 0x000007feff688000 	C:\Windows\system32\SHELL32.dll
0x000007fefdec0000 - 0x000007fefe0c3000 	C:\Windows\system32\ole32.dll
0x000007fefdaf0000 - 0x000007fefdaff000 	C:\Windows\system32\profapi.dll

VM Arguments:
jvm_args: -Djava.awt.headless=true -Xmx1024M -Dfile.encoding=windows-1252 -Duser.country=US -Duser.language=en -Duser.variant 
java_command: com.android.dx.command.Main --dex --force-jumbo --num-threads=4 --output D:\project\AndroidStudioProjects\HocListViewNangCao\app\build\intermediates\pre-dexed\debug\com.android.support-support-v4-23.4.0_741bb9ffd0a9270c62224d430b8aa20a15eca43d.jar D:\project\AndroidStudioProjects\HocListViewNangCao\app\build\intermediates\exploded-aar\com.android.support\support-v4\23.4.0\jars\classes.jar
java_class_path (initial): D:\Android\sdk\build-tools\23.0.3\lib\dx.jar
Launcher Type: SUN_STANDARD

Environment Variables:
JAVA_HOME=C:\Program Files\Java\jdk1.8.0_60
PATH=C:\ProgramData\Oracle\Java\javapath;C:\Program Files\Common Files\Microsoft Shared\Windows Live;C:\Program Files (x86)\HP SimplePass\x64;C:\Program Files (x86)\HP SimplePass\;;C:\Windows\system32;C:\Windows;C:\Windows\System32\Wbem;C:\Windows\System32\WindowsPowerShell\v1.0\;C:\Program Files (x86)\Java\jdk1.7.0_09\bin;C:\Strawberry\c\bin;C:\Strawberry\perl\site\bin;C:\Strawberry\perl\bin;C:\Program Files (x86)\Intel\OpenCL SDK\2.0\bin\x86;C:\Program Files (x86)\Intel\OpenCL SDK\2.0\bin\x64;C:\PROGRA~2\PICC;C:\Program Files (x86)\Microchip\xc16\v1.25\bin;C:\Program Files (x86)\Microchip\xc8\v1.35\bin;C:\Program Files\Java\jre1.8.0_65\bin;C:\Program Files\Java\jdk1.8.0_60\jre\bin;D:\Android\sdk\platform-tools;C:\Program Files\Common Files\Microsoft Shared\Windows Live;C:\Program Files\Java\jre1.8.0_65\bin
USERNAME=Nhut
OS=Windows_NT
PROCESSOR_IDENTIFIER=Intel64 Family 6 Model 42 Stepping 7, GenuineIntel



---------------  S Y S T E M  ---------------

OS: Windows 7 , 64 bit Build 7601 (6.1.7601.17514)

CPU:total 8 (4 cores per cpu, 2 threads per core) family 6 model 42 stepping 7, cmov, cx8, fxsr, mmx, sse, sse2, sse3, ssse3, sse4.1, sse4.2, popcnt, avx, aes, clmul, ht, tsc, tscinvbit

Memory: 4k page, physical 6238064k(615428k free), swap 8333368k(6124k free)

vm_info: Java HotSpot(TM) 64-Bit Server VM (25.60-b23) for windows-amd64 JRE (1.8.0_60-b27), built on Aug  4 2015 11:06:27 by "java_re" with MS VC++ 10.0 (VS2010)

time: Tue May 31 17:56:53 2016
elapsed time: 5 seconds (0d 0h 0m 5s)

