#
# There is insufficient memory for the Java Runtime Environment to continue.
# Native memory allocation (malloc) failed to allocate 237136 bytes for Chunk::new
# Possible reasons:
#   The system is out of physical RAM or swap space
#   In 32 bit mode, the process size limit was hit
# Possible solutions:
#   Reduce memory load on the system
#   Increase physical memory or swap space
#   Check if swap backing store is full
#   Use 64 bit Java on a 64 bit OS
#   Decrease Java heap size (-Xmx/-Xms)
#   Decrease number of Java threads
#   Decrease Java thread stack sizes (-Xss)
#   Set larger code cache with -XX:ReservedCodeCacheSize=
# This output file may be truncated or incomplete.
#
#  Out of Memory Error (allocation.cpp:390), pid=14320, tid=13772
#
# JRE version: Java(TM) SE Runtime Environment (8.0_60-b27) (build 1.8.0_60-b27)
# Java VM: Java HotSpot(TM) 64-Bit Server VM (25.60-b23 mixed mode windows-amd64 compressed oops)
# Failed to write core dump. Minidumps are not enabled by default on client versions of Windows
#

---------------  T H R E A D  ---------------

Current thread (0x00000000166be800):  JavaThread "C2 CompilerThread1" daemon [_thread_in_native, id=13772, stack(0x0000000018020000,0x0000000018120000)]

Stack: [0x0000000018020000,0x0000000018120000]
[error occurred during error reporting (printing stack bounds), id 0xc0000005]

Native frames: (J=compiled Java code, j=interpreted, Vv=VM code, C=native code)


Current CompileTask:
C2:   3862 1388       4       com.android.dx.ssa.LiteralOpUpgrader::tryReplacingWithConstant (161 bytes)


---------------  P R O C E S S  ---------------

Java Threads: ( => current thread )
  0x0000000016753000 JavaThread "Service Thread" daemon [_thread_blocked, id=13844, stack(0x0000000017eb0000,0x0000000017fb0000)]
  0x00000000166e2000 JavaThread "C1 CompilerThread3" daemon [_thread_blocked, id=13852, stack(0x0000000018290000,0x0000000018390000)]
  0x00000000166c1000 JavaThread "C2 CompilerThread2" daemon [_thread_in_native, id=12724, stack(0x0000000018170000,0x0000000018270000)]
=>0x00000000166be800 JavaThread "C2 CompilerThread1" daemon [_thread_in_native, id=13772, stack(0x0000000018020000,0x0000000018120000)]
  0x00000000166b9000 JavaThread "C2 CompilerThread0" daemon [_thread_in_native, id=13808, stack(0x0000000017d50000,0x0000000017e50000)]
  0x00000000166b6000 JavaThread "Attach Listener" daemon [_thread_blocked, id=13784, stack(0x0000000017630000,0x0000000017730000)]
  0x00000000166b5000 JavaThread "Signal Dispatcher" daemon [_thread_blocked, id=11868, stack(0x0000000017ba0000,0x0000000017ca0000)]
  0x0000000015710000 JavaThread "Finalizer" daemon [_thread_blocked, id=13732, stack(0x0000000017a60000,0x0000000017b60000)]
  0x0000000016663800 JavaThread "Reference Handler" daemon [_thread_blocked, id=13748, stack(0x0000000017900000,0x0000000017a00000)]

Other Threads:
  0x0000000016662000 VMThread [stack: 0x0000000017760000,0x0000000017860000] [id=13752]

VM state:at safepoint (normal execution)

VM Mutex/Monitor currently owned by a thread:  ([mutex/lock_event])
[0x0000000001e7c7a0] Threads_lock - owner thread: 0x0000000016662000
[0x0000000001e7cca0] Heap_lock - owner thread: 0x0000000001e7f000

Heap:
 PSYoungGen      total 212480K, used 37978K [0x00000000eab00000, 0x00000000f9600000, 0x0000000100000000)
  eden space 193536K, 10% used [0x00000000eab00000,0x00000000ebe453d0,0x00000000f6800000)
  from space 18944K, 96% used [0x00000000f7d80000,0x00000000f8f51658,0x00000000f9000000)
  to   space 22016K, 0% used [0x00000000f6800000,0x00000000f6800000,0x00000000f7d80000)
 ParOldGen       total 65536K, used 31480K [0x00000000c0000000, 0x00000000c4000000, 0x00000000eab00000)
  object space 65536K, 48% used [0x00000000c0000000,0x00000000c1ebe3e8,0x00000000c4000000)
 Metaspace       used 7437K, capacity 7832K, committed 7936K, reserved 1056768K
  class space    used 700K, capacity 720K, committed 768K, reserved 1048576K

Card table byte_map: [0x0000000011bb0000,0x0000000011dc0000] byte_map_base: 0x00000000115b0000

Marking Bits: (ParMarkBitMap*) 0x000000005098a5b0
 Begin Bits: [0x0000000012b20000, 0x0000000013b20000)
 End Bits:   [0x0000000013b20000, 0x0000000014b20000)

Polling page: 0x0000000000140000

CodeCache: size=245760Kb used=9244Kb max_used=9250Kb free=236515Kb
 bounds [0x00000000027f0000, 0x0000000003110000, 0x00000000117f0000]
 total_blobs=2748 nmethods=2469 adapters=191
 compilation: enabled

Compilation events (10 events):
Event: 3.813 Thread 0x00000000166e2000 2584       2       java.util.zip.Deflater::needsInput (13 bytes)
Event: 3.813 Thread 0x00000000166e2000 nmethod 2584 0x00000000030e2410 code [0x00000000030e2560, 0x00000000030e26d0]
Event: 3.831 Thread 0x00000000166e2000 2585       2       java.util.zip.DeflaterOutputStream::deflate (36 bytes)
Event: 3.832 Thread 0x00000000166e2000 nmethod 2585 0x00000000030e1bd0 code [0x00000000030e1d40, 0x00000000030e1f18]
Event: 3.832 Thread 0x00000000166e2000 2586       2       java.util.zip.Deflater::deflate (9 bytes)
Event: 3.832 Thread 0x00000000166e2000 nmethod 2586 0x00000000030e1850 code [0x00000000030e19c0, 0x00000000030e1b28]
Event: 3.832 Thread 0x00000000166e2000 2587   !   2       java.util.zip.Deflater::deflate (140 bytes)
Event: 3.833 Thread 0x00000000166e2000 nmethod 2587 0x00000000030e0c90 code [0x00000000030e0e40, 0x00000000030e1408]
Event: 3.845 Thread 0x00000000166e2000 2589       2       java.io.FileOutputStream::write (10 bytes)
Event: 3.846 Thread 0x00000000166e2000 nmethod 2589 0x00000000030e0590 code [0x00000000030e0700, 0x00000000030e0868]

GC Heap History (10 events):
Event: 0.858 GC heap before
{Heap before GC invocations=2 (full 0):
 PSYoungGen      total 28672K, used 28643K [0x00000000eab00000, 0x00000000ee300000, 0x0000000100000000)
  eden space 24576K, 100% used [0x00000000eab00000,0x00000000ec300000,0x00000000ec300000)
  from space 4096K, 99% used [0x00000000ec300000,0x00000000ec6f8f40,0x00000000ec700000)
  to   space 4096K, 0% used [0x00000000edf00000,0x00000000edf00000,0x00000000ee300000)
 ParOldGen       total 65536K, used 899K [0x00000000c0000000, 0x00000000c4000000, 0x00000000eab00000)
  object space 65536K, 1% used [0x00000000c0000000,0x00000000c00e0cc0,0x00000000c4000000)
 Metaspace       used 6038K, capacity 6960K, committed 7040K, reserved 1056768K
  class space    used 602K, capacity 616K, committed 640K, reserved 1048576K
Event: 0.868 GC heap after
Heap after GC invocations=2 (full 0):
 PSYoungGen      total 53248K, used 4083K [0x00000000eab00000, 0x00000000ee300000, 0x0000000100000000)
  eden space 49152K, 0% used [0x00000000eab00000,0x00000000eab00000,0x00000000edb00000)
  from space 4096K, 99% used [0x00000000edf00000,0x00000000ee2fcc20,0x00000000ee300000)
  to   space 4096K, 0% used [0x00000000edb00000,0x00000000edb00000,0x00000000edf00000)
 ParOldGen       total 65536K, used 3914K [0x00000000c0000000, 0x00000000c4000000, 0x00000000eab00000)
  object space 65536K, 5% used [0x00000000c0000000,0x00000000c03d2898,0x00000000c4000000)
 Metaspace       used 6038K, capacity 6960K, committed 7040K, reserved 1056768K
  class space    used 602K, capacity 616K, committed 640K, reserved 1048576K
}
Event: 1.137 GC heap before
{Heap before GC invocations=3 (full 0):
 PSYoungGen      total 53248K, used 53235K [0x00000000eab00000, 0x00000000ee300000, 0x0000000100000000)
  eden space 49152K, 100% used [0x00000000eab00000,0x00000000edb00000,0x00000000edb00000)
  from space 4096K, 99% used [0x00000000edf00000,0x00000000ee2fcc20,0x00000000ee300000)
  to   space 4096K, 0% used [0x00000000edb00000,0x00000000edb00000,0x00000000edf00000)
 ParOldGen       total 65536K, used 3914K [0x00000000c0000000, 0x00000000c4000000, 0x00000000eab00000)
  object space 65536K, 5% used [0x00000000c0000000,0x00000000c03d2898,0x00000000c4000000)
 Metaspace       used 6107K, capacity 7024K, committed 7296K, reserved 1056768K
  class space    used 602K, capacity 616K, committed 640K, reserved 1048576K
Event: 1.177 GC heap after
Heap after GC invocations=3 (full 0):
 PSYoungGen      total 53248K, used 4084K [0x00000000eab00000, 0x00000000f1300000, 0x0000000100000000)
  eden space 49152K, 0% used [0x00000000eab00000,0x00000000eab00000,0x00000000edb00000)
  from space 4096K, 99% used [0x00000000edb00000,0x00000000edefd3d8,0x00000000edf00000)
  to   space 4096K, 0% used [0x00000000f0f00000,0x00000000f0f00000,0x00000000f1300000)
 ParOldGen       total 65536K, used 10991K [0x00000000c0000000, 0x00000000c4000000, 0x00000000eab00000)
  object space 65536K, 16% used [0x00000000c0000000,0x00000000c0abbc28,0x00000000c4000000)
 Metaspace       used 6107K, capacity 7024K, committed 7296K, reserved 1056768K
  class space    used 602K, capacity 616K, committed 640K, reserved 1048576K
}
Event: 1.389 GC heap before
{Heap before GC invocations=4 (full 0):
 PSYoungGen      total 53248K, used 53236K [0x00000000eab00000, 0x00000000f1300000, 0x0000000100000000)
  eden space 49152K, 100% used [0x00000000eab00000,0x00000000edb00000,0x00000000edb00000)
  from space 4096K, 99% used [0x00000000edb00000,0x00000000edefd3d8,0x00000000edf00000)
  to   space 4096K, 0% used [0x00000000f0f00000,0x00000000f0f00000,0x00000000f1300000)
 ParOldGen       total 65536K, used 10991K [0x00000000c0000000, 0x00000000c4000000, 0x00000000eab00000)
  object space 65536K, 16% used [0x00000000c0000000,0x00000000c0abbc28,0x00000000c4000000)
 Metaspace       used 6272K, capacity 7128K, committed 7424K, reserved 1056768K
  class space    used 623K, capacity 656K, committed 768K, reserved 1048576K
Event: 1.438 GC heap after
Heap after GC invocations=4 (full 0):
 PSYoungGen      total 102400K, used 4067K [0x00000000eab00000, 0x00000000f1300000, 0x0000000100000000)
  eden space 98304K, 0% used [0x00000000eab00000,0x00000000eab00000,0x00000000f0b00000)
  from space 4096K, 99% used [0x00000000f0f00000,0x00000000f12f8de8,0x00000000f1300000)
  to   space 4096K, 0% used [0x00000000f0b00000,0x00000000f0b00000,0x00000000f0f00000)
 ParOldGen       total 65536K, used 18398K [0x00000000c0000000, 0x00000000c4000000, 0x00000000eab00000)
  object space 65536K, 28% used [0x00000000c0000000,0x00000000c11f7930,0x00000000c4000000)
 Metaspace       used 6272K, capacity 7128K, committed 7424K, reserved 1056768K
  class space    used 623K, capacity 656K, committed 768K, reserved 1048576K
}
Event: 1.920 GC heap before
{Heap before GC invocations=5 (full 0):
 PSYoungGen      total 102400K, used 102371K [0x00000000eab00000, 0x00000000f1300000, 0x0000000100000000)
  eden space 98304K, 100% used [0x00000000eab00000,0x00000000f0b00000,0x00000000f0b00000)
  from space 4096K, 99% used [0x00000000f0f00000,0x00000000f12f8de8,0x00000000f1300000)
  to   space 4096K, 0% used [0x00000000f0b00000,0x00000000f0b00000,0x00000000f0f00000)
 ParOldGen       total 65536K, used 18398K [0x00000000c0000000, 0x00000000c4000000, 0x00000000eab00000)
  object space 65536K, 28% used [0x00000000c0000000,0x00000000c11f7930,0x00000000c4000000)
 Metaspace       used 6383K, capacity 7192K, committed 7424K, reserved 1056768K
  class space    used 623K, capacity 656K, committed 768K, reserved 1048576K
Event: 1.985 GC heap after
Heap after GC invocations=5 (full 0):
 PSYoungGen      total 102400K, used 4067K [0x00000000eab00000, 0x00000000f9000000, 0x0000000100000000)
  eden space 98304K, 0% used [0x00000000eab00000,0x00000000eab00000,0x00000000f0b00000)
  from space 4096K, 99% used [0x00000000f0b00000,0x00000000f0ef8e68,0x00000000f0f00000)
  to   space 18944K, 0% used [0x00000000f7d80000,0x00000000f7d80000,0x00000000f9000000)
 ParOldGen       total 65536K, used 31472K [0x00000000c0000000, 0x00000000c4000000, 0x00000000eab00000)
  object space 65536K, 48% used [0x00000000c0000000,0x00000000c1ebc3e8,0x00000000c4000000)
 Metaspace       used 6383K, capacity 7192K, committed 7424K, reserved 1056768K
  class space    used 623K, capacity 656K, committed 768K, reserved 1048576K
}
Event: 2.959 GC heap before
{Heap before GC invocations=6 (full 0):
 PSYoungGen      total 102400K, used 102371K [0x00000000eab00000, 0x00000000f9000000, 0x0000000100000000)
  eden space 98304K, 100% used [0x00000000eab00000,0x00000000f0b00000,0x00000000f0b00000)
  from space 4096K, 99% used [0x00000000f0b00000,0x00000000f0ef8e68,0x00000000f0f00000)
  to   space 18944K, 0% used [0x00000000f7d80000,0x00000000f7d80000,0x00000000f9000000)
 ParOldGen       total 65536K, used 31472K [0x00000000c0000000, 0x00000000c4000000, 0x00000000eab00000)
  object space 65536K, 48% used [0x00000000c0000000,0x00000000c1ebc3e8,0x00000000c4000000)
 Metaspace       used 6568K, capacity 7320K, committed 7680K, reserved 1056768K
  class space    used 630K, capacity 656K, committed 768K, reserved 1048576K
Event: 3.021 GC heap after
Heap after GC invocations=6 (full 0):
 PSYoungGen      total 212480K, used 18245K [0x00000000eab00000, 0x00000000f9600000, 0x0000000100000000)
  eden space 193536K, 0% used [0x00000000eab00000,0x00000000eab00000,0x00000000f6800000)
  from space 18944K, 96% used [0x00000000f7d80000,0x00000000f8f51658,0x00000000f9000000)
  to   space 22016K, 0% used [0x00000000f6800000,0x00000000f6800000,0x00000000f7d80000)
 ParOldGen       total 65536K, used 31480K [0x00000000c0000000, 0x00000000c4000000, 0x00000000eab00000)
  object space 65536K, 48% used [0x00000000c0000000,0x00000000c1ebe3e8,0x00000000c4000000)
 Metaspace       used 6568K, capacity 7320K, committed 7680K, reserved 1056768K
  class space    used 630K, capacity 656K, committed 768K, reserved 1048576K
}

Deoptimization events (10 events):
Event: 3.048 Thread 0x0000000001e7f000 Uncommon trap: reason=unstable_if action=reinterpret pc=0x0000000002a7e338 method=java.util.Arrays.equals([Ljava/lang/Object;[Ljava/lang/Object;)Z @ 23
Event: 3.082 Thread 0x0000000001e7f000 Uncommon trap: reason=speculate_class_check action=maybe_recompile pc=0x0000000002a9f104 method=com.android.dx.util.FixedSizeList.equals(Ljava/lang/Object;)Z @ 25
Event: 3.082 Thread 0x0000000001e7f000 Uncommon trap: reason=speculate_class_check action=maybe_recompile pc=0x0000000002a9f104 method=com.android.dx.util.FixedSizeList.equals(Ljava/lang/Object;)Z @ 25
Event: 3.082 Thread 0x0000000001e7f000 Uncommon trap: reason=speculate_class_check action=maybe_recompile pc=0x0000000002a9f104 method=com.android.dx.util.FixedSizeList.equals(Ljava/lang/Object;)Z @ 25
Event: 3.145 Thread 0x0000000001e7f000 Uncommon trap: reason=unstable_if action=reinterpret pc=0x0000000002f4c96c method=java.util.TreeMap.put(Ljava/lang/Object;Ljava/lang/Object;)Ljava/lang/Object; @ 163
Event: 3.668 Thread 0x0000000001e7f000 Uncommon trap: reason=unstable_if action=reinterpret pc=0x0000000002a761a8 method=java.util.Arrays.copyOf([Ljava/lang/Object;ILjava/lang/Class;)[Ljava/lang/Object; @ 3
Event: 3.670 Thread 0x0000000001e7f000 Uncommon trap: reason=speculate_class_check action=maybe_recompile pc=0x00000000030437a0 method=java.util.HashMap.putVal(ILjava/lang/Object;Ljava/lang/Object;ZZ)Ljava/lang/Object; @ 56
Event: 3.670 Thread 0x0000000001e7f000 Uncommon trap: reason=speculate_class_check action=maybe_recompile pc=0x000000000304380c method=java.util.HashMap.putVal(ILjava/lang/Object;Ljava/lang/Object;ZZ)Ljava/lang/Object; @ 152
Event: 3.671 Thread 0x0000000001e7f000 Uncommon trap: reason=speculate_class_check action=maybe_recompile pc=0x00000000030437a0 method=java.util.HashMap.putVal(ILjava/lang/Object;Ljava/lang/Object;ZZ)Ljava/lang/Object; @ 56
Event: 3.671 Thread 0x0000000001e7f000 Uncommon trap: reason=speculate_class_check action=maybe_recompile pc=0x00000000030437a0 method=java.util.HashMap.putVal(ILjava/lang/Object;Ljava/lang/Object;ZZ)Ljava/lang/Object; @ 56

Internal exceptions (5 events):
Event: 0.039 Thread 0x0000000001e7f000 Exception <a 'java/lang/NoSuchMethodError': Method sun.misc.Unsafe.defineClass(Ljava/lang/String;[BII)Ljava/lang/Class; name or signature does not match> (0x00000000eab0d420) thrown at [C:\re\workspace\8-2-build-windows-amd64-cygwin\jdk8u60\4407\hotspot\sr›Eıù§?
Event: 0.039 Thread 0x0000000001e7f000 Exception <a 'java/lang/NoSuchMethodError': Method sun.misc.Unsafe.prefetchRead(Ljava/lang/Object;J)V name or signature does not match> (0x00000000eab0d708) thrown at [C:\re\workspace\8-2-build-windows-amd64-cygwin\jdk8u60\4407\hotspot\src\share\vm\prims\jDˆ>q≈•Û?
Event: 1.228 Thread 0x0000000001e7f000 Exception <a 'java/lang/ArrayIndexOutOfBoundsException': 18> (0x00000000eb6100e8) thrown at [C:\re\workspace\8-2-build-windows-amd64-cygwin\jdk8u60\4407\hotspot\src\share\vm\interpreter\interpreterRuntime.cpp, line 366]
Event: 1.228 Thread 0x0000000001e7f000 Exception <a 'java/lang/ArrayIndexOutOfBoundsException': 145> (0x00000000eb611c68) thrown at [C:\re\workspace\8-2-build-windows-amd64-cygwin\jdk8u60\4407\hotspot\src\share\vm\interpreter\interpreterRuntime.cpp, line 366]
Event: 1.230 Thread 0x0000000001e7f000 Exception <a 'java/lang/ArrayIndexOutOfBoundsException': 40> (0x00000000eb612f50) thrown at [C:\re\workspace\8-2-build-windows-amd64-cygwin\jdk8u60\4407\hotspot\src\share\vm\interpreter\interpreterRuntime.cpp, line 366]

Events (10 events):
Event: 3.752 loading class java/io/DataOutputStream done
Event: 3.844 loading class java/util/Vector$Itr
Event: 3.844 loading class java/util/Vector$Itr done
Event: 3.846 Thread 0x0000000001e7f000 Thread exited: 0x0000000001e7f000
Event: 3.846 Thread 0x0000000001e7f000 Thread added: 0x0000000001e7f000
Event: 3.846 loading class java/lang/Shutdown
Event: 3.847 loading class java/lang/Shutdown done
Event: 3.847 loading class java/lang/Shutdown$Lock
Event: 3.847 loading class java/lang/Shutdown$Lock done
Event: 3.847 Thread 0x0000000001e7f000 Thread exited: 0x0000000001e7f000


Dynamic libraries:
0x000000013f230000 - 0x000000013f267000 	C:\Program Files\Java\jdk1.8.0_60\bin\java.exe
0x0000000077b30000 - 0x0000000077cd9000 	C:\Windows\SYSTEM32\ntdll.dll
0x0000000077a10000 - 0x0000000077b2f000 	C:\Windows\system32\kernel32.dll
0x000007fefdb70000 - 0x000007fefdbdb000 	C:\Windows\system32\KERNELBASE.dll
0x000007fefe360000 - 0x000007fefe43b000 	C:\Windows\system32\ADVAPI32.dll
0x000007feffb20000 - 0x000007feffbbf000 	C:\Windows\system32\msvcrt.dll
0x000007feff990000 - 0x000007feff9af000 	C:\Windows\SYSTEM32\sechost.dll
0x000007fefe8e0000 - 0x000007fefea0d000 	C:\Windows\system32\RPCRT4.dll
0x0000000077910000 - 0x0000000077a0a000 	C:\Windows\system32\USER32.dll
0x000007feffda0000 - 0x000007feffe07000 	C:\Windows\system32\GDI32.dll
0x000007feffb10000 - 0x000007feffb1e000 	C:\Windows\system32\LPK.dll
0x000007fefe810000 - 0x000007fefe8d9000 	C:\Windows\system32\USP10.dll
0x000007fefbc60000 - 0x000007fefbe54000 	C:\Windows\WinSxS\amd64_microsoft.windows.common-controls_6595b64144ccf1df_6.0.7601.17514_none_fa396087175ac9ac\COMCTL32.dll
0x000007fefe790000 - 0x000007fefe801000 	C:\Windows\system32\SHLWAPI.dll
0x000007feffe10000 - 0x000007feffe3e000 	C:\Windows\system32\IMM32.DLL
0x000007feff9b0000 - 0x000007feffab9000 	C:\Windows\system32\MSCTF.dll
0x0000000077f20000 - 0x0000000077ff2000 	C:\Program Files\Java\jdk1.8.0_60\jre\bin\msvcr100.dll
0x0000000050180000 - 0x0000000050a09000 	C:\Program Files\Java\jdk1.8.0_60\jre\bin\server\jvm.dll
0x000007feec510000 - 0x000007feec519000 	C:\Windows\system32\WSOCK32.dll
0x000007feffac0000 - 0x000007feffb0d000 	C:\Windows\system32\WS2_32.dll
0x000007fefe6a0000 - 0x000007fefe6a8000 	C:\Windows\system32\NSI.dll
0x000007fefc580000 - 0x000007fefc5bb000 	C:\Windows\system32\WINMM.dll
0x000007fefcbe0000 - 0x000007fefcbec000 	C:\Windows\system32\VERSION.dll
0x0000000077cf0000 - 0x0000000077cf7000 	C:\Windows\system32\PSAPI.DLL
0x00000000741b0000 - 0x00000000741bf000 	C:\Program Files\Java\jdk1.8.0_60\jre\bin\verify.dll
0x000000005b150000 - 0x000000005b179000 	C:\Program Files\Java\jdk1.8.0_60\jre\bin\java.dll
0x0000000074140000 - 0x0000000074156000 	C:\Program Files\Java\jdk1.8.0_60\jre\bin\zip.dll
0x000007fefeb60000 - 0x000007feff8e8000 	C:\Windows\system32\SHELL32.dll
0x000007fefdf70000 - 0x000007fefe173000 	C:\Windows\system32\ole32.dll
0x000007fefda80000 - 0x000007fefda8f000 	C:\Windows\system32\profapi.dll

VM Arguments:
jvm_args: -Djava.awt.headless=true -Xmx1024M -Dfile.encoding=windows-1252 -Duser.country=US -Duser.language=en -Duser.variant 
java_command: com.android.dx.command.Main --dex --force-jumbo --num-threads=4 --output D:\project\AndroidStudioProjects\HocTabHost\app\build\intermediates\pre-dexed\debug\com.android.support-appcompat-v7-23.4.0_4d9f6a0465365643f77a1f6912d0780dd3fe5d85.jar D:\project\AndroidStudioProjects\HocTabHost\app\build\intermediates\exploded-aar\com.android.support\appcompat-v7\23.4.0\jars\classes.jar
java_class_path (initial): D:\Android\sdk\build-tools\23.0.3\lib\dx.jar
Launcher Type: SUN_STANDARD

Environment Variables:
JAVA_HOME=C:\Program Files\Java\jdk1.8.0_60
PATH=C:\ProgramData\Oracle\Java\javapath;C:\Program Files\Common Files\Microsoft Shared\Windows Live;C:\Program Files (x86)\HP SimplePass\x64;C:\Program Files (x86)\HP SimplePass\;;C:\Windows\system32;C:\Windows;C:\Windows\System32\Wbem;C:\Windows\System32\WindowsPowerShell\v1.0\;C:\Program Files (x86)\Java\jdk1.7.0_09\bin;C:\Strawberry\c\bin;C:\Strawberry\perl\site\bin;C:\Strawberry\perl\bin;C:\Program Files (x86)\Intel\OpenCL SDK\2.0\bin\x86;C:\Program Files (x86)\Intel\OpenCL SDK\2.0\bin\x64;C:\PROGRA~2\PICC;C:\Program Files (x86)\Microchip\xc16\v1.25\bin;C:\Program Files (x86)\Microchip\xc8\v1.35\bin;C:\Program Files\Java\jre1.8.0_65\bin;C:\Program Files\Java\jdk1.8.0_60\jre\bin;D:\Android\sdk\platform-tools;C:\Program Files\Common Files\Microsoft Shared\Windows Live;C:\Program Files\Java\jre1.8.0_65\bin
USERNAME=Nhut
OS=Windows_NT
PROCESSOR_IDENTIFIER=Intel64 Family 6 Model 42 Stepping 7, GenuineIntel



---------------  S Y S T E M  ---------------

OS: Windows 7 , 64 bit Build 7601 (6.1.7601.17514)

CPU:total 8 (4 cores per cpu, 2 threads per core) family 6 model 42 stepping 7, cmov, cx8, fxsr, mmx, sse, sse2, sse3, ssse3, sse4.1, sse4.2, popcnt, avx, aes, clmul, ht, tsc, tscinvbit

Memory: 4k page, physical 6238064k(402316k free), swap 8333368k(103376k free)

vm_info: Java HotSpot(TM) 64-Bit Server VM (25.60-b23) for windows-amd64 JRE (1.8.0_60-b27), built on Aug  4 2015 11:06:27 by "java_re" with MS VC++ 10.0 (VS2010)

time: Fri Jun 03 05:40:23 2016
elapsed time: 3 seconds (0d 0h 0m 3s)

