#
# There is insufficient memory for the Java Runtime Environment to continue.
# Native memory allocation (malloc) failed to allocate 1839216 bytes for Chunk::new
# Possible reasons:
#   The system is out of physical RAM or swap space
#   In 32 bit mode, the process size limit was hit
# Possible solutions:
#   Reduce memory load on the system
#   Increase physical memory or swap space
#   Check if swap backing store is full
#   Use 64 bit Java on a 64 bit OS
#   Decrease Java heap size (-Xmx/-Xms)
#   Decrease number of Java threads
#   Decrease Java thread stack sizes (-Xss)
#   Set larger code cache with -XX:ReservedCodeCacheSize=
# This output file may be truncated or incomplete.
#
#  Out of Memory Error (allocation.cpp:390), pid=13424, tid=13900
#
# JRE version: Java(TM) SE Runtime Environment (8.0_60-b27) (build 1.8.0_60-b27)
# Java VM: Java HotSpot(TM) 64-Bit Server VM (25.60-b23 mixed mode windows-amd64 compressed oops)
# Failed to write core dump. Minidumps are not enabled by default on client versions of Windows
#

---------------  T H R E A D  ---------------

Current thread (0x0000000016850800):  JavaThread "C2 CompilerThread1" daemon [_thread_in_native, id=13900, stack(0x0000000018250000,0x0000000018350000)]

Stack: [0x0000000018250000,0x0000000018350000]
[error occurred during error reporting (printing stack bounds), id 0xc0000005]

Native frames: (J=compiled Java code, j=interpreted, Vv=VM code, C=native code)


Current CompileTask:
C2:   3065  949   !   4       com.android.dx.cf.cst.ConstantPoolParser::parse0 (731 bytes)


---------------  P R O C E S S  ---------------

Java Threads: ( => current thread )
  0x00000000189d6000 JavaThread "pool-1-thread-4" [_thread_blocked, id=14124, stack(0x0000000019340000,0x0000000019440000)]
  0x0000000016b03000 JavaThread "pool-1-thread-3" [_thread_in_Java, id=14120, stack(0x0000000019590000,0x0000000019690000)]
  0x0000000016b00800 JavaThread "pool-1-thread-2" [_thread_in_vm, id=14088, stack(0x0000000019440000,0x0000000019540000)]
  0x00000000189bf800 JavaThread "pool-2-thread-1" [_thread_blocked, id=14076, stack(0x0000000019220000,0x0000000019320000)]
  0x0000000016aaf000 JavaThread "pool-1-thread-1" [_thread_in_Java, id=14068, stack(0x0000000017970000,0x0000000017a70000)]
  0x00000000168e0000 JavaThread "Service Thread" daemon [_thread_blocked, id=14064, stack(0x0000000018640000,0x0000000018740000)]
  0x000000001568e800 JavaThread "C1 CompilerThread3" daemon [_thread_in_native, id=14056, stack(0x0000000018500000,0x0000000018600000)]
  0x000000001568d800 JavaThread "C2 CompilerThread2" daemon [_thread_in_native, id=13956, stack(0x00000000183b0000,0x00000000184b0000)]
=>0x0000000016850800 JavaThread "C2 CompilerThread1" daemon [_thread_in_native, id=13900, stack(0x0000000018250000,0x0000000018350000)]
  0x0000000016847000 JavaThread "C2 CompilerThread0" daemon [_thread_in_native, id=13856, stack(0x00000000180c0000,0x00000000181c0000)]
  0x0000000016845800 JavaThread "Attach Listener" daemon [_thread_blocked, id=13940, stack(0x0000000017f90000,0x0000000018090000)]
  0x0000000016844800 JavaThread "Signal Dispatcher" daemon [_thread_blocked, id=14092, stack(0x0000000017d80000,0x0000000017e80000)]
  0x000000001567f800 JavaThread "Finalizer" daemon [_thread_blocked, id=14028, stack(0x0000000017bb0000,0x0000000017cb0000)]
  0x0000000015678800 JavaThread "Reference Handler" daemon [_thread_blocked, id=14020, stack(0x0000000017a70000,0x0000000017b70000)]
  0x00000000024fe000 JavaThread "main" [_thread_in_vm, id=13960, stack(0x0000000002340000,0x0000000002440000)]

Other Threads:
  0x00000000167f0800 VMThread [stack: 0x0000000017820000,0x0000000017920000] [id=14024]
  0x0000000016897000 WatcherThread [stack: 0x0000000018830000,0x0000000018930000] [id=14044]

VM state:not at safepoint (normal execution)

VM Mutex/Monitor currently owned by a thread:  ([mutex/lock_event])
[0x00000000024fd2a0] MethodCompileQueue_lock - owner thread: 0x0000000000000000

Heap:
 PSYoungGen      total 53248K, used 17070K [0x00000000eab00000, 0x00000000ee300000, 0x0000000100000000)
  eden space 49152K, 26% used [0x00000000eab00000,0x00000000eb7ae5b0,0x00000000edb00000)
  from space 4096K, 99% used [0x00000000edf00000,0x00000000ee2fd438,0x00000000ee300000)
  to   space 4096K, 0% used [0x00000000edb00000,0x00000000edb00000,0x00000000edf00000)
 ParOldGen       total 65536K, used 11033K [0x00000000c0000000, 0x00000000c4000000, 0x00000000eab00000)
  object space 65536K, 16% used [0x00000000c0000000,0x00000000c0ac6480,0x00000000c4000000)
 Metaspace       used 6096K, capacity 7024K, committed 7296K, reserved 1056768K
  class space    used 603K, capacity 616K, committed 640K, reserved 1048576K

Card table byte_map: [0x0000000011e00000,0x0000000012010000] byte_map_base: 0x0000000011800000

Marking Bits: (ParMarkBitMap*) 0x000000005098a5b0
 Begin Bits: [0x0000000012a90000, 0x0000000013a90000)
 End Bits:   [0x0000000013a90000, 0x0000000014a90000)

Polling page: 0x0000000000530000

CodeCache: size=245760Kb used=4944Kb max_used=4944Kb free=240815Kb
 bounds [0x0000000002a40000, 0x0000000002f20000, 0x0000000011a40000]
 total_blobs=1630 nmethods=1359 adapters=182
 compilation: enabled

Compilation events (10 events):
Event: 3.059 Thread 0x000000001568e800 nmethod 1383 0x0000000002f0bbd0 code [0x0000000002f0bda0, 0x0000000002f0c138]
Event: 3.059 Thread 0x000000001568e800 1404       2       com.android.dx.dex.cf.AttributeTranslator::getMethodAnnotations (37 bytes)
Event: 3.061 Thread 0x000000001568e800 nmethod 1404 0x0000000002f0d090 code [0x0000000002f0d2a0, 0x0000000002f0d8d8]
Event: 3.061 Thread 0x000000001568e800 1453       2       com.android.dx.ssa.SsaRenamer::<init> (100 bytes)
Event: 3.062 Thread 0x000000001568e800 nmethod 1453 0x0000000002f0ded0 code [0x0000000002f0e060, 0x0000000002f0e588]
Event: 3.062 Thread 0x000000001568e800 1452       2       com.android.dx.cf.code.ConcreteMethod::getMaxStack (8 bytes)
Event: 3.062 Thread 0x000000001568e800 nmethod 1452 0x0000000002f0e890 code [0x0000000002f0e9e0, 0x0000000002f0eb30]
Event: 3.062 Thread 0x000000001568e800 1455       2       com.android.dx.rop.code.ThrowingInsn::<init> (49 bytes)
Event: 3.062 Thread 0x000000001568e800 nmethod 1455 0x0000000002f0ebd0 code [0x0000000002f0ed60, 0x0000000002f0f088]
Event: 3.062 Thread 0x000000001568e800 1456       2       com.android.dx.rop.code.Rops::pickIf (154 bytes)

GC Heap History (8 events):
Event: 2.336 GC heap before
{Heap before GC invocations=1 (full 0):
 PSYoungGen      total 28672K, used 24576K [0x00000000eab00000, 0x00000000ecb00000, 0x0000000100000000)
  eden space 24576K, 100% used [0x00000000eab00000,0x00000000ec300000,0x00000000ec300000)
  from space 4096K, 0% used [0x00000000ec700000,0x00000000ec700000,0x00000000ecb00000)
  to   space 4096K, 0% used [0x00000000ec300000,0x00000000ec300000,0x00000000ec700000)
 ParOldGen       total 65536K, used 0K [0x00000000c0000000, 0x00000000c4000000, 0x00000000eab00000)
  object space 65536K, 0% used [0x00000000c0000000,0x00000000c0000000,0x00000000c4000000)
 Metaspace       used 5480K, capacity 6448K, committed 6528K, reserved 1056768K
  class space    used 596K, capacity 616K, committed 640K, reserved 1048576K
Event: 2.339 GC heap after
Heap after GC invocations=1 (full 0):
 PSYoungGen      total 28672K, used 3598K [0x00000000eab00000, 0x00000000ecb00000, 0x0000000100000000)
  eden space 24576K, 0% used [0x00000000eab00000,0x00000000eab00000,0x00000000ec300000)
  from space 4096K, 87% used [0x00000000ec300000,0x00000000ec683980,0x00000000ec700000)
  to   space 4096K, 0% used [0x00000000ec700000,0x00000000ec700000,0x00000000ecb00000)
 ParOldGen       total 65536K, used 8K [0x00000000c0000000, 0x00000000c4000000, 0x00000000eab00000)
  object space 65536K, 0% used [0x00000000c0000000,0x00000000c0002000,0x00000000c4000000)
 Metaspace       used 5480K, capacity 6448K, committed 6528K, reserved 1056768K
  class space    used 596K, capacity 616K, committed 640K, reserved 1048576K
}
Event: 2.609 GC heap before
{Heap before GC invocations=2 (full 0):
 PSYoungGen      total 28672K, used 28174K [0x00000000eab00000, 0x00000000ecb00000, 0x0000000100000000)
  eden space 24576K, 100% used [0x00000000eab00000,0x00000000ec300000,0x00000000ec300000)
  from space 4096K, 87% used [0x00000000ec300000,0x00000000ec683980,0x00000000ec700000)
  to   space 4096K, 0% used [0x00000000ec700000,0x00000000ec700000,0x00000000ecb00000)
 ParOldGen       total 65536K, used 8K [0x00000000c0000000, 0x00000000c4000000, 0x00000000eab00000)
  object space 65536K, 0% used [0x00000000c0000000,0x00000000c0002000,0x00000000c4000000)
 Metaspace       used 5992K, capacity 6896K, committed 7040K, reserved 1056768K
  class space    used 602K, capacity 616K, committed 640K, reserved 1048576K
Event: 2.617 GC heap after
Heap after GC invocations=2 (full 0):
 PSYoungGen      total 28672K, used 4065K [0x00000000eab00000, 0x00000000ee300000, 0x0000000100000000)
  eden space 24576K, 0% used [0x00000000eab00000,0x00000000eab00000,0x00000000ec300000)
  from space 4096K, 99% used [0x00000000ec700000,0x00000000ecaf84c8,0x00000000ecb00000)
  to   space 4096K, 0% used [0x00000000ec300000,0x00000000ec300000,0x00000000ec700000)
 ParOldGen       total 65536K, used 2305K [0x00000000c0000000, 0x00000000c4000000, 0x00000000eab00000)
  object space 65536K, 3% used [0x00000000c0000000,0x00000000c02407c8,0x00000000c4000000)
 Metaspace       used 5992K, capacity 6896K, committed 7040K, reserved 1056768K
  class space    used 602K, capacity 616K, committed 640K, reserved 1048576K
}
Event: 2.770 GC heap before
{Heap before GC invocations=3 (full 0):
 PSYoungGen      total 28672K, used 28641K [0x00000000eab00000, 0x00000000ee300000, 0x0000000100000000)
  eden space 24576K, 100% used [0x00000000eab00000,0x00000000ec300000,0x00000000ec300000)
  from space 4096K, 99% used [0x00000000ec700000,0x00000000ecaf84c8,0x00000000ecb00000)
  to   space 4096K, 0% used [0x00000000ec300000,0x00000000ec300000,0x00000000ec700000)
 ParOldGen       total 65536K, used 2305K [0x00000000c0000000, 0x00000000c4000000, 0x00000000eab00000)
  object space 65536K, 3% used [0x00000000c0000000,0x00000000c02407c8,0x00000000c4000000)
 Metaspace       used 6059K, capacity 6960K, committed 7040K, reserved 1056768K
  class space    used 603K, capacity 616K, committed 640K, reserved 1048576K
Event: 2.796 GC heap after
Heap after GC invocations=3 (full 0):
 PSYoungGen      total 28672K, used 4085K [0x00000000eab00000, 0x00000000ee300000, 0x0000000100000000)
  eden space 24576K, 0% used [0x00000000eab00000,0x00000000eab00000,0x00000000ec300000)
  from space 4096K, 99% used [0x00000000ec300000,0x00000000ec6fd438,0x00000000ec700000)
  to   space 4096K, 0% used [0x00000000edf00000,0x00000000edf00000,0x00000000ee300000)
 ParOldGen       total 65536K, used 6229K [0x00000000c0000000, 0x00000000c4000000, 0x00000000eab00000)
  object space 65536K, 9% used [0x00000000c0000000,0x00000000c06157d8,0x00000000c4000000)
 Metaspace       used 6059K, capacity 6960K, committed 7040K, reserved 1056768K
  class space    used 603K, capacity 616K, committed 640K, reserved 1048576K
}
Event: 2.901 GC heap before
{Heap before GC invocations=4 (full 0):
 PSYoungGen      total 28672K, used 28661K [0x00000000eab00000, 0x00000000ee300000, 0x0000000100000000)
  eden space 24576K, 100% used [0x00000000eab00000,0x00000000ec300000,0x00000000ec300000)
  from space 4096K, 99% used [0x00000000ec300000,0x00000000ec6fd438,0x00000000ec700000)
  to   space 4096K, 0% used [0x00000000edf00000,0x00000000edf00000,0x00000000ee300000)
 ParOldGen       total 65536K, used 6229K [0x00000000c0000000, 0x00000000c4000000, 0x00000000eab00000)
  object space 65536K, 9% used [0x00000000c0000000,0x00000000c06157d8,0x00000000c4000000)
 Metaspace       used 6071K, capacity 6960K, committed 7040K, reserved 1056768K
  class space    used 603K, capacity 616K, committed 640K, reserved 1048576K
Event: 2.984 GC heap after
Heap after GC invocations=4 (full 0):
 PSYoungGen      total 53248K, used 4085K [0x00000000eab00000, 0x00000000ee300000, 0x0000000100000000)
  eden space 49152K, 0% used [0x00000000eab00000,0x00000000eab00000,0x00000000edb00000)
  from space 4096K, 99% used [0x00000000edf00000,0x00000000ee2fd438,0x00000000ee300000)
  to   space 4096K, 0% used [0x00000000edb00000,0x00000000edb00000,0x00000000edf00000)
 ParOldGen       total 65536K, used 11033K [0x00000000c0000000, 0x00000000c4000000, 0x00000000eab00000)
  object space 65536K, 16% used [0x00000000c0000000,0x00000000c0ac6480,0x00000000c4000000)
 Metaspace       used 6071K, capacity 6960K, committed 7040K, reserved 1056768K
  class space    used 603K, capacity 616K, committed 640K, reserved 1048576K
}

Deoptimization events (10 events):
Event: 2.828 Thread 0x00000000189d6000 Uncommon trap: reason=null_check action=make_not_entrant pc=0x0000000002ce0e7c method=com.android.dx.ssa.SsaRenamer.getLocalForNewReg(I)Lcom/android/dx/rop/code/LocalItem; @ 19
Event: 2.887 Thread 0x0000000016b03000 Uncommon trap: reason=unstable_if action=reinterpret pc=0x0000000002d782ac method=com.android.dx.util.IntList.binarysearch(I)I @ 105
Event: 2.899 Thread 0x0000000016aaf000 Uncommon trap: reason=bimorphic action=maybe_recompile pc=0x0000000002d55354 method=java.util.HashMap.getNode(ILjava/lang/Object;)Ljava/util/HashMap$Node; @ 126
Event: 2.899 Thread 0x0000000016aaf000 Uncommon trap: reason=class_check action=maybe_recompile pc=0x0000000002e0c3b8 method=java.util.HashMap.putVal(ILjava/lang/Object;Ljava/lang/Object;ZZ)Ljava/lang/Object; @ 203
Event: 2.899 Thread 0x0000000016aaf000 Uncommon trap: reason=bimorphic action=maybe_recompile pc=0x0000000002d55354 method=java.util.HashMap.getNode(ILjava/lang/Object;)Ljava/util/HashMap$Node; @ 126
Event: 2.899 Thread 0x0000000016aaf000 Uncommon trap: reason=class_check action=maybe_recompile pc=0x0000000002e0c3b8 method=java.util.HashMap.putVal(ILjava/lang/Object;Ljava/lang/Object;ZZ)Ljava/lang/Object; @ 203
Event: 2.900 Thread 0x0000000016aaf000 Uncommon trap: reason=bimorphic action=maybe_recompile pc=0x0000000002d55354 method=java.util.HashMap.getNode(ILjava/lang/Object;)Ljava/util/HashMap$Node; @ 126
Event: 2.900 Thread 0x0000000016aaf000 Uncommon trap: reason=bimorphic action=maybe_recompile pc=0x0000000002d55354 method=java.util.HashMap.getNode(ILjava/lang/Object;)Ljava/util/HashMap$Node; @ 126
Event: 2.900 Thread 0x0000000016aaf000 Uncommon trap: reason=class_check action=maybe_recompile pc=0x0000000002e0c3b8 method=java.util.HashMap.putVal(ILjava/lang/Object;Ljava/lang/Object;ZZ)Ljava/lang/Object; @ 203
Event: 2.900 Thread 0x0000000016aaf000 Uncommon trap: reason=bimorphic action=maybe_recompile pc=0x0000000002c838b8 method=java.util.HashMap.getNode(ILjava/lang/Object;)Ljava/util/HashMap$Node; @ 126

Internal exceptions (3 events):
Event: 0.253 Thread 0x00000000024fe000 Exception <a 'java/lang/NoSuchMethodError': Method sun.misc.Unsafe.defineClass(Ljava/lang/String;[BII)Ljava/lang/Class; name or signature does not match> (0x00000000eab0d768) thrown at [C:\re\workspace\8-2-build-windows-amd64-cygwin\jdk8u60\4407\hotspot\sreàäª[*Ð?
Event: 0.253 Thread 0x00000000024fe000 Exception <a 'java/lang/NoSuchMethodError': Method sun.misc.Unsafe.prefetchRead(Ljava/lang/Object;J)V name or signature does not match> (0x00000000eab0da50) thrown at [C:\re\workspace\8-2-build-windows-amd64-cygwin\jdk8u60\4407\hotspot\src\share\vm\prims\j:Ï¼»TŸ@
Event: 2.828 Thread 0x00000000189d6000 Implicit null exception at 0x0000000002cdf827 to 0x0000000002ce0e35

Events (10 events):
Event: 2.992 Thread 0x00000000024fe000 DEOPT PACKING pc=0x0000000002e5d168 sp=0x000000000243e2e0
Event: 2.992 Thread 0x00000000024fe000 DEOPT UNPACKING pc=0x0000000002a8787f sp=0x000000000243e128 mode 0
Event: 3.002 Thread 0x0000000016aaf000 DEOPT PACKING pc=0x0000000002e78431 sp=0x0000000017a6e830
Event: 3.002 Thread 0x0000000016aaf000 DEOPT UNPACKING pc=0x0000000002a8787f sp=0x0000000017a6e670 mode 0
Event: 3.012 Thread 0x0000000016aaf000 DEOPT PACKING pc=0x0000000002cd17ea sp=0x0000000017a6dfa0
Event: 3.012 Thread 0x0000000016aaf000 DEOPT UNPACKING pc=0x0000000002a8787f sp=0x0000000017a6dcc0 mode 0
Event: 3.044 Thread 0x00000000024fe000 DEOPT PACKING pc=0x0000000002e4d784 sp=0x000000000243e450
Event: 3.044 Thread 0x00000000024fe000 DEOPT UNPACKING pc=0x0000000002a8787f sp=0x000000000243e130 mode 0
Event: 3.058 Thread 0x0000000016b03000 DEOPT PACKING pc=0x0000000002d760ca sp=0x000000001968e8b0
Event: 3.058 Thread 0x0000000016b03000 DEOPT UNPACKING pc=0x0000000002a8787f sp=0x000000001968e6a0 mode 0


Dynamic libraries:
0x000000013f230000 - 0x000000013f267000 	C:\Program Files\Java\jdk1.8.0_60\bin\java.exe
0x0000000077b30000 - 0x0000000077cd9000 	C:\Windows\SYSTEM32\ntdll.dll
0x0000000077a10000 - 0x0000000077b2f000 	C:\Windows\system32\kernel32.dll
0x000007fefdb70000 - 0x000007fefdbdb000 	C:\Windows\system32\KERNELBASE.dll
0x000007fefe360000 - 0x000007fefe43b000 	C:\Windows\system32\ADVAPI32.dll
0x000007feffb20000 - 0x000007feffbbf000 	C:\Windows\system32\msvcrt.dll
0x000007feff990000 - 0x000007feff9af000 	C:\Windows\SYSTEM32\sechost.dll
0x000007fefe8e0000 - 0x000007fefea0d000 	C:\Windows\system32\RPCRT4.dll
0x0000000077910000 - 0x0000000077a0a000 	C:\Windows\system32\USER32.dll
0x000007feffda0000 - 0x000007feffe07000 	C:\Windows\system32\GDI32.dll
0x000007feffb10000 - 0x000007feffb1e000 	C:\Windows\system32\LPK.dll
0x000007fefe810000 - 0x000007fefe8d9000 	C:\Windows\system32\USP10.dll
0x000007fefbc60000 - 0x000007fefbe54000 	C:\Windows\WinSxS\amd64_microsoft.windows.common-controls_6595b64144ccf1df_6.0.7601.17514_none_fa396087175ac9ac\COMCTL32.dll
0x000007fefe790000 - 0x000007fefe801000 	C:\Windows\system32\SHLWAPI.dll
0x000007feffe10000 - 0x000007feffe3e000 	C:\Windows\system32\IMM32.DLL
0x000007feff9b0000 - 0x000007feffab9000 	C:\Windows\system32\MSCTF.dll
0x0000000077f20000 - 0x0000000077ff2000 	C:\Program Files\Java\jdk1.8.0_60\jre\bin\msvcr100.dll
0x0000000050180000 - 0x0000000050a09000 	C:\Program Files\Java\jdk1.8.0_60\jre\bin\server\jvm.dll
0x000007feec510000 - 0x000007feec519000 	C:\Windows\system32\WSOCK32.dll
0x000007feffac0000 - 0x000007feffb0d000 	C:\Windows\system32\WS2_32.dll
0x000007fefe6a0000 - 0x000007fefe6a8000 	C:\Windows\system32\NSI.dll
0x000007fefc580000 - 0x000007fefc5bb000 	C:\Windows\system32\WINMM.dll
0x000007fefcbe0000 - 0x000007fefcbec000 	C:\Windows\system32\VERSION.dll
0x0000000077cf0000 - 0x0000000077cf7000 	C:\Windows\system32\PSAPI.DLL
0x00000000741b0000 - 0x00000000741bf000 	C:\Program Files\Java\jdk1.8.0_60\jre\bin\verify.dll
0x000000005b150000 - 0x000000005b179000 	C:\Program Files\Java\jdk1.8.0_60\jre\bin\java.dll
0x0000000074140000 - 0x0000000074156000 	C:\Program Files\Java\jdk1.8.0_60\jre\bin\zip.dll
0x000007fefeb60000 - 0x000007feff8e8000 	C:\Windows\system32\SHELL32.dll
0x000007fefdf70000 - 0x000007fefe173000 	C:\Windows\system32\ole32.dll
0x000007fefda80000 - 0x000007fefda8f000 	C:\Windows\system32\profapi.dll

VM Arguments:
jvm_args: -Djava.awt.headless=true -Xmx1024M -Dfile.encoding=windows-1252 -Duser.country=US -Duser.language=en -Duser.variant 
java_command: com.android.dx.command.Main --dex --force-jumbo --num-threads=4 --output D:\project\AndroidStudioProjects\HocTabHost\app\build\intermediates\pre-dexed\debug\com.android.support-support-v4-23.4.0_db967a87402fe336eb5a3d203fce3f23d96c55da.jar D:\project\AndroidStudioProjects\HocTabHost\app\build\intermediates\exploded-aar\com.android.support\support-v4\23.4.0\jars\classes.jar
java_class_path (initial): D:\Android\sdk\build-tools\23.0.3\lib\dx.jar
Launcher Type: SUN_STANDARD

Environment Variables:
JAVA_HOME=C:\Program Files\Java\jdk1.8.0_60
PATH=C:\ProgramData\Oracle\Java\javapath;C:\Program Files\Common Files\Microsoft Shared\Windows Live;C:\Program Files (x86)\HP SimplePass\x64;C:\Program Files (x86)\HP SimplePass\;;C:\Windows\system32;C:\Windows;C:\Windows\System32\Wbem;C:\Windows\System32\WindowsPowerShell\v1.0\;C:\Program Files (x86)\Java\jdk1.7.0_09\bin;C:\Strawberry\c\bin;C:\Strawberry\perl\site\bin;C:\Strawberry\perl\bin;C:\Program Files (x86)\Intel\OpenCL SDK\2.0\bin\x86;C:\Program Files (x86)\Intel\OpenCL SDK\2.0\bin\x64;C:\PROGRA~2\PICC;C:\Program Files (x86)\Microchip\xc16\v1.25\bin;C:\Program Files (x86)\Microchip\xc8\v1.35\bin;C:\Program Files\Java\jre1.8.0_65\bin;C:\Program Files\Java\jdk1.8.0_60\jre\bin;D:\Android\sdk\platform-tools;C:\Program Files\Common Files\Microsoft Shared\Windows Live;C:\Program Files\Java\jre1.8.0_65\bin
USERNAME=Nhut
OS=Windows_NT
PROCESSOR_IDENTIFIER=Intel64 Family 6 Model 42 Stepping 7, GenuineIntel



---------------  S Y S T E M  ---------------

OS: Windows 7 , 64 bit Build 7601 (6.1.7601.17514)

CPU:total 8 (4 cores per cpu, 2 threads per core) family 6 model 42 stepping 7, cmov, cx8, fxsr, mmx, sse, sse2, sse3, ssse3, sse4.1, sse4.2, popcnt, avx, aes, clmul, ht, tsc, tscinvbit

Memory: 4k page, physical 6238064k(312108k free), swap 8333368k(6416k free)

vm_info: Java HotSpot(TM) 64-Bit Server VM (25.60-b23) for windows-amd64 JRE (1.8.0_60-b27), built on Aug  4 2015 11:06:27 by "java_re" with MS VC++ 10.0 (VS2010)

time: Fri Jun 03 05:40:33 2016
elapsed time: 3 seconds (0d 0h 0m 3s)

