JvmtiExport can_access_local_variables 0
JvmtiExport can_hotswap_or_post_breakpoint 0
JvmtiExport can_post_on_exceptions 0
# 302 ciObject found
ciMethod java/lang/Object <init> ()V 4097 1 2409966 0 0
ciMethod java/lang/StringBuilder <init> ()V 513 1 25417 0 -1
ciMethod java/lang/StringBuilder append (Ljava/lang/String;)Ljava/lang/StringBuilder; 873 1 59866 0 -1
ciMethod java/lang/StringBuilder append (I)Ljava/lang/StringBuilder; 0 0 18 0 -1
ciMethod java/lang/StringBuilder toString ()Ljava/lang/String; 513 1 25772 0 -1
ciMethod java/lang/Long numberOfTrailingZeros (J)I 2073 1 38692 0 -1
ciMethod java/util/Collection iterator ()Ljava/util/Iterator; 0 0 1 0 -1
ciMethod java/util/List iterator ()Ljava/util/Iterator; 0 0 1 0 -1
ciMethod java/util/List set (ILjava/lang/Object;)Ljava/lang/Object; 0 0 1 0 -1
ciMethod java/util/List lastIndexOf (Ljava/lang/Object;)I 0 0 1 0 -1
ciMethod java/util/AbstractList <init> ()V 1953 1 413428 0 48
ciMethod java/util/AbstractCollection <init> ()V 281 1 506372 0 0
ciMethod java/util/Collections unmodifiableList (Ljava/util/List;)Ljava/util/List; 4097 1 13119 0 0
ciMethod java/util/Iterator hasNext ()Z 0 0 1 0 -1
ciMethod java/util/Iterator next ()Ljava/lang/Object; 0 0 1 0 -1
ciMethod java/util/ArrayList <init> ()V 1249 1 235229 0 80
ciMethod java/util/ArrayList size ()I 1089 1 136 0 0
ciMethod java/util/ArrayList elementData (I)Ljava/lang/Object; 2081 1 3050316 0 -1
ciMethod java/util/ArrayList get (I)Ljava/lang/Object; 2081 1 2985182 0 144
ciMethod java/util/ArrayList rangeCheck (I)V 2081 1 3039127 0 -1
ciMethod java/util/ArrayList iterator ()Ljava/util/Iterator; 2577 1 327632 0 176
ciMethod java/util/ArrayList access$100 (Ljava/util/ArrayList;)I 2361 1 295 0 0
ciMethod java/util/Collections$UnmodifiableRandomAccessList <init> (Ljava/util/List;)V 4097 1 13119 0 0
ciMethod java/util/Collections$UnmodifiableList <init> (Ljava/util/List;)V 4097 1 13120 0 0
ciMethod java/util/Collections$UnmodifiableCollection <init> (Ljava/util/Collection;)V 4097 1 13771 0 0
ciMethod java/util/Collections$UnmodifiableCollection iterator ()Ljava/util/Iterator; 4097 1 14668 0 592
ciMethodData java/lang/Object <init> ()V 2 2409966 orig 264 216 160 117 80 0 0 0 0 128 4 210 20 0 0 0 0 32 1 0 0 0 0 0 0 0 0 0 0 0 0 0 0 0 0 0 0 0 0 0 0 0 0 0 0 0 0 0 0 0 0 0 0 0 0 0 0 0 0 0 0 0 0 0 0 0 0 0 0 0 0 0 0 0 0 0 0 0 0 0 0 77 68 79 32 101 120 116 114 97 32 100 97 116 97 32 108 111 99 107 0 0 0 0 0 0 0 0 0 0 0 0 0 0 0 0 0 0 0 0 0 0 0 0 0 0 0 0 0 0 0 0 0 0 0 0 0 0 0 0 0 0 0 0 0 0 0 0 0 0 0 0 0 0 0 0 0 0 0 0 0 0 0 0 0 0 0 0 0 0 0 0 0 0 0 0 0 0 0 0 0 0 0 0 0 1 0 0 0 0 0 0 0 1 0 0 0 0 0 0 0 1 0 0 0 0 0 0 0 0 0 0 0 0 0 0 0 0 2 0 0 113 31 38 1 1 0 0 0 0 0 0 0 0 0 0 0 2 0 0 0 0 0 3 0 1 0 0 0 0 0 0 0 255 255 255 255 0 0 0 0 0 0 0 0 data 0 oops 0
ciMethod java/util/BitSet wordIndex (I)I 2073 1 138701 0 -1
ciMethod java/util/BitSet checkInvariants ()V 2129 1 5613 0 -1
ciMethod java/util/BitSet nextSetBit (I)I 4097 1 7823 0 272
ciMethod java/util/TreeMap getFirstEntry ()Ljava/util/TreeMap$Entry; 8265 61273 2317 0 0
ciMethod java/util/TreeMap successor (Ljava/util/TreeMap$Entry;)Ljava/util/TreeMap$Entry; 4097 969 95893 0 0
ciMethod java/util/TreeMap access$100 (Ljava/util/TreeMap;)I 1185 1 148 0 0
ciMethodData java/util/ArrayList get (I)Ljava/lang/Object; 2 2985182 orig 264 216 160 117 80 0 0 0 0 160 68 225 20 0 0 0 0 144 1 0 0 0 0 0 0 0 0 0 0 0 0 0 0 0 0 0 0 0 0 0 0 0 0 0 0 0 0 0 0 0 0 0 0 0 0 0 0 0 0 0 0 0 0 0 0 0 0 0 0 0 0 0 0 0 0 0 0 0 0 0 0 77 68 79 32 101 120 116 114 97 32 100 97 116 97 32 108 111 99 107 0 0 0 0 0 0 0 0 0 0 0 0 0 0 0 0 0 0 0 0 0 0 0 0 0 0 0 0 0 0 0 0 0 0 0 0 0 0 0 0 0 0 0 0 0 0 0 0 0 0 0 0 0 0 0 0 0 0 0 0 0 0 0 0 0 0 0 0 0 0 0 0 0 0 0 0 0 0 0 0 0 0 0 0 0 0 0 0 0 0 0 0 0 0 0 0 0 0 0 0 0 0 0 0 0 0 0 0 0 0 0 0 0 0 0 0 0 4 1 0 0 209 94 108 1 1 0 0 0 0 0 0 0 0 0 0 0 2 0 0 0 0 0 6 0 2 0 0 0 64 0 0 0 255 255 255 255 2 0 2 0 0 0 0 0 data 8 0x20002 0x2d8ceb 0x70005 0x0 0x19e551b0 0x2da552 0x0 0x0 oops 1