#
# There is insufficient memory for the Java Runtime Environment to continue.
# Native memory allocation (malloc) failed to allocate 336336 bytes for Chunk::new
# Possible reasons:
#   The system is out of physical RAM or swap space
#   In 32 bit mode, the process size limit was hit
# Possible solutions:
#   Reduce memory load on the system
#   Increase physical memory or swap space
#   Check if swap backing store is full
#   Use 64 bit Java on a 64 bit OS
#   Decrease Java heap size (-Xmx/-Xms)
#   Decrease number of Java threads
#   Decrease Java thread stack sizes (-Xss)
#   Set larger code cache with -XX:ReservedCodeCacheSize=
# This output file may be truncated or incomplete.
#
#  Out of Memory Error (allocation.cpp:390), pid=14052, tid=13888
#
# JRE version: Java(TM) SE Runtime Environment (8.0_60-b27) (build 1.8.0_60-b27)
# Java VM: Java HotSpot(TM) 64-Bit Server VM (25.60-b23 mixed mode windows-amd64 compressed oops)
# Failed to write core dump. Minidumps are not enabled by default on client versions of Windows
#

---------------  T H R E A D  ---------------

Current thread (0x00000000167da000):  JavaThread "C2 CompilerThread2" daemon [_thread_in_native, id=13888, stack(0x0000000018350000,0x0000000018450000)]

Stack: [0x0000000018350000,0x0000000018450000]
[error occurred during error reporting (printing stack bounds), id 0xc0000005]

Native frames: (J=compiled Java code, j=interpreted, Vv=VM code, C=native code)


Current CompileTask:
C2:   7390 2414 %     4       com.android.dx.dex.code.OutputFinisher::getAllConstants @ 18 (47 bytes)


---------------  P R O C E S S  ---------------

Java Threads: ( => current thread )
  0x000000001687b000 JavaThread "Service Thread" daemon [_thread_blocked, id=13828, stack(0x00000000185f0000,0x00000000186f0000)]
  0x00000000167f9000 JavaThread "C1 CompilerThread3" daemon [_thread_blocked, id=10356, stack(0x0000000018080000,0x0000000018180000)]
=>0x00000000167da000 JavaThread "C2 CompilerThread2" daemon [_thread_in_native, id=13888, stack(0x0000000018350000,0x0000000018450000)]
  0x00000000167d9000 JavaThread "C2 CompilerThread1" daemon [_thread_in_native, id=11736, stack(0x0000000018190000,0x0000000018290000)]
  0x00000000167d1000 JavaThread "C2 CompilerThread0" daemon [_thread_in_native, id=12152, stack(0x0000000017de0000,0x0000000017ee0000)]
  0x00000000167d0000 JavaThread "Attach Listener" daemon [_thread_blocked, id=10436, stack(0x0000000017f60000,0x0000000018060000)]
  0x00000000167e0800 JavaThread "Signal Dispatcher" daemon [_thread_blocked, id=12052, stack(0x0000000017cc0000,0x0000000017dc0000)]
  0x000000001571e800 JavaThread "Finalizer" daemon [_thread_blocked, id=12352, stack(0x0000000017ae0000,0x0000000017be0000)]
  0x0000000015717000 JavaThread "Reference Handler" daemon [_thread_blocked, id=10520, stack(0x0000000017760000,0x0000000017860000)]
  0x0000000001e7e000 JavaThread "main" [_thread_in_Java, id=12552, stack(0x00000000023c0000,0x00000000024c0000)]

Other Threads:
  0x0000000016782800 VMThread [stack: 0x00000000178a0000,0x00000000179a0000] [id=5388]
  0x000000001689b800 WatcherThread [stack: 0x00000000187b0000,0x00000000188b0000] [id=628]

VM state:not at safepoint (normal execution)

VM Mutex/Monitor currently owned by a thread: None

Heap:
 PSYoungGen      total 113152K, used 52527K [0x00000000eab00000, 0x00000000f2800000, 0x0000000100000000)
  eden space 98304K, 42% used [0x00000000eab00000,0x00000000ed35f390,0x00000000f0b00000)
  from space 14848K, 75% used [0x00000000f1980000,0x00000000f246c8e0,0x00000000f2800000)
  to   space 14848K, 0% used [0x00000000f0b00000,0x00000000f0b00000,0x00000000f1980000)
 ParOldGen       total 65536K, used 34921K [0x00000000c0000000, 0x00000000c4000000, 0x00000000eab00000)
  object space 65536K, 53% used [0x00000000c0000000,0x00000000c221a780,0x00000000c4000000)
 Metaspace       used 6766K, capacity 7480K, committed 7680K, reserved 1056768K
  class space    used 643K, capacity 688K, committed 768K, reserved 1048576K

Card table byte_map: [0x0000000011c00000,0x0000000011e10000] byte_map_base: 0x0000000011600000

Marking Bits: (ParMarkBitMap*) 0x000000005266a5b0
 Begin Bits: [0x0000000012b30000, 0x0000000013b30000)
 End Bits:   [0x0000000013b30000, 0x0000000014b30000)

Polling page: 0x0000000001b60000

CodeCache: size=245760Kb used=10193Kb max_used=10204Kb free=235566Kb
 bounds [0x0000000002840000, 0x0000000003240000, 0x0000000011840000]
 total_blobs=2702 nmethods=2432 adapters=182
 compilation: enabled

Compilation events (10 events):
Event: 7.364 Thread 0x00000000167f9000 2709       3       com.android.dx.dex.code.CatchHandlerList::get (9 bytes)
Event: 7.364 Thread 0x00000000167f9000 nmethod 2709 0x0000000003221a90 code [0x0000000003221c00, 0x0000000003221ee8]
Event: 7.370 Thread 0x00000000167d1000 nmethod 2697 0x000000000323aa10 code [0x000000000323abe0, 0x000000000323b460]
Event: 7.370 Thread 0x00000000167d1000 2696       4       com.android.dx.dex.code.OutputFinisher::assignAddresses (51 bytes)
Event: 7.371 Thread 0x00000000167f9000 2710       1       com.android.dx.dex.code.form.Form20t::codeSize (2 bytes)
Event: 7.371 Thread 0x00000000167f9000 nmethod 2710 0x00000000032217d0 code [0x0000000003221920, 0x0000000003221a30]
Event: 7.374 Thread 0x00000000167f9000 2711       3       java.util.TreeMap::put (247 bytes)
Event: 7.374 Thread 0x00000000167d1000 nmethod 2696 0x0000000003221150 code [0x00000000032212a0, 0x0000000003221478]
Event: 7.374 Thread 0x00000000167d1000 2708 %     4       com.android.dx.dex.code.PositionList::make @ 191 (224 bytes)
Event: 7.375 Thread 0x00000000167f9000 nmethod 2711 0x0000000003238ed0 code [0x0000000003239140, 0x000000000323a2f8]

GC Heap History (10 events):
Event: 1.800 GC heap before
{Heap before GC invocations=4 (full 0):
 PSYoungGen      total 28672K, used 28646K [0x00000000eab00000, 0x00000000ee300000, 0x0000000100000000)
  eden space 24576K, 100% used [0x00000000eab00000,0x00000000ec300000,0x00000000ec300000)
  from space 4096K, 99% used [0x00000000ec300000,0x00000000ec6f9a38,0x00000000ec700000)
  to   space 4096K, 0% used [0x00000000edf00000,0x00000000edf00000,0x00000000ee300000)
 ParOldGen       total 65536K, used 7634K [0x00000000c0000000, 0x00000000c4000000, 0x00000000eab00000)
  object space 65536K, 11% used [0x00000000c0000000,0x00000000c0774978,0x00000000c4000000)
 Metaspace       used 6205K, capacity 7088K, committed 7296K, reserved 1056768K
  class space    used 603K, capacity 616K, committed 640K, reserved 1048576K
Event: 1.857 GC heap after
Heap after GC invocations=4 (full 0):
 PSYoungGen      total 53248K, used 4088K [0x00000000eab00000, 0x00000000ee300000, 0x0000000100000000)
  eden space 49152K, 0% used [0x00000000eab00000,0x00000000eab00000,0x00000000edb00000)
  from space 4096K, 99% used [0x00000000edf00000,0x00000000ee2fe378,0x00000000ee300000)
  to   space 4096K, 0% used [0x00000000edb00000,0x00000000edb00000,0x00000000edf00000)
 ParOldGen       total 65536K, used 11481K [0x00000000c0000000, 0x00000000c4000000, 0x00000000eab00000)
  object space 65536K, 17% used [0x00000000c0000000,0x00000000c0b36590,0x00000000c4000000)
 Metaspace       used 6205K, capacity 7088K, committed 7296K, reserved 1056768K
  class space    used 603K, capacity 616K, committed 640K, reserved 1048576K
}
Event: 2.627 GC heap before
{Heap before GC invocations=5 (full 0):
 PSYoungGen      total 53248K, used 53240K [0x00000000eab00000, 0x00000000ee300000, 0x0000000100000000)
  eden space 49152K, 100% used [0x00000000eab00000,0x00000000edb00000,0x00000000edb00000)
  from space 4096K, 99% used [0x00000000edf00000,0x00000000ee2fe378,0x00000000ee300000)
  to   space 4096K, 0% used [0x00000000edb00000,0x00000000edb00000,0x00000000edf00000)
 ParOldGen       total 65536K, used 11481K [0x00000000c0000000, 0x00000000c4000000, 0x00000000eab00000)
  object space 65536K, 17% used [0x00000000c0000000,0x00000000c0b36590,0x00000000c4000000)
 Metaspace       used 6278K, capacity 7152K, committed 7296K, reserved 1056768K
  class space    used 604K, capacity 616K, committed 640K, reserved 1048576K
Event: 2.690 GC heap after
Heap after GC invocations=5 (full 0):
 PSYoungGen      total 53248K, used 4069K [0x00000000eab00000, 0x00000000ee300000, 0x0000000100000000)
  eden space 49152K, 0% used [0x00000000eab00000,0x00000000eab00000,0x00000000edb00000)
  from space 4096K, 99% used [0x00000000edb00000,0x00000000edef9458,0x00000000edf00000)
  to   space 4096K, 0% used [0x00000000edf00000,0x00000000edf00000,0x00000000ee300000)
 ParOldGen       total 65536K, used 19051K [0x00000000c0000000, 0x00000000c4000000, 0x00000000eab00000)
  object space 65536K, 29% used [0x00000000c0000000,0x00000000c129af98,0x00000000c4000000)
 Metaspace       used 6278K, capacity 7152K, committed 7296K, reserved 1056768K
  class space    used 604K, capacity 616K, committed 640K, reserved 1048576K
}
Event: 5.747 GC heap before
{Heap before GC invocations=6 (full 0):
 PSYoungGen      total 53248K, used 53221K [0x00000000eab00000, 0x00000000ee300000, 0x0000000100000000)
  eden space 49152K, 100% used [0x00000000eab00000,0x00000000edb00000,0x00000000edb00000)
  from space 4096K, 99% used [0x00000000edb00000,0x00000000edef9458,0x00000000edf00000)
  to   space 4096K, 0% used [0x00000000edf00000,0x00000000edf00000,0x00000000ee300000)
 ParOldGen       total 65536K, used 19051K [0x00000000c0000000, 0x00000000c4000000, 0x00000000eab00000)
  object space 65536K, 29% used [0x00000000c0000000,0x00000000c129af98,0x00000000c4000000)
 Metaspace       used 6398K, capacity 7192K, committed 7424K, reserved 1056768K
  class space    used 625K, capacity 656K, committed 768K, reserved 1048576K
Event: 5.904 GC heap after
Heap after GC invocations=6 (full 0):
 PSYoungGen      total 53248K, used 4093K [0x00000000eab00000, 0x00000000ee300000, 0x0000000100000000)
  eden space 49152K, 0% used [0x00000000eab00000,0x00000000eab00000,0x00000000edb00000)
  from space 4096K, 99% used [0x00000000edf00000,0x00000000ee2ff480,0x00000000ee300000)
  to   space 4096K, 0% used [0x00000000edb00000,0x00000000edb00000,0x00000000edf00000)
 ParOldGen       total 65536K, used 25807K [0x00000000c0000000, 0x00000000c4000000, 0x00000000eab00000)
  object space 65536K, 39% used [0x00000000c0000000,0x00000000c1933c90,0x00000000c4000000)
 Metaspace       used 6398K, capacity 7192K, committed 7424K, reserved 1056768K
  class space    used 625K, capacity 656K, committed 768K, reserved 1048576K
}
Event: 6.146 GC heap before
{Heap before GC invocations=7 (full 0):
 PSYoungGen      total 53248K, used 53245K [0x00000000eab00000, 0x00000000ee300000, 0x0000000100000000)
  eden space 49152K, 100% used [0x00000000eab00000,0x00000000edb00000,0x00000000edb00000)
  from space 4096K, 99% used [0x00000000edf00000,0x00000000ee2ff480,0x00000000ee300000)
  to   space 4096K, 0% used [0x00000000edb00000,0x00000000edb00000,0x00000000edf00000)
 ParOldGen       total 65536K, used 25807K [0x00000000c0000000, 0x00000000c4000000, 0x00000000eab00000)
  object space 65536K, 39% used [0x00000000c0000000,0x00000000c1933c90,0x00000000c4000000)
 Metaspace       used 6423K, capacity 7192K, committed 7424K, reserved 1056768K
  class space    used 625K, capacity 656K, committed 768K, reserved 1048576K
Event: 6.180 GC heap after
Heap after GC invocations=7 (full 0):
 PSYoungGen      total 53248K, used 4077K [0x00000000eab00000, 0x00000000f2800000, 0x0000000100000000)
  eden space 49152K, 0% used [0x00000000eab00000,0x00000000eab00000,0x00000000edb00000)
  from space 4096K, 99% used [0x00000000edb00000,0x00000000edefb510,0x00000000edf00000)
  to   space 14848K, 0% used [0x00000000f1980000,0x00000000f1980000,0x00000000f2800000)
 ParOldGen       total 65536K, used 33940K [0x00000000c0000000, 0x00000000c4000000, 0x00000000eab00000)
  object space 65536K, 51% used [0x00000000c0000000,0x00000000c21253b8,0x00000000c4000000)
 Metaspace       used 6423K, capacity 7192K, committed 7424K, reserved 1056768K
  class space    used 625K, capacity 656K, committed 768K, reserved 1048576K
}
Event: 6.596 GC heap before
{Heap before GC invocations=8 (full 0):
 PSYoungGen      total 53248K, used 53229K [0x00000000eab00000, 0x00000000f2800000, 0x0000000100000000)
  eden space 49152K, 100% used [0x00000000eab00000,0x00000000edb00000,0x00000000edb00000)
  from space 4096K, 99% used [0x00000000edb00000,0x00000000edefb510,0x00000000edf00000)
  to   space 14848K, 0% used [0x00000000f1980000,0x00000000f1980000,0x00000000f2800000)
 ParOldGen       total 65536K, used 33940K [0x00000000c0000000, 0x00000000c4000000, 0x00000000eab00000)
  object space 65536K, 51% used [0x00000000c0000000,0x00000000c21253b8,0x00000000c4000000)
 Metaspace       used 6444K, capacity 7192K, committed 7424K, reserved 1056768K
  class space    used 625K, capacity 656K, committed 768K, reserved 1048576K
Event: 6.615 GC heap after
Heap after GC invocations=8 (full 0):
 PSYoungGen      total 113152K, used 11186K [0x00000000eab00000, 0x00000000f2800000, 0x0000000100000000)
  eden space 98304K, 0% used [0x00000000eab00000,0x00000000eab00000,0x00000000f0b00000)
  from space 14848K, 75% used [0x00000000f1980000,0x00000000f246c8e0,0x00000000f2800000)
  to   space 14848K, 0% used [0x00000000f0b00000,0x00000000f0b00000,0x00000000f1980000)
 ParOldGen       total 65536K, used 34921K [0x00000000c0000000, 0x00000000c4000000, 0x00000000eab00000)
  object space 65536K, 53% used [0x00000000c0000000,0x00000000c221a780,0x00000000c4000000)
 Metaspace       used 6444K, capacity 7192K, committed 7424K, reserved 1056768K
  class space    used 625K, capacity 656K, committed 768K, reserved 1048576K
}

Deoptimization events (10 events):
Event: 6.522 Thread 0x0000000018913000 Uncommon trap: reason=class_check action=maybe_recompile pc=0x0000000002fed7ec method=com.android.dx.ssa.back.FirstFitLocalCombiningAllocator.findNextUnreservedRopReg(IILcom/android/dx/ssa/back/FirstFitLocalCombiningAllocator$Alignment;)I @ 60
Event: 6.527 Thread 0x00000000189d0800 Uncommon trap: reason=unstable_if action=reinterpret pc=0x0000000002f52f30 method=com.android.dx.cf.code.ByteCatchList.listFor(I)Lcom/android/dx/cf/code/ByteCatchList; @ 47
Event: 6.595 Thread 0x00000000189d4000 Uncommon trap: reason=unstable_if action=reinterpret pc=0x0000000002f0905c method=com.android.dx.rop.cst.CstNat.equals(Ljava/lang/Object;)Z @ 25
Event: 6.790 Thread 0x0000000018913000 Uncommon trap: reason=unstable_if action=reinterpret pc=0x00000000030614b0 method=com.android.dx.dex.code.OutputFinisher.hasLocalInfo(Lcom/android/dx/dex/code/DalvInsn;)Z @ 24
Event: 6.820 Thread 0x0000000001e7e000 Uncommon trap: reason=class_check action=maybe_recompile pc=0x0000000002c466f8 method=java.util.Arrays.hashCode([Ljava/lang/Object;)I @ 43
Event: 6.820 Thread 0x0000000001e7e000 Uncommon trap: reason=class_check action=maybe_recompile pc=0x0000000002c466f8 method=java.util.Arrays.hashCode([Ljava/lang/Object;)I @ 43
Event: 6.820 Thread 0x0000000001e7e000 Uncommon trap: reason=class_check action=maybe_recompile pc=0x0000000002c466f8 method=java.util.Arrays.hashCode([Ljava/lang/Object;)I @ 43
Event: 6.820 Thread 0x0000000001e7e000 Uncommon trap: reason=class_check action=maybe_recompile pc=0x0000000002c466f8 method=java.util.Arrays.hashCode([Ljava/lang/Object;)I @ 43
Event: 6.821 Thread 0x0000000001e7e000 Uncommon trap: reason=class_check action=maybe_recompile pc=0x0000000002c361a8 method=java.util.Arrays.hashCode([Ljava/lang/Object;)I @ 43
Event: 7.191 Thread 0x0000000001e7e000 Uncommon trap: reason=unstable_if action=reinterpret pc=0x0000000002f3670c method=java.util.TreeMap.put(Ljava/lang/Object;Ljava/lang/Object;)Ljava/lang/Object; @ 163

Internal exceptions (6 events):
Event: 0.037 Thread 0x0000000001e7e000 Exception <a 'java/lang/NoSuchMethodError': Method sun.misc.Unsafe.defineClass(Ljava/lang/String;[BII)Ljava/lang/Class; name or signature does not match> (0x00000000eab0d510) thrown at [C:\re\workspace\8-2-build-windows-amd64-cygwin\jdk8u60\4407\hotspot\sr;ùH∂£?
Event: 0.037 Thread 0x0000000001e7e000 Exception <a 'java/lang/NoSuchMethodError': Method sun.misc.Unsafe.prefetchRead(Ljava/lang/Object;J)V name or signature does not match> (0x00000000eab0d7f8) thrown at [C:\re\workspace\8-2-build-windows-amd64-cygwin\jdk8u60\4407\hotspot\src\share\vm\prims\j.!rÖu’Á?
Event: 0.745 Thread 0x00000000188cc800 Implicit null exception at 0x0000000002b27673 to 0x0000000002b296ad
Event: 4.008 Thread 0x00000000189d0800 Exception <a 'java/lang/ArrayIndexOutOfBoundsException': 18> (0x00000000ec0fea08) thrown at [C:\re\workspace\8-2-build-windows-amd64-cygwin\jdk8u60\4407\hotspot\src\share\vm\interpreter\interpreterRuntime.cpp, line 366]
Event: 4.009 Thread 0x00000000189d0800 Exception <a 'java/lang/ArrayIndexOutOfBoundsException': 145> (0x00000000ec100588) thrown at [C:\re\workspace\8-2-build-windows-amd64-cygwin\jdk8u60\4407\hotspot\src\share\vm\interpreter\interpreterRuntime.cpp, line 366]
Event: 4.010 Thread 0x00000000189d0800 Exception <a 'java/lang/ArrayIndexOutOfBoundsException'> (0x00000000ec101870) thrown at [C:\re\workspace\8-2-build-windows-amd64-cygwin\jdk8u60\4407\hotspot\src\share\vm\runtime\sharedRuntime.cpp, line 605]

Events (10 events):
Event: 7.356 Thread 0x0000000001e7e000 DEOPT PACKING pc=0x000000000319aba3 sp=0x00000000024beb20
Event: 7.356 Thread 0x0000000001e7e000 DEOPT UNPACKING pc=0x000000000288787f sp=0x00000000024be870 mode 0
Event: 7.357 Thread 0x0000000001e7e000 DEOPT PACKING pc=0x000000000319fcb1 sp=0x00000000024beb40
Event: 7.357 Thread 0x0000000001e7e000 DEOPT UNPACKING pc=0x000000000288787f sp=0x00000000024be8b8 mode 0
Event: 7.364 Thread 0x0000000001e7e000 DEOPT PACKING pc=0x000000000319ab8c sp=0x00000000024beb20
Event: 7.364 Thread 0x0000000001e7e000 DEOPT UNPACKING pc=0x000000000288787f sp=0x00000000024be870 mode 0
Event: 7.367 Thread 0x0000000001e7e000 DEOPT PACKING pc=0x000000000319fcb1 sp=0x00000000024beb40
Event: 7.367 Thread 0x0000000001e7e000 DEOPT UNPACKING pc=0x000000000288787f sp=0x00000000024be8b8 mode 0
Event: 7.373 Thread 0x0000000001e7e000 DEOPT PACKING pc=0x00000000031a61c6 sp=0x00000000024be9a0
Event: 7.373 Thread 0x0000000001e7e000 DEOPT UNPACKING pc=0x000000000288787f sp=0x00000000024be768 mode 0


Dynamic libraries:
0x000000013f490000 - 0x000000013f4c7000 	C:\Program Files\Java\jdk1.8.0_60\bin\java.exe
0x0000000077b30000 - 0x0000000077cd9000 	C:\Windows\SYSTEM32\ntdll.dll
0x0000000077a10000 - 0x0000000077b2f000 	C:\Windows\system32\kernel32.dll
0x000007fefdde0000 - 0x000007fefde4b000 	C:\Windows\system32\KERNELBASE.dll
0x000007feff330000 - 0x000007feff40b000 	C:\Windows\system32\ADVAPI32.dll
0x000007feff940000 - 0x000007feff9df000 	C:\Windows\system32\msvcrt.dll
0x000007feff9e0000 - 0x000007feff9ff000 	C:\Windows\SYSTEM32\sechost.dll
0x000007feff5f0000 - 0x000007feff71d000 	C:\Windows\system32\RPCRT4.dll
0x0000000077910000 - 0x0000000077a0a000 	C:\Windows\system32\USER32.dll
0x000007fefeee0000 - 0x000007fefef47000 	C:\Windows\system32\GDI32.dll
0x000007feff930000 - 0x000007feff93e000 	C:\Windows\system32\LPK.dll
0x000007feffd10000 - 0x000007feffdd9000 	C:\Windows\system32\USP10.dll
0x000007fefbc60000 - 0x000007fefbe54000 	C:\Windows\WinSxS\amd64_microsoft.windows.common-controls_6595b64144ccf1df_6.0.7601.17514_none_fa396087175ac9ac\COMCTL32.dll
0x000007fefded0000 - 0x000007fefdf41000 	C:\Windows\system32\SHLWAPI.dll
0x000007fefdf50000 - 0x000007fefdf7e000 	C:\Windows\system32\IMM32.DLL
0x000007feff800000 - 0x000007feff909000 	C:\Windows\system32\MSCTF.dll
0x0000000055810000 - 0x00000000558e2000 	C:\Program Files\Java\jdk1.8.0_60\jre\bin\msvcr100.dll
0x0000000051e60000 - 0x00000000526e9000 	C:\Program Files\Java\jdk1.8.0_60\jre\bin\server\jvm.dll
0x000007feec2f0000 - 0x000007feec2f9000 	C:\Windows\system32\WSOCK32.dll
0x000007fefed10000 - 0x000007fefed5d000 	C:\Windows\system32\WS2_32.dll
0x000007feffa00000 - 0x000007feffa08000 	C:\Windows\system32\NSI.dll
0x000007fefc580000 - 0x000007fefc5bb000 	C:\Windows\system32\WINMM.dll
0x000007fefcbe0000 - 0x000007fefcbec000 	C:\Windows\system32\VERSION.dll
0x0000000077d00000 - 0x0000000077d07000 	C:\Windows\system32\PSAPI.DLL
0x0000000073ec0000 - 0x0000000073ecf000 	C:\Program Files\Java\jdk1.8.0_60\jre\bin\verify.dll
0x00000000690b0000 - 0x00000000690d9000 	C:\Program Files\Java\jdk1.8.0_60\jre\bin\java.dll
0x00000000699f0000 - 0x0000000069a06000 	C:\Program Files\Java\jdk1.8.0_60\jre\bin\zip.dll
0x000007fefdf80000 - 0x000007fefed08000 	C:\Windows\system32\SHELL32.dll
0x000007fefef50000 - 0x000007feff153000 	C:\Windows\system32\ole32.dll
0x000007fefda80000 - 0x000007fefda8f000 	C:\Windows\system32\profapi.dll

VM Arguments:
jvm_args: -Djava.awt.headless=true -Xmx1024M -Dfile.encoding=windows-1252 -Duser.country=US -Duser.language=en -Duser.variant 
java_command: com.android.dx.command.Main --dex --force-jumbo --num-threads=4 --output D:\project\AndroidStudioProjects\Hoc_Intent3_TruyenVaNhanDuLieuTraVe\app\build\intermediates\pre-dexed\debug\com.android.support-appcompat-v7-23.4.0_04dfcc0ce8a5e59ba489dcfff98627b14e262535.jar D:\project\AndroidStudioProjects\Hoc_Intent3_TruyenVaNhanDuLieuTraVe\app\build\intermediates\exploded-aar\com.android.support\appcompat-v7\23.4.0\jars\classes.jar
java_class_path (initial): D:\Android\sdk\build-tools\23.0.3\lib\dx.jar
Launcher Type: SUN_STANDARD

Environment Variables:
JAVA_HOME=C:\Program Files\Java\jdk1.8.0_60
PATH=C:\ProgramData\Oracle\Java\javapath;C:\Program Files\Common Files\Microsoft Shared\Windows Live;C:\Program Files (x86)\HP SimplePass\x64;C:\Program Files (x86)\HP SimplePass\;;C:\Windows\system32;C:\Windows;C:\Windows\System32\Wbem;C:\Windows\System32\WindowsPowerShell\v1.0\;C:\Program Files (x86)\Java\jdk1.7.0_09\bin;C:\Strawberry\c\bin;C:\Strawberry\perl\site\bin;C:\Strawberry\perl\bin;C:\Program Files (x86)\Intel\OpenCL SDK\2.0\bin\x86;C:\Program Files (x86)\Intel\OpenCL SDK\2.0\bin\x64;C:\PROGRA~2\PICC;C:\Program Files (x86)\Microchip\xc16\v1.25\bin;C:\Program Files (x86)\Microchip\xc8\v1.35\bin;C:\Program Files\Java\jre1.8.0_65\bin;C:\Program Files\Java\jdk1.8.0_60\jre\bin;D:\Android\sdk\platform-tools;C:\Program Files\Common Files\Microsoft Shared\Windows Live;C:\Program Files\Java\jre1.8.0_65\bin
USERNAME=Nhut
OS=Windows_NT
PROCESSOR_IDENTIFIER=Intel64 Family 6 Model 42 Stepping 7, GenuineIntel



---------------  S Y S T E M  ---------------

OS: Windows 7 , 64 bit Build 7601 (6.1.7601.17514)

CPU:total 8 (4 cores per cpu, 2 threads per core) family 6 model 42 stepping 7, cmov, cx8, fxsr, mmx, sse, sse2, sse3, ssse3, sse4.1, sse4.2, popcnt, avx, aes, clmul, ht, tsc, tscinvbit

Memory: 4k page, physical 6238064k(565396k free), swap 8333368k(100668k free)

vm_info: Java HotSpot(TM) 64-Bit Server VM (25.60-b23) for windows-amd64 JRE (1.8.0_60-b27), built on Aug  4 2015 11:06:27 by "java_re" with MS VC++ 10.0 (VS2010)

time: Mon Jun 20 20:08:36 2016
elapsed time: 7 seconds (0d 0h 0m 7s)

