#
# There is insufficient memory for the Java Runtime Environment to continue.
# Native memory allocation (malloc) failed to allocate 367056 bytes for Chunk::new
# Possible reasons:
#   The system is out of physical RAM or swap space
#   In 32 bit mode, the process size limit was hit
# Possible solutions:
#   Reduce memory load on the system
#   Increase physical memory or swap space
#   Check if swap backing store is full
#   Use 64 bit Java on a 64 bit OS
#   Decrease Java heap size (-Xmx/-Xms)
#   Decrease number of Java threads
#   Decrease Java thread stack sizes (-Xss)
#   Set larger code cache with -XX:ReservedCodeCacheSize=
# This output file may be truncated or incomplete.
#
#  Out of Memory Error (allocation.cpp:390), pid=10064, tid=796
#
# JRE version: Java(TM) SE Runtime Environment (8.0_60-b27) (build 1.8.0_60-b27)
# Java VM: Java HotSpot(TM) 64-Bit Server VM (25.60-b23 mixed mode windows-amd64 compressed oops)
# Failed to write core dump. Minidumps are not enabled by default on client versions of Windows
#

---------------  T H R E A D  ---------------

Current thread (0x00000000167af000):  JavaThread "C2 CompilerThread0" daemon [_thread_in_native, id=796, stack(0x0000000018040000,0x0000000018140000)]

Stack: [0x0000000018040000,0x0000000018140000]
[error occurred during error reporting (printing stack bounds), id 0xc0000005]

Native frames: (J=compiled Java code, j=interpreted, Vv=VM code, C=native code)


Current CompileTask:
C2:    786  603       4       com.android.dx.ssa.SsaBasicBlock::forEachInsn (37 bytes)


---------------  P R O C E S S  ---------------

Java Threads: ( => current thread )
  0x0000000016aa8800 JavaThread "pool-2-thread-1" [_thread_blocked, id=9620, stack(0x0000000018bb0000,0x0000000018cb0000)]
  0x0000000016aa8000 JavaThread "pool-1-thread-1" [_thread_in_Java, id=7188, stack(0x00000000189b0000,0x0000000018ab0000)]
  0x000000001683d000 JavaThread "Service Thread" daemon [_thread_blocked, id=9036, stack(0x0000000018800000,0x0000000018900000)]
  0x00000000167a7000 JavaThread "C1 CompilerThread3" daemon [_thread_in_vm, id=9744, stack(0x0000000018590000,0x0000000018690000)]
  0x00000000167a6800 JavaThread "C2 CompilerThread2" daemon [_thread_blocked, id=9900, stack(0x00000000183f0000,0x00000000184f0000)]
  0x00000000167a3800 JavaThread "C2 CompilerThread1" daemon [_thread_blocked, id=5728, stack(0x00000000181d0000,0x00000000182d0000)]
=>0x00000000167af000 JavaThread "C2 CompilerThread0" daemon [_thread_in_native, id=796, stack(0x0000000018040000,0x0000000018140000)]
  0x00000000167ae000 JavaThread "Attach Listener" daemon [_thread_blocked, id=8588, stack(0x0000000017ed0000,0x0000000017fd0000)]
  0x00000000167ad000 JavaThread "Signal Dispatcher" daemon [_thread_blocked, id=10056, stack(0x0000000017cb0000,0x0000000017db0000)]
  0x00000000156f0800 JavaThread "Finalizer" daemon [_thread_blocked, id=9556, stack(0x0000000017ad0000,0x0000000017bd0000)]
  0x00000000156e9000 JavaThread "Reference Handler" daemon [_thread_blocked, id=9696, stack(0x0000000017890000,0x0000000017990000)]
  0x00000000024de000 JavaThread "main" [_thread_blocked, id=9828, stack(0x0000000002390000,0x0000000002490000)]

Other Threads:
  0x0000000016752800 VMThread [stack: 0x0000000017740000,0x0000000017840000] [id=9324]
  0x000000001687e000 WatcherThread [stack: 0x00000000182f0000,0x00000000183f0000] [id=9700]

VM state:not at safepoint (normal execution)

VM Mutex/Monitor currently owned by a thread: None

Heap:
 PSYoungGen      total 28672K, used 13097K [0x00000000eab00000, 0x00000000ecb00000, 0x0000000100000000)
  eden space 24576K, 53% used [0x00000000eab00000,0x00000000eb7ca628,0x00000000ec300000)
  from space 4096K, 0% used [0x00000000ec700000,0x00000000ec700000,0x00000000ecb00000)
  to   space 4096K, 0% used [0x00000000ec300000,0x00000000ec300000,0x00000000ec700000)
 ParOldGen       total 65536K, used 0K [0x00000000c0000000, 0x00000000c4000000, 0x00000000eab00000)
  object space 65536K, 0% used [0x00000000c0000000,0x00000000c0000000,0x00000000c4000000)
 Metaspace       used 5651K, capacity 6640K, committed 6784K, reserved 1056768K
  class space    used 600K, capacity 616K, committed 640K, reserved 1048576K

Card table byte_map: [0x0000000011b70000,0x0000000011d80000] byte_map_base: 0x0000000011570000

Marking Bits: (ParMarkBitMap*) 0x0000000054cca5b0
 Begin Bits: [0x0000000012b00000, 0x0000000013b00000)
 End Bits:   [0x0000000013b00000, 0x0000000014b00000)

Polling page: 0x0000000000230000

CodeCache: size=245760Kb used=2573Kb max_used=2573Kb free=243186Kb
 bounds [0x00000000027b0000, 0x0000000002a40000, 0x00000000117b0000]
 total_blobs=893 nmethods=624 adapters=182
 compilation: enabled

Compilation events (10 events):
Event: 0.783 Thread 0x00000000167a7000 nmethod 628 0x0000000002a19650 code [0x0000000002a197a0, 0x0000000002a19930]
Event: 0.783 Thread 0x00000000167a7000  612       3       com.android.dx.rop.code.Rop::hashCode (54 bytes)
Event: 0.784 Thread 0x00000000167a7000 nmethod 612 0x0000000002a2f710 code [0x0000000002a2f8a0, 0x0000000002a2fd68]
Event: 0.784 Thread 0x00000000167a7000  597       3       com.android.dx.ssa.RegisterMapper::<init> (5 bytes)
Event: 0.784 Thread 0x00000000167a7000 nmethod 597 0x0000000002a2ff10 code [0x0000000002a30060, 0x0000000002a30210]
Event: 0.784 Thread 0x00000000167a7000  627       3       com.android.dx.rop.cst.CstType::compareTo0 (25 bytes)
Event: 0.784 Thread 0x00000000167a7000 nmethod 627 0x0000000002a302d0 code [0x0000000002a30440, 0x0000000002a30868]
Event: 0.784 Thread 0x00000000167a7000  618       3       com.android.dx.rop.code.DexTranslationAdvice::requiresSourcesInOrder (30 bytes)
Event: 0.784 Thread 0x00000000167a7000 nmethod 618 0x0000000002a309d0 code [0x0000000002a30b40, 0x0000000002a30e48]
Event: 0.784 Thread 0x00000000167a7000  624   !   3       java.util.BitSet::clone (49 bytes)

GC Heap History (0 events):
No events

Deoptimization events (1 events):
Event: 0.697 Thread 0x0000000016aa8000 Uncommon trap: reason=unstable_if action=reinterpret pc=0x0000000002992860 method=java.util.HashMap.getNode(ILjava/lang/Object;)Ljava/util/HashMap$Node; @ 62

Internal exceptions (2 events):
Event: 0.138 Thread 0x00000000024de000 Exception <a 'java/lang/NoSuchMethodError': Method sun.misc.Unsafe.defineClass(Ljava/lang/String;[BII)Ljava/lang/Class; name or signature does not match> (0x00000000eab0d640) thrown at [C:\re\workspace\8-2-build-windows-amd64-cygwin\jdk8u60\4407\hotspot\sr¾Ž&ÜL»Á?
Event: 0.139 Thread 0x00000000024de000 Exception <a 'java/lang/NoSuchMethodError': Method sun.misc.Unsafe.prefetchRead(Ljava/lang/Object;J)V name or signature does not match> (0x00000000eab0d928) thrown at [C:\re\workspace\8-2-build-windows-amd64-cygwin\jdk8u60\4407\hotspot\src\share\vm\prims\j

Events (10 events):
Event: 0.699 loading class java/util/HashMap$Values done
Event: 0.699 loading class java/util/HashMap$ValueIterator
Event: 0.699 loading class java/util/HashMap$ValueIterator done
Event: 0.702 Thread 0x0000000016abf000 Thread exited: 0x0000000016abf000
Event: 0.718 loading class java/util/DualPivotQuicksort
Event: 0.718 loading class java/util/DualPivotQuicksort done
Event: 0.721 loading class com/android/dx/dex/file/MethodAnnotationStruct
Event: 0.721 loading class com/android/dx/dex/file/MethodAnnotationStruct done
Event: 0.770 loading class java/util/ArrayList$1
Event: 0.770 loading class java/util/ArrayList$1 done


Dynamic libraries:
0x000000013fdb0000 - 0x000000013fde7000 	C:\Program Files\Java\jdk1.8.0_60\bin\java.exe
0x0000000077ba0000 - 0x0000000077d49000 	C:\Windows\SYSTEM32\ntdll.dll
0x0000000077a80000 - 0x0000000077b9f000 	C:\Windows\system32\kernel32.dll
0x000007fefde10000 - 0x000007fefde7b000 	C:\Windows\system32\KERNELBASE.dll
0x000007feff690000 - 0x000007feff76b000 	C:\Windows\system32\ADVAPI32.dll
0x000007fefe630000 - 0x000007fefe6cf000 	C:\Windows\system32\msvcrt.dll
0x000007feffe30000 - 0x000007feffe4f000 	C:\Windows\SYSTEM32\sechost.dll
0x000007feff960000 - 0x000007feffa8d000 	C:\Windows\system32\RPCRT4.dll
0x0000000077980000 - 0x0000000077a7a000 	C:\Windows\system32\USER32.dll
0x000007fefe360000 - 0x000007fefe3c7000 	C:\Windows\system32\GDI32.dll
0x000007feffc80000 - 0x000007feffc8e000 	C:\Windows\system32\LPK.dll
0x000007feff810000 - 0x000007feff8d9000 	C:\Windows\system32\USP10.dll
0x000007fefbcd0000 - 0x000007fefbec4000 	C:\Windows\WinSxS\amd64_microsoft.windows.common-controls_6595b64144ccf1df_6.0.7601.17514_none_fa396087175ac9ac\COMCTL32.dll
0x000007fefe6d0000 - 0x000007fefe741000 	C:\Windows\system32\SHLWAPI.dll
0x000007fefe8d0000 - 0x000007fefe8fe000 	C:\Windows\system32\IMM32.DLL
0x000007fefe250000 - 0x000007fefe359000 	C:\Windows\system32\MSCTF.dll
0x0000000054f00000 - 0x0000000054fd2000 	C:\Program Files\Java\jdk1.8.0_60\jre\bin\msvcr100.dll
0x00000000544c0000 - 0x0000000054d49000 	C:\Program Files\Java\jdk1.8.0_60\jre\bin\server\jvm.dll
0x000007feec030000 - 0x000007feec039000 	C:\Windows\system32\WSOCK32.dll
0x000007fefe750000 - 0x000007fefe79d000 	C:\Windows\system32\WS2_32.dll
0x000007feffc70000 - 0x000007feffc78000 	C:\Windows\system32\NSI.dll
0x000007fefc600000 - 0x000007fefc63b000 	C:\Windows\system32\WINMM.dll
0x000007fefcc50000 - 0x000007fefcc5c000 	C:\Windows\system32\VERSION.dll
0x0000000077d70000 - 0x0000000077d77000 	C:\Windows\system32\PSAPI.DLL
0x0000000074330000 - 0x000000007433f000 	C:\Program Files\Java\jdk1.8.0_60\jre\bin\verify.dll
0x000000005ae10000 - 0x000000005ae39000 	C:\Program Files\Java\jdk1.8.0_60\jre\bin\java.dll
0x000000005bc00000 - 0x000000005bc16000 	C:\Program Files\Java\jdk1.8.0_60\jre\bin\zip.dll
0x000007fefe900000 - 0x000007feff688000 	C:\Windows\system32\SHELL32.dll
0x000007fefdec0000 - 0x000007fefe0c3000 	C:\Windows\system32\ole32.dll
0x000007fefdaf0000 - 0x000007fefdaff000 	C:\Windows\system32\profapi.dll

VM Arguments:
jvm_args: -Djava.awt.headless=true -Xmx1024M -Dfile.encoding=windows-1252 -Duser.country=US -Duser.language=en -Duser.variant 
java_command: com.android.dx.command.Main --dex --force-jumbo --num-threads=4 --output D:\project\AndroidStudioProjects\HocAutocompleteTextView\app\build\intermediates\pre-dexed\debug\com.android.support-animated-vector-drawable-23.4.0_2acf8d8b56ae914b99ac89c6405a8856bb1829f8.jar D:\project\AndroidStudioProjects\HocAutocompleteTextView\app\build\intermediates\exploded-aar\com.android.support\animated-vector-drawable\23.4.0\jars\classes.jar
java_class_path (initial): D:\Android\sdk\build-tools\23.0.3\lib\dx.jar
Launcher Type: SUN_STANDARD

Environment Variables:
JAVA_HOME=C:\Program Files\Java\jdk1.8.0_60
PATH=C:\ProgramData\Oracle\Java\javapath;C:\Program Files\Common Files\Microsoft Shared\Windows Live;C:\Program Files (x86)\HP SimplePass\x64;C:\Program Files (x86)\HP SimplePass\;;C:\Windows\system32;C:\Windows;C:\Windows\System32\Wbem;C:\Windows\System32\WindowsPowerShell\v1.0\;C:\Program Files (x86)\Java\jdk1.7.0_09\bin;C:\Strawberry\c\bin;C:\Strawberry\perl\site\bin;C:\Strawberry\perl\bin;C:\Program Files (x86)\Intel\OpenCL SDK\2.0\bin\x86;C:\Program Files (x86)\Intel\OpenCL SDK\2.0\bin\x64;C:\PROGRA~2\PICC;C:\Program Files (x86)\Microchip\xc16\v1.25\bin;C:\Program Files (x86)\Microchip\xc8\v1.35\bin;C:\Program Files\Java\jre1.8.0_65\bin;C:\Program Files\Java\jdk1.8.0_60\jre\bin;D:\Android\sdk\platform-tools;C:\Program Files\Common Files\Microsoft Shared\Windows Live;C:\Program Files\Java\jre1.8.0_65\bin
USERNAME=Nhut
OS=Windows_NT
PROCESSOR_IDENTIFIER=Intel64 Family 6 Model 42 Stepping 7, GenuineIntel



---------------  S Y S T E M  ---------------

OS: Windows 7 , 64 bit Build 7601 (6.1.7601.17514)

CPU:total 8 (4 cores per cpu, 2 threads per core) family 6 model 42 stepping 7, cmov, cx8, fxsr, mmx, sse, sse2, sse3, ssse3, sse4.1, sse4.2, popcnt, avx, aes, clmul, ht, tsc, tscinvbit

Memory: 4k page, physical 6238064k(348932k free), swap 8333368k(5360k free)

vm_info: Java HotSpot(TM) 64-Bit Server VM (25.60-b23) for windows-amd64 JRE (1.8.0_60-b27), built on Aug  4 2015 11:06:27 by "java_re" with MS VC++ 10.0 (VS2010)

time: Tue May 31 14:08:14 2016
elapsed time: 0 seconds (0d 0h 0m 0s)

