#
# There is insufficient memory for the Java Runtime Environment to continue.
# Native memory allocation (malloc) failed to allocate 341616 bytes for Chunk::new
# Possible reasons:
#   The system is out of physical RAM or swap space
#   In 32 bit mode, the process size limit was hit
# Possible solutions:
#   Reduce memory load on the system
#   Increase physical memory or swap space
#   Check if swap backing store is full
#   Use 64 bit Java on a 64 bit OS
#   Decrease Java heap size (-Xmx/-Xms)
#   Decrease number of Java threads
#   Decrease Java thread stack sizes (-Xss)
#   Set larger code cache with -XX:ReservedCodeCacheSize=
# This output file may be truncated or incomplete.
#
#  Out of Memory Error (allocation.cpp:390), pid=7084, tid=4864
#
# JRE version: Java(TM) SE Runtime Environment (8.0_60-b27) (build 1.8.0_60-b27)
# Java VM: Java HotSpot(TM) 64-Bit Server VM (25.60-b23 mixed mode windows-amd64 compressed oops)
# Failed to write core dump. Minidumps are not enabled by default on client versions of Windows
#

---------------  T H R E A D  ---------------

Current thread (0x000000005569d000):  JavaThread "C2 CompilerThread2" daemon [_thread_in_native, id=4864, stack(0x0000000058020000,0x0000000058120000)]

Stack: [0x0000000058020000,0x0000000058120000]
[error occurred during error reporting (printing stack bounds), id 0xc0000005]

Native frames: (J=compiled Java code, j=interpreted, Vv=VM code, C=native code)


Current CompileTask:
C2:   1830  607       4       com.android.dx.ssa.SsaBasicBlock::forEachInsn (37 bytes)


---------------  P R O C E S S  ---------------

Java Threads: ( => current thread )
  0x00000000566d0000 JavaThread "Service Thread" daemon [_thread_blocked, id=8160, stack(0x0000000058320000,0x0000000058420000)]
  0x000000005569e000 JavaThread "C1 CompilerThread3" daemon [_thread_blocked, id=7628, stack(0x0000000058130000,0x0000000058230000)]
=>0x000000005569d000 JavaThread "C2 CompilerThread2" daemon [_thread_in_native, id=4864, stack(0x0000000058020000,0x0000000058120000)]
  0x000000005569a000 JavaThread "C2 CompilerThread1" daemon [_thread_blocked, id=7664, stack(0x0000000057b50000,0x0000000057c50000)]
  0x0000000056631000 JavaThread "C2 CompilerThread0" daemon [_thread_blocked, id=2976, stack(0x0000000057da0000,0x0000000057ea0000)]
  0x0000000056630000 JavaThread "Attach Listener" daemon [_thread_blocked, id=3392, stack(0x0000000057c50000,0x0000000057d50000)]
  0x0000000056640800 JavaThread "Signal Dispatcher" daemon [_thread_blocked, id=7312, stack(0x0000000057a10000,0x0000000057b10000)]
  0x000000005568e800 JavaThread "Finalizer" daemon [_thread_blocked, id=7064, stack(0x00000000576d0000,0x00000000577d0000)]
  0x0000000055687000 JavaThread "Reference Handler" daemon [_thread_blocked, id=6952, stack(0x00000000577e0000,0x00000000578e0000)]
  0x000000000202e000 JavaThread "main" [_thread_in_Java, id=5308, stack(0x0000000002420000,0x0000000002520000)]

Other Threads:
  0x00000000565e2800 VMThread [stack: 0x0000000057540000,0x0000000057640000] [id=6444]
  0x00000000566ec800 WatcherThread [stack: 0x0000000057ea0000,0x0000000057fa0000] [id=7368]

VM state:not at safepoint (normal execution)

VM Mutex/Monitor currently owned by a thread: None

Heap:
 PSYoungGen      total 28672K, used 16751K [0x00000000eab00000, 0x00000000ecb00000, 0x0000000100000000)
  eden space 24576K, 68% used [0x00000000eab00000,0x00000000ebb5bc50,0x00000000ec300000)
  from space 4096K, 0% used [0x00000000ec700000,0x00000000ec700000,0x00000000ecb00000)
  to   space 4096K, 0% used [0x00000000ec300000,0x00000000ec300000,0x00000000ec700000)
 ParOldGen       total 65536K, used 0K [0x00000000c0000000, 0x00000000c4000000, 0x00000000eab00000)
  object space 65536K, 0% used [0x00000000c0000000,0x00000000c0000000,0x00000000c4000000)
 Metaspace       used 5745K, capacity 6710K, committed 6784K, reserved 1056768K
  class space    used 606K, capacity 622K, committed 640K, reserved 1048576K

Card table byte_map: [0x0000000011bb0000,0x0000000011dc0000] byte_map_base: 0x00000000115b0000

Marking Bits: (ParMarkBitMap*) 0x000000005b87a5b0
 Begin Bits: [0x0000000012aa0000, 0x0000000013aa0000)
 End Bits:   [0x0000000013aa0000, 0x0000000014aa0000)

Polling page: 0x0000000001c60000

CodeCache: size=245760Kb used=2489Kb max_used=2489Kb free=243270Kb
 bounds [0x00000000027f0000, 0x0000000002a60000, 0x00000000117f0000]
 total_blobs=882 nmethods=609 adapters=182
 compilation: disabled (not enough contiguous free space left)

Compilation events (10 events):
Event: 1.564 Thread 0x000000005569e000  623       3       com.android.dx.dex.code.RopTranslator$LocalVariableAwareTranslationVisitor::addIntroductionIfNecessary (30 bytes)
Event: 1.565 Thread 0x0000000056631000 

Event: 1.565 Thread 0x000000005569e000 nmethod 623 0x0000000002a56550 code [0x0000000002a56740, 0x0000000002a571c8]
Event: 1.566 Thread 0x000000005569e000  600       3       com.android.dx.cf.code.BaseMachine::resultCount (22 bytes)
Event: 1.566 Thread 0x000000005569e000 nmethod 600 0x0000000002a56090 code [0x0000000002a56200, 0x0000000002a56468]
Event: 1.566 Thread 0x000000005569e000  624       3       com.android.dx.rop.code.LocalVariableInfo::getAssignment (12 bytes)
Event: 1.566 Thread 0x000000005569e000 nmethod 624 0x0000000002a5f910 code [0x0000000002a5fa80, 0x0000000002a5fd88]
Event: 1.566 Thread 0x000000005569e000  625   !   3       java.util.BitSet::clone (49 bytes)
Event: 1.567 Thread 0x000000005569e000 

Event: 1.569 Thread 0x000000005569a000 


GC Heap History (0 events):
No events

Deoptimization events (1 events):
Event: 1.327 Thread 0x00000000568eb000 Uncommon trap: reason=unstable_if action=reinterpret pc=0x00000000029d64a8 method=java.util.HashMap.getNode(ILjava/lang/Object;)Ljava/util/HashMap$Node; @ 62

Internal exceptions (2 events):
Event: 0.044 Thread 0x000000000202e000 Exception <a 'java/lang/NoSuchMethodError': Method sun.misc.Unsafe.defineClass(Ljava/lang/String;[BII)Ljava/lang/Class; name or signature does not match> (0x00000000eab0d7f0) thrown at [C:\re\workspace\8-2-build-windows-amd64-cygwin\jdk8u60\4407\hotspot\srÌÀ´Ó¾˜¦?
Event: 0.044 Thread 0x000000000202e000 Exception <a 'java/lang/NoSuchMethodError': Method sun.misc.Unsafe.prefetchRead(Ljava/lang/Object;J)V name or signature does not match> (0x00000000eab0dad8) thrown at [C:\re\workspace\8-2-build-windows-amd64-cygwin\jdk8u60\4407\hotspot\src\share\vm\prims\j

Events (10 events):
Event: 1.327 Thread 0x00000000568eb000 DEOPT PACKING pc=0x00000000029d64a8 sp=0x00000000585de040
Event: 1.327 Thread 0x00000000568eb000 DEOPT UNPACKING pc=0x000000000283582a sp=0x00000000585ddfb8 mode 2
Event: 1.328 loading class java/util/HashMap$Values
Event: 1.377 loading class java/util/HashMap$Values done
Event: 1.377 loading class java/util/HashMap$ValueIterator
Event: 1.378 loading class java/util/HashMap$ValueIterator done
Event: 1.414 loading class java/util/DualPivotQuicksort
Event: 1.419 loading class java/util/DualPivotQuicksort done
Event: 1.424 loading class com/android/dx/dex/file/MethodAnnotationStruct
Event: 1.424 loading class com/android/dx/dex/file/MethodAnnotationStruct done


Dynamic libraries:
0x000000013faf0000 - 0x000000013fb27000 	C:\Program Files\Java\jdk1.8.0_60\bin\java.exe
0x0000000077ba0000 - 0x0000000077d49000 	C:\Windows\SYSTEM32\ntdll.dll
0x0000000077a80000 - 0x0000000077b9f000 	C:\Windows\system32\kernel32.dll
0x000007fefde10000 - 0x000007fefde7b000 	C:\Windows\system32\KERNELBASE.dll
0x000007feff690000 - 0x000007feff76b000 	C:\Windows\system32\ADVAPI32.dll
0x000007fefe630000 - 0x000007fefe6cf000 	C:\Windows\system32\msvcrt.dll
0x000007feffe30000 - 0x000007feffe4f000 	C:\Windows\SYSTEM32\sechost.dll
0x000007feff960000 - 0x000007feffa8d000 	C:\Windows\system32\RPCRT4.dll
0x0000000077980000 - 0x0000000077a7a000 	C:\Windows\system32\USER32.dll
0x000007fefe360000 - 0x000007fefe3c7000 	C:\Windows\system32\GDI32.dll
0x000007feffc80000 - 0x000007feffc8e000 	C:\Windows\system32\LPK.dll
0x000007feff810000 - 0x000007feff8d9000 	C:\Windows\system32\USP10.dll
0x000007fefbcd0000 - 0x000007fefbec4000 	C:\Windows\WinSxS\amd64_microsoft.windows.common-controls_6595b64144ccf1df_6.0.7601.17514_none_fa396087175ac9ac\COMCTL32.dll
0x000007fefe6d0000 - 0x000007fefe741000 	C:\Windows\system32\SHLWAPI.dll
0x000007fefe8d0000 - 0x000007fefe8fe000 	C:\Windows\system32\IMM32.DLL
0x000007fefe250000 - 0x000007fefe359000 	C:\Windows\system32\MSCTF.dll
0x0000000059b40000 - 0x0000000059c12000 	C:\Program Files\Java\jdk1.8.0_60\jre\bin\msvcr100.dll
0x000000005b070000 - 0x000000005b8f9000 	C:\Program Files\Java\jdk1.8.0_60\jre\bin\server\jvm.dll
0x000007feec030000 - 0x000007feec039000 	C:\Windows\system32\WSOCK32.dll
0x000007fefe750000 - 0x000007fefe79d000 	C:\Windows\system32\WS2_32.dll
0x000007feffc70000 - 0x000007feffc78000 	C:\Windows\system32\NSI.dll
0x000007fefc600000 - 0x000007fefc63b000 	C:\Windows\system32\WINMM.dll
0x000007fefcc50000 - 0x000007fefcc5c000 	C:\Windows\system32\VERSION.dll
0x0000000077d70000 - 0x0000000077d77000 	C:\Windows\system32\PSAPI.DLL
0x0000000074330000 - 0x000000007433f000 	C:\Program Files\Java\jdk1.8.0_60\jre\bin\verify.dll
0x000000005ec50000 - 0x000000005ec79000 	C:\Program Files\Java\jdk1.8.0_60\jre\bin\java.dll
0x000000005ba10000 - 0x000000005ba26000 	C:\Program Files\Java\jdk1.8.0_60\jre\bin\zip.dll
0x000007fefe900000 - 0x000007feff688000 	C:\Windows\system32\SHELL32.dll
0x000007fefdec0000 - 0x000007fefe0c3000 	C:\Windows\system32\ole32.dll
0x000007fefdaf0000 - 0x000007fefdaff000 	C:\Windows\system32\profapi.dll

VM Arguments:
jvm_args: -Djava.awt.headless=true -Xmx1024M -Dfile.encoding=windows-1252 -Duser.country=US -Duser.language=en -Duser.variant 
java_command: com.android.dx.command.Main --dex --force-jumbo --num-threads=4 --output D:\project\AndroidStudioProjects\HocAutocompleteTextView\app\build\intermediates\pre-dexed\debug\com.android.support-animated-vector-drawable-23.4.0_2acf8d8b56ae914b99ac89c6405a8856bb1829f8.jar D:\project\AndroidStudioProjects\HocAutocompleteTextView\app\build\intermediates\exploded-aar\com.android.support\animated-vector-drawable\23.4.0\jars\classes.jar
java_class_path (initial): D:\Android\sdk\build-tools\23.0.3\lib\dx.jar
Launcher Type: SUN_STANDARD

Environment Variables:
JAVA_HOME=C:\Program Files\Java\jdk1.8.0_60
PATH=C:\ProgramData\Oracle\Java\javapath;C:\Program Files\Common Files\Microsoft Shared\Windows Live;C:\Program Files (x86)\HP SimplePass\x64;C:\Program Files (x86)\HP SimplePass\;;C:\Windows\system32;C:\Windows;C:\Windows\System32\Wbem;C:\Windows\System32\WindowsPowerShell\v1.0\;C:\Program Files (x86)\Java\jdk1.7.0_09\bin;C:\Strawberry\c\bin;C:\Strawberry\perl\site\bin;C:\Strawberry\perl\bin;C:\Program Files (x86)\Intel\OpenCL SDK\2.0\bin\x86;C:\Program Files (x86)\Intel\OpenCL SDK\2.0\bin\x64;C:\PROGRA~2\PICC;C:\Program Files (x86)\Microchip\xc16\v1.25\bin;C:\Program Files (x86)\Microchip\xc8\v1.35\bin;C:\Program Files\Java\jre1.8.0_65\bin;C:\Program Files\Java\jdk1.8.0_60\jre\bin;D:\Android\sdk\platform-tools;C:\Program Files\Common Files\Microsoft Shared\Windows Live;C:\Program Files\Java\jre1.8.0_65\bin
USERNAME=Nhut
OS=Windows_NT
PROCESSOR_IDENTIFIER=Intel64 Family 6 Model 42 Stepping 7, GenuineIntel



---------------  S Y S T E M  ---------------

OS: Windows 7 , 64 bit Build 7601 (6.1.7601.17514)

CPU:total 8 (4 cores per cpu, 2 threads per core) family 6 model 42 stepping 7, cmov, cx8, fxsr, mmx, sse, sse2, sse3, ssse3, sse4.1, sse4.2, popcnt, avx, aes, clmul, ht, tsc, tscinvbit

Memory: 4k page, physical 6238064k(290944k free), swap 8333368k(39636k free)

vm_info: Java HotSpot(TM) 64-Bit Server VM (25.60-b23) for windows-amd64 JRE (1.8.0_60-b27), built on Aug  4 2015 11:06:27 by "java_re" with MS VC++ 10.0 (VS2010)

time: Tue May 31 06:50:13 2016
elapsed time: 2 seconds (0d 0h 0m 2s)

