#
# There is insufficient memory for the Java Runtime Environment to continue.
# Native memory allocation (malloc) failed to allocate 1114816 bytes for Chunk::new
# Possible reasons:
#   The system is out of physical RAM or swap space
#   In 32 bit mode, the process size limit was hit
# Possible solutions:
#   Reduce memory load on the system
#   Increase physical memory or swap space
#   Check if swap backing store is full
#   Use 64 bit Java on a 64 bit OS
#   Decrease Java heap size (-Xmx/-Xms)
#   Decrease number of Java threads
#   Decrease Java thread stack sizes (-Xss)
#   Set larger code cache with -XX:ReservedCodeCacheSize=
# This output file may be truncated or incomplete.
#
#  Out of Memory Error (allocation.cpp:390), pid=13692, tid=10504
#
# JRE version: Java(TM) SE Runtime Environment (8.0_60-b27) (build 1.8.0_60-b27)
# Java VM: Java HotSpot(TM) 64-Bit Server VM (25.60-b23 mixed mode windows-amd64 compressed oops)
# Failed to write core dump. Minidumps are not enabled by default on client versions of Windows
#

---------------  T H R E A D  ---------------

Current thread (0x0000000056912800):  JavaThread "C2 CompilerThread2" daemon [_thread_in_native, id=10504, stack(0x00000000585c0000,0x00000000586c0000)]

Stack: [0x00000000585c0000,0x00000000586c0000]
[error occurred during error reporting (printing stack bounds), id 0xc0000005]

Native frames: (J=compiled Java code, j=interpreted, Vv=VM code, C=native code)


Current CompileTask:
C2:   5491 2095       4       com.android.dx.ssa.SsaConverter::placePhiFunctions (394 bytes)


---------------  P R O C E S S  ---------------

Java Threads: ( => current thread )
  0x0000000056c58000 JavaThread "pool-2-thread-4" [_thread_blocked, id=12724, stack(0x00000000598b0000,0x00000000599b0000)]
  0x0000000056c57000 JavaThread "pool-2-thread-3" [_thread_blocked, id=14000, stack(0x0000000059700000,0x0000000059800000)]
  0x0000000058bed000 JavaThread "pool-2-thread-2" [_thread_blocked, id=14304, stack(0x0000000059590000,0x0000000059690000)]
  0x0000000056c21800 JavaThread "pool-3-thread-1" [_thread_blocked, id=11536, stack(0x00000000593f0000,0x00000000594f0000)]
  0x0000000058b22800 JavaThread "pool-2-thread-1" [_thread_blocked, id=9712, stack(0x00000000592d0000,0x00000000593d0000)]
  0x0000000056995800 JavaThread "Service Thread" daemon [_thread_blocked, id=12252, stack(0x0000000057a90000,0x0000000057b90000)]
  0x0000000056964000 JavaThread "C1 CompilerThread3" daemon [_thread_blocked, id=10308, stack(0x0000000058740000,0x0000000058840000)]
=>0x0000000056912800 JavaThread "C2 CompilerThread2" daemon [_thread_in_native, id=10504, stack(0x00000000585c0000,0x00000000586c0000)]
  0x0000000056911000 JavaThread "C2 CompilerThread1" daemon [_thread_in_native, id=9020, stack(0x00000000583f0000,0x00000000584f0000)]
  0x000000005690b000 JavaThread "C2 CompilerThread0" daemon [_thread_in_native, id=12316, stack(0x00000000582b0000,0x00000000583b0000)]
  0x0000000056909800 JavaThread "Attach Listener" daemon [_thread_blocked, id=11952, stack(0x0000000058100000,0x0000000058200000)]
  0x0000000056918000 JavaThread "Signal Dispatcher" daemon [_thread_blocked, id=12800, stack(0x0000000057ed0000,0x0000000057fd0000)]
  0x0000000055748800 JavaThread "Finalizer" daemon [_thread_blocked, id=12492, stack(0x0000000057d70000,0x0000000057e70000)]
  0x0000000055746800 JavaThread "Reference Handler" daemon [_thread_blocked, id=6372, stack(0x0000000057b90000,0x0000000057c90000)]
  0x000000000036e000 JavaThread "main" [_thread_blocked, id=13464, stack(0x0000000002330000,0x0000000002430000)]

Other Threads:
  0x00000000568c0800 VMThread [stack: 0x0000000057970000,0x0000000057a70000] [id=12820]
  0x00000000569ac800 WatcherThread [stack: 0x0000000058980000,0x0000000058a80000] [id=13088]

VM state:not at safepoint (normal execution)

VM Mutex/Monitor currently owned by a thread: None

Heap:
 PSYoungGen      total 102400K, used 38763K [0x00000000eab00000, 0x00000000f1300000, 0x0000000100000000)
  eden space 98304K, 35% used [0x00000000eab00000,0x00000000ecce1850,0x00000000f0b00000)
  from space 4096K, 99% used [0x00000000f0b00000,0x00000000f0ef9660,0x00000000f0f00000)
  to   space 4096K, 0% used [0x00000000f0f00000,0x00000000f0f00000,0x00000000f1300000)
 ParOldGen       total 65536K, used 33001K [0x00000000c0000000, 0x00000000c4000000, 0x00000000eab00000)
  object space 65536K, 50% used [0x00000000c0000000,0x00000000c203a758,0x00000000c4000000)
 Metaspace       used 6370K, capacity 7152K, committed 7296K, reserved 1056768K
  class space    used 602K, capacity 616K, committed 640K, reserved 1048576K

Card table byte_map: [0x0000000011ac0000,0x0000000011cd0000] byte_map_base: 0x00000000114c0000

Marking Bits: (ParMarkBitMap*) 0x0000000070b9a5b0
 Begin Bits: [0x0000000012b60000, 0x0000000013b60000)
 End Bits:   [0x0000000013b60000, 0x0000000014b60000)

Polling page: 0x0000000000330000

CodeCache: size=245760Kb used=7940Kb max_used=7952Kb free=237819Kb
 bounds [0x0000000002700000, 0x0000000002ed0000, 0x0000000011700000]
 total_blobs=2252 nmethods=1981 adapters=182
 compilation: enabled

Compilation events (10 events):
Event: 5.390 Thread 0x0000000056911000 nmethod 2143 0x0000000002eb5ad0 code [0x0000000002eb5c20, 0x0000000002eb5eb8]
Event: 5.390 Thread 0x0000000056911000 2084       4       com.android.dx.ssa.Dominators::run (506 bytes)
Event: 5.421 Thread 0x0000000056964000 2171       2       com.android.dx.cf.code.ByteCatchList$Item::<init> (69 bytes)
Event: 5.422 Thread 0x0000000056964000 nmethod 2171 0x0000000002eb5410 code [0x0000000002eb55a0, 0x0000000002eb5908]
Event: 5.439 Thread 0x0000000056964000 2172       2       com.android.dx.cf.direct.DirectClassFile::parse0 (901 bytes)
Event: 5.450 Thread 0x0000000056964000 nmethod 2172 0x0000000002ebcd90 code [0x0000000002ebd660, 0x0000000002ec0fe8]
Event: 5.462 Thread 0x0000000056964000 2174       2       java.util.concurrent.locks.ReentrantLock$Sync::nonfairTryAcquire (67 bytes)
Event: 5.462 Thread 0x0000000056964000 nmethod 2174 0x0000000002eb4e90 code [0x0000000002eb5000, 0x0000000002eb5288]
Event: 5.486 Thread 0x0000000056911000 nmethod 2084 0x0000000002ec9a90 code [0x0000000002ec9d20, 0x0000000002ecb830]
Event: 5.486 Thread 0x0000000056911000 2173       4       java.util.HashMap::getNode (148 bytes)

GC Heap History (10 events):
Event: 1.084 GC heap before
{Heap before GC invocations=1 (full 0):
 PSYoungGen      total 28672K, used 24576K [0x00000000eab00000, 0x00000000ecb00000, 0x0000000100000000)
  eden space 24576K, 100% used [0x00000000eab00000,0x00000000ec300000,0x00000000ec300000)
  from space 4096K, 0% used [0x00000000ec700000,0x00000000ec700000,0x00000000ecb00000)
  to   space 4096K, 0% used [0x00000000ec300000,0x00000000ec300000,0x00000000ec700000)
 ParOldGen       total 65536K, used 0K [0x00000000c0000000, 0x00000000c4000000, 0x00000000eab00000)
  object space 65536K, 0% used [0x00000000c0000000,0x00000000c0000000,0x00000000c4000000)
 Metaspace       used 5598K, capacity 6576K, committed 6784K, reserved 1056768K
  class space    used 596K, capacity 616K, committed 640K, reserved 1048576K
Event: 1.326 GC heap after
Heap after GC invocations=1 (full 0):
 PSYoungGen      total 28672K, used 3762K [0x00000000eab00000, 0x00000000ee300000, 0x0000000100000000)
  eden space 24576K, 0% used [0x00000000eab00000,0x00000000eab00000,0x00000000ec300000)
  from space 4096K, 91% used [0x00000000ec300000,0x00000000ec6acb78,0x00000000ec700000)
  to   space 4096K, 0% used [0x00000000edf00000,0x00000000edf00000,0x00000000ee300000)
 ParOldGen       total 65536K, used 8K [0x00000000c0000000, 0x00000000c4000000, 0x00000000eab00000)
  object space 65536K, 0% used [0x00000000c0000000,0x00000000c0002000,0x00000000c4000000)
 Metaspace       used 5598K, capacity 6576K, committed 6784K, reserved 1056768K
  class space    used 596K, capacity 616K, committed 640K, reserved 1048576K
}
Event: 1.991 GC heap before
{Heap before GC invocations=2 (full 0):
 PSYoungGen      total 28672K, used 28338K [0x00000000eab00000, 0x00000000ee300000, 0x0000000100000000)
  eden space 24576K, 100% used [0x00000000eab00000,0x00000000ec300000,0x00000000ec300000)
  from space 4096K, 91% used [0x00000000ec300000,0x00000000ec6acb78,0x00000000ec700000)
  to   space 4096K, 0% used [0x00000000edf00000,0x00000000edf00000,0x00000000ee300000)
 ParOldGen       total 65536K, used 8K [0x00000000c0000000, 0x00000000c4000000, 0x00000000eab00000)
  object space 65536K, 0% used [0x00000000c0000000,0x00000000c0002000,0x00000000c4000000)
 Metaspace       used 6015K, capacity 6896K, committed 7040K, reserved 1056768K
  class space    used 601K, capacity 616K, committed 640K, reserved 1048576K
Event: 2.113 GC heap after
Heap after GC invocations=2 (full 0):
 PSYoungGen      total 53248K, used 4064K [0x00000000eab00000, 0x00000000ee300000, 0x0000000100000000)
  eden space 49152K, 0% used [0x00000000eab00000,0x00000000eab00000,0x00000000edb00000)
  from space 4096K, 99% used [0x00000000edf00000,0x00000000ee2f8090,0x00000000ee300000)
  to   space 4096K, 0% used [0x00000000edb00000,0x00000000edb00000,0x00000000edf00000)
 ParOldGen       total 65536K, used 2147K [0x00000000c0000000, 0x00000000c4000000, 0x00000000eab00000)
  object space 65536K, 3% used [0x00000000c0000000,0x00000000c0218d20,0x00000000c4000000)
 Metaspace       used 6015K, capacity 6896K, committed 7040K, reserved 1056768K
  class space    used 601K, capacity 616K, committed 640K, reserved 1048576K
}
Event: 2.692 GC heap before
{Heap before GC invocations=3 (full 0):
 PSYoungGen      total 53248K, used 53216K [0x00000000eab00000, 0x00000000ee300000, 0x0000000100000000)
  eden space 49152K, 100% used [0x00000000eab00000,0x00000000edb00000,0x00000000edb00000)
  from space 4096K, 99% used [0x00000000edf00000,0x00000000ee2f8090,0x00000000ee300000)
  to   space 4096K, 0% used [0x00000000edb00000,0x00000000edb00000,0x00000000edf00000)
 ParOldGen       total 65536K, used 2147K [0x00000000c0000000, 0x00000000c4000000, 0x00000000eab00000)
  object space 65536K, 3% used [0x00000000c0000000,0x00000000c0218d20,0x00000000c4000000)
 Metaspace       used 6200K, capacity 7088K, committed 7296K, reserved 1056768K
  class space    used 602K, capacity 616K, committed 640K, reserved 1048576K
Event: 2.708 GC heap after
Heap after GC invocations=3 (full 0):
 PSYoungGen      total 53248K, used 4092K [0x00000000eab00000, 0x00000000f1300000, 0x0000000100000000)
  eden space 49152K, 0% used [0x00000000eab00000,0x00000000eab00000,0x00000000edb00000)
  from space 4096K, 99% used [0x00000000edb00000,0x00000000edeff380,0x00000000edf00000)
  to   space 4096K, 0% used [0x00000000f0f00000,0x00000000f0f00000,0x00000000f1300000)
 ParOldGen       total 65536K, used 9369K [0x00000000c0000000, 0x00000000c4000000, 0x00000000eab00000)
  object space 65536K, 14% used [0x00000000c0000000,0x00000000c09264d8,0x00000000c4000000)
 Metaspace       used 6200K, capacity 7088K, committed 7296K, reserved 1056768K
  class space    used 602K, capacity 616K, committed 640K, reserved 1048576K
}
Event: 3.384 GC heap before
{Heap before GC invocations=4 (full 0):
 PSYoungGen      total 53248K, used 53244K [0x00000000eab00000, 0x00000000f1300000, 0x0000000100000000)
  eden space 49152K, 100% used [0x00000000eab00000,0x00000000edb00000,0x00000000edb00000)
  from space 4096K, 99% used [0x00000000edb00000,0x00000000edeff380,0x00000000edf00000)
  to   space 4096K, 0% used [0x00000000f0f00000,0x00000000f0f00000,0x00000000f1300000)
 ParOldGen       total 65536K, used 9369K [0x00000000c0000000, 0x00000000c4000000, 0x00000000eab00000)
  object space 65536K, 14% used [0x00000000c0000000,0x00000000c09264d8,0x00000000c4000000)
 Metaspace       used 6265K, capacity 7152K, committed 7296K, reserved 1056768K
  class space    used 602K, capacity 616K, committed 640K, reserved 1048576K
Event: 3.758 GC heap after
Heap after GC invocations=4 (full 0):
 PSYoungGen      total 102400K, used 4081K [0x00000000eab00000, 0x00000000f1300000, 0x0000000100000000)
  eden space 98304K, 0% used [0x00000000eab00000,0x00000000eab00000,0x00000000f0b00000)
  from space 4096K, 99% used [0x00000000f0f00000,0x00000000f12fc5d8,0x00000000f1300000)
  to   space 4096K, 0% used [0x00000000f0b00000,0x00000000f0b00000,0x00000000f0f00000)
 ParOldGen       total 65536K, used 16785K [0x00000000c0000000, 0x00000000c4000000, 0x00000000eab00000)
  object space 65536K, 25% used [0x00000000c0000000,0x00000000c1064680,0x00000000c4000000)
 Metaspace       used 6265K, capacity 7152K, committed 7296K, reserved 1056768K
  class space    used 602K, capacity 616K, committed 640K, reserved 1048576K
}
Event: 4.669 GC heap before
{Heap before GC invocations=5 (full 0):
 PSYoungGen      total 102400K, used 102385K [0x00000000eab00000, 0x00000000f1300000, 0x0000000100000000)
  eden space 98304K, 100% used [0x00000000eab00000,0x00000000f0b00000,0x00000000f0b00000)
  from space 4096K, 99% used [0x00000000f0f00000,0x00000000f12fc5d8,0x00000000f1300000)
  to   space 4096K, 0% used [0x00000000f0b00000,0x00000000f0b00000,0x00000000f0f00000)
 ParOldGen       total 65536K, used 16785K [0x00000000c0000000, 0x00000000c4000000, 0x00000000eab00000)
  object space 65536K, 25% used [0x00000000c0000000,0x00000000c1064680,0x00000000c4000000)
 Metaspace       used 6346K, capacity 7152K, committed 7296K, reserved 1056768K
  class space    used 602K, capacity 616K, committed 640K, reserved 1048576K
Event: 5.128 GC heap after
Heap after GC invocations=5 (full 0):
 PSYoungGen      total 102400K, used 4069K [0x00000000eab00000, 0x00000000f1300000, 0x0000000100000000)
  eden space 98304K, 0% used [0x00000000eab00000,0x00000000eab00000,0x00000000f0b00000)
  from space 4096K, 99% used [0x00000000f0b00000,0x00000000f0ef9660,0x00000000f0f00000)
  to   space 4096K, 0% used [0x00000000f0f00000,0x00000000f0f00000,0x00000000f1300000)
 ParOldGen       total 65536K, used 33001K [0x00000000c0000000, 0x00000000c4000000, 0x00000000eab00000)
  object space 65536K, 50% used [0x00000000c0000000,0x00000000c203a758,0x00000000c4000000)
 Metaspace       used 6346K, capacity 7152K, committed 7296K, reserved 1056768K
  class space    used 602K, capacity 616K, committed 640K, reserved 1048576K
}

Deoptimization events (10 events):
Event: 3.912 Thread 0x0000000056c57000 Uncommon trap: reason=bimorphic action=maybe_recompile pc=0x0000000002cf3124 method=com.android.dx.cf.code.BytecodeArray.parseInstruction(ILcom/android/dx/cf/code/BytecodeArray$Visitor;)I @ 1130
Event: 3.914 Thread 0x0000000056c57000 Uncommon trap: reason=bimorphic action=maybe_recompile pc=0x0000000002cf3124 method=com.android.dx.cf.code.BytecodeArray.parseInstruction(ILcom/android/dx/cf/code/BytecodeArray$Visitor;)I @ 1130
Event: 4.199 Thread 0x0000000056c58000 Uncommon trap: reason=unstable_if action=reinterpret pc=0x0000000002dad394 method=com.android.dx.cf.code.Ropper.addOrReplaceBlock(Lcom/android/dx/rop/code/BasicBlock;Lcom/android/dx/util/IntList;)Z @ 24
Event: 4.250 Thread 0x0000000056c57000 Uncommon trap: reason=unstable_if action=reinterpret pc=0x0000000002d5d16c method=com.android.dx.ssa.SCCP.simulateStmt(Lcom/android/dx/ssa/SsaInsn;)V @ 53
Event: 4.257 Thread 0x0000000056c57000 Uncommon trap: reason=bimorphic action=maybe_recompile pc=0x0000000002d7f47c method=com.android.dx.rop.code.RegisterSpec.withSimpleType()Lcom/android/dx/rop/code/RegisterSpec; @ 21
Event: 4.258 Thread 0x0000000056c57000 Uncommon trap: reason=class_check action=maybe_recompile pc=0x0000000002b261f4 method=java.util.HashMap.putVal(ILjava/lang/Object;Ljava/lang/Object;ZZ)Ljava/lang/Object; @ 203
Event: 4.259 Thread 0x0000000056c57000 Uncommon trap: reason=bimorphic action=maybe_recompile pc=0x0000000002d7f47c method=com.android.dx.rop.code.RegisterSpec.withSimpleType()Lcom/android/dx/rop/code/RegisterSpec; @ 21
Event: 4.529 Thread 0x0000000058b22800 Uncommon trap: reason=unstable_if action=reinterpret pc=0x0000000002be4d24 method=com.android.dx.rop.code.LocalItem.compareHandlesNulls(Lcom/android/dx/rop/cst/CstString;Lcom/android/dx/rop/cst/CstString;)I @ 14
Event: 4.653 Thread 0x0000000056c57000 Uncommon trap: reason=bimorphic action=maybe_recompile pc=0x0000000002d7f47c method=com.android.dx.rop.code.RegisterSpec.withSimpleType()Lcom/android/dx/rop/code/RegisterSpec; @ 21
Event: 4.653 Thread 0x0000000056c57000 Uncommon trap: reason=bimorphic action=maybe_recompile pc=0x0000000002d7f47c method=com.android.dx.rop.code.RegisterSpec.withSimpleType()Lcom/android/dx/rop/code/RegisterSpec; @ 21

Internal exceptions (3 events):
Event: 0.159 Thread 0x000000000036e000 Exception <a 'java/lang/NoSuchMethodError': Method sun.misc.Unsafe.defineClass(Ljava/lang/String;[BII)Ljava/lang/Class; name or signature does not match> (0x00000000eab0d978) thrown at [C:\re\workspace\8-2-build-windows-amd64-cygwin\jdk8u60\4407\hotspot\srFZ”§óeÄ?
Event: 0.159 Thread 0x000000000036e000 Exception <a 'java/lang/NoSuchMethodError': Method sun.misc.Unsafe.prefetchRead(Ljava/lang/Object;J)V name or signature does not match> (0x00000000eab0dc60) thrown at [C:\re\workspace\8-2-build-windows-amd64-cygwin\jdk8u60\4407\hotspot\src\share\vm\prims\jŽT·.ƒ@
Event: 4.529 Thread 0x0000000058b22800 Implicit null exception at 0x0000000002be37ab to 0x0000000002be4cf5

Events (10 events):
Event: 4.653 Thread 0x0000000056c57000 Uncommon trap: trap_request=0xffffffc6 fr.pc=0x0000000002d7f47c
Event: 4.653 Thread 0x0000000056c57000 DEOPT PACKING pc=0x0000000002d7f47c sp=0x00000000597febe0
Event: 4.653 Thread 0x0000000056c57000 DEOPT UNPACKING pc=0x000000000274582a sp=0x00000000597feb78 mode 2
Event: 4.653 Thread 0x0000000056c57000 Uncommon trap: trap_request=0xffffffc6 fr.pc=0x0000000002d7f47c
Event: 4.653 Thread 0x0000000056c57000 DEOPT PACKING pc=0x0000000002d7f47c sp=0x00000000597febe0
Event: 4.653 Thread 0x0000000056c57000 DEOPT UNPACKING pc=0x000000000274582a sp=0x00000000597feb78 mode 2
Event: 4.668 Executing VM operation: ParallelGCFailedAllocation
Event: 5.128 Executing VM operation: ParallelGCFailedAllocation done
Event: 5.479 Thread 0x0000000056c57000 DEOPT PACKING pc=0x0000000002a974a6 sp=0x00000000597fe8d0
Event: 5.480 Thread 0x0000000056c57000 DEOPT UNPACKING pc=0x000000000274787f sp=0x00000000597fe5f8 mode 0


Dynamic libraries:
0x000000013feb0000 - 0x000000013fee7000 	C:\Program Files\Java\jdk1.8.0_60\bin\java.exe
0x0000000076f30000 - 0x00000000770d9000 	C:\Windows\SYSTEM32\ntdll.dll
0x0000000076d10000 - 0x0000000076e2f000 	C:\Windows\system32\kernel32.dll
0x000007fefd070000 - 0x000007fefd0db000 	C:\Windows\system32\KERNELBASE.dll
0x000007fefd7a0000 - 0x000007fefd87b000 	C:\Windows\system32\ADVAPI32.dll
0x000007fefec70000 - 0x000007fefed0f000 	C:\Windows\system32\msvcrt.dll
0x000007fefef20000 - 0x000007fefef3f000 	C:\Windows\SYSTEM32\sechost.dll
0x000007fefd260000 - 0x000007fefd38d000 	C:\Windows\system32\RPCRT4.dll
0x0000000076e30000 - 0x0000000076f2a000 	C:\Windows\system32\USER32.dll
0x000007fefd9d0000 - 0x000007fefda37000 	C:\Windows\system32\GDI32.dll
0x000007fefd790000 - 0x000007fefd79e000 	C:\Windows\system32\LPK.dll
0x000007fefef40000 - 0x000007feff009000 	C:\Windows\system32\USP10.dll
0x000007fefb920000 - 0x000007fefbb14000 	C:\Windows\WinSxS\amd64_microsoft.windows.common-controls_6595b64144ccf1df_6.0.7601.17514_none_fa396087175ac9ac\COMCTL32.dll
0x000007fefea30000 - 0x000007fefeaa1000 	C:\Windows\system32\SHLWAPI.dll
0x000007fefebf0000 - 0x000007fefec1e000 	C:\Windows\system32\IMM32.DLL
0x000007feff130000 - 0x000007feff239000 	C:\Windows\system32\MSCTF.dll
0x0000000077360000 - 0x0000000077432000 	C:\Program Files\Java\jdk1.8.0_60\jre\bin\msvcr100.dll
0x0000000070390000 - 0x0000000070c19000 	C:\Program Files\Java\jdk1.8.0_60\jre\bin\server\jvm.dll
0x000007fef0f90000 - 0x000007fef0f99000 	C:\Windows\system32\WSOCK32.dll
0x000007fefec20000 - 0x000007fefec6d000 	C:\Windows\system32\WS2_32.dll
0x000007fefd250000 - 0x000007fefd258000 	C:\Windows\system32\NSI.dll
0x000007fefb480000 - 0x000007fefb4bb000 	C:\Windows\system32\WINMM.dll
0x000007fefbfe0000 - 0x000007fefbfec000 	C:\Windows\system32\VERSION.dll
0x0000000077100000 - 0x0000000077107000 	C:\Windows\system32\PSAPI.DLL
0x0000000069340000 - 0x000000006934f000 	C:\Program Files\Java\jdk1.8.0_60\jre\bin\verify.dll
0x00000000644d0000 - 0x00000000644f9000 	C:\Program Files\Java\jdk1.8.0_60\jre\bin\java.dll
0x00000000644a0000 - 0x00000000644b6000 	C:\Program Files\Java\jdk1.8.0_60\jre\bin\zip.dll
0x000007fefda40000 - 0x000007fefe7c8000 	C:\Windows\system32\SHELL32.dll
0x000007fefed10000 - 0x000007fefef13000 	C:\Windows\system32\ole32.dll
0x000007fefce80000 - 0x000007fefce8f000 	C:\Windows\system32\profapi.dll

VM Arguments:
jvm_args: -Djava.awt.headless=true -Xmx1024M -Dfile.encoding=windows-1252 -Duser.country=US -Duser.language=en -Duser.variant 
java_command: com.android.dx.command.Main --dex --force-jumbo --num-threads=4 --multi-dex --output D:\project\AndroidStudioProjects\PersonalUtilitiesForLife\app\build\intermediates\transforms\dex\debug\folders\1000\10\com.android.support-support-v4-23.4.0_6fadf15d9745d9003036b551226c64a74b02b17e D:\project\AndroidStudioProjects\PersonalUtilitiesForLife\app\build\intermediates\exploded-aar\com.android.support\support-v4\23.4.0\jars\classes.jar
java_class_path (initial): D:\Android\sdk\build-tools\23.0.3\lib\dx.jar
Launcher Type: SUN_STANDARD

Environment Variables:
JAVA_HOME=C:\Program Files\Java\jdk1.8.0_60
PATH=C:\ProgramData\Oracle\Java\javapath;C:\Program Files\Common Files\Microsoft Shared\Windows Live;C:\Program Files (x86)\HP SimplePass\x64;C:\Program Files (x86)\HP SimplePass\;;C:\Windows\system32;C:\Windows;C:\Windows\System32\Wbem;C:\Windows\System32\WindowsPowerShell\v1.0\;C:\Program Files (x86)\Java\jdk1.7.0_09\bin;C:\Strawberry\c\bin;C:\Strawberry\perl\site\bin;C:\Strawberry\perl\bin;C:\Program Files (x86)\Intel\OpenCL SDK\2.0\bin\x86;C:\Program Files (x86)\Intel\OpenCL SDK\2.0\bin\x64;C:\PROGRA~2\PICC;C:\Program Files (x86)\Microchip\xc16\v1.25\bin;C:\Program Files (x86)\Microchip\xc8\v1.35\bin;C:\Program Files\Java\jre1.8.0_65\bin;C:\Program Files\Java\jdk1.8.0_60\jre\bin;D:\Android\sdk\platform-tools;C:\Program Files\Common Files\Microsoft Shared\Windows Live;C:\Program Files\Java\jre1.8.0_65\bin
USERNAME=Nhut
OS=Windows_NT
PROCESSOR_IDENTIFIER=Intel64 Family 6 Model 42 Stepping 7, GenuineIntel



---------------  S Y S T E M  ---------------

OS: Windows 7 , 64 bit Build 7601 (6.1.7601.17514)

CPU:total 8 (4 cores per cpu, 2 threads per core) family 6 model 42 stepping 7, cmov, cx8, fxsr, mmx, sse, sse2, sse3, ssse3, sse4.1, sse4.2, popcnt, avx, aes, clmul, ht, tsc, tscinvbit

Memory: 4k page, physical 6238064k(488696k free), swap 8333368k(5172k free)

vm_info: Java HotSpot(TM) 64-Bit Server VM (25.60-b23) for windows-amd64 JRE (1.8.0_60-b27), built on Aug  4 2015 11:06:27 by "java_re" with MS VC++ 10.0 (VS2010)

time: Sun Jun 26 11:05:52 2016
elapsed time: 5 seconds (0d 0h 0m 5s)

