#
# There is insufficient memory for the Java Runtime Environment to continue.
# Native memory allocation (malloc) failed to allocate 452656 bytes for Chunk::new
# Possible reasons:
#   The system is out of physical RAM or swap space
#   In 32 bit mode, the process size limit was hit
# Possible solutions:
#   Reduce memory load on the system
#   Increase physical memory or swap space
#   Check if swap backing store is full
#   Use 64 bit Java on a 64 bit OS
#   Decrease Java heap size (-Xmx/-Xms)
#   Decrease number of Java threads
#   Decrease Java thread stack sizes (-Xss)
#   Set larger code cache with -XX:ReservedCodeCacheSize=
# This output file may be truncated or incomplete.
#
#  Out of Memory Error (allocation.cpp:390), pid=9336, tid=11952
#
# JRE version: Java(TM) SE Runtime Environment (8.0_60-b27) (build 1.8.0_60-b27)
# Java VM: Java HotSpot(TM) 64-Bit Server VM (25.60-b23 mixed mode windows-amd64 compressed oops)
# Failed to write core dump. Minidumps are not enabled by default on client versions of Windows
#

---------------  T H R E A D  ---------------

Current thread (0x0000000016831000):  JavaThread "C2 CompilerThread2" daemon [_thread_in_native, id=11952, stack(0x0000000017f80000,0x0000000018080000)]

Stack: [0x0000000017f80000,0x0000000018080000]
[error occurred during error reporting (printing stack bounds), id 0xc0000005]

Native frames: (J=compiled Java code, j=interpreted, Vv=VM code, C=native code)


Current CompileTask:
C2:   3331 1947       4       com.android.dx.rop.cst.CstBaseMethodRef::getPrototype (41 bytes)


---------------  P R O C E S S  ---------------

Java Threads: ( => current thread )
  0x0000000016980800 JavaThread "pool-1-thread-1" [_thread_in_native, id=11740, stack(0x0000000018450000,0x0000000018550000)]
  0x00000000168be800 JavaThread "Service Thread" daemon [_thread_blocked, id=2600, stack(0x0000000018240000,0x0000000018340000)]
  0x000000001684b000 JavaThread "C1 CompilerThread3" daemon [_thread_blocked, id=4144, stack(0x00000000180d0000,0x00000000181d0000)]
=>0x0000000016831000 JavaThread "C2 CompilerThread2" daemon [_thread_in_native, id=11952, stack(0x0000000017f80000,0x0000000018080000)]
  0x000000001682a000 JavaThread "C2 CompilerThread1" daemon [_thread_in_native, id=8704, stack(0x0000000017d30000,0x0000000017e30000)]
  0x0000000016822800 JavaThread "C2 CompilerThread0" daemon [_thread_blocked, id=7688, stack(0x0000000017e30000,0x0000000017f30000)]
  0x0000000016821000 JavaThread "Attach Listener" daemon [_thread_blocked, id=6376, stack(0x0000000017770000,0x0000000017870000)]
  0x0000000016820000 JavaThread "Signal Dispatcher" daemon [_thread_blocked, id=10456, stack(0x0000000017c10000,0x0000000017d10000)]
  0x000000001576a800 JavaThread "Finalizer" daemon [_thread_blocked, id=11732, stack(0x0000000017ad0000,0x0000000017bd0000)]
  0x00000000167d3800 JavaThread "Reference Handler" daemon [_thread_blocked, id=8244, stack(0x00000000178a0000,0x00000000179a0000)]
  0x000000000212e000 JavaThread "main" [_thread_blocked, id=8932, stack(0x0000000002440000,0x0000000002540000)]

Other Threads:
  0x00000000167d2000 VMThread [stack: 0x0000000012980000,0x0000000012a80000] [id=3272]
  0x00000000168c3800 WatcherThread [stack: 0x00000000179c0000,0x0000000017ac0000] [id=11920]

VM state:not at safepoint (normal execution)

VM Mutex/Monitor currently owned by a thread: None

Heap:
 PSYoungGen      total 102400K, used 46849K [0x00000000eab00000, 0x00000000f1300000, 0x0000000100000000)
  eden space 98304K, 47% used [0x00000000eab00000,0x00000000ed8c05f8,0x00000000f0b00000)
  from space 4096K, 0% used [0x00000000f0f00000,0x00000000f0f00000,0x00000000f1300000)
  to   space 4096K, 0% used [0x00000000f0b00000,0x00000000f0b00000,0x00000000f0f00000)
 ParOldGen       total 79872K, used 23058K [0x00000000c0000000, 0x00000000c4e00000, 0x00000000eab00000)
  object space 79872K, 28% used [0x00000000c0000000,0x00000000c1684bb8,0x00000000c4e00000)
 Metaspace       used 6404K, capacity 7320K, committed 7680K, reserved 1056768K
  class space    used 626K, capacity 656K, committed 768K, reserved 1048576K

Card table byte_map: [0x0000000011bd0000,0x0000000011de0000] byte_map_base: 0x00000000115d0000

Marking Bits: (ParMarkBitMap*) 0x00000000542da5b0
 Begin Bits: [0x0000000012b80000, 0x0000000013b80000)
 End Bits:   [0x0000000013b80000, 0x0000000014b80000)

Polling page: 0x0000000001b60000

CodeCache: size=245760Kb used=7536Kb max_used=7541Kb free=238223Kb
 bounds [0x0000000002810000, 0x0000000002f80000, 0x0000000011810000]
 total_blobs=2138 nmethods=1869 adapters=182
 compilation: enabled

Compilation events (10 events):
Event: 3.278 Thread 0x000000001684b000 nmethod 1952 0x0000000002f56f50 code [0x0000000002f57120, 0x0000000002f578f8]
Event: 3.278 Thread 0x000000001684b000 1953       3       com.android.dx.dex.code.DalvInsnList::getOutsSize (105 bytes)
Event: 3.279 Thread 0x000000001684b000 nmethod 1953 0x0000000002f57d10 code [0x0000000002f57f00, 0x0000000002f58d08]
Event: 3.279 Thread 0x000000001684b000 1954       3       com.android.dx.dex.code.InsnFormat::write (13 bytes)
Event: 3.280 Thread 0x000000001684b000 nmethod 1954 0x0000000002f55890 code [0x0000000002f55a20, 0x0000000002f55d08]
Event: 3.282 Thread 0x000000001684b000 1955   !   3       com.android.dx.dex.code.DalvInsnList::writeTo (254 bytes)
Event: 3.287 Thread 0x000000001684b000 nmethod 1955 0x0000000002f59110 code [0x0000000002f595a0, 0x0000000002f5c5f8]
Event: 3.288 Thread 0x000000001684b000 1956 % !   3       com.android.dx.dex.code.DalvInsnList::writeTo @ 132 (254 bytes)
Event: 3.292 Thread 0x000000001684b000 nmethod 1956% 0x0000000002f5df10 code [0x0000000002f5e3a0, 0x0000000002f614b8]
Event: 3.292 Thread 0x000000001682a000 1957       4       com.android.dx.dex.code.InsnFormat::makeByte (42 bytes)

GC Heap History (10 events):
Event: 1.102 GC heap before
{Heap before GC invocations=1 (full 0):
 PSYoungGen      total 28672K, used 24576K [0x00000000eab00000, 0x00000000ecb00000, 0x0000000100000000)
  eden space 24576K, 100% used [0x00000000eab00000,0x00000000ec300000,0x00000000ec300000)
  from space 4096K, 0% used [0x00000000ec700000,0x00000000ec700000,0x00000000ecb00000)
  to   space 4096K, 0% used [0x00000000ec300000,0x00000000ec300000,0x00000000ec700000)
 ParOldGen       total 65536K, used 0K [0x00000000c0000000, 0x00000000c4000000, 0x00000000eab00000)
  object space 65536K, 0% used [0x00000000c0000000,0x00000000c0000000,0x00000000c4000000)
 Metaspace       used 5593K, capacity 6768K, committed 7040K, reserved 1056768K
  class space    used 579K, capacity 616K, committed 640K, reserved 1048576K
Event: 1.220 GC heap after
Heap after GC invocations=1 (full 0):
 PSYoungGen      total 28672K, used 4076K [0x00000000eab00000, 0x00000000ee300000, 0x0000000100000000)
  eden space 24576K, 0% used [0x00000000eab00000,0x00000000eab00000,0x00000000ec300000)
  from space 4096K, 99% used [0x00000000ec300000,0x00000000ec6fb238,0x00000000ec700000)
  to   space 4096K, 0% used [0x00000000edf00000,0x00000000edf00000,0x00000000ee300000)
 ParOldGen       total 65536K, used 1963K [0x00000000c0000000, 0x00000000c4000000, 0x00000000eab00000)
  object space 65536K, 2% used [0x00000000c0000000,0x00000000c01eaea8,0x00000000c4000000)
 Metaspace       used 5593K, capacity 6768K, committed 7040K, reserved 1056768K
  class space    used 579K, capacity 616K, committed 640K, reserved 1048576K
}
Event: 1.421 GC heap before
{Heap before GC invocations=2 (full 0):
 PSYoungGen      total 28672K, used 28652K [0x00000000eab00000, 0x00000000ee300000, 0x0000000100000000)
  eden space 24576K, 100% used [0x00000000eab00000,0x00000000ec300000,0x00000000ec300000)
  from space 4096K, 99% used [0x00000000ec300000,0x00000000ec6fb238,0x00000000ec700000)
  to   space 4096K, 0% used [0x00000000edf00000,0x00000000edf00000,0x00000000ee300000)
 ParOldGen       total 65536K, used 1963K [0x00000000c0000000, 0x00000000c4000000, 0x00000000eab00000)
  object space 65536K, 2% used [0x00000000c0000000,0x00000000c01eaea8,0x00000000c4000000)
 Metaspace       used 5658K, capacity 6768K, committed 7040K, reserved 1056768K
  class space    used 580K, capacity 616K, committed 640K, reserved 1048576K
Event: 1.454 GC heap after
Heap after GC invocations=2 (full 0):
 PSYoungGen      total 53248K, used 4073K [0x00000000eab00000, 0x00000000ee300000, 0x0000000100000000)
  eden space 49152K, 0% used [0x00000000eab00000,0x00000000eab00000,0x00000000edb00000)
  from space 4096K, 99% used [0x00000000edf00000,0x00000000ee2fa758,0x00000000ee300000)
  to   space 4096K, 0% used [0x00000000edb00000,0x00000000edb00000,0x00000000edf00000)
 ParOldGen       total 65536K, used 13764K [0x00000000c0000000, 0x00000000c4000000, 0x00000000eab00000)
  object space 65536K, 21% used [0x00000000c0000000,0x00000000c0d713f0,0x00000000c4000000)
 Metaspace       used 5658K, capacity 6768K, committed 7040K, reserved 1056768K
  class space    used 580K, capacity 616K, committed 640K, reserved 1048576K
}
Event: 1.837 GC heap before
{Heap before GC invocations=3 (full 0):
 PSYoungGen      total 53248K, used 53225K [0x00000000eab00000, 0x00000000ee300000, 0x0000000100000000)
  eden space 49152K, 100% used [0x00000000eab00000,0x00000000edb00000,0x00000000edb00000)
  from space 4096K, 99% used [0x00000000edf00000,0x00000000ee2fa758,0x00000000ee300000)
  to   space 4096K, 0% used [0x00000000edb00000,0x00000000edb00000,0x00000000edf00000)
 ParOldGen       total 65536K, used 13764K [0x00000000c0000000, 0x00000000c4000000, 0x00000000eab00000)
  object space 65536K, 21% used [0x00000000c0000000,0x00000000c0d713f0,0x00000000c4000000)
 Metaspace       used 5765K, capacity 6896K, committed 7040K, reserved 1056768K
  class space    used 581K, capacity 616K, committed 640K, reserved 1048576K
Event: 1.901 GC heap after
Heap after GC invocations=3 (full 0):
 PSYoungGen      total 53248K, used 4090K [0x00000000eab00000, 0x00000000f1300000, 0x0000000100000000)
  eden space 49152K, 0% used [0x00000000eab00000,0x00000000eab00000,0x00000000edb00000)
  from space 4096K, 99% used [0x00000000edb00000,0x00000000edefe9f8,0x00000000edf00000)
  to   space 4096K, 0% used [0x00000000f0f00000,0x00000000f0f00000,0x00000000f1300000)
 ParOldGen       total 65536K, used 28925K [0x00000000c0000000, 0x00000000c4000000, 0x00000000eab00000)
  object space 65536K, 44% used [0x00000000c0000000,0x00000000c1c3f710,0x00000000c4000000)
 Metaspace       used 5765K, capacity 6896K, committed 7040K, reserved 1056768K
  class space    used 581K, capacity 616K, committed 640K, reserved 1048576K
}
Event: 2.262 GC heap before
{Heap before GC invocations=4 (full 0):
 PSYoungGen      total 53248K, used 53242K [0x00000000eab00000, 0x00000000f1300000, 0x0000000100000000)
  eden space 49152K, 100% used [0x00000000eab00000,0x00000000edb00000,0x00000000edb00000)
  from space 4096K, 99% used [0x00000000edb00000,0x00000000edefe9f8,0x00000000edf00000)
  to   space 4096K, 0% used [0x00000000f0f00000,0x00000000f0f00000,0x00000000f1300000)
 ParOldGen       total 65536K, used 28925K [0x00000000c0000000, 0x00000000c4000000, 0x00000000eab00000)
  object space 65536K, 44% used [0x00000000c0000000,0x00000000c1c3f710,0x00000000c4000000)
 Metaspace       used 5833K, capacity 6960K, committed 7040K, reserved 1056768K
  class space    used 581K, capacity 616K, committed 640K, reserved 1048576K
Event: 2.325 GC heap after
Heap after GC invocations=4 (full 0):
 PSYoungGen      total 102400K, used 4073K [0x00000000eab00000, 0x00000000f1300000, 0x0000000100000000)
  eden space 98304K, 0% used [0x00000000eab00000,0x00000000eab00000,0x00000000f0b00000)
  from space 4096K, 99% used [0x00000000f0f00000,0x00000000f12fa668,0x00000000f1300000)
  to   space 4096K, 0% used [0x00000000f0b00000,0x00000000f0b00000,0x00000000f0f00000)
 ParOldGen       total 65536K, used 46009K [0x00000000c0000000, 0x00000000c4000000, 0x00000000eab00000)
  object space 65536K, 70% used [0x00000000c0000000,0x00000000c2cee750,0x00000000c4000000)
 Metaspace       used 5833K, capacity 6960K, committed 7040K, reserved 1056768K
  class space    used 581K, capacity 616K, committed 640K, reserved 1048576K
}
Event: 2.325 GC heap before
{Heap before GC invocations=5 (full 1):
 PSYoungGen      total 102400K, used 4073K [0x00000000eab00000, 0x00000000f1300000, 0x0000000100000000)
  eden space 98304K, 0% used [0x00000000eab00000,0x00000000eab00000,0x00000000f0b00000)
  from space 4096K, 99% used [0x00000000f0f00000,0x00000000f12fa668,0x00000000f1300000)
  to   space 4096K, 0% used [0x00000000f0b00000,0x00000000f0b00000,0x00000000f0f00000)
 ParOldGen       total 65536K, used 46009K [0x00000000c0000000, 0x00000000c4000000, 0x00000000eab00000)
  object space 65536K, 70% used [0x00000000c0000000,0x00000000c2cee750,0x00000000c4000000)
 Metaspace       used 5833K, capacity 6960K, committed 7040K, reserved 1056768K
  class space    used 581K, capacity 616K, committed 640K, reserved 1048576K
Event: 2.496 GC heap after
Heap after GC invocations=5 (full 1):
 PSYoungGen      total 102400K, used 0K [0x00000000eab00000, 0x00000000f1300000, 0x0000000100000000)
  eden space 98304K, 0% used [0x00000000eab00000,0x00000000eab00000,0x00000000f0b00000)
  from space 4096K, 0% used [0x00000000f0f00000,0x00000000f0f00000,0x00000000f1300000)
  to   space 4096K, 0% used [0x00000000f0b00000,0x00000000f0b00000,0x00000000f0f00000)
 ParOldGen       total 79872K, used 23058K [0x00000000c0000000, 0x00000000c4e00000, 0x00000000eab00000)
  object space 79872K, 28% used [0x00000000c0000000,0x00000000c1684bb8,0x00000000c4e00000)
 Metaspace       used 5833K, capacity 6960K, committed 7040K, reserved 1056768K
  class space    used 581K, capacity 616K, committed 640K, reserved 1048576K
}

Deoptimization events (10 events):
Event: 2.937 Thread 0x0000000016980800 Uncommon trap: reason=class_check action=maybe_recompile pc=0x0000000002add1ac method=java.util.Arrays.equals([Ljava/lang/Object;[Ljava/lang/Object;)Z @ 62
Event: 2.937 Thread 0x0000000016980800 Uncommon trap: reason=speculate_class_check action=maybe_recompile pc=0x0000000002b1e228 method=com.android.dx.util.FixedSizeList.equals(Ljava/lang/Object;)Z @ 25
Event: 2.937 Thread 0x0000000016980800 Uncommon trap: reason=class_check action=maybe_recompile pc=0x0000000002add1ac method=java.util.Arrays.equals([Ljava/lang/Object;[Ljava/lang/Object;)Z @ 62
Event: 2.937 Thread 0x0000000016980800 Uncommon trap: reason=speculate_class_check action=maybe_recompile pc=0x0000000002b1e228 method=com.android.dx.util.FixedSizeList.equals(Ljava/lang/Object;)Z @ 25
Event: 2.937 Thread 0x0000000016980800 Uncommon trap: reason=class_check action=maybe_recompile pc=0x0000000002add1ac method=java.util.Arrays.equals([Ljava/lang/Object;[Ljava/lang/Object;)Z @ 62
Event: 2.937 Thread 0x0000000016980800 Uncommon trap: reason=speculate_class_check action=maybe_recompile pc=0x0000000002b1e228 method=com.android.dx.util.FixedSizeList.equals(Ljava/lang/Object;)Z @ 25
Event: 2.937 Thread 0x0000000016980800 Uncommon trap: reason=class_check action=maybe_recompile pc=0x0000000002add1ac method=java.util.Arrays.equals([Ljava/lang/Object;[Ljava/lang/Object;)Z @ 62
Event: 3.144 Thread 0x0000000016980800 Uncommon trap: reason=unstable_if action=reinterpret pc=0x0000000002eb5308 method=com.android.dx.dex.code.LocalList$MakeState.snapshot(ILcom/android/dx/rop/code/RegisterSpecSet;)V @ 51
Event: 3.211 Thread 0x0000000016980800 Uncommon trap: reason=unstable_if action=reinterpret pc=0x0000000002f078cc method=com.android.dx.util.ByteArrayAnnotatedOutput.ensureCapacity(I)V @ 6
Event: 3.226 Thread 0x0000000016980800 Uncommon trap: reason=unstable_if action=reinterpret pc=0x0000000002f1c648 method=com.android.dx.util.ByteArrayAnnotatedOutput.writeByte(I)V @ 13

Internal exceptions (4 events):
Event: 0.050 Thread 0x000000000212e000 Exception <a 'java/lang/NoSuchMethodError': Method sun.misc.Unsafe.defineClass(Ljava/lang/String;[BII)Ljava/lang/Class; name or signature does not match> (0x00000000eab0d750) thrown at [C:\re\workspace\8-2-build-windows-amd64-cygwin\jdk8u60\4407\hotspot\sr£Â Ú”©?
Event: 0.050 Thread 0x000000000212e000 Exception <a 'java/lang/NoSuchMethodError': Method sun.misc.Unsafe.prefetchRead(Ljava/lang/Object;J)V name or signature does not match> (0x00000000eab0da38) thrown at [C:\re\workspace\8-2-build-windows-amd64-cygwin\jdk8u60\4407\hotspot\src\share\vm\prims\j^¨`†ó?
Event: 1.220 Thread 0x0000000016980800 Implicit null exception at 0x0000000002ad43a4 to 0x0000000002ad5fed
Event: 1.221 Thread 0x0000000016980800 Implicit null exception at 0x0000000002abebda to 0x0000000002ac061d

Events (10 events):
Event: 3.211 Thread 0x0000000016980800 DEOPT UNPACKING pc=0x000000000285582a sp=0x000000001854e9c8 mode 2
Event: 3.220 loading class com/android/dx/dex/file/MapItem
Event: 3.220 loading class com/android/dx/dex/file/MapItem done
Event: 3.221 loading class com/android/dx/dex/file/UniformListItem
Event: 3.221 loading class com/android/dx/dex/file/UniformListItem done
Event: 3.226 loading class com/android/dex/DexFormat
Event: 3.226 loading class com/android/dex/DexFormat done
Event: 3.226 Thread 0x0000000016980800 Uncommon trap: trap_request=0xffffff65 fr.pc=0x0000000002f1c648
Event: 3.226 Thread 0x0000000016980800 DEOPT PACKING pc=0x0000000002f1c648 sp=0x000000001854ebf0
Event: 3.226 Thread 0x0000000016980800 DEOPT UNPACKING pc=0x000000000285582a sp=0x000000001854ebd8 mode 2


Dynamic libraries:
0x000000013f140000 - 0x000000013f177000 	C:\Program Files\Java\jdk1.8.0_60\bin\java.exe
0x0000000077280000 - 0x0000000077429000 	C:\Windows\SYSTEM32\ntdll.dll
0x0000000077160000 - 0x000000007727f000 	C:\Windows\system32\kernel32.dll
0x000007fefd530000 - 0x000007fefd59b000 	C:\Windows\system32\KERNELBASE.dll
0x000007fefde50000 - 0x000007fefdf2b000 	C:\Windows\system32\ADVAPI32.dll
0x000007fefedd0000 - 0x000007fefee6f000 	C:\Windows\system32\msvcrt.dll
0x000007fefd860000 - 0x000007fefd87f000 	C:\Windows\SYSTEM32\sechost.dll
0x000007fefdd20000 - 0x000007fefde4d000 	C:\Windows\system32\RPCRT4.dll
0x0000000077060000 - 0x000000007715a000 	C:\Windows\system32\USER32.dll
0x000007fefd5a0000 - 0x000007fefd607000 	C:\Windows\system32\GDI32.dll
0x000007fefd880000 - 0x000007fefd88e000 	C:\Windows\system32\LPK.dll
0x000007fefdb20000 - 0x000007fefdbe9000 	C:\Windows\system32\USP10.dll
0x000007fefbca0000 - 0x000007fefbe94000 	C:\Windows\WinSxS\amd64_microsoft.windows.common-controls_6595b64144ccf1df_6.0.7601.17514_none_fa396087175ac9ac\COMCTL32.dll
0x000007fefd7e0000 - 0x000007fefd851000 	C:\Windows\system32\SHLWAPI.dll
0x000007fefe010000 - 0x000007fefe03e000 	C:\Windows\system32\IMM32.DLL
0x000007fefee70000 - 0x000007fefef79000 	C:\Windows\system32\MSCTF.dll
0x0000000051fd0000 - 0x00000000520a2000 	C:\Program Files\Java\jdk1.8.0_60\jre\bin\msvcr100.dll
0x0000000053ad0000 - 0x0000000054359000 	C:\Program Files\Java\jdk1.8.0_60\jre\bin\server\jvm.dll
0x000007fef0b40000 - 0x000007fef0b49000 	C:\Windows\system32\WSOCK32.dll
0x000007fefd790000 - 0x000007fefd7dd000 	C:\Windows\system32\WS2_32.dll
0x000007feff320000 - 0x000007feff328000 	C:\Windows\system32\NSI.dll
0x000007fefb830000 - 0x000007fefb86b000 	C:\Windows\system32\WINMM.dll
0x000007fefc330000 - 0x000007fefc33c000 	C:\Windows\system32\VERSION.dll
0x0000000077440000 - 0x0000000077447000 	C:\Windows\system32\PSAPI.DLL
0x0000000053ac0000 - 0x0000000053acf000 	C:\Program Files\Java\jdk1.8.0_60\jre\bin\verify.dll
0x0000000053a90000 - 0x0000000053ab9000 	C:\Program Files\Java\jdk1.8.0_60\jre\bin\java.dll
0x0000000053a70000 - 0x0000000053a86000 	C:\Program Files\Java\jdk1.8.0_60\jre\bin\zip.dll
0x000007fefe040000 - 0x000007fefedc8000 	C:\Windows\system32\SHELL32.dll
0x000007fefd8f0000 - 0x000007fefdaf3000 	C:\Windows\system32\ole32.dll
0x000007fefd1d0000 - 0x000007fefd1df000 	C:\Windows\system32\profapi.dll

VM Arguments:
jvm_args: -Djava.awt.headless=true -Xmx1024M -Dfile.encoding=windows-1252 -Duser.country=US -Duser.language=en -Duser.variant 
java_command: com.android.dx.command.Main --dex --force-jumbo --num-threads=4 --multi-dex --output D:\project\AndroidStudioProjects\PersonalUtilitiesForLife\app\build\intermediates\transforms\dex\debug\folders\1000\5\slice_9 D:\project\AndroidStudioProjects\PersonalUtilitiesForLife\app\build\intermediates\transforms\instantRunSlicer\debug\folders\1\5\slice_9
java_class_path (initial): D:\Android\sdk\build-tools\23.0.3\lib\dx.jar
Launcher Type: SUN_STANDARD

Environment Variables:
JAVA_HOME=C:\Program Files\Java\jdk1.8.0_60
PATH=C:\ProgramData\Oracle\Java\javapath;C:\Program Files\Common Files\Microsoft Shared\Windows Live;C:\Program Files (x86)\HP SimplePass\x64;C:\Program Files (x86)\HP SimplePass\;;C:\Windows\system32;C:\Windows;C:\Windows\System32\Wbem;C:\Windows\System32\WindowsPowerShell\v1.0\;C:\Program Files (x86)\Java\jdk1.7.0_09\bin;C:\Strawberry\c\bin;C:\Strawberry\perl\site\bin;C:\Strawberry\perl\bin;C:\Program Files (x86)\Intel\OpenCL SDK\2.0\bin\x86;C:\Program Files (x86)\Intel\OpenCL SDK\2.0\bin\x64;C:\PROGRA~2\PICC;C:\Program Files (x86)\Microchip\xc16\v1.25\bin;C:\Program Files (x86)\Microchip\xc8\v1.35\bin;C:\Program Files\Java\jre1.8.0_65\bin;C:\Program Files\Java\jdk1.8.0_60\jre\bin;D:\Android\sdk\platform-tools;C:\Program Files\Common Files\Microsoft Shared\Windows Live;C:\Program Files\Java\jre1.8.0_65\bin
USERNAME=Nhut
OS=Windows_NT
PROCESSOR_IDENTIFIER=Intel64 Family 6 Model 42 Stepping 7, GenuineIntel



---------------  S Y S T E M  ---------------

OS: Windows 7 , 64 bit Build 7601 (6.1.7601.17514)

CPU:total 8 (4 cores per cpu, 2 threads per core) family 6 model 42 stepping 7, cmov, cx8, fxsr, mmx, sse, sse2, sse3, ssse3, sse4.1, sse4.2, popcnt, avx, aes, clmul, ht, tsc, tscinvbit

Memory: 4k page, physical 6238064k(629312k free), swap 8333368k(4412k free)

vm_info: Java HotSpot(TM) 64-Bit Server VM (25.60-b23) for windows-amd64 JRE (1.8.0_60-b27), built on Aug  4 2015 11:06:27 by "java_re" with MS VC++ 10.0 (VS2010)

time: Sat Jun 25 16:53:39 2016
elapsed time: 3 seconds (0d 0h 0m 3s)

