#
# There is insufficient memory for the Java Runtime Environment to continue.
# Native memory allocation (malloc) failed to allocate 901328 bytes for Chunk::new
# Possible reasons:
#   The system is out of physical RAM or swap space
#   In 32 bit mode, the process size limit was hit
# Possible solutions:
#   Reduce memory load on the system
#   Increase physical memory or swap space
#   Check if swap backing store is full
#   Use 64 bit Java on a 64 bit OS
#   Decrease Java heap size (-Xmx/-Xms)
#   Decrease number of Java threads
#   Decrease Java thread stack sizes (-Xss)
#   Set larger code cache with -XX:ReservedCodeCacheSize=
# This output file may be truncated or incomplete.
#
#  Out of Memory Error (allocation.cpp:390), pid=11780, tid=12292
#
# JRE version: Java(TM) SE Runtime Environment (8.0_60-b27) (build 1.8.0_60-b27)
# Java VM: Java HotSpot(TM) 64-Bit Server VM (25.60-b23 mixed mode windows-amd64 compressed oops)
# Failed to write core dump. Minidumps are not enabled by default on client versions of Windows
#

---------------  T H R E A D  ---------------

Current thread (0x00000000567f1800):  JavaThread "C2 CompilerThread0" daemon [_thread_in_native, id=12292, stack(0x00000000584d0000,0x00000000585d0000)]

Stack: [0x00000000584d0000,0x00000000585d0000]
[error occurred during error reporting (printing stack bounds), id 0xc0000005]

Native frames: (J=compiled Java code, j=interpreted, Vv=VM code, C=native code)


Current CompileTask:
C2:   2839 1816   !   4       com.android.dx.cf.cst.ConstantPoolParser::parse0 (731 bytes)


---------------  P R O C E S S  ---------------

Java Threads: ( => current thread )
  0x00000000591fa000 JavaThread "pool-2-thread-4" [_thread_in_Java, id=12832, stack(0x000000005a040000,0x000000005a140000)]
  0x00000000592ed000 JavaThread "pool-2-thread-3" [_thread_in_Java, id=11444, stack(0x0000000059e30000,0x0000000059f30000)]
  0x00000000592ec800 JavaThread "pool-2-thread-2" [_thread_blocked, id=10924, stack(0x0000000059bf0000,0x0000000059cf0000)]
  0x00000000592fd800 JavaThread "pool-3-thread-1" [_thread_blocked, id=12736, stack(0x0000000058970000,0x0000000058a70000)]
  0x0000000056ab5800 JavaThread "pool-2-thread-1" [_thread_in_Java, id=13232, stack(0x0000000059a40000,0x0000000059b40000)]
  0x0000000056869800 JavaThread "Service Thread" daemon [_thread_blocked, id=12544, stack(0x0000000058fb0000,0x00000000590b0000)]
  0x000000005563f000 JavaThread "C1 CompilerThread3" daemon [_thread_blocked, id=9532, stack(0x0000000058e60000,0x0000000058f60000)]
  0x000000005563d000 JavaThread "C2 CompilerThread2" daemon [_thread_in_native, id=11896, stack(0x0000000058c30000,0x0000000058d30000)]
  0x000000005563a000 JavaThread "C2 CompilerThread1" daemon [_thread_in_native, id=11932, stack(0x0000000058a80000,0x0000000058b80000)]
=>0x00000000567f1800 JavaThread "C2 CompilerThread0" daemon [_thread_in_native, id=12292, stack(0x00000000584d0000,0x00000000585d0000)]
  0x00000000567f0800 JavaThread "Attach Listener" daemon [_thread_blocked, id=10020, stack(0x0000000058840000,0x0000000058940000)]
  0x00000000567ef800 JavaThread "Signal Dispatcher" daemon [_thread_blocked, id=8048, stack(0x00000000586b0000,0x00000000587b0000)]
  0x000000005562e800 JavaThread "Finalizer" daemon [_thread_blocked, id=12044, stack(0x0000000058070000,0x0000000058170000)]
  0x0000000055627000 JavaThread "Reference Handler" daemon [_thread_blocked, id=11856, stack(0x00000000583c0000,0x00000000584c0000)]
  0x0000000001e7e000 JavaThread "main" [_thread_in_Java, id=10568, stack(0x0000000002440000,0x0000000002540000)]

Other Threads:
  0x00000000567a2800 VMThread [stack: 0x0000000058240000,0x0000000058340000] [id=10416]
  0x0000000056884000 WatcherThread [stack: 0x00000000590d0000,0x00000000591d0000] [id=8684]

VM state:not at safepoint (normal execution)

VM Mutex/Monitor currently owned by a thread: None

Heap:
 PSYoungGen      total 111616K, used 16804K [0x00000000eab00000, 0x00000000f9600000, 0x0000000100000000)
  eden space 96768K, 2% used [0x00000000eab00000,0x00000000eaceb8f0,0x00000000f0980000)
  from space 14848K, 99% used [0x00000000f0980000,0x00000000f17fd938,0x00000000f1800000)
  to   space 23552K, 0% used [0x00000000f7f00000,0x00000000f7f00000,0x00000000f9600000)
 ParOldGen       total 65536K, used 28967K [0x00000000c0000000, 0x00000000c4000000, 0x00000000eab00000)
  object space 65536K, 44% used [0x00000000c0000000,0x00000000c1c49d20,0x00000000c4000000)
 Metaspace       used 6475K, capacity 7256K, committed 7424K, reserved 1056768K
  class space    used 623K, capacity 656K, committed 768K, reserved 1048576K

Card table byte_map: [0x0000000011bd0000,0x0000000011de0000] byte_map_base: 0x00000000115d0000

Marking Bits: (ParMarkBitMap*) 0x000000005785a5b0
 Begin Bits: [0x0000000012a40000, 0x0000000013a40000)
 End Bits:   [0x0000000013a40000, 0x0000000014a40000)

Polling page: 0x0000000000430000

CodeCache: size=245760Kb used=7656Kb max_used=7656Kb free=238103Kb
 bounds [0x0000000002810000, 0x0000000002fa0000, 0x0000000011810000]
 total_blobs=2261 nmethods=1991 adapters=182
 compilation: enabled

Compilation events (10 events):
Event: 2.705 Thread 0x000000005563f000 2044       2       com.android.dx.cf.attrib.AttLocalVariableTypeTable::<init> (8 bytes)
Event: 2.706 Thread 0x000000005563f000 nmethod 2044 0x0000000002f890d0 code [0x0000000002f89240, 0x0000000002f893c8]
Event: 2.706 Thread 0x000000005563f000 2043       2       com.android.dx.cf.direct.StdAttributeFactory::localVariableTypeTable (98 bytes)
Event: 2.708 Thread 0x000000005563f000 nmethod 2043 0x0000000002f89450 code [0x0000000002f89660, 0x0000000002f89dd8]
Event: 2.708 Thread 0x000000005563f000 2045       2       java.util.HashMap::get (23 bytes)
Event: 2.709 Thread 0x000000005563f000 nmethod 2045 0x0000000002f8a590 code [0x0000000002f8a700, 0x0000000002f8a8f8]
Event: 2.712 Thread 0x000000005563f000 2046 %     3       com.android.dx.dex.file.AnnotationUtils::makeSignature @ 65 (251 bytes)
Event: 2.720 Thread 0x000000005563f000 nmethod 2046% 0x0000000002f8aa10 code [0x0000000002f8ae80, 0x0000000002f8d9e8]
Event: 2.728 Thread 0x000000005563f000 2047       2       java.util.Date::normalize (110 bytes)
Event: 2.730 Thread 0x000000005563f000 nmethod 2047 0x0000000002f8f910 code [0x0000000002f8fb00, 0x0000000002f90178]

GC Heap History (10 events):
Event: 1.260 GC heap before
{Heap before GC invocations=3 (full 0):
 PSYoungGen      total 28672K, used 28650K [0x00000000eab00000, 0x00000000ee300000, 0x0000000100000000)
  eden space 24576K, 100% used [0x00000000eab00000,0x00000000ec300000,0x00000000ec300000)
  from space 4096K, 99% used [0x00000000ec700000,0x00000000ecafab38,0x00000000ecb00000)
  to   space 4096K, 0% used [0x00000000ec300000,0x00000000ec300000,0x00000000ec700000)
 ParOldGen       total 65536K, used 1584K [0x00000000c0000000, 0x00000000c4000000, 0x00000000eab00000)
  object space 65536K, 2% used [0x00000000c0000000,0x00000000c018c0f0,0x00000000c4000000)
 Metaspace       used 6103K, capacity 7024K, committed 7296K, reserved 1056768K
  class space    used 601K, capacity 616K, committed 640K, reserved 1048576K
Event: 1.274 GC heap after
Heap after GC invocations=3 (full 0):
 PSYoungGen      total 28672K, used 4065K [0x00000000eab00000, 0x00000000ee300000, 0x0000000100000000)
  eden space 24576K, 0% used [0x00000000eab00000,0x00000000eab00000,0x00000000ec300000)
  from space 4096K, 99% used [0x00000000ec300000,0x00000000ec6f85c0,0x00000000ec700000)
  to   space 4096K, 0% used [0x00000000edf00000,0x00000000edf00000,0x00000000ee300000)
 ParOldGen       total 65536K, used 5561K [0x00000000c0000000, 0x00000000c4000000, 0x00000000eab00000)
  object space 65536K, 8% used [0x00000000c0000000,0x00000000c056e6a0,0x00000000c4000000)
 Metaspace       used 6103K, capacity 7024K, committed 7296K, reserved 1056768K
  class space    used 601K, capacity 616K, committed 640K, reserved 1048576K
}
Event: 1.486 GC heap before
{Heap before GC invocations=4 (full 0):
 PSYoungGen      total 28672K, used 28641K [0x00000000eab00000, 0x00000000ee300000, 0x0000000100000000)
  eden space 24576K, 100% used [0x00000000eab00000,0x00000000ec300000,0x00000000ec300000)
  from space 4096K, 99% used [0x00000000ec300000,0x00000000ec6f85c0,0x00000000ec700000)
  to   space 4096K, 0% used [0x00000000edf00000,0x00000000edf00000,0x00000000ee300000)
 ParOldGen       total 65536K, used 5561K [0x00000000c0000000, 0x00000000c4000000, 0x00000000eab00000)
  object space 65536K, 8% used [0x00000000c0000000,0x00000000c056e6a0,0x00000000c4000000)
 Metaspace       used 6142K, capacity 7024K, committed 7296K, reserved 1056768K
  class space    used 601K, capacity 616K, committed 640K, reserved 1048576K
Event: 1.495 GC heap after
Heap after GC invocations=4 (full 0):
 PSYoungGen      total 53248K, used 4092K [0x00000000eab00000, 0x00000000ee300000, 0x0000000100000000)
  eden space 49152K, 0% used [0x00000000eab00000,0x00000000eab00000,0x00000000edb00000)
  from space 4096K, 99% used [0x00000000edf00000,0x00000000ee2ff368,0x00000000ee300000)
  to   space 4096K, 0% used [0x00000000edb00000,0x00000000edb00000,0x00000000edf00000)
 ParOldGen       total 65536K, used 8700K [0x00000000c0000000, 0x00000000c4000000, 0x00000000eab00000)
  object space 65536K, 13% used [0x00000000c0000000,0x00000000c087f330,0x00000000c4000000)
 Metaspace       used 6142K, capacity 7024K, committed 7296K, reserved 1056768K
  class space    used 601K, capacity 616K, committed 640K, reserved 1048576K
}
Event: 1.710 GC heap before
{Heap before GC invocations=5 (full 0):
 PSYoungGen      total 53248K, used 53244K [0x00000000eab00000, 0x00000000ee300000, 0x0000000100000000)
  eden space 49152K, 100% used [0x00000000eab00000,0x00000000edb00000,0x00000000edb00000)
  from space 4096K, 99% used [0x00000000edf00000,0x00000000ee2ff368,0x00000000ee300000)
  to   space 4096K, 0% used [0x00000000edb00000,0x00000000edb00000,0x00000000edf00000)
 ParOldGen       total 65536K, used 8700K [0x00000000c0000000, 0x00000000c4000000, 0x00000000eab00000)
  object space 65536K, 13% used [0x00000000c0000000,0x00000000c087f330,0x00000000c4000000)
 Metaspace       used 6207K, capacity 7088K, committed 7296K, reserved 1056768K
  class space    used 602K, capacity 616K, committed 640K, reserved 1048576K
Event: 1.764 GC heap after
Heap after GC invocations=5 (full 0):
 PSYoungGen      total 53248K, used 4076K [0x00000000eab00000, 0x00000000f2500000, 0x0000000100000000)
  eden space 49152K, 0% used [0x00000000eab00000,0x00000000eab00000,0x00000000edb00000)
  from space 4096K, 99% used [0x00000000edb00000,0x00000000edefb338,0x00000000edf00000)
  to   space 13312K, 0% used [0x00000000f1800000,0x00000000f1800000,0x00000000f2500000)
 ParOldGen       total 65536K, used 16741K [0x00000000c0000000, 0x00000000c4000000, 0x00000000eab00000)
  object space 65536K, 25% used [0x00000000c0000000,0x00000000c10597d0,0x00000000c4000000)
 Metaspace       used 6207K, capacity 7088K, committed 7296K, reserved 1056768K
  class space    used 602K, capacity 616K, committed 640K, reserved 1048576K
}
Event: 2.072 GC heap before
{Heap before GC invocations=6 (full 0):
 PSYoungGen      total 53248K, used 53228K [0x00000000eab00000, 0x00000000f2500000, 0x0000000100000000)
  eden space 49152K, 100% used [0x00000000eab00000,0x00000000edb00000,0x00000000edb00000)
  from space 4096K, 99% used [0x00000000edb00000,0x00000000edefb338,0x00000000edf00000)
  to   space 13312K, 0% used [0x00000000f1800000,0x00000000f1800000,0x00000000f2500000)
 ParOldGen       total 65536K, used 16741K [0x00000000c0000000, 0x00000000c4000000, 0x00000000eab00000)
  object space 65536K, 25% used [0x00000000c0000000,0x00000000c10597d0,0x00000000c4000000)
 Metaspace       used 6297K, capacity 7152K, committed 7296K, reserved 1056768K
  class space    used 602K, capacity 616K, committed 640K, reserved 1048576K
Event: 2.107 GC heap after
Heap after GC invocations=6 (full 0):
 PSYoungGen      total 110080K, used 11751K [0x00000000eab00000, 0x00000000f2800000, 0x0000000100000000)
  eden space 96768K, 0% used [0x00000000eab00000,0x00000000eab00000,0x00000000f0980000)
  from space 13312K, 88% used [0x00000000f1800000,0x00000000f2379da8,0x00000000f2500000)
  to   space 14848K, 0% used [0x00000000f0980000,0x00000000f0980000,0x00000000f1800000)
 ParOldGen       total 65536K, used 16741K [0x00000000c0000000, 0x00000000c4000000, 0x00000000eab00000)
  object space 65536K, 25% used [0x00000000c0000000,0x00000000c10597d0,0x00000000c4000000)
 Metaspace       used 6297K, capacity 7152K, committed 7296K, reserved 1056768K
  class space    used 602K, capacity 616K, committed 640K, reserved 1048576K
}
Event: 2.771 GC heap before
{Heap before GC invocations=7 (full 0):
 PSYoungGen      total 110080K, used 108519K [0x00000000eab00000, 0x00000000f2800000, 0x0000000100000000)
  eden space 96768K, 100% used [0x00000000eab00000,0x00000000f0980000,0x00000000f0980000)
  from space 13312K, 88% used [0x00000000f1800000,0x00000000f2379da8,0x00000000f2500000)
  to   space 14848K, 0% used [0x00000000f0980000,0x00000000f0980000,0x00000000f1800000)
 ParOldGen       total 65536K, used 16741K [0x00000000c0000000, 0x00000000c4000000, 0x00000000eab00000)
  object space 65536K, 25% used [0x00000000c0000000,0x00000000c10597d0,0x00000000c4000000)
 Metaspace       used 6474K, capacity 7256K, committed 7424K, reserved 1056768K
  class space    used 623K, capacity 656K, committed 768K, reserved 1048576K
Event: 2.836 GC heap after
Heap after GC invocations=7 (full 0):
 PSYoungGen      total 111616K, used 14838K [0x00000000eab00000, 0x00000000f9600000, 0x0000000100000000)
  eden space 96768K, 0% used [0x00000000eab00000,0x00000000eab00000,0x00000000f0980000)
  from space 14848K, 99% used [0x00000000f0980000,0x00000000f17fd938,0x00000000f1800000)
  to   space 23552K, 0% used [0x00000000f7f00000,0x00000000f7f00000,0x00000000f9600000)
 ParOldGen       total 65536K, used 28967K [0x00000000c0000000, 0x00000000c4000000, 0x00000000eab00000)
  object space 65536K, 44% used [0x00000000c0000000,0x00000000c1c49d20,0x00000000c4000000)
 Metaspace       used 6474K, capacity 7256K, committed 7424K, reserved 1056768K
  class space    used 623K, capacity 656K, committed 768K, reserved 1048576K
}

Deoptimization events (10 events):
Event: 1.526 Thread 0x00000000592ed000 Uncommon trap: reason=class_check action=maybe_recompile pc=0x0000000002c74d70 method=java.util.HashMap.putVal(ILjava/lang/Object;Ljava/lang/Object;ZZ)Ljava/lang/Object; @ 203
Event: 1.526 Thread 0x00000000592ed000 Uncommon trap: reason=bimorphic action=maybe_recompile pc=0x0000000002bb6100 method=java.util.HashMap.getNode(ILjava/lang/Object;)Ljava/util/HashMap$Node; @ 126
Event: 1.526 Thread 0x00000000592ed000 Uncommon trap: reason=bimorphic action=maybe_recompile pc=0x0000000002bb6100 method=java.util.HashMap.getNode(ILjava/lang/Object;)Ljava/util/HashMap$Node; @ 126
Event: 1.526 Thread 0x00000000592ed000 Uncommon trap: reason=class_check action=maybe_recompile pc=0x0000000002c6f674 method=java.util.HashMap.putVal(ILjava/lang/Object;Ljava/lang/Object;ZZ)Ljava/lang/Object; @ 203
Event: 1.526 Thread 0x00000000592ed000 Uncommon trap: reason=bimorphic action=maybe_recompile pc=0x0000000002aacf68 method=java.util.HashMap.getNode(ILjava/lang/Object;)Ljava/util/HashMap$Node; @ 126
Event: 1.971 Thread 0x00000000592ed000 Uncommon trap: reason=class_check action=maybe_recompile pc=0x0000000002c74d70 method=java.util.HashMap.putVal(ILjava/lang/Object;Ljava/lang/Object;ZZ)Ljava/lang/Object; @ 203
Event: 1.984 Thread 0x00000000592ed000 Uncommon trap: reason=uninitialized action=reinterpret pc=0x0000000002e1f668 method=com.android.dx.cf.code.BytecodeArray.parseInstruction(ILcom/android/dx/cf/code/BytecodeArray$Visitor;)I @ 1079
Event: 2.248 Thread 0x0000000056ab5800 Uncommon trap: reason=unstable_if action=reinterpret pc=0x0000000002ebd2fc method=com.android.dx.rop.code.LocalItem.compareHandlesNulls(Lcom/android/dx/rop/cst/CstString;Lcom/android/dx/rop/cst/CstString;)I @ 14
Event: 2.695 Thread 0x0000000056ab5800 Uncommon trap: reason=unstable_if action=reinterpret pc=0x0000000002ada4f0 method=java.util.HashMap.putVal(ILjava/lang/Object;Ljava/lang/Object;ZZ)Ljava/lang/Object; @ 162
Event: 2.704 Thread 0x0000000056ab5800 Uncommon trap: reason=unstable_if action=reinterpret pc=0x0000000002dce6f0 method=java.util.HashMap.getNode(ILjava/lang/Object;)Ljava/util/HashMap$Node; @ 84

Internal exceptions (7 events):
Event: 0.069 Thread 0x0000000001e7e000 Exception <a 'java/lang/NoSuchMethodError': Method sun.misc.Unsafe.defineClass(Ljava/lang/String;[BII)Ljava/lang/Class; name or signature does not match> (0x00000000eab0d4c8) thrown at [C:\re\workspace\8-2-build-windows-amd64-cygwin\jdk8u60\4407\hotspot\srm§vÕ±±?
Event: 0.069 Thread 0x0000000001e7e000 Exception <a 'java/lang/NoSuchMethodError': Method sun.misc.Unsafe.prefetchRead(Ljava/lang/Object;J)V name or signature does not match> (0x00000000eab0d7b0) thrown at [C:\re\workspace\8-2-build-windows-amd64-cygwin\jdk8u60\4407\hotspot\src\share\vm\prims\j‡:OÔùñ?
Event: 1.066 Thread 0x00000000592ec800 Implicit null exception at 0x0000000002ad6812 to 0x0000000002ad6911
Event: 2.248 Thread 0x0000000056ab5800 Implicit null exception at 0x0000000002ebbbdc to 0x0000000002ebd2cd
Event: 2.699 Thread 0x0000000056ab5800 Exception <a 'java/lang/ArrayIndexOutOfBoundsException': 18> (0x00000000efe25900) thrown at [C:\re\workspace\8-2-build-windows-amd64-cygwin\jdk8u60\4407\hotspot\src\share\vm\interpreter\interpreterRuntime.cpp, line 366]
Event: 2.700 Thread 0x0000000056ab5800 Exception <a 'java/lang/ArrayIndexOutOfBoundsException': 145> (0x00000000efe27480) thrown at [C:\re\workspace\8-2-build-windows-amd64-cygwin\jdk8u60\4407\hotspot\src\share\vm\interpreter\interpreterRuntime.cpp, line 366]
Event: 2.702 Thread 0x0000000056ab5800 Exception <a 'java/lang/ArrayIndexOutOfBoundsException'> (0x00000000efe28768) thrown at [C:\re\workspace\8-2-build-windows-amd64-cygwin\jdk8u60\4407\hotspot\src\share\vm\runtime\sharedRuntime.cpp, line 605]

Events (10 events):
Event: 2.702 loading class java/lang/reflect/TypeVariable done
Event: 2.702 loading class sun/reflect/generics/reflectiveObjects/TypeVariableImpl
Event: 2.703 loading class sun/reflect/generics/reflectiveObjects/LazyReflectiveObjectGenerator
Event: 2.703 loading class sun/reflect/generics/reflectiveObjects/LazyReflectiveObjectGenerator done
Event: 2.703 loading class sun/reflect/generics/reflectiveObjects/TypeVariableImpl done
Event: 2.704 Thread 0x0000000056ab5800 Uncommon trap: trap_request=0xffffff65 fr.pc=0x0000000002dce6f0
Event: 2.704 Thread 0x0000000056ab5800 DEOPT PACKING pc=0x0000000002dce6f0 sp=0x0000000059b3e580
Event: 2.704 Thread 0x0000000056ab5800 DEOPT UNPACKING pc=0x000000000285582a sp=0x0000000059b3e4a0 mode 2
Event: 2.766 Executing VM operation: ParallelGCFailedAllocation
Event: 2.836 Executing VM operation: ParallelGCFailedAllocation done


Dynamic libraries:
0x000000013f5c0000 - 0x000000013f5f7000 	C:\Program Files\Java\jdk1.8.0_60\bin\java.exe
0x0000000076f30000 - 0x00000000770d9000 	C:\Windows\SYSTEM32\ntdll.dll
0x0000000076d10000 - 0x0000000076e2f000 	C:\Windows\system32\kernel32.dll
0x000007fefd070000 - 0x000007fefd0db000 	C:\Windows\system32\KERNELBASE.dll
0x000007fefd7a0000 - 0x000007fefd87b000 	C:\Windows\system32\ADVAPI32.dll
0x000007fefec70000 - 0x000007fefed0f000 	C:\Windows\system32\msvcrt.dll
0x000007fefef20000 - 0x000007fefef3f000 	C:\Windows\SYSTEM32\sechost.dll
0x000007fefd260000 - 0x000007fefd38d000 	C:\Windows\system32\RPCRT4.dll
0x0000000076e30000 - 0x0000000076f2a000 	C:\Windows\system32\USER32.dll
0x000007fefd9d0000 - 0x000007fefda37000 	C:\Windows\system32\GDI32.dll
0x000007fefd790000 - 0x000007fefd79e000 	C:\Windows\system32\LPK.dll
0x000007fefef40000 - 0x000007feff009000 	C:\Windows\system32\USP10.dll
0x000007fefb920000 - 0x000007fefbb14000 	C:\Windows\WinSxS\amd64_microsoft.windows.common-controls_6595b64144ccf1df_6.0.7601.17514_none_fa396087175ac9ac\COMCTL32.dll
0x000007fefea30000 - 0x000007fefeaa1000 	C:\Windows\system32\SHLWAPI.dll
0x000007fefebf0000 - 0x000007fefec1e000 	C:\Windows\system32\IMM32.DLL
0x000007feff130000 - 0x000007feff239000 	C:\Windows\system32\MSCTF.dll
0x0000000077dd0000 - 0x0000000077ea2000 	C:\Program Files\Java\jdk1.8.0_60\jre\bin\msvcr100.dll
0x0000000057050000 - 0x00000000578d9000 	C:\Program Files\Java\jdk1.8.0_60\jre\bin\server\jvm.dll
0x000007fef0f90000 - 0x000007fef0f99000 	C:\Windows\system32\WSOCK32.dll
0x000007fefec20000 - 0x000007fefec6d000 	C:\Windows\system32\WS2_32.dll
0x000007fefd250000 - 0x000007fefd258000 	C:\Windows\system32\NSI.dll
0x000007fefb480000 - 0x000007fefb4bb000 	C:\Windows\system32\WINMM.dll
0x000007fefbfe0000 - 0x000007fefbfec000 	C:\Windows\system32\VERSION.dll
0x0000000077100000 - 0x0000000077107000 	C:\Windows\system32\PSAPI.DLL
0x0000000069350000 - 0x000000006935f000 	C:\Program Files\Java\jdk1.8.0_60\jre\bin\verify.dll
0x0000000057020000 - 0x0000000057049000 	C:\Program Files\Java\jdk1.8.0_60\jre\bin\java.dll
0x0000000057000000 - 0x0000000057016000 	C:\Program Files\Java\jdk1.8.0_60\jre\bin\zip.dll
0x000007fefda40000 - 0x000007fefe7c8000 	C:\Windows\system32\SHELL32.dll
0x000007fefed10000 - 0x000007fefef13000 	C:\Windows\system32\ole32.dll
0x000007fefce80000 - 0x000007fefce8f000 	C:\Windows\system32\profapi.dll

VM Arguments:
jvm_args: -Djava.awt.headless=true -Xmx1024M -Dfile.encoding=windows-1252 -Duser.country=US -Duser.language=en -Duser.variant 
java_command: com.android.dx.command.Main --dex --force-jumbo --num-threads=4 --multi-dex --output D:\project\AndroidStudioProjects\PersonalUtilitiesForLife\app\build\intermediates\transforms\dex\debug\folders\1000\10\com.android.support-support-v4-23.4.0_6fadf15d9745d9003036b551226c64a74b02b17e D:\project\AndroidStudioProjects\PersonalUtilitiesForLife\app\build\intermediates\exploded-aar\com.android.support\support-v4\23.4.0\jars\classes.jar
java_class_path (initial): D:\Android\sdk\build-tools\23.0.3\lib\dx.jar
Launcher Type: SUN_STANDARD

Environment Variables:
JAVA_HOME=C:\Program Files\Java\jdk1.8.0_60
PATH=C:\ProgramData\Oracle\Java\javapath;C:\Program Files\Common Files\Microsoft Shared\Windows Live;C:\Program Files (x86)\HP SimplePass\x64;C:\Program Files (x86)\HP SimplePass\;;C:\Windows\system32;C:\Windows;C:\Windows\System32\Wbem;C:\Windows\System32\WindowsPowerShell\v1.0\;C:\Program Files (x86)\Java\jdk1.7.0_09\bin;C:\Strawberry\c\bin;C:\Strawberry\perl\site\bin;C:\Strawberry\perl\bin;C:\Program Files (x86)\Intel\OpenCL SDK\2.0\bin\x86;C:\Program Files (x86)\Intel\OpenCL SDK\2.0\bin\x64;C:\PROGRA~2\PICC;C:\Program Files (x86)\Microchip\xc16\v1.25\bin;C:\Program Files (x86)\Microchip\xc8\v1.35\bin;C:\Program Files\Java\jre1.8.0_65\bin;C:\Program Files\Java\jdk1.8.0_60\jre\bin;D:\Android\sdk\platform-tools;C:\Program Files\Common Files\Microsoft Shared\Windows Live;C:\Program Files\Java\jre1.8.0_65\bin
USERNAME=Nhut
OS=Windows_NT
PROCESSOR_IDENTIFIER=Intel64 Family 6 Model 42 Stepping 7, GenuineIntel



---------------  S Y S T E M  ---------------

OS: Windows 7 , 64 bit Build 7601 (6.1.7601.17514)

CPU:total 8 (4 cores per cpu, 2 threads per core) family 6 model 42 stepping 7, cmov, cx8, fxsr, mmx, sse, sse2, sse3, ssse3, sse4.1, sse4.2, popcnt, avx, aes, clmul, ht, tsc, tscinvbit

Memory: 4k page, physical 6238064k(499368k free), swap 8333368k(5852k free)

vm_info: Java HotSpot(TM) 64-Bit Server VM (25.60-b23) for windows-amd64 JRE (1.8.0_60-b27), built on Aug  4 2015 11:06:27 by "java_re" with MS VC++ 10.0 (VS2010)

time: Sun Jun 26 10:57:36 2016
elapsed time: 2 seconds (0d 0h 0m 2s)

