#
# There is insufficient memory for the Java Runtime Environment to continue.
# Native memory allocation (malloc) failed to allocate 975936 bytes for Chunk::new
# Possible reasons:
#   The system is out of physical RAM or swap space
#   In 32 bit mode, the process size limit was hit
# Possible solutions:
#   Reduce memory load on the system
#   Increase physical memory or swap space
#   Check if swap backing store is full
#   Use 64 bit Java on a 64 bit OS
#   Decrease Java heap size (-Xmx/-Xms)
#   Decrease number of Java threads
#   Decrease Java thread stack sizes (-Xss)
#   Set larger code cache with -XX:ReservedCodeCacheSize=
# This output file may be truncated or incomplete.
#
#  Out of Memory Error (allocation.cpp:390), pid=12956, tid=13964
#
# JRE version: Java(TM) SE Runtime Environment (8.0_60-b27) (build 1.8.0_60-b27)
# Java VM: Java HotSpot(TM) 64-Bit Server VM (25.60-b23 mixed mode windows-amd64 compressed oops)
# Failed to write core dump. Minidumps are not enabled by default on client versions of Windows
#

---------------  T H R E A D  ---------------

Current thread (0x00000000166f9000):  JavaThread "C2 CompilerThread0" daemon [_thread_in_native, id=13964, stack(0x0000000017930000,0x0000000017a30000)]

Stack: [0x0000000017930000,0x0000000017a30000]
[error occurred during error reporting (printing stack bounds), id 0xc0000005]

Native frames: (J=compiled Java code, j=interpreted, Vv=VM code, C=native code)


Current CompileTask:
C2:   3963 1122       4       com.android.dx.ssa.SCCP::simulateStmt (481 bytes)


---------------  P R O C E S S  ---------------

Java Threads: ( => current thread )
  0x00000000169c4800 JavaThread "pool-2-thread-4" [_thread_blocked, id=5172, stack(0x00000000193f0000,0x00000000194f0000)]
  0x0000000016a18800 JavaThread "pool-2-thread-3" [_thread_blocked, id=11892, stack(0x0000000018430000,0x0000000018530000)]
  0x0000000016a15800 JavaThread "pool-2-thread-2" [_thread_blocked, id=12800, stack(0x0000000019240000,0x0000000019340000)]
  0x00000000186c0800 JavaThread "pool-3-thread-1" [_thread_blocked, id=8560, stack(0x00000000190b0000,0x00000000191b0000)]
  0x00000000186bc800 JavaThread "pool-2-thread-1" [_thread_blocked, id=11192, stack(0x0000000018e80000,0x0000000018f80000)]
  0x000000001679f800 JavaThread "Service Thread" daemon [_thread_blocked, id=8816, stack(0x0000000017f80000,0x0000000018080000)]
  0x000000001671e000 JavaThread "C1 CompilerThread3" daemon [_thread_blocked, id=14200, stack(0x00000000182c0000,0x00000000183c0000)]
  0x0000000016714000 JavaThread "C2 CompilerThread2" daemon [_thread_in_native, id=8004, stack(0x0000000017d70000,0x0000000017e70000)]
  0x0000000016709000 JavaThread "C2 CompilerThread1" daemon [_thread_in_native, id=9596, stack(0x00000000180e0000,0x00000000181e0000)]
=>0x00000000166f9000 JavaThread "C2 CompilerThread0" daemon [_thread_in_native, id=13964, stack(0x0000000017930000,0x0000000017a30000)]
  0x00000000166f7800 JavaThread "Attach Listener" daemon [_thread_blocked, id=1704, stack(0x0000000017e80000,0x0000000017f80000)]
  0x0000000016708000 JavaThread "Signal Dispatcher" daemon [_thread_blocked, id=4644, stack(0x0000000017c60000,0x0000000017d60000)]
  0x000000001553c000 JavaThread "Finalizer" daemon [_thread_blocked, id=10168, stack(0x0000000017a80000,0x0000000017b80000)]
  0x0000000015534800 JavaThread "Reference Handler" daemon [_thread_blocked, id=11412, stack(0x00000000177e0000,0x00000000178e0000)]
  0x0000000001ede000 JavaThread "main" [_thread_in_native, id=13196, stack(0x00000000025b0000,0x00000000026b0000)]

Other Threads:
  0x00000000166b0800 VMThread [stack: 0x00000000176c0000,0x00000000177c0000] [id=9336]
  0x00000000167c0800 WatcherThread [stack: 0x0000000018570000,0x0000000018670000] [id=13428]

VM state:not at safepoint (normal execution)

VM Mutex/Monitor currently owned by a thread: None

Heap:
 PSYoungGen      total 28672K, used 17845K [0x00000000eab00000, 0x00000000ee300000, 0x0000000100000000)
  eden space 24576K, 56% used [0x00000000eab00000,0x00000000eb875038,0x00000000ec300000)
  from space 4096K, 99% used [0x00000000ec300000,0x00000000ec6f86a0,0x00000000ec700000)
  to   space 4096K, 0% used [0x00000000edf00000,0x00000000edf00000,0x00000000ee300000)
 ParOldGen       total 65536K, used 894K [0x00000000c0000000, 0x00000000c4000000, 0x00000000eab00000)
  object space 65536K, 1% used [0x00000000c0000000,0x00000000c00dfb00,0x00000000c4000000)
 Metaspace       used 6010K, capacity 6896K, committed 7040K, reserved 1056768K
  class space    used 602K, capacity 616K, committed 640K, reserved 1048576K

Card table byte_map: [0x0000000011d40000,0x0000000011f50000] byte_map_base: 0x0000000011740000

Marking Bits: (ParMarkBitMap*) 0x00000000542da5b0
 Begin Bits: [0x0000000012950000, 0x0000000013950000)
 End Bits:   [0x0000000013950000, 0x0000000014950000)

Polling page: 0x0000000000330000

CodeCache: size=245760Kb used=4832Kb max_used=4832Kb free=240927Kb
 bounds [0x0000000002980000, 0x0000000002e40000, 0x0000000011980000]
 total_blobs=1477 nmethods=1207 adapters=182
 compilation: disabled (not enough contiguous free space left)

Compilation events (10 events):
Event: 3.801 Thread 0x000000001671e000 1218       3       com.android.dx.util.LabeledList::<init> (57 bytes)
Event: 3.803 Thread 0x000000001671e000 nmethod 1218 0x0000000002e30c50 code [0x0000000002e30e80, 0x0000000002e31af8]
Event: 3.803 Thread 0x000000001671e000 1231   !   3       com.android.dx.cf.direct.AttributeListParser::parse (323 bytes)
Event: 3.807 Thread 0x0000000016714000 nmethod 1211 0x0000000002e2f250 code [0x0000000002e2f3a0, 0x0000000002e2f5b8]
Event: 3.807 Thread 0x0000000016714000 1234       4       com.android.dx.ssa.SsaMethod::computeReachability (131 bytes)
Event: 3.808 Thread 0x000000001671e000 nmethod 1231 0x0000000002e38450 code [0x0000000002e389a0, 0x0000000002e3c028]
Event: 3.808 Thread 0x000000001671e000 1233       1       com.android.dx.cf.code.BaseMachine::auxIntArg (6 bytes)
Event: 3.808 Thread 0x000000001671e000 nmethod 1233 0x0000000002e2ef90 code [0x0000000002e2f0e0, 0x0000000002e2f1f0]
Event: 3.808 Thread 0x000000001671e000 1226       3       com.android.dx.ssa.SsaBasicBlock::replaceSuccessor (125 bytes)
Event: 3.812 Thread 0x000000001671e000 


GC Heap History (2 events):
Event: 1.252 GC heap before
{Heap before GC invocations=1 (full 0):
 PSYoungGen      total 28672K, used 24576K [0x00000000eab00000, 0x00000000ecb00000, 0x0000000100000000)
  eden space 24576K, 100% used [0x00000000eab00000,0x00000000ec300000,0x00000000ec300000)
  from space 4096K, 0% used [0x00000000ec700000,0x00000000ec700000,0x00000000ecb00000)
  to   space 4096K, 0% used [0x00000000ec300000,0x00000000ec300000,0x00000000ec700000)
 ParOldGen       total 65536K, used 0K [0x00000000c0000000, 0x00000000c4000000, 0x00000000eab00000)
  object space 65536K, 0% used [0x00000000c0000000,0x00000000c0000000,0x00000000c4000000)
 Metaspace       used 5861K, capacity 6768K, committed 7040K, reserved 1056768K
  class space    used 601K, capacity 616K, committed 640K, reserved 1048576K
Event: 3.331 GC heap after
Heap after GC invocations=1 (full 0):
 PSYoungGen      total 28672K, used 4065K [0x00000000eab00000, 0x00000000ee300000, 0x0000000100000000)
  eden space 24576K, 0% used [0x00000000eab00000,0x00000000eab00000,0x00000000ec300000)
  from space 4096K, 99% used [0x00000000ec300000,0x00000000ec6f86a0,0x00000000ec700000)
  to   space 4096K, 0% used [0x00000000edf00000,0x00000000edf00000,0x00000000ee300000)
 ParOldGen       total 65536K, used 894K [0x00000000c0000000, 0x00000000c4000000, 0x00000000eab00000)
  object space 65536K, 1% used [0x00000000c0000000,0x00000000c00dfb00,0x00000000c4000000)
 Metaspace       used 5861K, capacity 6768K, committed 7040K, reserved 1056768K
  class space    used 601K, capacity 616K, committed 640K, reserved 1048576K
}

Deoptimization events (10 events):
Event: 0.933 Thread 0x0000000016a15800 Uncommon trap: reason=class_check action=maybe_recompile pc=0x0000000002b85a60 method=com.android.dx.ssa.NormalSsaInsn.accept(Lcom/android/dx/ssa/SsaInsn$Visitor;)V @ 9
Event: 0.933 Thread 0x0000000016a15800 Uncommon trap: reason=class_check action=maybe_recompile pc=0x0000000002b85a60 method=com.android.dx.ssa.NormalSsaInsn.accept(Lcom/android/dx/ssa/SsaInsn$Visitor;)V @ 9
Event: 1.084 Thread 0x0000000016a15800 Uncommon trap: reason=unstable_if action=reinterpret pc=0x0000000002c37bb8 method=com.android.dx.rop.code.LocalItem.hashCode()I @ 25
Event: 1.084 Thread 0x0000000016a15800 Uncommon trap: reason=unstable_if action=reinterpret pc=0x0000000002bb8c5c method=com.android.dx.rop.code.LocalItem.hashCode()I @ 25
Event: 1.093 Thread 0x0000000016a15800 Uncommon trap: reason=unstable_if action=reinterpret pc=0x0000000002c450bc method=com.android.dx.rop.code.LocalItem.hashCode()I @ 25
Event: 1.094 Thread 0x0000000016a15800 Uncommon trap: reason=unstable_if action=reinterpret pc=0x0000000002c58118 method=com.android.dx.rop.code.LocalItem.hashCode()I @ 25
Event: 1.227 Thread 0x0000000016a18800 Uncommon trap: reason=unstable_if action=reinterpret pc=0x0000000002be4f10 method=com.android.dx.rop.code.RegisterSpec.equals(ILcom/android/dx/rop/type/TypeBearer;Lcom/android/dx/rop/code/LocalItem;)Z @ 42
Event: 3.558 Thread 0x00000000186bc800 Uncommon trap: reason=null_check action=make_not_entrant pc=0x0000000002d2898c method=com.android.dx.ssa.SsaRenamer.getLocalForNewReg(I)Lcom/android/dx/rop/code/LocalItem; @ 19
Event: 3.569 Thread 0x00000000186bc800 Uncommon trap: reason=unstable_if action=reinterpret pc=0x0000000002c90bdc method=com.android.dx.rop.code.RegisterSpecSet.put(Lcom/android/dx/rop/code/RegisterSpec;)V @ 77
Event: 3.569 Thread 0x00000000186bc800 Uncommon trap: reason=unstable_if action=reinterpret pc=0x0000000002cda4d4 method=com.android.dx.rop.code.RegisterSpecSet.put(Lcom/android/dx/rop/code/RegisterSpec;)V @ 77

Internal exceptions (3 events):
Event: 0.057 Thread 0x0000000001ede000 Exception <a 'java/lang/NoSuchMethodError': Method sun.misc.Unsafe.defineClass(Ljava/lang/String;[BII)Ljava/lang/Class; name or signature does not match> (0x00000000eab0d4d0) thrown at [C:\re\workspace\8-2-build-windows-amd64-cygwin\jdk8u60\4407\hotspot\sr4<`@πK≠?
Event: 0.057 Thread 0x0000000001ede000 Exception <a 'java/lang/NoSuchMethodError': Method sun.misc.Unsafe.prefetchRead(Ljava/lang/Object;J)V name or signature does not match> (0x00000000eab0d7b8) thrown at [C:\re\workspace\8-2-build-windows-amd64-cygwin\jdk8u60\4407\hotspot\src\share\vm\prims\jUÔÅw@
Event: 3.558 Thread 0x00000000186bc800 Implicit null exception at 0x0000000002d26350 to 0x0000000002d28949

Events (10 events):
Event: 3.558 Thread 0x00000000186bc800 DEOPT PACKING pc=0x0000000002d2898c sp=0x0000000018f7e6b0
Event: 3.558 Thread 0x00000000186bc800 DEOPT UNPACKING pc=0x00000000029c582a sp=0x0000000018f7e508 mode 2
Event: 3.569 Thread 0x00000000186bc800 Uncommon trap: trap_request=0xffffff65 fr.pc=0x0000000002c90bdc
Event: 3.569 Thread 0x00000000186bc800 DEOPT PACKING pc=0x0000000002c90bdc sp=0x0000000018f7e750
Event: 3.569 Thread 0x00000000186bc800 DEOPT UNPACKING pc=0x00000000029c582a sp=0x0000000018f7e6d8 mode 2
Event: 3.569 Thread 0x00000000186bc800 Uncommon trap: trap_request=0xffffff65 fr.pc=0x0000000002cda4d4
Event: 3.569 Thread 0x00000000186bc800 DEOPT PACKING pc=0x0000000002cda4d4 sp=0x0000000018f7e740
Event: 3.569 Thread 0x00000000186bc800 DEOPT UNPACKING pc=0x00000000029c582a sp=0x0000000018f7e660 mode 2
Event: 3.577 loading class com/android/dx/dex/file/FieldAnnotationStruct
Event: 3.577 loading class com/android/dx/dex/file/FieldAnnotationStruct done


Dynamic libraries:
0x000000013f140000 - 0x000000013f177000 	C:\Program Files\Java\jdk1.8.0_60\bin\java.exe
0x0000000077280000 - 0x0000000077429000 	C:\Windows\SYSTEM32\ntdll.dll
0x0000000077160000 - 0x000000007727f000 	C:\Windows\system32\kernel32.dll
0x000007fefd530000 - 0x000007fefd59b000 	C:\Windows\system32\KERNELBASE.dll
0x000007fefde50000 - 0x000007fefdf2b000 	C:\Windows\system32\ADVAPI32.dll
0x000007fefedd0000 - 0x000007fefee6f000 	C:\Windows\system32\msvcrt.dll
0x000007fefd860000 - 0x000007fefd87f000 	C:\Windows\SYSTEM32\sechost.dll
0x000007fefdd20000 - 0x000007fefde4d000 	C:\Windows\system32\RPCRT4.dll
0x0000000077060000 - 0x000000007715a000 	C:\Windows\system32\USER32.dll
0x000007fefd5a0000 - 0x000007fefd607000 	C:\Windows\system32\GDI32.dll
0x000007fefd880000 - 0x000007fefd88e000 	C:\Windows\system32\LPK.dll
0x000007fefdb20000 - 0x000007fefdbe9000 	C:\Windows\system32\USP10.dll
0x000007fefbca0000 - 0x000007fefbe94000 	C:\Windows\WinSxS\amd64_microsoft.windows.common-controls_6595b64144ccf1df_6.0.7601.17514_none_fa396087175ac9ac\COMCTL32.dll
0x000007fefd7e0000 - 0x000007fefd851000 	C:\Windows\system32\SHLWAPI.dll
0x000007fefe010000 - 0x000007fefe03e000 	C:\Windows\system32\IMM32.DLL
0x000007fefee70000 - 0x000007fefef79000 	C:\Windows\system32\MSCTF.dll
0x0000000051fd0000 - 0x00000000520a2000 	C:\Program Files\Java\jdk1.8.0_60\jre\bin\msvcr100.dll
0x0000000053ad0000 - 0x0000000054359000 	C:\Program Files\Java\jdk1.8.0_60\jre\bin\server\jvm.dll
0x000007fef0b40000 - 0x000007fef0b49000 	C:\Windows\system32\WSOCK32.dll
0x000007fefd790000 - 0x000007fefd7dd000 	C:\Windows\system32\WS2_32.dll
0x000007feff320000 - 0x000007feff328000 	C:\Windows\system32\NSI.dll
0x000007fefb830000 - 0x000007fefb86b000 	C:\Windows\system32\WINMM.dll
0x000007fefc330000 - 0x000007fefc33c000 	C:\Windows\system32\VERSION.dll
0x0000000077440000 - 0x0000000077447000 	C:\Windows\system32\PSAPI.DLL
0x0000000053ac0000 - 0x0000000053acf000 	C:\Program Files\Java\jdk1.8.0_60\jre\bin\verify.dll
0x0000000053a90000 - 0x0000000053ab9000 	C:\Program Files\Java\jdk1.8.0_60\jre\bin\java.dll
0x0000000053a70000 - 0x0000000053a86000 	C:\Program Files\Java\jdk1.8.0_60\jre\bin\zip.dll
0x000007fefe040000 - 0x000007fefedc8000 	C:\Windows\system32\SHELL32.dll
0x000007fefd8f0000 - 0x000007fefdaf3000 	C:\Windows\system32\ole32.dll
0x000007fefd1d0000 - 0x000007fefd1df000 	C:\Windows\system32\profapi.dll

VM Arguments:
jvm_args: -Djava.awt.headless=true -Xmx1024M -Dfile.encoding=windows-1252 -Duser.country=US -Duser.language=en -Duser.variant 
java_command: com.android.dx.command.Main --dex --force-jumbo --num-threads=4 --multi-dex --output D:\project\AndroidStudioProjects\PersonalUtilitiesForLife\app\build\intermediates\transforms\dex\debug\folders\1000\10\com.android.support-appcompat-v7-23.4.0_582db295a3e499bc99cff10999019106f01350bf D:\project\AndroidStudioProjects\PersonalUtilitiesForLife\app\build\intermediates\exploded-aar\com.android.support\appcompat-v7\23.4.0\jars\classes.jar
java_class_path (initial): D:\Android\sdk\build-tools\23.0.3\lib\dx.jar
Launcher Type: SUN_STANDARD

Environment Variables:
JAVA_HOME=C:\Program Files\Java\jdk1.8.0_60
PATH=C:\ProgramData\Oracle\Java\javapath;C:\Program Files\Common Files\Microsoft Shared\Windows Live;C:\Program Files (x86)\HP SimplePass\x64;C:\Program Files (x86)\HP SimplePass\;;C:\Windows\system32;C:\Windows;C:\Windows\System32\Wbem;C:\Windows\System32\WindowsPowerShell\v1.0\;C:\Program Files (x86)\Java\jdk1.7.0_09\bin;C:\Strawberry\c\bin;C:\Strawberry\perl\site\bin;C:\Strawberry\perl\bin;C:\Program Files (x86)\Intel\OpenCL SDK\2.0\bin\x86;C:\Program Files (x86)\Intel\OpenCL SDK\2.0\bin\x64;C:\PROGRA~2\PICC;C:\Program Files (x86)\Microchip\xc16\v1.25\bin;C:\Program Files (x86)\Microchip\xc8\v1.35\bin;C:\Program Files\Java\jre1.8.0_65\bin;C:\Program Files\Java\jdk1.8.0_60\jre\bin;D:\Android\sdk\platform-tools;C:\Program Files\Common Files\Microsoft Shared\Windows Live;C:\Program Files\Java\jre1.8.0_65\bin
USERNAME=Nhut
OS=Windows_NT
PROCESSOR_IDENTIFIER=Intel64 Family 6 Model 42 Stepping 7, GenuineIntel



---------------  S Y S T E M  ---------------

OS: Windows 7 , 64 bit Build 7601 (6.1.7601.17514)

CPU:total 8 (4 cores per cpu, 2 threads per core) family 6 model 42 stepping 7, cmov, cx8, fxsr, mmx, sse, sse2, sse3, ssse3, sse4.1, sse4.2, popcnt, avx, aes, clmul, ht, tsc, tscinvbit

Memory: 4k page, physical 6238064k(585312k free), swap 8333368k(111660k free)

vm_info: Java HotSpot(TM) 64-Bit Server VM (25.60-b23) for windows-amd64 JRE (1.8.0_60-b27), built on Aug  4 2015 11:06:27 by "java_re" with MS VC++ 10.0 (VS2010)

time: Sat Jun 25 20:47:38 2016
elapsed time: 3 seconds (0d 0h 0m 3s)

