#
# There is insufficient memory for the Java Runtime Environment to continue.
# Native memory allocation (malloc) failed to allocate 323216 bytes for Chunk::new
# Possible reasons:
#   The system is out of physical RAM or swap space
#   In 32 bit mode, the process size limit was hit
# Possible solutions:
#   Reduce memory load on the system
#   Increase physical memory or swap space
#   Check if swap backing store is full
#   Use 64 bit Java on a 64 bit OS
#   Decrease Java heap size (-Xmx/-Xms)
#   Decrease number of Java threads
#   Decrease Java thread stack sizes (-Xss)
#   Set larger code cache with -XX:ReservedCodeCacheSize=
# This output file may be truncated or incomplete.
#
#  Out of Memory Error (allocation.cpp:390), pid=7032, tid=5056
#
# JRE version: Java(TM) SE Runtime Environment (8.0_60-b27) (build 1.8.0_60-b27)
# Java VM: Java HotSpot(TM) 64-Bit Server VM (25.60-b23 mixed mode windows-amd64 compressed oops)
# Failed to write core dump. Minidumps are not enabled by default on client versions of Windows
#

---------------  T H R E A D  ---------------

Current thread (0x00000000567a9800):  JavaThread "C2 CompilerThread1" daemon [_thread_in_native, id=5056, stack(0x0000000058050000,0x0000000058150000)]

Stack: [0x0000000058050000,0x0000000058150000]
[error occurred during error reporting (printing stack bounds), id 0xc0000005]

Native frames: (J=compiled Java code, j=interpreted, Vv=VM code, C=native code)


Current CompileTask:
C2:    694  599       4       com.android.dx.ssa.SsaBasicBlock::forEachInsn (37 bytes)


---------------  P R O C E S S  ---------------

Java Threads: ( => current thread )
  0x0000000056a36800 JavaThread "pool-1-thread-4" [_thread_blocked, id=7760, stack(0x0000000058b50000,0x0000000058c50000)]
  0x0000000056a35000 JavaThread "pool-1-thread-3" [_thread_blocked, id=4520, stack(0x0000000058630000,0x0000000058730000)]
  0x0000000056964000 JavaThread "pool-1-thread-2" [_thread_blocked, id=9692, stack(0x0000000058910000,0x0000000058a10000)]
  0x0000000056963000 JavaThread "pool-2-thread-1" [_thread_blocked, id=9396, stack(0x0000000058750000,0x0000000058850000)]
  0x0000000056962000 JavaThread "pool-1-thread-1" [_thread_blocked, id=9100, stack(0x0000000058530000,0x0000000058630000)]
  0x000000005683c000 JavaThread "Service Thread" daemon [_thread_blocked, id=9972, stack(0x00000000582d0000,0x00000000583d0000)]
  0x00000000556fe000 JavaThread "C1 CompilerThread3" daemon [_thread_blocked, id=9220, stack(0x0000000057a30000,0x0000000057b30000)]
  0x00000000567aa800 JavaThread "C2 CompilerThread2" daemon [_thread_in_native, id=9132, stack(0x0000000057cb0000,0x0000000057db0000)]
=>0x00000000567a9800 JavaThread "C2 CompilerThread1" daemon [_thread_in_native, id=5056, stack(0x0000000058050000,0x0000000058150000)]
  0x00000000567a2000 JavaThread "C2 CompilerThread0" daemon [_thread_in_native, id=4560, stack(0x0000000057f50000,0x0000000058050000)]
  0x00000000567a1000 JavaThread "Attach Listener" daemon [_thread_blocked, id=4480, stack(0x0000000057db0000,0x0000000057eb0000)]
  0x00000000567a0000 JavaThread "Signal Dispatcher" daemon [_thread_blocked, id=9228, stack(0x00000000024e0000,0x00000000025e0000)]
  0x00000000556f0000 JavaThread "Finalizer" daemon [_thread_blocked, id=3972, stack(0x0000000057b90000,0x0000000057c90000)]
  0x00000000556e8000 JavaThread "Reference Handler" daemon [_thread_blocked, id=7712, stack(0x0000000057910000,0x0000000057a10000)]
  0x000000000046e000 JavaThread "main" [_thread_in_native, id=8212, stack(0x00000000025e0000,0x00000000026e0000)]

Other Threads:
  0x00000000556e1000 VMThread [stack: 0x0000000057770000,0x0000000057870000] [id=8196]
  0x000000005685c000 WatcherThread [stack: 0x00000000583e0000,0x00000000584e0000] [id=8976]

VM state:not at safepoint (normal execution)

VM Mutex/Monitor currently owned by a thread: None

Heap:
 PSYoungGen      total 28672K, used 21426K [0x00000000eab00000, 0x00000000ecb00000, 0x0000000100000000)
  eden space 24576K, 87% used [0x00000000eab00000,0x00000000ebfeca20,0x00000000ec300000)
  from space 4096K, 0% used [0x00000000ec700000,0x00000000ec700000,0x00000000ecb00000)
  to   space 4096K, 0% used [0x00000000ec300000,0x00000000ec300000,0x00000000ec700000)
 ParOldGen       total 65536K, used 0K [0x00000000c0000000, 0x00000000c4000000, 0x00000000eab00000)
  object space 65536K, 0% used [0x00000000c0000000,0x00000000c0000000,0x00000000c4000000)
 Metaspace       used 5548K, capacity 6704K, committed 6784K, reserved 1056768K
  class space    used 574K, capacity 616K, committed 640K, reserved 1048576K

Card table byte_map: [0x0000000011d70000,0x0000000011f80000] byte_map_base: 0x0000000011770000

Marking Bits: (ParMarkBitMap*) 0x00000000703da5b0
 Begin Bits: [0x0000000012b00000, 0x0000000013b00000)
 End Bits:   [0x0000000013b00000, 0x0000000014b00000)

Polling page: 0x0000000000130000

CodeCache: size=245760Kb used=2679Kb max_used=2679Kb free=243080Kb
 bounds [0x00000000029b0000, 0x0000000002c50000, 0x00000000119b0000]
 total_blobs=930 nmethods=668 adapters=174
 compilation: disabled (not enough contiguous free space left)

Compilation events (10 events):
Event: 0.499 Thread 0x00000000556fe000 nmethod 715 0x0000000002c4de90 code [0x0000000002c4dfe0, 0x0000000002c4e0d0]
Event: 0.499 Thread 0x00000000556fe000  719       3       com.android.dx.ssa.back.FirstFitLocalCombiningAllocator::canMapReg (32 bytes)
Event: 0.500 Thread 0x00000000556fe000 nmethod 719 0x0000000002c4e150 code [0x0000000002c4e320, 0x0000000002c4ec08]
Event: 0.500 Thread 0x00000000556fe000  720       3       com.android.dx.ssa.back.FirstFitLocalCombiningAllocator::spansParamRange (24 bytes)
Event: 0.500 Thread 0x00000000556fe000 nmethod 720 0x0000000002c4f010 code [0x0000000002c4f160, 0x0000000002c4f350]
Event: 0.500 Thread 0x00000000556fe000  721       3       com.android.dx.ssa.InterferenceRegisterMapper::interferes (14 bytes)
Event: 0.500 Thread 0x00000000556fe000 nmethod 721 0x0000000002c4f3d0 code [0x0000000002c4f560, 0x0000000002c4f9e8]
Event: 0.500 Thread 0x00000000556fe000  705       3       com.android.dx.rop.code.Insn::hashCode (5 bytes)
Event: 0.500 Thread 0x00000000556fe000 nmethod 705 0x0000000002c4fbd0 code [0x0000000002c4fd40, 0x0000000002c4fec8]
Event: 0.500 Thread 0x00000000556fe000  707       3       com.android.dx.rop.code.LocalVariableInfo::getAssignment (12 bytes)

GC Heap History (0 events):
No events

Deoptimization events (6 events):
Event: 0.406 Thread 0x0000000056964000 Uncommon trap: reason=class_check action=maybe_recompile pc=0x0000000002b76740 method=com.android.dx.rop.cst.CstMemberRef.compareTo0(Lcom/android/dx/rop/cst/Constant;)I @ 1
Event: 0.406 Thread 0x000000000046e000 Uncommon trap: reason=class_check action=maybe_recompile pc=0x0000000002b76740 method=com.android.dx.rop.cst.CstMemberRef.compareTo0(Lcom/android/dx/rop/cst/Constant;)I @ 1
Event: 0.406 Thread 0x000000000046e000 Uncommon trap: reason=class_check action=maybe_recompile pc=0x0000000002b76740 method=com.android.dx.rop.cst.CstMemberRef.compareTo0(Lcom/android/dx/rop/cst/Constant;)I @ 1
Event: 0.406 Thread 0x0000000056962000 Uncommon trap: reason=class_check action=maybe_recompile pc=0x0000000002b76740 method=com.android.dx.rop.cst.CstMemberRef.compareTo0(Lcom/android/dx/rop/cst/Constant;)I @ 1
Event: 0.408 Thread 0x000000000046e000 Uncommon trap: reason=unstable_if action=reinterpret pc=0x0000000002b8c1a8 method=java.util.HashMap.getNode(ILjava/lang/Object;)Ljava/util/HashMap$Node; @ 62
Event: 0.440 Thread 0x0000000056a36800 Uncommon trap: reason=unstable_if action=reinterpret pc=0x0000000002b75d84 method=com.android.dx.rop.cst.CstFieldRef.compareTo0(Lcom/android/dx/rop/cst/Constant;)I @ 7

Internal exceptions (2 events):
Event: 0.030 Thread 0x000000000046e000 Exception <a 'java/lang/NoSuchMethodError': Method sun.misc.Unsafe.defineClass(Ljava/lang/String;[BII)Ljava/lang/Class; name or signature does not match> (0x00000000eab0d420) thrown at [C:\re\workspace\8-2-build-windows-amd64-cygwin\jdk8u60\4407\hotspot\srƒ±|Jž?
Event: 0.030 Thread 0x000000000046e000 Exception <a 'java/lang/NoSuchMethodError': Method sun.misc.Unsafe.prefetchRead(Ljava/lang/Object;J)V name or signature does not match> (0x00000000eab0d708) thrown at [C:\re\workspace\8-2-build-windows-amd64-cygwin\jdk8u60\4407\hotspot\src\share\vm\prims\j

Events (10 events):
Event: 0.408 Thread 0x000000000046e000 DEOPT UNPACKING pc=0x00000000029f582a sp=0x00000000026ddf38 mode 2
Event: 0.424 loading class com/android/dx/ssa/back/FirstFitLocalCombiningAllocator$Multiset
Event: 0.424 loading class com/android/dx/ssa/back/FirstFitLocalCombiningAllocator$Multiset done
Event: 0.428 loading class java/util/DualPivotQuicksort
Event: 0.428 loading class java/util/DualPivotQuicksort done
Event: 0.439 Thread 0x0000000056a36800 Uncommon trap: trap_request=0xffffff65 fr.pc=0x0000000002b75d84
Event: 0.440 Thread 0x0000000056a36800 DEOPT PACKING pc=0x0000000002b75d84 sp=0x0000000058c4ebd0
Event: 0.440 Thread 0x0000000056a36800 DEOPT UNPACKING pc=0x00000000029f582a sp=0x0000000058c4eb58 mode 2
Event: 0.458 loading class java/util/ArrayList$1
Event: 0.458 loading class java/util/ArrayList$1 done


Dynamic libraries:
0x000000013fc00000 - 0x000000013fc37000 	C:\Program Files\Java\jdk1.8.0_60\bin\java.exe
0x0000000076f20000 - 0x00000000770c9000 	C:\Windows\SYSTEM32\ntdll.dll
0x0000000076d00000 - 0x0000000076e1f000 	C:\Windows\system32\kernel32.dll
0x000007fefd090000 - 0x000007fefd0fb000 	C:\Windows\system32\KERNELBASE.dll
0x000007fefe0c0000 - 0x000007fefe19b000 	C:\Windows\system32\ADVAPI32.dll
0x000007fefea70000 - 0x000007fefeb0f000 	C:\Windows\system32\msvcrt.dll
0x000007fefe1a0000 - 0x000007fefe1bf000 	C:\Windows\SYSTEM32\sechost.dll
0x000007fefef30000 - 0x000007feff05d000 	C:\Windows\system32\RPCRT4.dll
0x0000000076e20000 - 0x0000000076f1a000 	C:\Windows\system32\USER32.dll
0x000007feff1c0000 - 0x000007feff227000 	C:\Windows\system32\GDI32.dll
0x000007fefe450000 - 0x000007fefe45e000 	C:\Windows\system32\LPK.dll
0x000007fefe5e0000 - 0x000007fefe6a9000 	C:\Windows\system32\USP10.dll
0x000007fefb050000 - 0x000007fefb244000 	C:\Windows\WinSxS\amd64_microsoft.windows.common-controls_6595b64144ccf1df_6.0.7601.17514_none_fa396087175ac9ac\COMCTL32.dll
0x000007fefe6d0000 - 0x000007fefe741000 	C:\Windows\system32\SHLWAPI.dll
0x000007fefe420000 - 0x000007fefe44e000 	C:\Windows\system32\IMM32.DLL
0x000007fefe960000 - 0x000007fefea69000 	C:\Windows\system32\MSCTF.dll
0x00000000613c0000 - 0x0000000061492000 	C:\Program Files\Java\jdk1.8.0_60\jre\bin\msvcr100.dll
0x000000006fbd0000 - 0x0000000070459000 	C:\Program Files\Java\jdk1.8.0_60\jre\bin\server\jvm.dll
0x000007fef0470000 - 0x000007fef0479000 	C:\Windows\system32\WSOCK32.dll
0x000007fefd240000 - 0x000007fefd28d000 	C:\Windows\system32\WS2_32.dll
0x000007fefec40000 - 0x000007fefec48000 	C:\Windows\system32\NSI.dll
0x000007fefba70000 - 0x000007fefbaab000 	C:\Windows\system32\WINMM.dll
0x000007fefbfd0000 - 0x000007fefbfdc000 	C:\Windows\system32\VERSION.dll
0x00000000770e0000 - 0x00000000770e7000 	C:\Windows\system32\PSAPI.DLL
0x0000000069b70000 - 0x0000000069b7f000 	C:\Program Files\Java\jdk1.8.0_60\jre\bin\verify.dll
0x00000000683a0000 - 0x00000000683c9000 	C:\Program Files\Java\jdk1.8.0_60\jre\bin\java.dll
0x00000000686b0000 - 0x00000000686c6000 	C:\Program Files\Java\jdk1.8.0_60\jre\bin\zip.dll
0x000007fefd290000 - 0x000007fefe018000 	C:\Windows\system32\SHELL32.dll
0x000007fefe750000 - 0x000007fefe953000 	C:\Windows\system32\ole32.dll
0x000007fefce70000 - 0x000007fefce7f000 	C:\Windows\system32\profapi.dll

VM Arguments:
jvm_args: -Djava.awt.headless=true -Xmx1024M -Dfile.encoding=windows-1252 -Duser.country=US -Duser.language=en -Duser.variant 
java_command: com.android.dx.command.Main --dex --force-jumbo --num-threads=4 --output D:\project\AndroidStudioProjects\PersonalUtilitiesForLife\app\build\intermediates\pre-dexed\debug\main_dc9e55863ea3e99c59fc9c81aa71c5d10b5f058e.jar D:\project\AndroidStudioProjects\PersonalUtilitiesForLife\app\build\intermediates\transforms\instantRun\debug\folders\1\5\main
java_class_path (initial): D:\Android\sdk\build-tools\23.0.3\lib\dx.jar
Launcher Type: SUN_STANDARD

Environment Variables:
JAVA_HOME=C:\Program Files\Java\jdk1.8.0_60
PATH=C:\ProgramData\Oracle\Java\javapath;C:\Program Files\Common Files\Microsoft Shared\Windows Live;C:\Program Files (x86)\HP SimplePass\x64;C:\Program Files (x86)\HP SimplePass\;;C:\Windows\system32;C:\Windows;C:\Windows\System32\Wbem;C:\Windows\System32\WindowsPowerShell\v1.0\;C:\Program Files (x86)\Java\jdk1.7.0_09\bin;C:\Strawberry\c\bin;C:\Strawberry\perl\site\bin;C:\Strawberry\perl\bin;C:\Program Files (x86)\Intel\OpenCL SDK\2.0\bin\x86;C:\Program Files (x86)\Intel\OpenCL SDK\2.0\bin\x64;C:\PROGRA~2\PICC;C:\Program Files (x86)\Microchip\xc16\v1.25\bin;C:\Program Files (x86)\Microchip\xc8\v1.35\bin;C:\Program Files\Java\jre1.8.0_65\bin;C:\Program Files\Java\jdk1.8.0_60\jre\bin;D:\Android\sdk\platform-tools;C:\Program Files\Common Files\Microsoft Shared\Windows Live;C:\Program Files\Java\jre1.8.0_65\bin
USERNAME=Nhut
OS=Windows_NT
PROCESSOR_IDENTIFIER=Intel64 Family 6 Model 42 Stepping 7, GenuineIntel



---------------  S Y S T E M  ---------------

OS: Windows 7 , 64 bit Build 7601 (6.1.7601.17514)

CPU:total 8 (4 cores per cpu, 2 threads per core) family 6 model 42 stepping 7, cmov, cx8, fxsr, mmx, sse, sse2, sse3, ssse3, sse4.1, sse4.2, popcnt, avx, aes, clmul, ht, tsc, tscinvbit

Memory: 4k page, physical 6238064k(823872k free), swap 8333368k(4516k free)

vm_info: Java HotSpot(TM) 64-Bit Server VM (25.60-b23) for windows-amd64 JRE (1.8.0_60-b27), built on Aug  4 2015 11:06:27 by "java_re" with MS VC++ 10.0 (VS2010)

time: Thu Jun 23 18:21:21 2016
elapsed time: 0 seconds (0d 0h 0m 0s)

