#
# There is insufficient memory for the Java Runtime Environment to continue.
# Native memory allocation (malloc) failed to allocate 1103696 bytes for Chunk::new
# Possible reasons:
#   The system is out of physical RAM or swap space
#   In 32 bit mode, the process size limit was hit
# Possible solutions:
#   Reduce memory load on the system
#   Increase physical memory or swap space
#   Check if swap backing store is full
#   Use 64 bit Java on a 64 bit OS
#   Decrease Java heap size (-Xmx/-Xms)
#   Decrease number of Java threads
#   Decrease Java thread stack sizes (-Xss)
#   Set larger code cache with -XX:ReservedCodeCacheSize=
# This output file may be truncated or incomplete.
#
#  Out of Memory Error (allocation.cpp:390), pid=4284, tid=11772
#
# JRE version: Java(TM) SE Runtime Environment (8.0_60-b27) (build 1.8.0_60-b27)
# Java VM: Java HotSpot(TM) 64-Bit Server VM (25.60-b23 mixed mode windows-amd64 compressed oops)
# Failed to write core dump. Minidumps are not enabled by default on client versions of Windows
#

---------------  T H R E A D  ---------------

Current thread (0x0000000055a4a000):  JavaThread "C2 CompilerThread1" daemon [_thread_in_native, id=11772, stack(0x0000000058950000,0x0000000058a50000)]

Stack: [0x0000000058950000,0x0000000058a50000]
[error occurred during error reporting (printing stack bounds), id 0xc0000005]

Native frames: (J=compiled Java code, j=interpreted, Vv=VM code, C=native code)


Current CompileTask:
C2:  13750 2141 %     4       com.android.dx.ssa.SCCP::run @ 93 (298 bytes)


---------------  P R O C E S S  ---------------

Java Threads: ( => current thread )
  0x0000000059366800 JavaThread "pool-2-thread-4" [_thread_in_Java, id=2288, stack(0x0000000059e20000,0x0000000059f20000)]
  0x000000005762f000 JavaThread "pool-2-thread-3" [_thread_in_Java, id=7572, stack(0x0000000059f70000,0x000000005a070000)]
  0x000000005762e000 JavaThread "pool-2-thread-2" [_thread_in_Java, id=8460, stack(0x0000000059d10000,0x0000000059e10000)]
  0x00000000576a1000 JavaThread "pool-3-thread-1" [_thread_blocked, id=9308, stack(0x0000000059b40000,0x0000000059c40000)]
  0x000000005764b800 JavaThread "pool-2-thread-1" [_thread_in_Java, id=10172, stack(0x00000000590e0000,0x00000000591e0000)]
  0x0000000057408000 JavaThread "Service Thread" daemon [_thread_blocked, id=12076, stack(0x0000000058fa0000,0x00000000590a0000)]
  0x0000000055a4f000 JavaThread "C1 CompilerThread3" daemon [_thread_blocked, id=9524, stack(0x0000000058e10000,0x0000000058f10000)]
  0x0000000055a4d000 JavaThread "C2 CompilerThread2" daemon [_thread_in_native, id=11572, stack(0x0000000058c30000,0x0000000058d30000)]
=>0x0000000055a4a000 JavaThread "C2 CompilerThread1" daemon [_thread_in_native, id=11772, stack(0x0000000058950000,0x0000000058a50000)]
  0x0000000057361000 JavaThread "C2 CompilerThread0" daemon [_thread_in_native, id=1212, stack(0x0000000058a50000,0x0000000058b50000)]
  0x0000000057360000 JavaThread "Attach Listener" daemon [_thread_blocked, id=2012, stack(0x0000000058710000,0x0000000058810000)]
  0x0000000057370800 JavaThread "Signal Dispatcher" daemon [_thread_blocked, id=10040, stack(0x0000000058850000,0x0000000058950000)]
  0x0000000055a3e800 JavaThread "Finalizer" daemon [_thread_blocked, id=10980, stack(0x0000000058590000,0x0000000058690000)]
  0x0000000055a37000 JavaThread "Reference Handler" daemon [_thread_blocked, id=1232, stack(0x0000000058470000,0x0000000058570000)]
  0x0000000001fbe800 JavaThread "main" [_thread_in_Java, id=11752, stack(0x0000000002620000,0x0000000002720000)]

Other Threads:
  0x0000000057312800 VMThread [stack: 0x0000000058290000,0x0000000058390000] [id=9152]
  0x000000005740c800 WatcherThread [stack: 0x0000000059210000,0x0000000059310000] [id=632]

VM state:not at safepoint (normal execution)

VM Mutex/Monitor currently owned by a thread: None

Heap:
 PSYoungGen      total 94208K, used 59666K [0x00000000eab00000, 0x00000000f4400000, 0x0000000100000000)
  eden space 31744K, 76% used [0x00000000eab00000,0x00000000ec2c7198,0x00000000eca00000)
  from space 62464K, 56% used [0x00000000eca00000,0x00000000eecae780,0x00000000f0700000)
  to   space 59904K, 0% used [0x00000000f0980000,0x00000000f0980000,0x00000000f4400000)
 ParOldGen       total 184832K, used 67223K [0x00000000c0000000, 0x00000000cb480000, 0x00000000eab00000)
  object space 184832K, 36% used [0x00000000c0000000,0x00000000c41a5fe8,0x00000000cb480000)
 Metaspace       used 6376K, capacity 7192K, committed 7424K, reserved 1056768K
  class space    used 621K, capacity 656K, committed 768K, reserved 1048576K

Card table byte_map: [0x0000000011db0000,0x0000000011fc0000] byte_map_base: 0x00000000117b0000

Marking Bits: (ParMarkBitMap*) 0x0000000056bca5b0
 Begin Bits: [0x0000000012e50000, 0x0000000013e50000)
 End Bits:   [0x0000000013e50000, 0x0000000014e50000)

Polling page: 0x0000000000140000

CodeCache: size=245760Kb used=9001Kb max_used=9001Kb free=236758Kb
 bounds [0x00000000029f0000, 0x00000000032d0000, 0x00000000119f0000]
 total_blobs=2266 nmethods=1997 adapters=181
 compilation: enabled

Compilation events (10 events):
Event: 13.640 Thread 0x0000000055a4f000 2144       2       java.util.concurrent.LinkedBlockingQueue$Node::<init> (10 bytes)
Event: 13.641 Thread 0x0000000055a4f000 nmethod 2144 0x00000000032a5c90 code [0x00000000032a5de0, 0x00000000032a5f50]
Event: 13.641 Thread 0x0000000055a4f000 2145       2       com.android.dx.command.dexer.Main::fixPath (56 bytes)
Event: 13.641 Thread 0x0000000055a4f000 nmethod 2145 0x00000000032a9f10 code [0x00000000032aa0c0, 0x00000000032aa348]
Event: 13.641 Thread 0x0000000055a4f000 2153   !   2       java.util.concurrent.LinkedBlockingQueue::offer (130 bytes)
Event: 13.644 Thread 0x0000000055a4f000 nmethod 2153 0x00000000032a8e10 code [0x00000000032a9020, 0x00000000032a96a8]
Event: 13.644 Thread 0x0000000055a4f000 2154       2       java.util.concurrent.LinkedBlockingQueue::enqueue (14 bytes)
Event: 13.644 Thread 0x0000000055a4f000 nmethod 2154 0x00000000032a8a90 code [0x00000000032a8be0, 0x00000000032a8d50]
Event: 13.644 Thread 0x0000000055a4f000 2155       2       com.android.dx.dex.cf.OptimizerOptions::loadOptimizeLists (52 bytes)
Event: 13.645 Thread 0x0000000055a4f000 nmethod 2155 0x00000000032c1210 code [0x00000000032c13a0, 0x00000000032c1648]

GC Heap History (10 events):
Event: 12.149 GC heap before
{Heap before GC invocations=21 (full 13):
 PSYoungGen      total 98816K, used 30720K [0x00000000eab00000, 0x00000000f5000000, 0x0000000100000000)
  eden space 30720K, 100% used [0x00000000eab00000,0x00000000ec900000,0x00000000ec900000)
  from space 68096K, 0% used [0x00000000f0d80000,0x00000000f0d80000,0x00000000f5000000)
  to   space 69120K, 0% used [0x00000000ec900000,0x00000000ec900000,0x00000000f0c80000)
 ParOldGen       total 184832K, used 165560K [0x00000000c0000000, 0x00000000cb480000, 0x00000000eab00000)
  object space 184832K, 89% used [0x00000000c0000000,0x00000000ca1ae298,0x00000000cb480000)
 Metaspace       used 6328K, capacity 7192K, committed 7424K, reserved 1056768K
  class space    used 621K, capacity 656K, committed 768K, reserved 1048576K
Event: 12.555 GC heap after
Heap after GC invocations=21 (full 13):
 PSYoungGen      total 98816K, used 0K [0x00000000eab00000, 0x00000000f5000000, 0x0000000100000000)
  eden space 30720K, 0% used [0x00000000eab00000,0x00000000eab00000,0x00000000ec900000)
  from space 68096K, 0% used [0x00000000f0d80000,0x00000000f0d80000,0x00000000f5000000)
  to   space 69120K, 0% used [0x00000000ec900000,0x00000000ec900000,0x00000000f0c80000)
 ParOldGen       total 184832K, used 131412K [0x00000000c0000000, 0x00000000cb480000, 0x00000000eab00000)
  object space 184832K, 71% used [0x00000000c0000000,0x00000000c8055330,0x00000000cb480000)
 Metaspace       used 6328K, capacity 7192K, committed 7424K, reserved 1056768K
  class space    used 621K, capacity 656K, committed 768K, reserved 1048576K
}
Event: 12.738 GC heap before
{Heap before GC invocations=22 (full 13):
 PSYoungGen      total 98816K, used 30720K [0x00000000eab00000, 0x00000000f5000000, 0x0000000100000000)
  eden space 30720K, 100% used [0x00000000eab00000,0x00000000ec900000,0x00000000ec900000)
  from space 68096K, 0% used [0x00000000f0d80000,0x00000000f0d80000,0x00000000f5000000)
  to   space 69120K, 0% used [0x00000000ec900000,0x00000000ec900000,0x00000000f0c80000)
 ParOldGen       total 184832K, used 131412K [0x00000000c0000000, 0x00000000cb480000, 0x00000000eab00000)
  object space 184832K, 71% used [0x00000000c0000000,0x00000000c8055330,0x00000000cb480000)
 Metaspace       used 6341K, capacity 7192K, committed 7424K, reserved 1056768K
  class space    used 621K, capacity 656K, committed 768K, reserved 1048576K
Event: 12.791 GC heap after
Heap after GC invocations=22 (full 13):
 PSYoungGen      total 49152K, used 18354K [0x00000000eab00000, 0x00000000f4900000, 0x0000000100000000)
  eden space 30720K, 0% used [0x00000000eab00000,0x00000000eab00000,0x00000000ec900000)
  from space 18432K, 99% used [0x00000000ec900000,0x00000000edaec8e0,0x00000000edb00000)
  to   space 65024K, 0% used [0x00000000f0980000,0x00000000f0980000,0x00000000f4900000)
 ParOldGen       total 184832K, used 131420K [0x00000000c0000000, 0x00000000cb480000, 0x00000000eab00000)
  object space 184832K, 71% used [0x00000000c0000000,0x00000000c8057330,0x00000000cb480000)
 Metaspace       used 6341K, capacity 7192K, committed 7424K, reserved 1056768K
  class space    used 621K, capacity 656K, committed 768K, reserved 1048576K
}
Event: 12.791 GC heap before
{Heap before GC invocations=23 (full 14):
 PSYoungGen      total 49152K, used 18354K [0x00000000eab00000, 0x00000000f4900000, 0x0000000100000000)
  eden space 30720K, 0% used [0x00000000eab00000,0x00000000eab00000,0x00000000ec900000)
  from space 18432K, 99% used [0x00000000ec900000,0x00000000edaec8e0,0x00000000edb00000)
  to   space 65024K, 0% used [0x00000000f0980000,0x00000000f0980000,0x00000000f4900000)
 ParOldGen       total 184832K, used 131420K [0x00000000c0000000, 0x00000000cb480000, 0x00000000eab00000)
  object space 184832K, 71% used [0x00000000c0000000,0x00000000c8057330,0x00000000cb480000)
 Metaspace       used 6341K, capacity 7192K, committed 7424K, reserved 1056768K
  class space    used 621K, capacity 656K, committed 768K, reserved 1048576K
Event: 13.247 GC heap after
Heap after GC invocations=23 (full 14):
 PSYoungGen      total 49152K, used 0K [0x00000000eab00000, 0x00000000f4900000, 0x0000000100000000)
  eden space 30720K, 0% used [0x00000000eab00000,0x00000000eab00000,0x00000000ec900000)
  from space 18432K, 0% used [0x00000000ec900000,0x00000000ec900000,0x00000000edb00000)
  to   space 65024K, 0% used [0x00000000f0980000,0x00000000f0980000,0x00000000f4900000)
 ParOldGen       total 184832K, used 67207K [0x00000000c0000000, 0x00000000cb480000, 0x00000000eab00000)
  object space 184832K, 36% used [0x00000000c0000000,0x00000000c41a1fe8,0x00000000cb480000)
 Metaspace       used 6341K, capacity 7192K, committed 7424K, reserved 1056768K
  class space    used 621K, capacity 656K, committed 768K, reserved 1048576K
}
Event: 13.522 GC heap before
{Heap before GC invocations=24 (full 14):
 PSYoungGen      total 49152K, used 30720K [0x00000000eab00000, 0x00000000f4900000, 0x0000000100000000)
  eden space 30720K, 100% used [0x00000000eab00000,0x00000000ec900000,0x00000000ec900000)
  from space 18432K, 0% used [0x00000000ec900000,0x00000000ec900000,0x00000000edb00000)
  to   space 65024K, 0% used [0x00000000f0980000,0x00000000f0980000,0x00000000f4900000)
 ParOldGen       total 184832K, used 67207K [0x00000000c0000000, 0x00000000cb480000, 0x00000000eab00000)
  object space 184832K, 36% used [0x00000000c0000000,0x00000000c41a1fe8,0x00000000cb480000)
 Metaspace       used 6368K, capacity 7192K, committed 7424K, reserved 1056768K
  class space    used 621K, capacity 656K, committed 768K, reserved 1048576K
Event: 13.567 GC heap after
Heap after GC invocations=24 (full 14):
 PSYoungGen      total 91648K, used 13527K [0x00000000eab00000, 0x00000000f4400000, 0x0000000100000000)
  eden space 31744K, 0% used [0x00000000eab00000,0x00000000eab00000,0x00000000eca00000)
  from space 59904K, 22% used [0x00000000f0980000,0x00000000f16b5c40,0x00000000f4400000)
  to   space 62464K, 0% used [0x00000000eca00000,0x00000000eca00000,0x00000000f0700000)
 ParOldGen       total 184832K, used 67215K [0x00000000c0000000, 0x00000000cb480000, 0x00000000eab00000)
  object space 184832K, 36% used [0x00000000c0000000,0x00000000c41a3fe8,0x00000000cb480000)
 Metaspace       used 6368K, capacity 7192K, committed 7424K, reserved 1056768K
  class space    used 621K, capacity 656K, committed 768K, reserved 1048576K
}
Event: 13.668 GC heap before
{Heap before GC invocations=25 (full 14):
 PSYoungGen      total 91648K, used 45271K [0x00000000eab00000, 0x00000000f4400000, 0x0000000100000000)
  eden space 31744K, 100% used [0x00000000eab00000,0x00000000eca00000,0x00000000eca00000)
  from space 59904K, 22% used [0x00000000f0980000,0x00000000f16b5c40,0x00000000f4400000)
  to   space 62464K, 0% used [0x00000000eca00000,0x00000000eca00000,0x00000000f0700000)
 ParOldGen       total 184832K, used 67215K [0x00000000c0000000, 0x00000000cb480000, 0x00000000eab00000)
  object space 184832K, 36% used [0x00000000c0000000,0x00000000c41a3fe8,0x00000000cb480000)
 Metaspace       used 6376K, capacity 7192K, committed 7424K, reserved 1056768K
  class space    used 621K, capacity 656K, committed 768K, reserved 1048576K
Event: 13.691 GC heap after
Heap after GC invocations=25 (full 14):
 PSYoungGen      total 94208K, used 35513K [0x00000000eab00000, 0x00000000f4400000, 0x0000000100000000)
  eden space 31744K, 0% used [0x00000000eab00000,0x00000000eab00000,0x00000000eca00000)
  from space 62464K, 56% used [0x00000000eca00000,0x00000000eecae780,0x00000000f0700000)
  to   space 59904K, 0% used [0x00000000f0980000,0x00000000f0980000,0x00000000f4400000)
 ParOldGen       total 184832K, used 67223K [0x00000000c0000000, 0x00000000cb480000, 0x00000000eab00000)
  object space 184832K, 36% used [0x00000000c0000000,0x00000000c41a5fe8,0x00000000cb480000)
 Metaspace       used 6376K, capacity 7192K, committed 7424K, reserved 1056768K
  class space    used 621K, capacity 656K, committed 768K, reserved 1048576K
}

Deoptimization events (10 events):
Event: 9.909 Thread 0x000000005764b800 Uncommon trap: reason=unstable_if action=reinterpret pc=0x0000000002d17284 method=com.android.dx.ssa.SetFactory.makeLivenessSet(I)Lcom/android/dx/util/IntSet; @ 4
Event: 9.909 Thread 0x000000005764b800 Uncommon trap: reason=class_check action=maybe_recompile pc=0x0000000002cc048c method=com.android.dx.ssa.back.InterferenceGraph.add(II)V @ 19
Event: 9.909 Thread 0x000000005764b800 Uncommon trap: reason=class_check action=maybe_recompile pc=0x0000000002cc048c method=com.android.dx.ssa.back.InterferenceGraph.add(II)V @ 19
Event: 9.909 Thread 0x000000005764b800 Uncommon trap: reason=class_check action=maybe_recompile pc=0x0000000002cc048c method=com.android.dx.ssa.back.InterferenceGraph.add(II)V @ 19
Event: 9.909 Thread 0x000000005764b800 Uncommon trap: reason=class_check action=maybe_recompile pc=0x0000000002cc048c method=com.android.dx.ssa.back.InterferenceGraph.add(II)V @ 19
Event: 12.599 Thread 0x0000000001fbe800 Uncommon trap: reason=bimorphic action=maybe_recompile pc=0x0000000002f9e2e8 method=com.android.dx.cf.code.BytecodeArray.parseInstruction(ILcom/android/dx/cf/code/BytecodeArray$Visitor;)I @ 1161
Event: 12.600 Thread 0x0000000001fbe800 Uncommon trap: reason=bimorphic action=maybe_recompile pc=0x0000000002f9e2e8 method=com.android.dx.cf.code.BytecodeArray.parseInstruction(ILcom/android/dx/cf/code/BytecodeArray$Visitor;)I @ 1161
Event: 12.681 Thread 0x0000000001fbe800 Uncommon trap: reason=unstable_if action=reinterpret pc=0x00000000030f5b78 method=com.android.dx.cf.code.Ropper.isSynchronized()Z @ 12
Event: 12.736 Thread 0x0000000001fbe800 Uncommon trap: reason=unstable_if action=reinterpret pc=0x00000000030d236c method=com.android.dx.cf.code.Merger.mergeType(Lcom/android/dx/rop/type/TypeBearer;Lcom/android/dx/rop/type/TypeBearer;)Lcom/android/dx/rop/type/TypeBearer; @ 52
Event: 12.737 Thread 0x0000000001fbe800 Uncommon trap: reason=unstable_if action=reinterpret pc=0x00000000030eb06c method=com.android.dx.cf.code.Merger.mergeType(Lcom/android/dx/rop/type/TypeBearer;Lcom/android/dx/rop/type/TypeBearer;)Lcom/android/dx/rop/type/TypeBearer; @ 133

Internal exceptions (5 events):
Event: 0.056 Thread 0x0000000001fbe800 Exception <a 'java/lang/NoSuchMethodError': Method sun.misc.Unsafe.defineClass(Ljava/lang/String;[BII)Ljava/lang/Class; name or signature does not match> (0x00000000eab0d820) thrown at [C:\re\workspace\8-2-build-windows-amd64-cygwin\jdk8u60\4407\hotspot\srCúJaéä¬?
Event: 0.056 Thread 0x0000000001fbe800 Exception <a 'java/lang/NoSuchMethodError': Method sun.misc.Unsafe.prefetchRead(Ljava/lang/Object;J)V name or signature does not match> (0x00000000eab0db08) thrown at [C:\re\workspace\8-2-build-windows-amd64-cygwin\jdk8u60\4407\hotspot\src\share\vm\prims\j´Æ7›1Ð@
Event: 2.602 Thread 0x0000000001fbe800 Exception <a 'java/lang/ArrayIndexOutOfBoundsException': 18> (0x00000000eb2fe730) thrown at [C:\re\workspace\8-2-build-windows-amd64-cygwin\jdk8u60\4407\hotspot\src\share\vm\interpreter\interpreterRuntime.cpp, line 366]
Event: 2.603 Thread 0x0000000001fbe800 Exception <a 'java/lang/ArrayIndexOutOfBoundsException': 145> (0x00000000eb3002b0) thrown at [C:\re\workspace\8-2-build-windows-amd64-cygwin\jdk8u60\4407\hotspot\src\share\vm\interpreter\interpreterRuntime.cpp, line 366]
Event: 2.604 Thread 0x0000000001fbe800 Exception <a 'java/lang/ArrayIndexOutOfBoundsException': 40> (0x00000000eb301598) thrown at [C:\re\workspace\8-2-build-windows-amd64-cygwin\jdk8u60\4407\hotspot\src\share\vm\interpreter\interpreterRuntime.cpp, line 366]

Events (10 events):
Event: 13.482 Thread 0x0000000001fbe800 DEOPT PACKING pc=0x0000000002ed17c3 sp=0x000000000271e6c0
Event: 13.482 Thread 0x0000000001fbe800 DEOPT UNPACKING pc=0x0000000002a3787f sp=0x000000000271e440 mode 0
Event: 13.521 Executing VM operation: ParallelGCFailedAllocation
Event: 13.568 Executing VM operation: ParallelGCFailedAllocation done
Event: 13.640 Thread 0x0000000001fbe800 DEOPT PACKING pc=0x0000000002f6c5b9 sp=0x000000000271e740
Event: 13.640 Thread 0x0000000001fbe800 DEOPT UNPACKING pc=0x0000000002a3787f sp=0x000000000271e520 mode 0
Event: 13.667 Executing VM operation: ParallelGCFailedAllocation
Event: 13.691 Executing VM operation: ParallelGCFailedAllocation done
Event: 13.703 Thread 0x0000000001fbe800 DEOPT PACKING pc=0x0000000002f4be65 sp=0x000000000271e780
Event: 13.703 Thread 0x0000000001fbe800 DEOPT UNPACKING pc=0x0000000002a3787f sp=0x000000000271e4e8 mode 0


Dynamic libraries:
0x000000013f8d0000 - 0x000000013f907000 	C:\Program Files\Java\jdk1.8.0_60\bin\java.exe
0x0000000077b60000 - 0x0000000077d09000 	C:\Windows\SYSTEM32\ntdll.dll
0x0000000077a40000 - 0x0000000077b5f000 	C:\Windows\system32\kernel32.dll
0x000007fefdc60000 - 0x000007fefdccb000 	C:\Windows\system32\KERNELBASE.dll
0x000007feff9f0000 - 0x000007feffacb000 	C:\Windows\system32\ADVAPI32.dll
0x000007fefe510000 - 0x000007fefe5af000 	C:\Windows\system32\msvcrt.dll
0x000007feffb40000 - 0x000007feffb5f000 	C:\Windows\SYSTEM32\sechost.dll
0x000007fefe150000 - 0x000007fefe27d000 	C:\Windows\system32\RPCRT4.dll
0x0000000077940000 - 0x0000000077a3a000 	C:\Windows\system32\USER32.dll
0x000007feffad0000 - 0x000007feffb37000 	C:\Windows\system32\GDI32.dll
0x000007feff860000 - 0x000007feff86e000 	C:\Windows\system32\LPK.dll
0x000007fefde80000 - 0x000007fefdf49000 	C:\Windows\system32\USP10.dll
0x000007fefc580000 - 0x000007fefc774000 	C:\Windows\WinSxS\amd64_microsoft.windows.common-controls_6595b64144ccf1df_6.0.7601.17514_none_fa396087175ac9ac\COMCTL32.dll
0x000007fefea50000 - 0x000007fefeac1000 	C:\Windows\system32\SHLWAPI.dll
0x000007fefe2d0000 - 0x000007fefe2fe000 	C:\Windows\system32\IMM32.DLL
0x000007feffb70000 - 0x000007feffc79000 	C:\Windows\system32\MSCTF.dll
0x000000005fee0000 - 0x000000005ffb2000 	C:\Program Files\Java\jdk1.8.0_60\jre\bin\msvcr100.dll
0x00000000563c0000 - 0x0000000056c49000 	C:\Program Files\Java\jdk1.8.0_60\jre\bin\server\jvm.dll
0x000007fef3c20000 - 0x000007fef3c29000 	C:\Windows\system32\WSOCK32.dll
0x000007fefe280000 - 0x000007fefe2cd000 	C:\Windows\system32\WS2_32.dll
0x000007feffb60000 - 0x000007feffb68000 	C:\Windows\system32\NSI.dll
0x000007fefc080000 - 0x000007fefc0bb000 	C:\Windows\system32\WINMM.dll
0x000007fefcc10000 - 0x000007fefcc1c000 	C:\Windows\system32\VERSION.dll
0x0000000077d20000 - 0x0000000077d27000 	C:\Windows\system32\PSAPI.DLL
0x00000000751f0000 - 0x00000000751ff000 	C:\Program Files\Java\jdk1.8.0_60\jre\bin\verify.dll
0x00000000647c0000 - 0x00000000647e9000 	C:\Program Files\Java\jdk1.8.0_60\jre\bin\java.dll
0x0000000065760000 - 0x0000000065776000 	C:\Program Files\Java\jdk1.8.0_60\jre\bin\zip.dll
0x000007fefead0000 - 0x000007feff858000 	C:\Windows\system32\SHELL32.dll
0x000007fefe300000 - 0x000007fefe503000 	C:\Windows\system32\ole32.dll
0x000007fefdab0000 - 0x000007fefdabf000 	C:\Windows\system32\profapi.dll

VM Arguments:
jvm_args: -Djava.awt.headless=true -Xmx1024M -Dfile.encoding=windows-1252 -Duser.country=US -Duser.language=en -Duser.variant 
java_command: com.android.dx.command.Main --dex --force-jumbo --num-threads=4 --multi-dex --output D:\project\AndroidStudioProjects\PersonalUtilitiesForLife\app\build\intermediates\transforms\dex\debug\folders\1000\10\com.google.android.gms-play-services-ads-9.0.2_940e0f1515ab20e7d388f1541c7abdcfd6b82fc2 D:\project\AndroidStudioProjects\PersonalUtilitiesForLife\app\build\intermediates\exploded-aar\com.google.android.gms\play-services-ads\9.0.2\jars\classes.jar
java_class_path (initial): D:\Android\sdk\build-tools\23.0.3\lib\dx.jar
Launcher Type: SUN_STANDARD

Environment Variables:
JAVA_HOME=C:\Program Files\Java\jdk1.8.0_60
PATH=C:\ProgramData\Oracle\Java\javapath;C:\Program Files\Common Files\Microsoft Shared\Windows Live;C:\Program Files (x86)\HP SimplePass\x64;C:\Program Files (x86)\HP SimplePass\;;C:\Windows\system32;C:\Windows;C:\Windows\System32\Wbem;C:\Windows\System32\WindowsPowerShell\v1.0\;C:\Program Files (x86)\Java\jdk1.7.0_09\bin;C:\Strawberry\c\bin;C:\Strawberry\perl\site\bin;C:\Strawberry\perl\bin;C:\Program Files (x86)\Intel\OpenCL SDK\2.0\bin\x86;C:\Program Files (x86)\Intel\OpenCL SDK\2.0\bin\x64;C:\PROGRA~2\PICC;C:\Program Files (x86)\Microchip\xc16\v1.25\bin;C:\Program Files (x86)\Microchip\xc8\v1.35\bin;C:\Program Files\Java\jre1.8.0_65\bin;C:\Program Files\Java\jdk1.8.0_60\jre\bin;D:\Android\sdk\platform-tools;C:\Program Files\Common Files\Microsoft Shared\Windows Live;C:\Program Files\Java\jre1.8.0_65\bin
USERNAME=Nhut
OS=Windows_NT
PROCESSOR_IDENTIFIER=Intel64 Family 6 Model 42 Stepping 7, GenuineIntel



---------------  S Y S T E M  ---------------

OS: Windows 7 , 64 bit Build 7601 (6.1.7601.17514)

CPU:total 8 (4 cores per cpu, 2 threads per core) family 6 model 42 stepping 7, cmov, cx8, fxsr, mmx, sse, sse2, sse3, ssse3, sse4.1, sse4.2, popcnt, avx, aes, clmul, ht, tsc, tscinvbit

Memory: 4k page, physical 6238064k(180956k free), swap 8333368k(5140k free)

vm_info: Java HotSpot(TM) 64-Bit Server VM (25.60-b23) for windows-amd64 JRE (1.8.0_60-b27), built on Aug  4 2015 11:06:27 by "java_re" with MS VC++ 10.0 (VS2010)

time: Mon Jun 27 11:08:36 2016
elapsed time: 13 seconds (0d 0h 0m 13s)

