#
# There is insufficient memory for the Java Runtime Environment to continue.
# Native memory allocation (malloc) failed to allocate 7048 bytes for AllocateHeap
# Possible reasons:
#   The system is out of physical RAM or swap space
#   In 32 bit mode, the process size limit was hit
# Possible solutions:
#   Reduce memory load on the system
#   Increase physical memory or swap space
#   Check if swap backing store is full
#   Use 64 bit Java on a 64 bit OS
#   Decrease Java heap size (-Xmx/-Xms)
#   Decrease number of Java threads
#   Decrease Java thread stack sizes (-Xss)
#   Set larger code cache with -XX:ReservedCodeCacheSize=
# This output file may be truncated or incomplete.
#
#  Out of Memory Error (memory/allocation.inline.hpp:61), pid=12856, tid=14248
#
# JRE version: Java(TM) SE Runtime Environment (8.0_60-b27) (build 1.8.0_60-b27)
# Java VM: Java HotSpot(TM) 64-Bit Server VM (25.60-b23 mixed mode windows-amd64 compressed oops)
# Failed to write core dump. Minidumps are not enabled by default on client versions of Windows
#

---------------  T H R E A D  ---------------

Current thread (0x000000005554e000):  JavaThread "C1 CompilerThread3" daemon [_thread_in_vm, id=14248, stack(0x0000000058150000,0x0000000058250000)]

Stack: [0x0000000058150000,0x0000000058250000]
[error occurred during error reporting (printing stack bounds), id 0xc0000005]

Native frames: (J=compiled Java code, j=interpreted, Vv=VM code, C=native code)


Current CompileTask:
C1:  12303 2312       3       com.android.dx.ssa.back.FirstFitLocalCombiningAllocator::handleCheckCastResults (413 bytes)


---------------  P R O C E S S  ---------------

Java Threads: ( => current thread )
  0x0000000058791000 JavaThread "pool-2-thread-4" [_thread_in_Java, id=11344, stack(0x0000000059300000,0x0000000059400000)]
  0x00000000585f5800 JavaThread "pool-2-thread-3" [_thread_in_Java, id=9236, stack(0x0000000058d90000,0x0000000058e90000)]
  0x00000000585f4800 JavaThread "pool-2-thread-2" [_thread_in_Java, id=13208, stack(0x00000000590e0000,0x00000000591e0000)]
  0x000000005682e800 JavaThread "pool-3-thread-1" [_thread_blocked, id=12008, stack(0x0000000058ec0000,0x0000000058fc0000)]
  0x00000000567ca800 JavaThread "pool-2-thread-1" [_thread_in_Java, id=11444, stack(0x0000000057fc0000,0x00000000580c0000)]
  0x0000000056580000 JavaThread "Service Thread" daemon [_thread_blocked, id=13332, stack(0x00000000582b0000,0x00000000583b0000)]
=>0x000000005554e000 JavaThread "C1 CompilerThread3" daemon [_thread_in_vm, id=14248, stack(0x0000000058150000,0x0000000058250000)]
  0x00000000564ea800 JavaThread "C2 CompilerThread2" daemon [_thread_in_native, id=6908, stack(0x0000000057e60000,0x0000000057f60000)]
  0x00000000564e9800 JavaThread "C2 CompilerThread1" daemon [_thread_in_native, id=13056, stack(0x0000000057d40000,0x0000000057e40000)]
  0x00000000564e2000 JavaThread "C2 CompilerThread0" daemon [_thread_in_native, id=12140, stack(0x0000000057ba0000,0x0000000057ca0000)]
  0x00000000564e1000 JavaThread "Attach Listener" daemon [_thread_blocked, id=14328, stack(0x0000000057a40000,0x0000000057b40000)]
  0x00000000564e0000 JavaThread "Signal Dispatcher" daemon [_thread_blocked, id=13580, stack(0x00000000578e0000,0x00000000579e0000)]
  0x0000000055540000 JavaThread "Finalizer" daemon [_thread_blocked, id=13432, stack(0x0000000057670000,0x0000000057770000)]
  0x0000000055538800 JavaThread "Reference Handler" daemon [_thread_blocked, id=13896, stack(0x0000000057460000,0x0000000057560000)]
  0x0000000001fce800 JavaThread "main" [_thread_in_native, id=13808, stack(0x0000000002180000,0x0000000002280000)]

Other Threads:
  0x0000000055531000 VMThread [stack: 0x0000000057560000,0x0000000057660000] [id=14272]
  0x0000000056594000 WatcherThread [stack: 0x0000000058490000,0x0000000058590000] [id=14032]

VM state:not at safepoint (normal execution)

VM Mutex/Monitor currently owned by a thread:  ([mutex/lock_event])
[0x0000000001fcbbc0] CodeCache_lock - owner thread: 0x000000005554e000
[0x0000000001fcd270] Compile_lock - owner thread: 0x000000005554e000
[0x0000000001fcd370] MethodCompileQueue_lock - owner thread: 0x000000005554e000

Heap:
 PSYoungGen      total 223744K, used 159140K [0x00000000eab00000, 0x0000000100000000, 0x0000000100000000)
  eden space 125952K, 91% used [0x00000000eab00000,0x00000000f1b6a9e8,0x00000000f2600000)
  from space 97792K, 45% used [0x00000000f2600000,0x00000000f50fe9c0,0x00000000f8580000)
  to   space 95232K, 0% used [0x00000000fa300000,0x00000000fa300000,0x0000000100000000)
 ParOldGen       total 280576K, used 148800K [0x00000000c0000000, 0x00000000d1200000, 0x00000000eab00000)
  object space 280576K, 53% used [0x00000000c0000000,0x00000000c9150000,0x00000000d1200000)
 Metaspace       used 6456K, capacity 7192K, committed 7424K, reserved 1056768K
  class space    used 620K, capacity 656K, committed 768K, reserved 1048576K

Card table byte_map: [0x0000000011990000,0x0000000011ba0000] byte_map_base: 0x0000000011390000

Marking Bits: (ParMarkBitMap*) 0x0000000070b9a5b0
 Begin Bits: [0x0000000012950000, 0x0000000013950000)
 End Bits:   [0x0000000013950000, 0x0000000014950000)

Polling page: 0x0000000001fa0000

CodeCache: size=245760Kb used=9307Kb max_used=9307Kb free=236452Kb
 bounds [0x00000000025d0000, 0x0000000002f00000, 0x00000000115d0000]
 total_blobs=2406 nmethods=2135 adapters=182
 compilation: enabled

Compilation events (10 events):
Event: 12.239 Thread 0x00000000564e9800 2309       4       com.android.dx.ssa.SsaMethod::forEachBlockDepthFirstDom (128 bytes)
Event: 12.272 Thread 0x00000000564e2000 nmethod 2147 0x0000000002ee6e90 code [0x0000000002ee70e0, 0x0000000002ee8710]
Event: 12.272 Thread 0x00000000564e2000 2311 %     4       com.android.dx.ssa.back.SsaToRop::removePhiFunctions @ 13 (83 bytes)
Event: 12.292 Thread 0x000000005554e000 2312       3       com.android.dx.ssa.back.FirstFitLocalCombiningAllocator::handleCheckCastResults (413 bytes)
Event: 12.294 Thread 0x00000000564e9800 nmethod 2309 0x0000000002ecc550 code [0x0000000002ecc760, 0x0000000002ecd5d8]
Event: 12.294 Thread 0x00000000564e9800 2281       4       com.android.dx.rop.code.PlainCstInsn::<init> (30 bytes)
Event: 12.296 Thread 0x00000000564e9800 nmethod 2281 0x0000000002ee6a10 code [0x0000000002ee6b60, 0x0000000002ee6cb8]
Event: 12.296 Thread 0x00000000564e9800 2259       4       java.util.BitSet::checkRange (104 bytes)
Event: 12.297 Thread 0x00000000564e9800 nmethod 2259 0x0000000002ecadd0 code [0x0000000002ecaf00, 0x0000000002ecaf98]
Event: 12.297 Thread 0x00000000564e9800 2260       4       java.util.BitSet::set (124 bytes)

GC Heap History (10 events):
Event: 8.453 GC heap before
{Heap before GC invocations=11 (full 1):
 PSYoungGen      total 223744K, used 223739K [0x00000000eab00000, 0x00000000fd300000, 0x0000000100000000)
  eden space 168960K, 100% used [0x00000000eab00000,0x00000000f5000000,0x00000000f5000000)
  from space 54784K, 99% used [0x00000000f5000000,0x00000000f857efa0,0x00000000f8580000)
  to   space 30208K, 0% used [0x00000000f8580000,0x00000000f8580000,0x00000000fa300000)
 ParOldGen       total 159744K, used 114145K [0x00000000c0000000, 0x00000000c9c00000, 0x00000000eab00000)
  object space 159744K, 71% used [0x00000000c0000000,0x00000000c6f78428,0x00000000c9c00000)
 Metaspace       used 6451K, capacity 7192K, committed 7424K, reserved 1056768K
  class space    used 620K, capacity 656K, committed 768K, reserved 1048576K
Event: 8.890 GC heap after
Heap after GC invocations=11 (full 1):
 PSYoungGen      total 223744K, used 223739K [0x00000000eab00000, 0x00000000fd300000, 0x0000000100000000)
  eden space 168960K, 100% used [0x00000000eab00000,0x00000000f5000000,0x00000000f5000000)
  from space 54784K, 99% used [0x00000000f5000000,0x00000000f857efa0,0x00000000f8580000)
  to   space 30208K, 99% used [0x00000000f8580000,0x00000000fa2fdbb8,0x00000000fa300000)
 ParOldGen       total 183808K, used 183800K [0x00000000c0000000, 0x00000000cb380000, 0x00000000eab00000)
  object space 183808K, 99% used [0x00000000c0000000,0x00000000cb37e0d0,0x00000000cb380000)
 Metaspace       used 6451K, capacity 7192K, committed 7424K, reserved 1056768K
  class space    used 620K, capacity 656K, committed 768K, reserved 1048576K
}
Event: 8.890 GC heap before
{Heap before GC invocations=12 (full 2):
 PSYoungGen      total 223744K, used 223739K [0x00000000eab00000, 0x00000000fd300000, 0x0000000100000000)
  eden space 168960K, 100% used [0x00000000eab00000,0x00000000f5000000,0x00000000f5000000)
  from space 54784K, 99% used [0x00000000f5000000,0x00000000f857efa0,0x00000000f8580000)
  to   space 30208K, 99% used [0x00000000f8580000,0x00000000fa2fdbb8,0x00000000fa300000)
 ParOldGen       total 183808K, used 183800K [0x00000000c0000000, 0x00000000cb380000, 0x00000000eab00000)
  object space 183808K, 99% used [0x00000000c0000000,0x00000000cb37e0d0,0x00000000cb380000)
 Metaspace       used 6451K, capacity 7192K, committed 7424K, reserved 1056768K
  class space    used 620K, capacity 656K, committed 768K, reserved 1048576K
Event: 9.267 GC heap after
Heap after GC invocations=12 (full 2):
 PSYoungGen      total 223744K, used 0K [0x00000000eab00000, 0x00000000fd300000, 0x0000000100000000)
  eden space 168960K, 0% used [0x00000000eab00000,0x00000000eab00000,0x00000000f5000000)
  from space 54784K, 0% used [0x00000000f5000000,0x00000000f5000000,0x00000000f8580000)
  to   space 30208K, 0% used [0x00000000f8580000,0x00000000f8580000,0x00000000fa300000)
 ParOldGen       total 234496K, used 139371K [0x00000000c0000000, 0x00000000ce500000, 0x00000000eab00000)
  object space 234496K, 59% used [0x00000000c0000000,0x00000000c881ade8,0x00000000ce500000)
 Metaspace       used 6451K, capacity 7192K, committed 7424K, reserved 1056768K
  class space    used 620K, capacity 656K, committed 768K, reserved 1048576K
}
Event: 10.820 GC heap before
{Heap before GC invocations=13 (full 2):
 PSYoungGen      total 223744K, used 168960K [0x00000000eab00000, 0x00000000fd300000, 0x0000000100000000)
  eden space 168960K, 100% used [0x00000000eab00000,0x00000000f5000000,0x00000000f5000000)
  from space 54784K, 0% used [0x00000000f5000000,0x00000000f5000000,0x00000000f8580000)
  to   space 30208K, 0% used [0x00000000f8580000,0x00000000f8580000,0x00000000fa300000)
 ParOldGen       total 234496K, used 139371K [0x00000000c0000000, 0x00000000ce500000, 0x00000000eab00000)
  object space 234496K, 59% used [0x00000000c0000000,0x00000000c881ade8,0x00000000ce500000)
 Metaspace       used 6456K, capacity 7192K, committed 7424K, reserved 1056768K
  class space    used 620K, capacity 656K, committed 768K, reserved 1048576K
Event: 10.911 GC heap after
Heap after GC invocations=13 (full 2):
 PSYoungGen      total 156160K, used 30186K [0x00000000eab00000, 0x0000000100000000, 0x0000000100000000)
  eden space 125952K, 0% used [0x00000000eab00000,0x00000000eab00000,0x00000000f2600000)
  from space 30208K, 99% used [0x00000000f8580000,0x00000000fa2faab0,0x00000000fa300000)
  to   space 97792K, 0% used [0x00000000f2600000,0x00000000f2600000,0x00000000f8580000)
 ParOldGen       total 234496K, used 206580K [0x00000000c0000000, 0x00000000ce500000, 0x00000000eab00000)
  object space 234496K, 88% used [0x00000000c0000000,0x00000000cc9bd3d8,0x00000000ce500000)
 Metaspace       used 6456K, capacity 7192K, committed 7424K, reserved 1056768K
  class space    used 620K, capacity 656K, committed 768K, reserved 1048576K
}
Event: 10.911 GC heap before
{Heap before GC invocations=14 (full 3):
 PSYoungGen      total 156160K, used 30186K [0x00000000eab00000, 0x0000000100000000, 0x0000000100000000)
  eden space 125952K, 0% used [0x00000000eab00000,0x00000000eab00000,0x00000000f2600000)
  from space 30208K, 99% used [0x00000000f8580000,0x00000000fa2faab0,0x00000000fa300000)
  to   space 97792K, 0% used [0x00000000f2600000,0x00000000f2600000,0x00000000f8580000)
 ParOldGen       total 234496K, used 206580K [0x00000000c0000000, 0x00000000ce500000, 0x00000000eab00000)
  object space 234496K, 88% used [0x00000000c0000000,0x00000000cc9bd3d8,0x00000000ce500000)
 Metaspace       used 6456K, capacity 7192K, committed 7424K, reserved 1056768K
  class space    used 620K, capacity 656K, committed 768K, reserved 1048576K
Event: 11.601 GC heap after
Heap after GC invocations=14 (full 3):
 PSYoungGen      total 156160K, used 0K [0x00000000eab00000, 0x0000000100000000, 0x0000000100000000)
  eden space 125952K, 0% used [0x00000000eab00000,0x00000000eab00000,0x00000000f2600000)
  from space 30208K, 0% used [0x00000000f8580000,0x00000000f8580000,0x00000000fa300000)
  to   space 97792K, 0% used [0x00000000f2600000,0x00000000f2600000,0x00000000f8580000)
 ParOldGen       total 280576K, used 148800K [0x00000000c0000000, 0x00000000d1200000, 0x00000000eab00000)
  object space 280576K, 53% used [0x00000000c0000000,0x00000000c9150000,0x00000000d1200000)
 Metaspace       used 6456K, capacity 7192K, committed 7424K, reserved 1056768K
  class space    used 620K, capacity 656K, committed 768K, reserved 1048576K
}
Event: 12.003 GC heap before
{Heap before GC invocations=15 (full 3):
 PSYoungGen      total 156160K, used 125952K [0x00000000eab00000, 0x0000000100000000, 0x0000000100000000)
  eden space 125952K, 100% used [0x00000000eab00000,0x00000000f2600000,0x00000000f2600000)
  from space 30208K, 0% used [0x00000000f8580000,0x00000000f8580000,0x00000000fa300000)
  to   space 97792K, 0% used [0x00000000f2600000,0x00000000f2600000,0x00000000f8580000)
 ParOldGen       total 280576K, used 148800K [0x00000000c0000000, 0x00000000d1200000, 0x00000000eab00000)
  object space 280576K, 53% used [0x00000000c0000000,0x00000000c9150000,0x00000000d1200000)
 Metaspace       used 6456K, capacity 7192K, committed 7424K, reserved 1056768K
  class space    used 620K, capacity 656K, committed 768K, reserved 1048576K
Event: 12.097 GC heap after
Heap after GC invocations=15 (full 3):
 PSYoungGen      total 223744K, used 44026K [0x00000000eab00000, 0x0000000100000000, 0x0000000100000000)
  eden space 125952K, 0% used [0x00000000eab00000,0x00000000eab00000,0x00000000f2600000)
  from space 97792K, 45% used [0x00000000f2600000,0x00000000f50fe9c0,0x00000000f8580000)
  to   space 95232K, 0% used [0x00000000fa300000,0x00000000fa300000,0x0000000100000000)
 ParOldGen       total 280576K, used 148800K [0x00000000c0000000, 0x00000000d1200000, 0x00000000eab00000)
  object space 280576K, 53% used [0x00000000c0000000,0x00000000c9150000,0x00000000d1200000)
 Metaspace       used 6456K, capacity 7192K, committed 7424K, reserved 1056768K
  class space    used 620K, capacity 656K, committed 768K, reserved 1048576K
}

Deoptimization events (10 events):
Event: 6.858 Thread 0x0000000001fce800 Uncommon trap: reason=class_check action=maybe_recompile pc=0x0000000002b6a1ac method=com.android.dx.ssa.SCCP.simulateBranch(Lcom/android/dx/ssa/SsaInsn;)V @ 145
Event: 8.127 Thread 0x00000000585f5800 Uncommon trap: reason=class_check action=maybe_recompile pc=0x0000000002e10994 method=com.android.dx.util.BitIntSet.merge(Lcom/android/dx/util/IntSet;)V @ 1
Event: 8.128 Thread 0x00000000585f5800 Uncommon trap: reason=class_check action=maybe_recompile pc=0x0000000002e10994 method=com.android.dx.util.BitIntSet.merge(Lcom/android/dx/util/IntSet;)V @ 1
Event: 8.128 Thread 0x00000000585f5800 Uncommon trap: reason=class_check action=maybe_recompile pc=0x0000000002e10994 method=com.android.dx.util.BitIntSet.merge(Lcom/android/dx/util/IntSet;)V @ 1
Event: 8.128 Thread 0x00000000585f5800 Uncommon trap: reason=class_check action=maybe_recompile pc=0x0000000002e10994 method=com.android.dx.util.BitIntSet.merge(Lcom/android/dx/util/IntSet;)V @ 1
Event: 8.129 Thread 0x00000000585f4800 Uncommon trap: reason=class_check action=maybe_recompile pc=0x0000000002e10994 method=com.android.dx.util.BitIntSet.merge(Lcom/android/dx/util/IntSet;)V @ 1
Event: 8.213 Thread 0x0000000058791000 Uncommon trap: reason=class_check action=maybe_recompile pc=0x0000000002dff8bc method=com.android.dx.ssa.back.InterferenceGraph.mergeInterferenceSet(ILcom/android/dx/util/IntSet;)V @ 20
Event: 8.214 Thread 0x0000000058791000 Uncommon trap: reason=class_check action=maybe_recompile pc=0x0000000002dff8bc method=com.android.dx.ssa.back.InterferenceGraph.mergeInterferenceSet(ILcom/android/dx/util/IntSet;)V @ 20
Event: 8.214 Thread 0x0000000058791000 Uncommon trap: reason=class_check action=maybe_recompile pc=0x0000000002dff8bc method=com.android.dx.ssa.back.InterferenceGraph.mergeInterferenceSet(ILcom/android/dx/util/IntSet;)V @ 20
Event: 8.221 Thread 0x0000000058791000 Uncommon trap: reason=class_check action=maybe_recompile pc=0x0000000002dff8bc method=com.android.dx.ssa.back.InterferenceGraph.mergeInterferenceSet(ILcom/android/dx/util/IntSet;)V @ 20

Internal exceptions (5 events):
Event: 0.041 Thread 0x0000000001fce800 Exception <a 'java/lang/NoSuchMethodError': Method sun.misc.Unsafe.defineClass(Ljava/lang/String;[BII)Ljava/lang/Class; name or signature does not match> (0x00000000eab0d820) thrown at [C:\re\workspace\8-2-build-windows-amd64-cygwin\jdk8u60\4407\hotspot\srƒ^ ÁRÅ¤?
Event: 0.041 Thread 0x0000000001fce800 Exception <a 'java/lang/NoSuchMethodError': Method sun.misc.Unsafe.prefetchRead(Ljava/lang/Object;J)V name or signature does not match> (0x00000000eab0db08) thrown at [C:\re\workspace\8-2-build-windows-amd64-cygwin\jdk8u60\4407\hotspot\src\share\vm\prims\j-JJyÂø?
Event: 1.547 Thread 0x00000000567ca800 Exception <a 'java/lang/ArrayIndexOutOfBoundsException': 18> (0x00000000ebbbacf8) thrown at [C:\re\workspace\8-2-build-windows-amd64-cygwin\jdk8u60\4407\hotspot\src\share\vm\interpreter\interpreterRuntime.cpp, line 366]
Event: 1.548 Thread 0x00000000567ca800 Exception <a 'java/lang/ArrayIndexOutOfBoundsException': 145> (0x00000000ebbbc878) thrown at [C:\re\workspace\8-2-build-windows-amd64-cygwin\jdk8u60\4407\hotspot\src\share\vm\interpreter\interpreterRuntime.cpp, line 366]
Event: 1.549 Thread 0x00000000567ca800 Exception <a 'java/lang/ArrayIndexOutOfBoundsException'> (0x00000000ebbbdb60) thrown at [C:\re\workspace\8-2-build-windows-amd64-cygwin\jdk8u60\4407\hotspot\src\share\vm\runtime\sharedRuntime.cpp, line 605]

Events (10 events):
Event: 12.185 Thread 0x00000000585f4800 DEOPT PACKING pc=0x0000000002b4801a sp=0x00000000591de990
Event: 12.185 Thread 0x00000000585f4800 DEOPT UNPACKING pc=0x000000000261787f sp=0x00000000591de7d0 mode 0
Event: 12.197 Thread 0x00000000567ca800 DEOPT PACKING pc=0x0000000002bea42f sp=0x00000000580bed40
Event: 12.197 Thread 0x00000000567ca800 DEOPT UNPACKING pc=0x000000000261787f sp=0x00000000580beb28 mode 0
Event: 12.222 Thread 0x00000000585f4800 DEOPT PACKING pc=0x0000000002b7b261 sp=0x00000000591dec40
Event: 12.222 Thread 0x00000000585f4800 DEOPT UNPACKING pc=0x000000000261787f sp=0x00000000591dea20 mode 0
Event: 12.262 Thread 0x00000000585f4800 DEOPT PACKING pc=0x00000000028b4ad0 sp=0x00000000591deb30
Event: 12.262 Thread 0x00000000585f4800 DEOPT UNPACKING pc=0x000000000261787f sp=0x00000000591de910 mode 0
Event: 12.292 Thread 0x00000000585f5800 DEOPT PACKING pc=0x0000000002ced75f sp=0x0000000058e8e880
Event: 12.292 Thread 0x00000000585f5800 DEOPT UNPACKING pc=0x000000000261787f sp=0x0000000058e8e638 mode 0


Dynamic libraries:
0x000000013feb0000 - 0x000000013fee7000 	C:\Program Files\Java\jdk1.8.0_60\bin\java.exe
0x0000000076f30000 - 0x00000000770d9000 	C:\Windows\SYSTEM32\ntdll.dll
0x0000000076d10000 - 0x0000000076e2f000 	C:\Windows\system32\kernel32.dll
0x000007fefd070000 - 0x000007fefd0db000 	C:\Windows\system32\KERNELBASE.dll
0x000007fefd7a0000 - 0x000007fefd87b000 	C:\Windows\system32\ADVAPI32.dll
0x000007fefec70000 - 0x000007fefed0f000 	C:\Windows\system32\msvcrt.dll
0x000007fefef20000 - 0x000007fefef3f000 	C:\Windows\SYSTEM32\sechost.dll
0x000007fefd260000 - 0x000007fefd38d000 	C:\Windows\system32\RPCRT4.dll
0x0000000076e30000 - 0x0000000076f2a000 	C:\Windows\system32\USER32.dll
0x000007fefd9d0000 - 0x000007fefda37000 	C:\Windows\system32\GDI32.dll
0x000007fefd790000 - 0x000007fefd79e000 	C:\Windows\system32\LPK.dll
0x000007fefef40000 - 0x000007feff009000 	C:\Windows\system32\USP10.dll
0x000007fefb920000 - 0x000007fefbb14000 	C:\Windows\WinSxS\amd64_microsoft.windows.common-controls_6595b64144ccf1df_6.0.7601.17514_none_fa396087175ac9ac\COMCTL32.dll
0x000007fefea30000 - 0x000007fefeaa1000 	C:\Windows\system32\SHLWAPI.dll
0x000007fefebf0000 - 0x000007fefec1e000 	C:\Windows\system32\IMM32.DLL
0x000007feff130000 - 0x000007feff239000 	C:\Windows\system32\MSCTF.dll
0x0000000077360000 - 0x0000000077432000 	C:\Program Files\Java\jdk1.8.0_60\jre\bin\msvcr100.dll
0x0000000070390000 - 0x0000000070c19000 	C:\Program Files\Java\jdk1.8.0_60\jre\bin\server\jvm.dll
0x000007fef0f90000 - 0x000007fef0f99000 	C:\Windows\system32\WSOCK32.dll
0x000007fefec20000 - 0x000007fefec6d000 	C:\Windows\system32\WS2_32.dll
0x000007fefd250000 - 0x000007fefd258000 	C:\Windows\system32\NSI.dll
0x000007fefb480000 - 0x000007fefb4bb000 	C:\Windows\system32\WINMM.dll
0x000007fefbfe0000 - 0x000007fefbfec000 	C:\Windows\system32\VERSION.dll
0x0000000077100000 - 0x0000000077107000 	C:\Windows\system32\PSAPI.DLL
0x0000000069340000 - 0x000000006934f000 	C:\Program Files\Java\jdk1.8.0_60\jre\bin\verify.dll
0x00000000644d0000 - 0x00000000644f9000 	C:\Program Files\Java\jdk1.8.0_60\jre\bin\java.dll
0x00000000644a0000 - 0x00000000644b6000 	C:\Program Files\Java\jdk1.8.0_60\jre\bin\zip.dll
0x000007fefda40000 - 0x000007fefe7c8000 	C:\Windows\system32\SHELL32.dll
0x000007fefed10000 - 0x000007fefef13000 	C:\Windows\system32\ole32.dll
0x000007fefce80000 - 0x000007fefce8f000 	C:\Windows\system32\profapi.dll

VM Arguments:
jvm_args: -Djava.awt.headless=true -Xmx1024M -Dfile.encoding=windows-1252 -Duser.country=US -Duser.language=en -Duser.variant 
java_command: com.android.dx.command.Main --dex --force-jumbo --num-threads=4 --multi-dex --output D:\project\AndroidStudioProjects\PersonalUtilitiesForLife\app\build\intermediates\transforms\dex\debug\folders\1000\10\com.google.android.gms-play-services-ads-8.1.0_412de66e4131172f8dd00f0734b2231cda306001 D:\project\AndroidStudioProjects\PersonalUtilitiesForLife\app\build\intermediates\exploded-aar\com.google.android.gms\play-services-ads\8.1.0\jars\classes.jar
java_class_path (initial): D:\Android\sdk\build-tools\23.0.3\lib\dx.jar
Launcher Type: SUN_STANDARD

Environment Variables:



---------------  S Y S T E M  ---------------

OS: Windows 7 , 64 bit Build 7601 (6.1.7601.17514)

CPU:total 8 (4 cores per cpu, 2 threads per core) family 6 model 42 stepping 7, cmov, cx8, fxsr, mmx, sse, sse2, sse3, ssse3, sse4.1, sse4.2, popcnt, avx, aes, clmul, ht, tsc, tscinvbit

Memory: 4k page, physical 6238064k(682432k free), swap 8333368k(4692k free)

vm_info: Java HotSpot(TM) 64-Bit Server VM (25.60-b23) for windows-amd64 JRE (1.8.0_60-b27), built on Aug  4 2015 11:06:27 by "java_re" with MS VC++ 10.0 (VS2010)

time: Sun Jun 26 11:05:56 2016
elapsed time: 12 seconds (0d 0h 0m 12s)

