#
# There is insufficient memory for the Java Runtime Environment to continue.
# Native memory allocation (malloc) failed to allocate 32744 bytes for ChunkPool::allocate
# Possible reasons:
#   The system is out of physical RAM or swap space
#   In 32 bit mode, the process size limit was hit
# Possible solutions:
#   Reduce memory load on the system
#   Increase physical memory or swap space
#   Check if swap backing store is full
#   Use 64 bit Java on a 64 bit OS
#   Decrease Java heap size (-Xmx/-Xms)
#   Decrease number of Java threads
#   Decrease Java thread stack sizes (-Xss)
#   Set larger code cache with -XX:ReservedCodeCacheSize=
# This output file may be truncated or incomplete.
#
#  Out of Memory Error (allocation.cpp:273), pid=11052, tid=10124
#
# JRE version: Java(TM) SE Runtime Environment (8.0_60-b27) (build 1.8.0_60-b27)
# Java VM: Java HotSpot(TM) 64-Bit Server VM (25.60-b23 mixed mode windows-amd64 compressed oops)
# Failed to write core dump. Minidumps are not enabled by default on client versions of Windows
#

---------------  T H R E A D  ---------------

Current thread (0x000000005575a000):  JavaThread "C2 CompilerThread1" daemon [_thread_in_native, id=10124, stack(0x0000000058a00000,0x0000000058b00000)]

Stack: [0x0000000058a00000,0x0000000058b00000]
[error occurred during error reporting (printing stack bounds), id 0xc0000005]

Native frames: (J=compiled Java code, j=interpreted, Vv=VM code, C=native code)


Current CompileTask:
C2:   7600 1592   !   4       com.android.dx.cf.cst.ConstantPoolParser::parse0 (731 bytes)


---------------  P R O C E S S  ---------------

Java Threads: ( => current thread )
  0x0000000058f39000 JavaThread "pool-2-thread-4" [_thread_blocked, id=10856, stack(0x00000000598c0000,0x00000000599c0000)]
  0x0000000058f35800 JavaThread "pool-2-thread-3" [_thread_blocked, id=13700, stack(0x0000000059ba0000,0x0000000059ca0000)]
  0x0000000058f2e800 JavaThread "pool-2-thread-2" [_thread_blocked, id=14268, stack(0x00000000588f0000,0x00000000589f0000)]
  0x0000000056b27000 JavaThread "pool-3-thread-1" [_thread_blocked, id=7224, stack(0x00000000599c0000,0x0000000059ac0000)]
  0x0000000056b24000 JavaThread "pool-2-thread-1" [_thread_blocked, id=7104, stack(0x0000000059720000,0x0000000059820000)]
  0x00000000568ac000 JavaThread "Service Thread" daemon [_thread_blocked, id=13376, stack(0x0000000058540000,0x0000000058640000)]
  0x000000005575f000 JavaThread "C1 CompilerThread3" daemon [_thread_in_native, id=9628, stack(0x0000000058de0000,0x0000000058ee0000)]
  0x000000005575d000 JavaThread "C2 CompilerThread2" daemon [_thread_in_native, id=12016, stack(0x0000000058b70000,0x0000000058c70000)]
=>0x000000005575a000 JavaThread "C2 CompilerThread1" daemon [_thread_in_native, id=10124, stack(0x0000000058a00000,0x0000000058b00000)]
  0x0000000056803000 JavaThread "C2 CompilerThread0" daemon [_thread_in_native, id=7992, stack(0x00000000587c0000,0x00000000588c0000)]
  0x0000000056801800 JavaThread "Attach Listener" daemon [_thread_blocked, id=13424, stack(0x0000000058640000,0x0000000058740000)]
  0x0000000056800000 JavaThread "Signal Dispatcher" daemon [_thread_blocked, id=13372, stack(0x00000000582a0000,0x00000000583a0000)]
  0x000000005574c000 JavaThread "Finalizer" daemon [_thread_blocked, id=12544, stack(0x0000000058420000,0x0000000058520000)]
  0x0000000055744800 JavaThread "Reference Handler" daemon [_thread_blocked, id=14664, stack(0x0000000058180000,0x0000000058280000)]
  0x0000000001d8e000 JavaThread "main" [_thread_in_Java, id=14392, stack(0x0000000002630000,0x0000000002730000)]

Other Threads:
  0x00000000567b0800 VMThread [stack: 0x0000000058050000,0x0000000058150000] [id=4056]
  0x00000000568b0000 WatcherThread [stack: 0x0000000058cb0000,0x0000000058db0000] [id=10452]

VM state:not at safepoint (normal execution)

VM Mutex/Monitor currently owned by a thread: None

Heap:
 PSYoungGen      total 53248K, used 33929K [0x00000000eab00000, 0x00000000ee300000, 0x0000000100000000)
  eden space 49152K, 60% used [0x00000000eab00000,0x00000000ec827168,0x00000000edb00000)
  from space 4096K, 99% used [0x00000000edb00000,0x00000000edefb348,0x00000000edf00000)
  to   space 4096K, 0% used [0x00000000edf00000,0x00000000edf00000,0x00000000ee300000)
 ParOldGen       total 65536K, used 9126K [0x00000000c0000000, 0x00000000c4000000, 0x00000000eab00000)
  object space 65536K, 13% used [0x00000000c0000000,0x00000000c08e99b8,0x00000000c4000000)
 Metaspace       used 6210K, capacity 7088K, committed 7296K, reserved 1056768K
  class space    used 603K, capacity 616K, committed 640K, reserved 1048576K

Card table byte_map: [0x0000000011dc0000,0x0000000011fd0000] byte_map_base: 0x00000000117c0000

Marking Bits: (ParMarkBitMap*) 0x00000000574fa5b0
 Begin Bits: [0x0000000012b60000, 0x0000000013b60000)
 End Bits:   [0x0000000013b60000, 0x0000000014b60000)

Polling page: 0x0000000000130000

CodeCache: size=245760Kb used=7551Kb max_used=7551Kb free=238208Kb
 bounds [0x0000000002a00000, 0x0000000003170000, 0x0000000011a00000]
 total_blobs=1971 nmethods=1702 adapters=182
 compilation: enabled

Compilation events (10 events):
Event: 7.499 Thread 0x000000005575f000 1759       2       com.android.dx.ssa.back.FirstFitLocalCombiningAllocator::handleLocalAssociatedOther (151 bytes)
Event: 7.500 Thread 0x000000005575f000 nmethod 1759 0x000000000315b390 code [0x000000000315b5c0, 0x000000000315bc78]
Event: 7.511 Thread 0x000000005575f000 1760       2       com.android.dx.util.ByteArray::getByte (14 bytes)
Event: 7.511 Thread 0x000000005575f000 nmethod 1760 0x000000000315af10 code [0x000000000315b080, 0x000000000315b248]
Event: 7.513 Thread 0x000000005575f000 1761       2       com.android.dx.ssa.back.FirstFitLocalCombiningAllocator$Multiset::getAndRemoveHighestCount (63 bytes)
Event: 7.513 Thread 0x000000005575f000 nmethod 1761 0x000000000315a910 code [0x000000000315aa80, 0x000000000315acd0]
Event: 7.514 Thread 0x000000005575f000 1762       2       com.android.dx.cf.code.BasicBlocker::visitBranch (98 bytes)
Event: 7.516 Thread 0x000000005575f000 nmethod 1762 0x0000000003165a10 code [0x0000000003165c20, 0x0000000003166398]
Event: 7.528 Thread 0x000000005575f000 1764       2       com.android.dx.ssa.back.FirstFitLocalCombiningAllocator::rangeContainsReserved (30 bytes)
Event: 7.529 Thread 0x000000005575f000 nmethod 1764 0x0000000003167290 code [0x0000000003167400, 0x0000000003167628]

GC Heap History (6 events):
Event: 1.743 GC heap before
{Heap before GC invocations=1 (full 0):
 PSYoungGen      total 28672K, used 24576K [0x00000000eab00000, 0x00000000ecb00000, 0x0000000100000000)
  eden space 24576K, 100% used [0x00000000eab00000,0x00000000ec300000,0x00000000ec300000)
  from space 4096K, 0% used [0x00000000ec700000,0x00000000ec700000,0x00000000ecb00000)
  to   space 4096K, 0% used [0x00000000ec300000,0x00000000ec300000,0x00000000ec700000)
 ParOldGen       total 65536K, used 0K [0x00000000c0000000, 0x00000000c4000000, 0x00000000eab00000)
  object space 65536K, 0% used [0x00000000c0000000,0x00000000c0000000,0x00000000c4000000)
 Metaspace       used 5560K, capacity 6512K, committed 6784K, reserved 1056768K
  class space    used 596K, capacity 616K, committed 640K, reserved 1048576K
Event: 1.761 GC heap after
Heap after GC invocations=1 (full 0):
 PSYoungGen      total 28672K, used 3525K [0x00000000eab00000, 0x00000000ee300000, 0x0000000100000000)
  eden space 24576K, 0% used [0x00000000eab00000,0x00000000eab00000,0x00000000ec300000)
  from space 4096K, 86% used [0x00000000ec300000,0x00000000ec671488,0x00000000ec700000)
  to   space 4096K, 0% used [0x00000000edf00000,0x00000000edf00000,0x00000000ee300000)
 ParOldGen       total 65536K, used 8K [0x00000000c0000000, 0x00000000c4000000, 0x00000000eab00000)
  object space 65536K, 0% used [0x00000000c0000000,0x00000000c0002000,0x00000000c4000000)
 Metaspace       used 5560K, capacity 6512K, committed 6784K, reserved 1056768K
  class space    used 596K, capacity 616K, committed 640K, reserved 1048576K
}
Event: 2.391 GC heap before
{Heap before GC invocations=2 (full 0):
 PSYoungGen      total 28672K, used 28101K [0x00000000eab00000, 0x00000000ee300000, 0x0000000100000000)
  eden space 24576K, 100% used [0x00000000eab00000,0x00000000ec300000,0x00000000ec300000)
  from space 4096K, 86% used [0x00000000ec300000,0x00000000ec671488,0x00000000ec700000)
  to   space 4096K, 0% used [0x00000000edf00000,0x00000000edf00000,0x00000000ee300000)
 ParOldGen       total 65536K, used 8K [0x00000000c0000000, 0x00000000c4000000, 0x00000000eab00000)
  object space 65536K, 0% used [0x00000000c0000000,0x00000000c0002000,0x00000000c4000000)
 Metaspace       used 5996K, capacity 6896K, committed 7040K, reserved 1056768K
  class space    used 602K, capacity 616K, committed 640K, reserved 1048576K
Event: 2.472 GC heap after
Heap after GC invocations=2 (full 0):
 PSYoungGen      total 53248K, used 4071K [0x00000000eab00000, 0x00000000ee300000, 0x0000000100000000)
  eden space 49152K, 0% used [0x00000000eab00000,0x00000000eab00000,0x00000000edb00000)
  from space 4096K, 99% used [0x00000000edf00000,0x00000000ee2f9ce8,0x00000000ee300000)
  to   space 4096K, 0% used [0x00000000edb00000,0x00000000edb00000,0x00000000edf00000)
 ParOldGen       total 65536K, used 1702K [0x00000000c0000000, 0x00000000c4000000, 0x00000000eab00000)
  object space 65536K, 2% used [0x00000000c0000000,0x00000000c01a9890,0x00000000c4000000)
 Metaspace       used 5996K, capacity 6896K, committed 7040K, reserved 1056768K
  class space    used 602K, capacity 616K, committed 640K, reserved 1048576K
}
Event: 6.721 GC heap before
{Heap before GC invocations=3 (full 0):
 PSYoungGen      total 53248K, used 53223K [0x00000000eab00000, 0x00000000ee300000, 0x0000000100000000)
  eden space 49152K, 100% used [0x00000000eab00000,0x00000000edb00000,0x00000000edb00000)
  from space 4096K, 99% used [0x00000000edf00000,0x00000000ee2f9ce8,0x00000000ee300000)
  to   space 4096K, 0% used [0x00000000edb00000,0x00000000edb00000,0x00000000edf00000)
 ParOldGen       total 65536K, used 1702K [0x00000000c0000000, 0x00000000c4000000, 0x00000000eab00000)
  object space 65536K, 2% used [0x00000000c0000000,0x00000000c01a9890,0x00000000c4000000)
 Metaspace       used 6183K, capacity 7088K, committed 7296K, reserved 1056768K
  class space    used 603K, capacity 616K, committed 640K, reserved 1048576K
Event: 6.974 GC heap after
Heap after GC invocations=3 (full 0):
 PSYoungGen      total 53248K, used 4076K [0x00000000eab00000, 0x00000000ee300000, 0x0000000100000000)
  eden space 49152K, 0% used [0x00000000eab00000,0x00000000eab00000,0x00000000edb00000)
  from space 4096K, 99% used [0x00000000edb00000,0x00000000edefb348,0x00000000edf00000)
  to   space 4096K, 0% used [0x00000000edf00000,0x00000000edf00000,0x00000000ee300000)
 ParOldGen       total 65536K, used 9126K [0x00000000c0000000, 0x00000000c4000000, 0x00000000eab00000)
  object space 65536K, 13% used [0x00000000c0000000,0x00000000c08e99b8,0x00000000c4000000)
 Metaspace       used 6183K, capacity 7088K, committed 7296K, reserved 1056768K
  class space    used 603K, capacity 616K, committed 640K, reserved 1048576K
}

Deoptimization events (10 events):
Event: 5.999 Thread 0x0000000058f2e800 Uncommon trap: reason=bimorphic action=maybe_recompile pc=0x0000000002c4ac20 method=java.util.HashMap.getNode(ILjava/lang/Object;)Ljava/util/HashMap$Node; @ 126
Event: 5.999 Thread 0x0000000058f2e800 Uncommon trap: reason=bimorphic action=maybe_recompile pc=0x0000000002c4ac20 method=java.util.HashMap.getNode(ILjava/lang/Object;)Ljava/util/HashMap$Node; @ 126
Event: 6.000 Thread 0x0000000058f2e800 Uncommon trap: reason=class_check action=maybe_recompile pc=0x0000000002f6ebf8 method=java.util.HashMap.putVal(ILjava/lang/Object;Ljava/lang/Object;ZZ)Ljava/lang/Object; @ 203
Event: 6.000 Thread 0x0000000058f2e800 Uncommon trap: reason=bimorphic action=maybe_recompile pc=0x0000000002ccb7b0 method=java.util.HashMap.getNode(ILjava/lang/Object;)Ljava/util/HashMap$Node; @ 126
Event: 6.025 Thread 0x0000000058f2e800 Uncommon trap: reason=unstable_if action=reinterpret pc=0x0000000002f8fd04 method=com.android.dx.ssa.SsaRenamer$BlockRenamer.visitMoveInsn(Lcom/android/dx/ssa/NormalSsaInsn;)V @ 104
Event: 6.061 Thread 0x0000000058f35800 Uncommon trap: reason=unstable_if action=reinterpret pc=0x0000000002ee4f3c method=com.android.dx.ssa.SCCP.simulateBranch(Lcom/android/dx/ssa/SsaInsn;)V @ 64
Event: 6.062 Thread 0x0000000058f35800 Uncommon trap: reason=unstable_if action=reinterpret pc=0x0000000002f28c28 method=com.android.dx.ssa.LiteralOpUpgrader$1.visitNonMoveInsn(Lcom/android/dx/ssa/NormalSsaInsn;)V @ 55
Event: 6.063 Thread 0x0000000058f35800 Uncommon trap: reason=unstable_if action=reinterpret pc=0x0000000002dbf78c method=com.android.dx.ssa.SsaMethod.updateOneDefinition(Lcom/android/dx/ssa/SsaInsn;Lcom/android/dx/rop/code/RegisterSpec;)V @ 4
Event: 7.474 Thread 0x0000000056b24000 Uncommon trap: reason=bimorphic action=maybe_recompile pc=0x00000000030a66f8 method=com.android.dx.cf.code.BytecodeArray.parseInstruction(ILcom/android/dx/cf/code/BytecodeArray$Visitor;)I @ 1501
Event: 7.476 Thread 0x0000000056b24000 Uncommon trap: reason=bimorphic action=maybe_recompile pc=0x00000000030a66f8 method=com.android.dx.cf.code.BytecodeArray.parseInstruction(ILcom/android/dx/cf/code/BytecodeArray$Visitor;)I @ 1501

Internal exceptions (3 events):
Event: 0.564 Thread 0x0000000001d8e000 Exception <a 'java/lang/NoSuchMethodError': Method sun.misc.Unsafe.defineClass(Ljava/lang/String;[BII)Ljava/lang/Class; name or signature does not match> (0x00000000eab0d7f8) thrown at [C:\re\workspace\8-2-build-windows-amd64-cygwin\jdk8u60\4407\hotspot\srBVjƒ0â?
Event: 0.564 Thread 0x0000000001d8e000 Exception <a 'java/lang/NoSuchMethodError': Method sun.misc.Unsafe.prefetchRead(Ljava/lang/Object;J)V name or signature does not match> (0x00000000eab0dae0) thrown at [C:\re\workspace\8-2-build-windows-amd64-cygwin\jdk8u60\4407\hotspot\src\share\vm\prims\j£ö"êI
Event: 2.036 Thread 0x0000000058f39000 Implicit null exception at 0x0000000002cdc5d2 to 0x0000000002cdc6d1

Events (10 events):
Event: 7.474 Thread 0x0000000056b24000 Uncommon trap: trap_request=0xffffffc6 fr.pc=0x00000000030a66f8
Event: 7.474 Thread 0x0000000056b24000 DEOPT PACKING pc=0x00000000030a66f8 sp=0x000000005981e850
Event: 7.474 Thread 0x0000000056b24000 DEOPT UNPACKING pc=0x0000000002a4582a sp=0x000000005981e7d0 mode 2
Event: 7.476 Thread 0x0000000056b24000 Uncommon trap: trap_request=0xffffffc6 fr.pc=0x00000000030a66f8
Event: 7.476 Thread 0x0000000056b24000 DEOPT PACKING pc=0x00000000030a66f8 sp=0x000000005981e890
Event: 7.476 Thread 0x0000000056b24000 DEOPT UNPACKING pc=0x0000000002a4582a sp=0x000000005981e810 mode 2
Event: 7.493 Thread 0x0000000056b24000 DEOPT PACKING pc=0x0000000002e964cd sp=0x000000005981e9c0
Event: 7.493 Thread 0x0000000056b24000 DEOPT UNPACKING pc=0x0000000002a4787f sp=0x000000005981e6f8 mode 0
Event: 7.501 Thread 0x0000000056b24000 DEOPT PACKING pc=0x0000000002e3d52c sp=0x000000005981e940
Event: 7.501 Thread 0x0000000056b24000 DEOPT UNPACKING pc=0x0000000002a4787f sp=0x000000005981e6c0 mode 0


Dynamic libraries:
0x000000013f8d0000 - 0x000000013f907000 	C:\Program Files\Java\jdk1.8.0_60\bin\java.exe
0x0000000077b60000 - 0x0000000077d09000 	C:\Windows\SYSTEM32\ntdll.dll
0x0000000077a40000 - 0x0000000077b5f000 	C:\Windows\system32\kernel32.dll
0x000007fefdc60000 - 0x000007fefdccb000 	C:\Windows\system32\KERNELBASE.dll
0x000007feff9f0000 - 0x000007feffacb000 	C:\Windows\system32\ADVAPI32.dll
0x000007fefe510000 - 0x000007fefe5af000 	C:\Windows\system32\msvcrt.dll
0x000007feffb40000 - 0x000007feffb5f000 	C:\Windows\SYSTEM32\sechost.dll
0x000007fefe150000 - 0x000007fefe27d000 	C:\Windows\system32\RPCRT4.dll
0x0000000077940000 - 0x0000000077a3a000 	C:\Windows\system32\USER32.dll
0x000007feffad0000 - 0x000007feffb37000 	C:\Windows\system32\GDI32.dll
0x000007feff860000 - 0x000007feff86e000 	C:\Windows\system32\LPK.dll
0x000007fefde80000 - 0x000007fefdf49000 	C:\Windows\system32\USP10.dll
0x000007fefc580000 - 0x000007fefc774000 	C:\Windows\WinSxS\amd64_microsoft.windows.common-controls_6595b64144ccf1df_6.0.7601.17514_none_fa396087175ac9ac\COMCTL32.dll
0x000007fefea50000 - 0x000007fefeac1000 	C:\Windows\system32\SHLWAPI.dll
0x000007fefe2d0000 - 0x000007fefe2fe000 	C:\Windows\system32\IMM32.DLL
0x000007feffb70000 - 0x000007feffc79000 	C:\Windows\system32\MSCTF.dll
0x000000005a6a0000 - 0x000000005a772000 	C:\Program Files\Java\jdk1.8.0_60\jre\bin\msvcr100.dll
0x0000000056cf0000 - 0x0000000057579000 	C:\Program Files\Java\jdk1.8.0_60\jre\bin\server\jvm.dll
0x000007fef3c20000 - 0x000007fef3c29000 	C:\Windows\system32\WSOCK32.dll
0x000007fefe280000 - 0x000007fefe2cd000 	C:\Windows\system32\WS2_32.dll
0x000007feffb60000 - 0x000007feffb68000 	C:\Windows\system32\NSI.dll
0x000007fefc080000 - 0x000007fefc0bb000 	C:\Windows\system32\WINMM.dll
0x000007fefcc10000 - 0x000007fefcc1c000 	C:\Windows\system32\VERSION.dll
0x0000000077d20000 - 0x0000000077d27000 	C:\Windows\system32\PSAPI.DLL
0x00000000751e0000 - 0x00000000751ef000 	C:\Program Files\Java\jdk1.8.0_60\jre\bin\verify.dll
0x0000000065750000 - 0x0000000065779000 	C:\Program Files\Java\jdk1.8.0_60\jre\bin\java.dll
0x00000000647d0000 - 0x00000000647e6000 	C:\Program Files\Java\jdk1.8.0_60\jre\bin\zip.dll
0x000007fefead0000 - 0x000007feff858000 	C:\Windows\system32\SHELL32.dll
0x000007fefe300000 - 0x000007fefe503000 	C:\Windows\system32\ole32.dll
0x000007fefdab0000 - 0x000007fefdabf000 	C:\Windows\system32\profapi.dll

VM Arguments:
jvm_args: -Djava.awt.headless=true -Xmx1024M -Dfile.encoding=windows-1252 -Duser.country=US -Duser.language=en -Duser.variant 
java_command: com.android.dx.command.Main --dex --force-jumbo --num-threads=4 --multi-dex --output D:\project\AndroidStudioProjects\PersonalUtilitiesForLife\app\build\intermediates\transforms\dex\debug\folders\1000\10\com.android.support-support-v4-23.4.0_6fadf15d9745d9003036b551226c64a74b02b17e D:\project\AndroidStudioProjects\PersonalUtilitiesForLife\app\build\intermediates\exploded-aar\com.android.support\support-v4\23.4.0\jars\classes.jar
java_class_path (initial): D:\Android\sdk\build-tools\23.0.3\lib\dx.jar
Launcher Type: SUN_STANDARD

Environment Variables:
JAVA_HOME=C:\Program Files\Java\jdk1.8.0_60
PATH=C:\ProgramData\Oracle\Java\javapath;C:\Program Files\Common Files\Microsoft Shared\Windows Live;C:\Program Files (x86)\HP SimplePass\x64;C:\Program Files (x86)\HP SimplePass\;;C:\Windows\system32;C:\Windows;C:\Windows\System32\Wbem;C:\Windows\System32\WindowsPowerShell\v1.0\;C:\Program Files (x86)\Java\jdk1.7.0_09\bin;C:\Strawberry\c\bin;C:\Strawberry\perl\site\bin;C:\Strawberry\perl\bin;C:\Program Files (x86)\Intel\OpenCL SDK\2.0\bin\x86;C:\Program Files (x86)\Intel\OpenCL SDK\2.0\bin\x64;C:\PROGRA~2\PICC;C:\Program Files (x86)\Microchip\xc16\v1.25\bin;C:\Program Files (x86)\Microchip\xc8\v1.35\bin;C:\Program Files\Java\jre1.8.0_65\bin;C:\Program Files\Java\jdk1.8.0_60\jre\bin;D:\Android\sdk\platform-tools;C:\Program Files\Common Files\Microsoft Shared\Windows Live;C:\Program Files\Java\jre1.8.0_65\bin
USERNAME=Nhut
OS=Windows_NT
PROCESSOR_IDENTIFIER=Intel64 Family 6 Model 42 Stepping 7, GenuineIntel



---------------  S Y S T E M  ---------------

OS: Windows 7 , 64 bit Build 7601 (6.1.7601.17514)

CPU:total 8 (4 cores per cpu, 2 threads per core) family 6 model 42 stepping 7, cmov, cx8, fxsr, mmx, sse, sse2, sse3, ssse3, sse4.1, sse4.2, popcnt, avx, aes, clmul, ht, tsc, tscinvbit

Memory: 4k page, physical 6238064k(432076k free), swap 8333368k(9080k free)

vm_info: Java HotSpot(TM) 64-Bit Server VM (25.60-b23) for windows-amd64 JRE (1.8.0_60-b27), built on Aug  4 2015 11:06:27 by "java_re" with MS VC++ 10.0 (VS2010)

time: Mon Jun 27 15:29:28 2016
elapsed time: 7 seconds (0d 0h 0m 7s)

