#
# There is insufficient memory for the Java Runtime Environment to continue.
# Native memory allocation (malloc) failed to allocate 1060656 bytes for Chunk::new
# Possible reasons:
#   The system is out of physical RAM or swap space
#   In 32 bit mode, the process size limit was hit
# Possible solutions:
#   Reduce memory load on the system
#   Increase physical memory or swap space
#   Check if swap backing store is full
#   Use 64 bit Java on a 64 bit OS
#   Decrease Java heap size (-Xmx/-Xms)
#   Decrease number of Java threads
#   Decrease Java thread stack sizes (-Xss)
#   Set larger code cache with -XX:ReservedCodeCacheSize=
# This output file may be truncated or incomplete.
#
#  Out of Memory Error (allocation.cpp:390), pid=21268, tid=20892
#
# JRE version: Java(TM) SE Runtime Environment (8.0_60-b27) (build 1.8.0_60-b27)
# Java VM: Java HotSpot(TM) 64-Bit Server VM (25.60-b23 mixed mode windows-amd64 compressed oops)
# Failed to write core dump. Minidumps are not enabled by default on client versions of Windows
#

---------------  T H R E A D  ---------------

Current thread (0x0000000056812800):  JavaThread "C2 CompilerThread0" daemon [_thread_in_native, id=20892, stack(0x0000000057c80000,0x0000000057d80000)]

Stack: [0x0000000057c80000,0x0000000057d80000]
[error occurred during error reporting (printing stack bounds), id 0xc0000005]

Native frames: (J=compiled Java code, j=interpreted, Vv=VM code, C=native code)


Current CompileTask:
C2:   1679 1373       4       com.android.dx.ssa.SCCP::simulateBranch (666 bytes)


---------------  P R O C E S S  ---------------

Java Threads: ( => current thread )
  0x0000000058957000 JavaThread "pool-1-thread-4" [_thread_in_Java, id=18608, stack(0x0000000059e90000,0x0000000059f90000)]
  0x0000000058988800 JavaThread "pool-1-thread-3" [_thread_blocked, id=19392, stack(0x0000000059300000,0x0000000059400000)]
  0x0000000058988000 JavaThread "pool-1-thread-2" [_thread_in_Java, id=21208, stack(0x0000000058150000,0x0000000058250000)]
  0x00000000588dd000 JavaThread "pool-2-thread-1" [_thread_blocked, id=20900, stack(0x0000000057a10000,0x0000000057b10000)]
  0x00000000588da800 JavaThread "pool-1-thread-1" [_thread_in_Java, id=21112, stack(0x0000000059140000,0x0000000059240000)]
  0x00000000568b2000 JavaThread "Service Thread" daemon [_thread_blocked, id=8828, stack(0x0000000058650000,0x0000000058750000)]
  0x000000005576e000 JavaThread "C1 CompilerThread3" daemon [_thread_blocked, id=20976, stack(0x00000000584a0000,0x00000000585a0000)]
  0x000000005681a800 JavaThread "C2 CompilerThread2" daemon [_thread_in_native, id=10280, stack(0x0000000058270000,0x0000000058370000)]
  0x0000000056819800 JavaThread "C2 CompilerThread1" daemon [_thread_in_native, id=19024, stack(0x0000000058030000,0x0000000058130000)]
=>0x0000000056812800 JavaThread "C2 CompilerThread0" daemon [_thread_in_native, id=20892, stack(0x0000000057c80000,0x0000000057d80000)]
  0x0000000056811800 JavaThread "Attach Listener" daemon [_thread_blocked, id=20256, stack(0x0000000057f10000,0x0000000058010000)]
  0x0000000056810000 JavaThread "Signal Dispatcher" daemon [_thread_blocked, id=16380, stack(0x0000000057da0000,0x0000000057ea0000)]
  0x0000000055760000 JavaThread "Finalizer" daemon [_thread_blocked, id=5388, stack(0x0000000057b30000,0x0000000057c30000)]
  0x00000000567c3000 JavaThread "Reference Handler" daemon [_thread_blocked, id=11000, stack(0x00000000577f0000,0x00000000578f0000)]
  0x0000000001eae000 JavaThread "main" [_thread_in_Java, id=11204, stack(0x00000000024e0000,0x00000000025e0000)]

Other Threads:
  0x00000000567c2000 VMThread [stack: 0x0000000057900000,0x0000000057a00000] [id=13440]
  0x00000000568ce000 WatcherThread [stack: 0x00000000587c0000,0x00000000588c0000] [id=16264]

VM state:not at safepoint (normal execution)

VM Mutex/Monitor currently owned by a thread: None

Heap:
 PSYoungGen      total 53248K, used 15467K [0x00000000eab00000, 0x00000000f1300000, 0x0000000100000000)
  eden space 49152K, 23% used [0x00000000eab00000,0x00000000eb61cdd0,0x00000000edb00000)
  from space 4096K, 99% used [0x00000000edb00000,0x00000000edefe228,0x00000000edf00000)
  to   space 4096K, 0% used [0x00000000f0f00000,0x00000000f0f00000,0x00000000f1300000)
 ParOldGen       total 65536K, used 10912K [0x00000000c0000000, 0x00000000c4000000, 0x00000000eab00000)
  object space 65536K, 16% used [0x00000000c0000000,0x00000000c0aa8280,0x00000000c4000000)
 Metaspace       used 6133K, capacity 7024K, committed 7296K, reserved 1056768K
  class space    used 603K, capacity 616K, committed 640K, reserved 1048576K

Card table byte_map: [0x0000000011c70000,0x0000000011e80000] byte_map_base: 0x0000000011670000

Marking Bits: (ParMarkBitMap*) 0x0000000059e0a5b0
 Begin Bits: [0x0000000012b70000, 0x0000000013b70000)
 End Bits:   [0x0000000013b70000, 0x0000000014b70000)

Polling page: 0x0000000000330000

CodeCache: size=245760Kb used=5483Kb max_used=5485Kb free=240276Kb
 bounds [0x00000000028b0000, 0x0000000002e10000, 0x00000000118b0000]
 total_blobs=1704 nmethods=1434 adapters=182
 compilation: enabled

Compilation events (10 events):
Event: 1.654 Thread 0x000000005576e000 1514       2       java.util.HashMap$EntryIterator::next (5 bytes)
Event: 1.655 Thread 0x000000005576e000 nmethod 1514 0x0000000002e0dc50 code [0x0000000002e0ddc0, 0x0000000002e0df28]
Event: 1.655 Thread 0x000000005576e000 1518   !   2       java.util.zip.ZipFile$ZipFileInflaterInputStream::close (67 bytes)
Event: 1.655 Thread 0x000000005576e000 nmethod 1518 0x0000000002e0d3d0 code [0x0000000002e0d560, 0x0000000002e0d978]
Event: 1.655 Thread 0x000000005576e000 1205       1       java.util.HashMap$Node::getKey (5 bytes)
Event: 1.655 Thread 0x000000005576e000 nmethod 1205 0x0000000002e0d110 code [0x0000000002e0d260, 0x0000000002e0d370]
Event: 1.655 Thread 0x000000005576e000 1389       1       com.android.dx.rop.code.ThrowingInsn::getCatches (5 bytes)
Event: 1.655 Thread 0x000000005576e000 nmethod 1389 0x0000000002e0ce50 code [0x0000000002e0cfa0, 0x0000000002e0d0b0]
Event: 1.655 Thread 0x000000005576e000 1502       1       com.android.dx.cf.code.ByteCatchList$Item::getHandlerPc (5 bytes)
Event: 1.656 Thread 0x000000005576e000 nmethod 1502 0x0000000002e0cb90 code [0x0000000002e0cce0, 0x0000000002e0cdf0]

GC Heap History (6 events):
Event: 0.787 GC heap before
{Heap before GC invocations=1 (full 0):
 PSYoungGen      total 28672K, used 24576K [0x00000000eab00000, 0x00000000ecb00000, 0x0000000100000000)
  eden space 24576K, 100% used [0x00000000eab00000,0x00000000ec300000,0x00000000ec300000)
  from space 4096K, 0% used [0x00000000ec700000,0x00000000ec700000,0x00000000ecb00000)
  to   space 4096K, 0% used [0x00000000ec300000,0x00000000ec300000,0x00000000ec700000)
 ParOldGen       total 65536K, used 0K [0x00000000c0000000, 0x00000000c4000000, 0x00000000eab00000)
  object space 65536K, 0% used [0x00000000c0000000,0x00000000c0000000,0x00000000c4000000)
 Metaspace       used 5821K, capacity 6768K, committed 7040K, reserved 1056768K
  class space    used 602K, capacity 616K, committed 640K, reserved 1048576K
Event: 0.804 GC heap after
Heap after GC invocations=1 (full 0):
 PSYoungGen      total 28672K, used 4073K [0x00000000eab00000, 0x00000000ee300000, 0x0000000100000000)
  eden space 24576K, 0% used [0x00000000eab00000,0x00000000eab00000,0x00000000ec300000)
  from space 4096K, 99% used [0x00000000ec300000,0x00000000ec6fa748,0x00000000ec700000)
  to   space 4096K, 0% used [0x00000000edf00000,0x00000000edf00000,0x00000000ee300000)
 ParOldGen       total 65536K, used 864K [0x00000000c0000000, 0x00000000c4000000, 0x00000000eab00000)
  object space 65536K, 1% used [0x00000000c0000000,0x00000000c00d82f0,0x00000000c4000000)
 Metaspace       used 5821K, capacity 6768K, committed 7040K, reserved 1056768K
  class space    used 602K, capacity 616K, committed 640K, reserved 1048576K
}
Event: 1.196 GC heap before
{Heap before GC invocations=2 (full 0):
 PSYoungGen      total 28672K, used 28649K [0x00000000eab00000, 0x00000000ee300000, 0x0000000100000000)
  eden space 24576K, 100% used [0x00000000eab00000,0x00000000ec300000,0x00000000ec300000)
  from space 4096K, 99% used [0x00000000ec300000,0x00000000ec6fa748,0x00000000ec700000)
  to   space 4096K, 0% used [0x00000000edf00000,0x00000000edf00000,0x00000000ee300000)
 ParOldGen       total 65536K, used 864K [0x00000000c0000000, 0x00000000c4000000, 0x00000000eab00000)
  object space 65536K, 1% used [0x00000000c0000000,0x00000000c00d82f0,0x00000000c4000000)
 Metaspace       used 6015K, capacity 6896K, committed 7040K, reserved 1056768K
  class space    used 602K, capacity 616K, committed 640K, reserved 1048576K
Event: 1.214 GC heap after
Heap after GC invocations=2 (full 0):
 PSYoungGen      total 53248K, used 4083K [0x00000000eab00000, 0x00000000ee300000, 0x0000000100000000)
  eden space 49152K, 0% used [0x00000000eab00000,0x00000000eab00000,0x00000000edb00000)
  from space 4096K, 99% used [0x00000000edf00000,0x00000000ee2fcc20,0x00000000ee300000)
  to   space 4096K, 0% used [0x00000000edb00000,0x00000000edb00000,0x00000000edf00000)
 ParOldGen       total 65536K, used 3531K [0x00000000c0000000, 0x00000000c4000000, 0x00000000eab00000)
  object space 65536K, 5% used [0x00000000c0000000,0x00000000c0372e58,0x00000000c4000000)
 Metaspace       used 6015K, capacity 6896K, committed 7040K, reserved 1056768K
  class space    used 602K, capacity 616K, committed 640K, reserved 1048576K
}
Event: 1.553 GC heap before
{Heap before GC invocations=3 (full 0):
 PSYoungGen      total 53248K, used 53235K [0x00000000eab00000, 0x00000000ee300000, 0x0000000100000000)
  eden space 49152K, 100% used [0x00000000eab00000,0x00000000edb00000,0x00000000edb00000)
  from space 4096K, 99% used [0x00000000edf00000,0x00000000ee2fcc20,0x00000000ee300000)
  to   space 4096K, 0% used [0x00000000edb00000,0x00000000edb00000,0x00000000edf00000)
 ParOldGen       total 65536K, used 3531K [0x00000000c0000000, 0x00000000c4000000, 0x00000000eab00000)
  object space 65536K, 5% used [0x00000000c0000000,0x00000000c0372e58,0x00000000c4000000)
 Metaspace       used 6109K, capacity 7024K, committed 7296K, reserved 1056768K
  class space    used 603K, capacity 616K, committed 640K, reserved 1048576K
Event: 1.633 GC heap after
Heap after GC invocations=3 (full 0):
 PSYoungGen      total 53248K, used 4088K [0x00000000eab00000, 0x00000000f1300000, 0x0000000100000000)
  eden space 49152K, 0% used [0x00000000eab00000,0x00000000eab00000,0x00000000edb00000)
  from space 4096K, 99% used [0x00000000edb00000,0x00000000edefe228,0x00000000edf00000)
  to   space 4096K, 0% used [0x00000000f0f00000,0x00000000f0f00000,0x00000000f1300000)
 ParOldGen       total 65536K, used 10912K [0x00000000c0000000, 0x00000000c4000000, 0x00000000eab00000)
  object space 65536K, 16% used [0x00000000c0000000,0x00000000c0aa8280,0x00000000c4000000)
 Metaspace       used 6109K, capacity 7024K, committed 7296K, reserved 1056768K
  class space    used 603K, capacity 616K, committed 640K, reserved 1048576K
}

Deoptimization events (10 events):
Event: 0.816 Thread 0x0000000058988000 Uncommon trap: reason=unstable_if action=reinterpret pc=0x0000000002b7901c method=com.android.dx.rop.code.RegisterSpecSet.put(Lcom/android/dx/rop/code/RegisterSpec;)V @ 77
Event: 0.968 Thread 0x00000000588da800 Uncommon trap: reason=unstable_if action=reinterpret pc=0x0000000002b21d50 method=com.android.dx.rop.code.RegisterSpec.equals(ILcom/android/dx/rop/type/TypeBearer;Lcom/android/dx/rop/code/LocalItem;)Z @ 42
Event: 1.091 Thread 0x0000000001eae000 Uncommon trap: reason=unstable_if action=reinterpret pc=0x0000000002ae9684 method=com.android.dx.rop.cst.Constant.compareTo(Lcom/android/dx/rop/cst/Constant;)I @ 12
Event: 1.399 Thread 0x0000000058957000 Uncommon trap: reason=unstable_if action=reinterpret pc=0x0000000002b94d88 method=com.android.dx.rop.code.RegisterSpecSet.put(Lcom/android/dx/rop/code/RegisterSpec;)V @ 77
Event: 1.455 Thread 0x00000000588da800 Uncommon trap: reason=uninitialized action=reinterpret pc=0x0000000002d7a894 method=com.android.dx.cf.code.BytecodeArray.parseInstruction(ILcom/android/dx/cf/code/BytecodeArray$Visitor;)I @ 999
Event: 1.463 Thread 0x0000000001eae000 Uncommon trap: reason=unstable_if action=reinterpret pc=0x0000000002d9a334 method=com.android.dx.ssa.SCCP.simulateStmt(Lcom/android/dx/ssa/SsaInsn;)V @ 53
Event: 1.465 Thread 0x00000000588da800 Uncommon trap: reason=bimorphic action=maybe_recompile pc=0x0000000002bbf2c4 method=java.util.HashMap.putVal(ILjava/lang/Object;Ljava/lang/Object;ZZ)Ljava/lang/Object; @ 203
Event: 1.494 Thread 0x0000000001eae000 Uncommon trap: reason=unstable_if action=reinterpret pc=0x0000000002bc80ec method=com.android.dx.util.IntList.binarysearch(I)I @ 105
Event: 1.655 Thread 0x0000000001eae000 Uncommon trap: reason=unstable_if action=reinterpret pc=0x0000000002ba6fcc method=com.android.dx.ssa.SsaMethod.updateOneDefinition(Lcom/android/dx/ssa/SsaInsn;Lcom/android/dx/rop/code/RegisterSpec;)V @ 4
Event: 1.657 Thread 0x0000000001eae000 Uncommon trap: reason=unstable_if action=reinterpret pc=0x0000000002e06e00 method=com.android.dx.ssa.LiteralOpUpgrader$1.visitNonMoveInsn(Lcom/android/dx/ssa/NormalSsaInsn;)V @ 55

Internal exceptions (2 events):
Event: 0.037 Thread 0x0000000001eae000 Exception <a 'java/lang/NoSuchMethodError': Method sun.misc.Unsafe.defineClass(Ljava/lang/String;[BII)Ljava/lang/Class; name or signature does not match> (0x00000000eab0d7b0) thrown at [C:\re\workspace\8-2-build-windows-amd64-cygwin\jdk8u60\4407\hotspot\srÛùWÞà¢?
Event: 0.037 Thread 0x0000000001eae000 Exception <a 'java/lang/NoSuchMethodError': Method sun.misc.Unsafe.prefetchRead(Ljava/lang/Object;J)V name or signature does not match> (0x00000000eab0da98) thrown at [C:\re\workspace\8-2-build-windows-amd64-cygwin\jdk8u60\4407\hotspot\src\share\vm\prims\j

Events (10 events):
Event: 1.553 loading class com/android/dx/rop/code/RegOps done
Event: 1.633 Executing VM operation: ParallelGCFailedAllocation done
Event: 1.639 Thread 0x0000000058988000 DEOPT PACKING pc=0x0000000002d357ea sp=0x000000005824ef50
Event: 1.639 Thread 0x0000000058988000 DEOPT UNPACKING pc=0x00000000028f787f sp=0x000000005824ece0 mode 0
Event: 1.655 Thread 0x0000000001eae000 Uncommon trap: trap_request=0xffffff65 fr.pc=0x0000000002ba6fcc
Event: 1.655 Thread 0x0000000001eae000 DEOPT PACKING pc=0x0000000002ba6fcc sp=0x00000000025ddef0
Event: 1.655 Thread 0x0000000001eae000 DEOPT UNPACKING pc=0x00000000028f582a sp=0x00000000025dde98 mode 2
Event: 1.657 Thread 0x0000000001eae000 Uncommon trap: trap_request=0xffffff65 fr.pc=0x0000000002e06e00
Event: 1.657 Thread 0x0000000001eae000 DEOPT PACKING pc=0x0000000002e06e00 sp=0x00000000025de110
Event: 1.657 Thread 0x0000000001eae000 DEOPT UNPACKING pc=0x00000000028f582a sp=0x00000000025de110 mode 2


Dynamic libraries:
0x000000013f890000 - 0x000000013f8c7000 	C:\Program Files\Java\jdk1.8.0_60\bin\java.exe
0x0000000077b30000 - 0x0000000077cd9000 	C:\Windows\SYSTEM32\ntdll.dll
0x0000000077a10000 - 0x0000000077b2f000 	C:\Windows\system32\kernel32.dll
0x000007fefdde0000 - 0x000007fefde4b000 	C:\Windows\system32\KERNELBASE.dll
0x000007feff330000 - 0x000007feff40b000 	C:\Windows\system32\ADVAPI32.dll
0x000007feff940000 - 0x000007feff9df000 	C:\Windows\system32\msvcrt.dll
0x000007feff9e0000 - 0x000007feff9ff000 	C:\Windows\SYSTEM32\sechost.dll
0x000007feff5f0000 - 0x000007feff71d000 	C:\Windows\system32\RPCRT4.dll
0x0000000077910000 - 0x0000000077a0a000 	C:\Windows\system32\USER32.dll
0x000007fefeee0000 - 0x000007fefef47000 	C:\Windows\system32\GDI32.dll
0x000007feff930000 - 0x000007feff93e000 	C:\Windows\system32\LPK.dll
0x000007feffd10000 - 0x000007feffdd9000 	C:\Windows\system32\USP10.dll
0x000007fefbc60000 - 0x000007fefbe54000 	C:\Windows\WinSxS\amd64_microsoft.windows.common-controls_6595b64144ccf1df_6.0.7601.17514_none_fa396087175ac9ac\COMCTL32.dll
0x000007fefded0000 - 0x000007fefdf41000 	C:\Windows\system32\SHLWAPI.dll
0x000007fefdf50000 - 0x000007fefdf7e000 	C:\Windows\system32\IMM32.DLL
0x000007feff800000 - 0x000007feff909000 	C:\Windows\system32\MSCTF.dll
0x00000000604c0000 - 0x0000000060592000 	C:\Program Files\Java\jdk1.8.0_60\jre\bin\msvcr100.dll
0x0000000059600000 - 0x0000000059e89000 	C:\Program Files\Java\jdk1.8.0_60\jre\bin\server\jvm.dll
0x000007feec2f0000 - 0x000007feec2f9000 	C:\Windows\system32\WSOCK32.dll
0x000007fefed10000 - 0x000007fefed5d000 	C:\Windows\system32\WS2_32.dll
0x000007feffa00000 - 0x000007feffa08000 	C:\Windows\system32\NSI.dll
0x000007fefc580000 - 0x000007fefc5bb000 	C:\Windows\system32\WINMM.dll
0x000007fefcbe0000 - 0x000007fefcbec000 	C:\Windows\system32\VERSION.dll
0x0000000077d00000 - 0x0000000077d07000 	C:\Windows\system32\PSAPI.DLL
0x000000006b800000 - 0x000000006b80f000 	C:\Program Files\Java\jdk1.8.0_60\jre\bin\verify.dll
0x0000000065680000 - 0x00000000656a9000 	C:\Program Files\Java\jdk1.8.0_60\jre\bin\java.dll
0x0000000067090000 - 0x00000000670a6000 	C:\Program Files\Java\jdk1.8.0_60\jre\bin\zip.dll
0x000007fefdf80000 - 0x000007fefed08000 	C:\Windows\system32\SHELL32.dll
0x000007fefef50000 - 0x000007feff153000 	C:\Windows\system32\ole32.dll
0x000007fefda80000 - 0x000007fefda8f000 	C:\Windows\system32\profapi.dll

VM Arguments:
jvm_args: -Djava.awt.headless=true -Xmx1024M -Dfile.encoding=windows-1252 -Duser.country=US -Duser.language=en -Duser.variant 
java_command: com.android.dx.command.Main --dex --force-jumbo --num-threads=4 --output D:\project\AndroidStudioProjects\PersonalUtilitiesForLife\app\build\intermediates\pre-dexed\debug\com.android.support-appcompat-v7-23.4.0_582db295a3e499bc99cff10999019106f01350bf.jar D:\project\AndroidStudioProjects\PersonalUtilitiesForLife\app\build\intermediates\exploded-aar\com.android.support\appcompat-v7\23.4.0\jars\classes.jar
java_class_path (initial): D:\Android\sdk\build-tools\23.0.3\lib\dx.jar
Launcher Type: SUN_STANDARD

Environment Variables:
JAVA_HOME=C:\Program Files\Java\jdk1.8.0_60
PATH=C:\ProgramData\Oracle\Java\javapath;%CommonProgramFiles%\Microsoft Shared\Windows Live;C:\Program Files (x86)\HP SimplePass\x64;C:\Program Files (x86)\HP SimplePass\;;C:\Windows\system32;C:\Windows;C:\Windows\System32\Wbem;C:\Windows\System32\WindowsPowerShell\v1.0\;C:\Program Files (x86)\Java\jdk1.7.0_09\bin;C:\Strawberry\c\bin;C:\Strawberry\perl\site\bin;C:\Strawberry\perl\bin;C:\Program Files (x86)\Intel\OpenCL SDK\2.0\bin\x86;C:\Program Files (x86)\Intel\OpenCL SDK\2.0\bin\x64;C:\PROGRA~2\PICC;C:\Program Files (x86)\Microchip\xc16\v1.25\bin;C:\Program Files (x86)\Microchip\xc8\v1.35\bin;C:\Program Files\Java\jre1.8.0_65\bin;C:\Program Files\Java\jdk1.8.0_60\jre\bin;D:\Android\sdk\platform-tools;C:\Program Files\Common Files\Microsoft Shared\Windows Live;C:\Program Files\Java\jre1.8.0_65\bin
USERNAME=Nhut
OS=Windows_NT
PROCESSOR_IDENTIFIER=Intel64 Family 6 Model 42 Stepping 7, GenuineIntel



---------------  S Y S T E M  ---------------

OS: Windows 7 , 64 bit Build 7601 (6.1.7601.17514)

CPU:total 8 (4 cores per cpu, 2 threads per core) family 6 model 42 stepping 7, cmov, cx8, fxsr, mmx, sse, sse2, sse3, ssse3, sse4.1, sse4.2, popcnt, avx, aes, clmul, ht, tsc, tscinvbit

Memory: 4k page, physical 6238064k(949388k free), swap 8333368k(5628k free)

vm_info: Java HotSpot(TM) 64-Bit Server VM (25.60-b23) for windows-amd64 JRE (1.8.0_60-b27), built on Aug  4 2015 11:06:27 by "java_re" with MS VC++ 10.0 (VS2010)

time: Tue Jun 21 12:18:54 2016
elapsed time: 1 seconds (0d 0h 0m 1s)

