#
# There is insufficient memory for the Java Runtime Environment to continue.
# Native memory allocation (malloc) failed to allocate 619696 bytes for Chunk::new
# Possible reasons:
#   The system is out of physical RAM or swap space
#   In 32 bit mode, the process size limit was hit
# Possible solutions:
#   Reduce memory load on the system
#   Increase physical memory or swap space
#   Check if swap backing store is full
#   Use 64 bit Java on a 64 bit OS
#   Decrease Java heap size (-Xmx/-Xms)
#   Decrease number of Java threads
#   Decrease Java thread stack sizes (-Xss)
#   Set larger code cache with -XX:ReservedCodeCacheSize=
# This output file may be truncated or incomplete.
#
#  Out of Memory Error (allocation.cpp:390), pid=10944, tid=15536
#
# JRE version: Java(TM) SE Runtime Environment (8.0_60-b27) (build 1.8.0_60-b27)
# Java VM: Java HotSpot(TM) 64-Bit Server VM (25.60-b23 mixed mode windows-amd64 compressed oops)
# Failed to write core dump. Minidumps are not enabled by default on client versions of Windows
#

---------------  T H R E A D  ---------------

Current thread (0x0000000056883800):  JavaThread "C2 CompilerThread2" daemon [_thread_in_native, id=15536, stack(0x00000000584b0000,0x00000000585b0000)]

Stack: [0x00000000584b0000,0x00000000585b0000]
[error occurred during error reporting (printing stack bounds), id 0xc0000005]

Native frames: (J=compiled Java code, j=interpreted, Vv=VM code, C=native code)


Current CompileTask:
C2:   3136 1693       4       com.android.dx.ssa.SCCP::simulateStmt (481 bytes)


---------------  P R O C E S S  ---------------

Java Threads: ( => current thread )
  0x0000000056af4000 JavaThread "pool-1-thread-4" [_thread_in_vm, id=17080, stack(0x0000000059f70000,0x000000005a070000)]
  0x0000000056af3800 JavaThread "pool-1-thread-3" [_thread_in_Java, id=16864, stack(0x0000000059390000,0x0000000059490000)]
  0x0000000056af2800 JavaThread "pool-1-thread-2" [_thread_blocked, id=16856, stack(0x00000000590c0000,0x00000000591c0000)]
  0x0000000056af0000 JavaThread "pool-2-thread-1" [_thread_in_Java, id=16852, stack(0x00000000591f0000,0x00000000592f0000)]
  0x0000000056b31000 JavaThread "pool-1-thread-1" [_thread_blocked, id=16572, stack(0x0000000057ff0000,0x00000000580f0000)]
  0x0000000056919000 JavaThread "Service Thread" daemon [_thread_blocked, id=13228, stack(0x00000000585b0000,0x00000000586b0000)]
  0x00000000568a5800 JavaThread "C1 CompilerThread3" daemon [_thread_blocked, id=7228, stack(0x0000000057a60000,0x0000000057b60000)]
=>0x0000000056883800 JavaThread "C2 CompilerThread2" daemon [_thread_in_native, id=15536, stack(0x00000000584b0000,0x00000000585b0000)]
  0x000000005687d000 JavaThread "C2 CompilerThread1" daemon [_thread_in_native, id=15224, stack(0x00000000582e0000,0x00000000583e0000)]
  0x0000000056867000 JavaThread "C2 CompilerThread0" daemon [_thread_in_native, id=16472, stack(0x00000000580f0000,0x00000000581f0000)]
  0x0000000056865800 JavaThread "Attach Listener" daemon [_thread_blocked, id=17396, stack(0x0000000057ec0000,0x0000000057fc0000)]
  0x0000000056878000 JavaThread "Signal Dispatcher" daemon [_thread_blocked, id=16536, stack(0x0000000057cc0000,0x0000000057dc0000)]
  0x00000000558cc000 JavaThread "Finalizer" daemon [_thread_blocked, id=16432, stack(0x0000000057bb0000,0x0000000057cb0000)]
  0x00000000558c4800 JavaThread "Reference Handler" daemon [_thread_blocked, id=16428, stack(0x0000000057920000,0x0000000057a20000)]
  0x0000000001fae000 JavaThread "main" [_thread_in_Java, id=17376, stack(0x0000000002530000,0x0000000002630000)]

Other Threads:
  0x0000000056820800 VMThread [stack: 0x00000000577d0000,0x00000000578d0000] [id=12988]
  0x000000005691e000 WatcherThread [stack: 0x0000000058710000,0x0000000058810000] [id=15556]

VM state:not at safepoint (normal execution)

VM Mutex/Monitor currently owned by a thread: None

Heap:
 PSYoungGen      total 53248K, used 9619K [0x00000000eab00000, 0x00000000f1300000, 0x0000000100000000)
  eden space 49152K, 11% used [0x00000000eab00000,0x00000000eb06cd20,0x00000000edb00000)
  from space 4096K, 99% used [0x00000000edb00000,0x00000000edef8018,0x00000000edf00000)
  to   space 4096K, 0% used [0x00000000f0f00000,0x00000000f0f00000,0x00000000f1300000)
 ParOldGen       total 65536K, used 10600K [0x00000000c0000000, 0x00000000c4000000, 0x00000000eab00000)
  object space 65536K, 16% used [0x00000000c0000000,0x00000000c0a5a370,0x00000000c4000000)
 Metaspace       used 6280K, capacity 7152K, committed 7296K, reserved 1056768K
  class space    used 602K, capacity 616K, committed 640K, reserved 1048576K

Card table byte_map: [0x0000000011cc0000,0x0000000011ed0000] byte_map_base: 0x00000000116c0000

Marking Bits: (ParMarkBitMap*) 0x0000000059e0a5b0
 Begin Bits: [0x0000000012ce0000, 0x0000000013ce0000)
 End Bits:   [0x0000000013ce0000, 0x0000000014ce0000)

Polling page: 0x0000000000230000

CodeCache: size=245760Kb used=6773Kb max_used=6803Kb free=238986Kb
 bounds [0x0000000002900000, 0x0000000002fb0000, 0x0000000011900000]
 total_blobs=1957 nmethods=1687 adapters=182
 compilation: enabled

Compilation events (10 events):
Event: 2.674 Thread 0x00000000568a5800 1721       2       java.util.concurrent.locks.AbstractQueuedSynchronizer::compareAndSetTail (13 bytes)
Event: 2.674 Thread 0x00000000568a5800 nmethod 1721 0x0000000002f8f750 code [0x0000000002f8f8a0, 0x0000000002f8fa10]
Event: 2.674 Thread 0x00000000568a5800 1719       2       java.util.concurrent.LinkedBlockingQueue::enqueue (14 bytes)
Event: 2.674 Thread 0x00000000568a5800 nmethod 1719 0x0000000002f8fa90 code [0x0000000002f8fbe0, 0x0000000002f8fd50]
Event: 2.674 Thread 0x00000000568a5800 1722       2       java.util.concurrent.locks.AbstractQueuedSynchronizer::setHead (16 bytes)
Event: 2.675 Thread 0x00000000568a5800 nmethod 1722 0x0000000002f8fe10 code [0x0000000002f8ff60, 0x0000000002f90110]
Event: 3.075 Thread 0x0000000056883800 nmethod 1517 0x0000000002f98890 code [0x0000000002f98e40, 0x0000000002f9e608]
Event: 3.075 Thread 0x0000000056883800 1666       4       com.android.dx.rop.code.RegisterSpecSet::mutableCopy (57 bytes)
Event: 3.088 Thread 0x0000000056883800 nmethod 1666 0x0000000002f94bd0 code [0x0000000002f94d40, 0x0000000002f95238]
Event: 3.089 Thread 0x0000000056883800 1693       4       com.android.dx.ssa.SCCP::simulateStmt (481 bytes)

GC Heap History (6 events):
Event: 1.069 GC heap before
{Heap before GC invocations=1 (full 0):
 PSYoungGen      total 28672K, used 24576K [0x00000000eab00000, 0x00000000ecb00000, 0x0000000100000000)
  eden space 24576K, 100% used [0x00000000eab00000,0x00000000ec300000,0x00000000ec300000)
  from space 4096K, 0% used [0x00000000ec700000,0x00000000ec700000,0x00000000ecb00000)
  to   space 4096K, 0% used [0x00000000ec300000,0x00000000ec300000,0x00000000ec700000)
 ParOldGen       total 65536K, used 0K [0x00000000c0000000, 0x00000000c4000000, 0x00000000eab00000)
  object space 65536K, 0% used [0x00000000c0000000,0x00000000c0000000,0x00000000c4000000)
 Metaspace       used 5772K, capacity 6704K, committed 6784K, reserved 1056768K
  class space    used 595K, capacity 616K, committed 640K, reserved 1048576K
Event: 1.608 GC heap after
Heap after GC invocations=1 (full 0):
 PSYoungGen      total 28672K, used 4078K [0x00000000eab00000, 0x00000000ee300000, 0x0000000100000000)
  eden space 24576K, 0% used [0x00000000eab00000,0x00000000eab00000,0x00000000ec300000)
  from space 4096K, 99% used [0x00000000ec300000,0x00000000ec6fba20,0x00000000ec700000)
  to   space 4096K, 0% used [0x00000000edf00000,0x00000000edf00000,0x00000000ee300000)
 ParOldGen       total 65536K, used 598K [0x00000000c0000000, 0x00000000c4000000, 0x00000000eab00000)
  object space 65536K, 0% used [0x00000000c0000000,0x00000000c0095930,0x00000000c4000000)
 Metaspace       used 5772K, capacity 6704K, committed 6784K, reserved 1056768K
  class space    used 595K, capacity 616K, committed 640K, reserved 1048576K
}
Event: 2.045 GC heap before
{Heap before GC invocations=2 (full 0):
 PSYoungGen      total 28672K, used 28654K [0x00000000eab00000, 0x00000000ee300000, 0x0000000100000000)
  eden space 24576K, 100% used [0x00000000eab00000,0x00000000ec300000,0x00000000ec300000)
  from space 4096K, 99% used [0x00000000ec300000,0x00000000ec6fba20,0x00000000ec700000)
  to   space 4096K, 0% used [0x00000000edf00000,0x00000000edf00000,0x00000000ee300000)
 ParOldGen       total 65536K, used 598K [0x00000000c0000000, 0x00000000c4000000, 0x00000000eab00000)
  object space 65536K, 0% used [0x00000000c0000000,0x00000000c0095930,0x00000000c4000000)
 Metaspace       used 6051K, capacity 6960K, committed 7040K, reserved 1056768K
  class space    used 601K, capacity 616K, committed 640K, reserved 1048576K
Event: 2.087 GC heap after
Heap after GC invocations=2 (full 0):
 PSYoungGen      total 53248K, used 4087K [0x00000000eab00000, 0x00000000ee300000, 0x0000000100000000)
  eden space 49152K, 0% used [0x00000000eab00000,0x00000000eab00000,0x00000000edb00000)
  from space 4096K, 99% used [0x00000000edf00000,0x00000000ee2fdc78,0x00000000ee300000)
  to   space 4096K, 0% used [0x00000000edb00000,0x00000000edb00000,0x00000000edf00000)
 ParOldGen       total 65536K, used 3140K [0x00000000c0000000, 0x00000000c4000000, 0x00000000eab00000)
  object space 65536K, 4% used [0x00000000c0000000,0x00000000c0311100,0x00000000c4000000)
 Metaspace       used 6051K, capacity 6960K, committed 7040K, reserved 1056768K
  class space    used 601K, capacity 616K, committed 640K, reserved 1048576K
}
Event: 2.675 GC heap before
{Heap before GC invocations=3 (full 0):
 PSYoungGen      total 53248K, used 53239K [0x00000000eab00000, 0x00000000ee300000, 0x0000000100000000)
  eden space 49152K, 100% used [0x00000000eab00000,0x00000000edb00000,0x00000000edb00000)
  from space 4096K, 99% used [0x00000000edf00000,0x00000000ee2fdc78,0x00000000ee300000)
  to   space 4096K, 0% used [0x00000000edb00000,0x00000000edb00000,0x00000000edf00000)
 ParOldGen       total 65536K, used 3140K [0x00000000c0000000, 0x00000000c4000000, 0x00000000eab00000)
  object space 65536K, 4% used [0x00000000c0000000,0x00000000c0311100,0x00000000c4000000)
 Metaspace       used 6280K, capacity 7152K, committed 7296K, reserved 1056768K
  class space    used 602K, capacity 616K, committed 640K, reserved 1048576K
Event: 3.060 GC heap after
Heap after GC invocations=3 (full 0):
 PSYoungGen      total 53248K, used 4064K [0x00000000eab00000, 0x00000000f1300000, 0x0000000100000000)
  eden space 49152K, 0% used [0x00000000eab00000,0x00000000eab00000,0x00000000edb00000)
  from space 4096K, 99% used [0x00000000edb00000,0x00000000edef8018,0x00000000edf00000)
  to   space 4096K, 0% used [0x00000000f0f00000,0x00000000f0f00000,0x00000000f1300000)
 ParOldGen       total 65536K, used 10600K [0x00000000c0000000, 0x00000000c4000000, 0x00000000eab00000)
  object space 65536K, 16% used [0x00000000c0000000,0x00000000c0a5a370,0x00000000c4000000)
 Metaspace       used 6280K, capacity 7152K, committed 7296K, reserved 1056768K
  class space    used 602K, capacity 616K, committed 640K, reserved 1048576K
}

Deoptimization events (10 events):
Event: 0.864 Thread 0x0000000056af4000 Uncommon trap: reason=class_check action=maybe_recompile pc=0x0000000002b2300c method=com.android.dx.rop.type.Type.equals(Ljava/lang/Object;)Z @ 8
Event: 0.865 Thread 0x0000000056af4000 Uncommon trap: reason=class_check action=maybe_recompile pc=0x0000000002b2300c method=com.android.dx.rop.type.Type.equals(Ljava/lang/Object;)Z @ 8
Event: 0.866 Thread 0x0000000056af4000 Uncommon trap: reason=class_check action=maybe_recompile pc=0x0000000002b2300c method=com.android.dx.rop.type.Type.equals(Ljava/lang/Object;)Z @ 8
Event: 2.144 Thread 0x0000000056b31000 Uncommon trap: reason=unstable_if action=reinterpret pc=0x0000000002e090dc method=com.android.dx.ssa.SCCP.simulateStmt(Lcom/android/dx/ssa/SsaInsn;)V @ 53
Event: 2.168 Thread 0x0000000056af2800 Uncommon trap: reason=bimorphic action=maybe_recompile pc=0x0000000002e1e32c method=com.android.dx.cf.code.BytecodeArray.parseInstruction(ILcom/android/dx/cf/code/BytecodeArray$Visitor;)I @ 939
Event: 2.168 Thread 0x0000000056af2800 Uncommon trap: reason=bimorphic action=maybe_recompile pc=0x0000000002e1e32c method=com.android.dx.cf.code.BytecodeArray.parseInstruction(ILcom/android/dx/cf/code/BytecodeArray$Visitor;)I @ 939
Event: 2.487 Thread 0x0000000056af3800 Uncommon trap: reason=unstable_if action=reinterpret pc=0x0000000002be95e4 method=com.android.dx.rop.code.RegisterSpecSet.<init>(I)V @ 2
Event: 2.512 Thread 0x0000000056b31000 Uncommon trap: reason=unstable_if action=reinterpret pc=0x0000000002ef6f50 method=com.android.dx.ssa.SCCP.simulateBranch(Lcom/android/dx/ssa/SsaInsn;)V @ 64
Event: 2.512 Thread 0x0000000056b31000 Uncommon trap: reason=unstable_if action=reinterpret pc=0x0000000002ec6e50 method=com.android.dx.ssa.LiteralOpUpgrader$1.visitNonMoveInsn(Lcom/android/dx/ssa/NormalSsaInsn;)V @ 55
Event: 2.513 Thread 0x0000000056b31000 Uncommon trap: reason=unstable_if action=reinterpret pc=0x0000000002cdb88c method=com.android.dx.ssa.SsaMethod.updateOneDefinition(Lcom/android/dx/ssa/SsaInsn;Lcom/android/dx/rop/code/RegisterSpec;)V @ 4

Internal exceptions (2 events):
Event: 0.080 Thread 0x0000000001fae000 Exception <a 'java/lang/NoSuchMethodError': Method sun.misc.Unsafe.defineClass(Ljava/lang/String;[BII)Ljava/lang/Class; name or signature does not match> (0x00000000eab0d928) thrown at [C:\re\workspace\8-2-build-windows-amd64-cygwin\jdk8u60\4407\hotspot\sr›ÿ N=p¥?
Event: 0.080 Thread 0x0000000001fae000 Exception <a 'java/lang/NoSuchMethodError': Method sun.misc.Unsafe.prefetchRead(Ljava/lang/Object;J)V name or signature does not match> (0x00000000eab0dc10) thrown at [C:\re\workspace\8-2-build-windows-amd64-cygwin\jdk8u60\4407\hotspot\src\share\vm\prims\j

Events (10 events):
Event: 2.514 Thread 0x0000000056b31000 DEOPT PACKING pc=0x0000000002cdb88c sp=0x00000000580ee5a0
Event: 2.514 Thread 0x0000000056b31000 DEOPT UNPACKING pc=0x000000000294582a sp=0x00000000580ee548 mode 2
Event: 2.537 Thread 0x0000000056b31000 DEOPT PACKING pc=0x0000000002c38b6d sp=0x00000000580ee550
Event: 2.537 Thread 0x0000000056b31000 DEOPT UNPACKING pc=0x000000000294787f sp=0x00000000580ee2b8 mode 0
Event: 2.547 Thread 0x0000000056af2800 DEOPT PACKING pc=0x0000000002c706f8 sp=0x00000000591be330
Event: 2.547 Thread 0x0000000056af2800 DEOPT UNPACKING pc=0x000000000294787f sp=0x00000000591be0f8 mode 0
Event: 2.605 Thread 0x0000000056b31000 DEOPT PACKING pc=0x0000000002c706f8 sp=0x00000000580ee5a0
Event: 2.605 Thread 0x0000000056b31000 DEOPT UNPACKING pc=0x000000000294787f sp=0x00000000580ee368 mode 0
Event: 2.675 Executing VM operation: ParallelGCFailedAllocation
Event: 3.060 Executing VM operation: ParallelGCFailedAllocation done


Dynamic libraries:
0x000000013f890000 - 0x000000013f8c7000 	C:\Program Files\Java\jdk1.8.0_60\bin\java.exe
0x0000000077b30000 - 0x0000000077cd9000 	C:\Windows\SYSTEM32\ntdll.dll
0x0000000077a10000 - 0x0000000077b2f000 	C:\Windows\system32\kernel32.dll
0x000007fefdde0000 - 0x000007fefde4b000 	C:\Windows\system32\KERNELBASE.dll
0x000007feff330000 - 0x000007feff40b000 	C:\Windows\system32\ADVAPI32.dll
0x000007feff940000 - 0x000007feff9df000 	C:\Windows\system32\msvcrt.dll
0x000007feff9e0000 - 0x000007feff9ff000 	C:\Windows\SYSTEM32\sechost.dll
0x000007feff5f0000 - 0x000007feff71d000 	C:\Windows\system32\RPCRT4.dll
0x0000000077910000 - 0x0000000077a0a000 	C:\Windows\system32\USER32.dll
0x000007fefeee0000 - 0x000007fefef47000 	C:\Windows\system32\GDI32.dll
0x000007feff930000 - 0x000007feff93e000 	C:\Windows\system32\LPK.dll
0x000007feffd10000 - 0x000007feffdd9000 	C:\Windows\system32\USP10.dll
0x000007fefbc60000 - 0x000007fefbe54000 	C:\Windows\WinSxS\amd64_microsoft.windows.common-controls_6595b64144ccf1df_6.0.7601.17514_none_fa396087175ac9ac\COMCTL32.dll
0x000007fefded0000 - 0x000007fefdf41000 	C:\Windows\system32\SHLWAPI.dll
0x000007fefdf50000 - 0x000007fefdf7e000 	C:\Windows\system32\IMM32.DLL
0x000007feff800000 - 0x000007feff909000 	C:\Windows\system32\MSCTF.dll
0x00000000604c0000 - 0x0000000060592000 	C:\Program Files\Java\jdk1.8.0_60\jre\bin\msvcr100.dll
0x0000000059600000 - 0x0000000059e89000 	C:\Program Files\Java\jdk1.8.0_60\jre\bin\server\jvm.dll
0x000007feec2f0000 - 0x000007feec2f9000 	C:\Windows\system32\WSOCK32.dll
0x000007fefed10000 - 0x000007fefed5d000 	C:\Windows\system32\WS2_32.dll
0x000007feffa00000 - 0x000007feffa08000 	C:\Windows\system32\NSI.dll
0x000007fefc580000 - 0x000007fefc5bb000 	C:\Windows\system32\WINMM.dll
0x000007fefcbe0000 - 0x000007fefcbec000 	C:\Windows\system32\VERSION.dll
0x0000000077d00000 - 0x0000000077d07000 	C:\Windows\system32\PSAPI.DLL
0x000000006b800000 - 0x000000006b80f000 	C:\Program Files\Java\jdk1.8.0_60\jre\bin\verify.dll
0x0000000065680000 - 0x00000000656a9000 	C:\Program Files\Java\jdk1.8.0_60\jre\bin\java.dll
0x0000000067090000 - 0x00000000670a6000 	C:\Program Files\Java\jdk1.8.0_60\jre\bin\zip.dll
0x000007fefdf80000 - 0x000007fefed08000 	C:\Windows\system32\SHELL32.dll
0x000007fefef50000 - 0x000007feff153000 	C:\Windows\system32\ole32.dll
0x000007fefda80000 - 0x000007fefda8f000 	C:\Windows\system32\profapi.dll

VM Arguments:
jvm_args: -Djava.awt.headless=true -Xmx1024M -Dfile.encoding=windows-1252 -Duser.country=US -Duser.language=en -Duser.variant 
java_command: com.android.dx.command.Main --dex --force-jumbo --num-threads=4 --output D:\project\AndroidStudioProjects\PersonalUtilitiesForLife\app\build\intermediates\pre-dexed\debug\internal_impl-23.4.0_cae8d79c879183da4d9555f0e8c0827689d5fdf5.jar D:\project\AndroidStudioProjects\PersonalUtilitiesForLife\app\build\intermediates\exploded-aar\com.android.support\support-v4\23.4.0\jars\libs\internal_impl-23.4.0.jar
java_class_path (initial): D:\Android\sdk\build-tools\23.0.3\lib\dx.jar
Launcher Type: SUN_STANDARD

Environment Variables:
JAVA_HOME=C:\Program Files\Java\jdk1.8.0_60
PATH=C:\ProgramData\Oracle\Java\javapath;%CommonProgramFiles%\Microsoft Shared\Windows Live;C:\Program Files (x86)\HP SimplePass\x64;C:\Program Files (x86)\HP SimplePass\;;C:\Windows\system32;C:\Windows;C:\Windows\System32\Wbem;C:\Windows\System32\WindowsPowerShell\v1.0\;C:\Program Files (x86)\Java\jdk1.7.0_09\bin;C:\Strawberry\c\bin;C:\Strawberry\perl\site\bin;C:\Strawberry\perl\bin;C:\Program Files (x86)\Intel\OpenCL SDK\2.0\bin\x86;C:\Program Files (x86)\Intel\OpenCL SDK\2.0\bin\x64;C:\PROGRA~2\PICC;C:\Program Files (x86)\Microchip\xc16\v1.25\bin;C:\Program Files (x86)\Microchip\xc8\v1.35\bin;C:\Program Files\Java\jre1.8.0_65\bin;C:\Program Files\Java\jdk1.8.0_60\jre\bin;D:\Android\sdk\platform-tools;C:\Program Files\Common Files\Microsoft Shared\Windows Live;C:\Program Files\Java\jre1.8.0_65\bin
USERNAME=Nhut
OS=Windows_NT
PROCESSOR_IDENTIFIER=Intel64 Family 6 Model 42 Stepping 7, GenuineIntel



---------------  S Y S T E M  ---------------

OS: Windows 7 , 64 bit Build 7601 (6.1.7601.17514)

CPU:total 8 (4 cores per cpu, 2 threads per core) family 6 model 42 stepping 7, cmov, cx8, fxsr, mmx, sse, sse2, sse3, ssse3, sse4.1, sse4.2, popcnt, avx, aes, clmul, ht, tsc, tscinvbit

Memory: 4k page, physical 6238064k(664192k free), swap 8333368k(6868k free)

vm_info: Java HotSpot(TM) 64-Bit Server VM (25.60-b23) for windows-amd64 JRE (1.8.0_60-b27), built on Aug  4 2015 11:06:27 by "java_re" with MS VC++ 10.0 (VS2010)

time: Tue Jun 21 09:15:04 2016
elapsed time: 3 seconds (0d 0h 0m 3s)

