#
# There is insufficient memory for the Java Runtime Environment to continue.
# Native memory allocation (malloc) failed to allocate 679504 bytes for Chunk::new
# Possible reasons:
#   The system is out of physical RAM or swap space
#   In 32 bit mode, the process size limit was hit
# Possible solutions:
#   Reduce memory load on the system
#   Increase physical memory or swap space
#   Check if swap backing store is full
#   Use 64 bit Java on a 64 bit OS
#   Decrease Java heap size (-Xmx/-Xms)
#   Decrease number of Java threads
#   Decrease Java thread stack sizes (-Xss)
#   Set larger code cache with -XX:ReservedCodeCacheSize=
# This output file may be truncated or incomplete.
#
#  Out of Memory Error (allocation.cpp:390), pid=2720, tid=3220
#
# JRE version: Java(TM) SE Runtime Environment (8.0_60-b27) (build 1.8.0_60-b27)
# Java VM: Java HotSpot(TM) 64-Bit Server VM (25.60-b23 mixed mode windows-amd64 compressed oops)
# Failed to write core dump. Minidumps are not enabled by default on client versions of Windows
#

---------------  T H R E A D  ---------------

Current thread (0x0000000057092800):  JavaThread "C2 CompilerThread1" daemon [_thread_in_native, id=3220, stack(0x0000000058a60000,0x0000000058b60000)]

Stack: [0x0000000058a60000,0x0000000058b60000]
[error occurred during error reporting (printing stack bounds), id 0xc0000005]

Native frames: (J=compiled Java code, j=interpreted, Vv=VM code, C=native code)


Current CompileTask:
C2:   3033 1186   !   4       com.android.dx.cf.code.BytecodeArray::parseInstruction (2764 bytes)


---------------  P R O C E S S  ---------------

Java Threads: ( => current thread )
  0x0000000057304000 JavaThread "pool-2-thread-4" [_thread_blocked, id=11412, stack(0x0000000059e90000,0x0000000059f90000)]
  0x0000000057303800 JavaThread "pool-2-thread-3" [_thread_blocked, id=8504, stack(0x0000000059cc0000,0x0000000059dc0000)]
  0x0000000057303000 JavaThread "pool-2-thread-2" [_thread_blocked, id=12240, stack(0x0000000059b40000,0x0000000059c40000)]
  0x0000000057301000 JavaThread "pool-3-thread-1" [_thread_blocked, id=10144, stack(0x0000000059a30000,0x0000000059b30000)]
  0x0000000057300800 JavaThread "pool-2-thread-1" [_thread_blocked, id=11848, stack(0x00000000598c0000,0x00000000599c0000)]
  0x0000000057101000 JavaThread "Service Thread" daemon [_thread_blocked, id=11028, stack(0x0000000058890000,0x0000000058990000)]
  0x00000000570f8000 JavaThread "C1 CompilerThread3" daemon [_thread_in_native, id=9468, stack(0x0000000058d90000,0x0000000058e90000)]
  0x00000000570a4000 JavaThread "C2 CompilerThread2" daemon [_thread_in_native, id=6524, stack(0x0000000058b90000,0x0000000058c90000)]
=>0x0000000057092800 JavaThread "C2 CompilerThread1" daemon [_thread_in_native, id=3220, stack(0x0000000058a60000,0x0000000058b60000)]
  0x0000000057089000 JavaThread "C2 CompilerThread0" daemon [_thread_in_native, id=6228, stack(0x0000000058780000,0x0000000058880000)]
  0x0000000057087800 JavaThread "Attach Listener" daemon [_thread_blocked, id=8908, stack(0x0000000058460000,0x0000000058560000)]
  0x0000000057098000 JavaThread "Signal Dispatcher" daemon [_thread_blocked, id=11508, stack(0x00000000585e0000,0x00000000586e0000)]
  0x0000000055736800 JavaThread "Finalizer" daemon [_thread_blocked, id=11116, stack(0x0000000058310000,0x0000000058410000)]
  0x0000000055734800 JavaThread "Reference Handler" daemon [_thread_blocked, id=12068, stack(0x0000000058170000,0x0000000058270000)]
  0x000000000252e800 JavaThread "main" [_thread_blocked, id=9924, stack(0x0000000002370000,0x0000000002470000)]

Other Threads:
  0x0000000057040800 VMThread [stack: 0x0000000057fb0000,0x00000000580b0000] [id=7364]
  0x0000000057106000 WatcherThread [stack: 0x0000000058ec0000,0x0000000058fc0000] [id=4484]

VM state:not at safepoint (normal execution)

VM Mutex/Monitor currently owned by a thread: None

Heap:
 PSYoungGen      total 28672K, used 9549K [0x00000000eab00000, 0x00000000ecb00000, 0x0000000100000000)
  eden space 24576K, 22% used [0x00000000eab00000,0x00000000eb05b4d8,0x00000000ec300000)
  from space 4096K, 99% used [0x00000000ec700000,0x00000000ecaf8028,0x00000000ecb00000)
  to   space 4096K, 0% used [0x00000000ec300000,0x00000000ec300000,0x00000000ec700000)
 ParOldGen       total 65536K, used 4041K [0x00000000c0000000, 0x00000000c4000000, 0x00000000eab00000)
  object space 65536K, 6% used [0x00000000c0000000,0x00000000c03f24e8,0x00000000c4000000)
 Metaspace       used 6055K, capacity 6960K, committed 7040K, reserved 1056768K
  class space    used 597K, capacity 616K, committed 640K, reserved 1048576K

Card table byte_map: [0x0000000011bc0000,0x0000000011dd0000] byte_map_base: 0x00000000115c0000

Marking Bits: (ParMarkBitMap*) 0x0000000056a0a5b0
 Begin Bits: [0x0000000012b50000, 0x0000000013b50000)
 End Bits:   [0x0000000013b50000, 0x0000000014b50000)

Polling page: 0x00000000004d0000

CodeCache: size=245760Kb used=5142Kb max_used=5142Kb free=240617Kb
 bounds [0x0000000002800000, 0x0000000002d10000, 0x0000000011800000]
 total_blobs=1582 nmethods=1313 adapters=182
 compilation: enabled

Compilation events (10 events):
Event: 2.952 Thread 0x00000000570f8000 nmethod 1341 0x0000000002d03450 code [0x0000000002d035c0, 0x0000000002d037e8]
Event: 2.952 Thread 0x00000000570f8000 1339       3       com.android.dx.rop.code.ThrowingInsn::<init> (49 bytes)
Event: 2.953 Thread 0x00000000570f8000 nmethod 1339 0x0000000002d038d0 code [0x0000000002d03a60, 0x0000000002d03ea8]
Event: 2.953 Thread 0x00000000570f8000 1332       3       com.android.dx.rop.cst.CstFieldRef::getType (8 bytes)
Event: 2.953 Thread 0x00000000570f8000 nmethod 1332 0x0000000002d04050 code [0x0000000002d041c0, 0x0000000002d04548]
Event: 2.953 Thread 0x00000000570f8000 1333       3       com.android.dx.rop.cst.CstNat::getFieldType (11 bytes)
Event: 2.953 Thread 0x00000000570f8000 nmethod 1333 0x0000000002d04650 code [0x0000000002d047c0, 0x0000000002d049e8]
Event: 2.953 Thread 0x00000000570f8000 1331       3       com.android.dx.cf.code.Frame::mergeWith (80 bytes)
Event: 2.955 Thread 0x00000000570f8000 nmethod 1331 0x0000000002d04a90 code [0x0000000002d04cc0, 0x0000000002d05c68]
Event: 2.955 Thread 0x00000000570f8000 1314  s    3       com.android.dx.dex.file.TypeIdsSection::intern (60 bytes)

GC Heap History (4 events):
Event: 2.140 GC heap before
{Heap before GC invocations=1 (full 0):
 PSYoungGen      total 28672K, used 24576K [0x00000000eab00000, 0x00000000ecb00000, 0x0000000100000000)
  eden space 24576K, 100% used [0x00000000eab00000,0x00000000ec300000,0x00000000ec300000)
  from space 4096K, 0% used [0x00000000ec700000,0x00000000ec700000,0x00000000ecb00000)
  to   space 4096K, 0% used [0x00000000ec300000,0x00000000ec300000,0x00000000ec700000)
 ParOldGen       total 65536K, used 0K [0x00000000c0000000, 0x00000000c4000000, 0x00000000eab00000)
  object space 65536K, 0% used [0x00000000c0000000,0x00000000c0000000,0x00000000c4000000)
 Metaspace       used 5820K, capacity 6768K, committed 7040K, reserved 1056768K
  class space    used 595K, capacity 616K, committed 640K, reserved 1048576K
Event: 2.329 GC heap after
Heap after GC invocations=1 (full 0):
 PSYoungGen      total 28672K, used 4067K [0x00000000eab00000, 0x00000000ecb00000, 0x0000000100000000)
  eden space 24576K, 0% used [0x00000000eab00000,0x00000000eab00000,0x00000000ec300000)
  from space 4096K, 99% used [0x00000000ec300000,0x00000000ec6f8e60,0x00000000ec700000)
  to   space 4096K, 0% used [0x00000000ec700000,0x00000000ec700000,0x00000000ecb00000)
 ParOldGen       total 65536K, used 938K [0x00000000c0000000, 0x00000000c4000000, 0x00000000eab00000)
  object space 65536K, 1% used [0x00000000c0000000,0x00000000c00eaad8,0x00000000c4000000)
 Metaspace       used 5820K, capacity 6768K, committed 7040K, reserved 1056768K
  class space    used 595K, capacity 616K, committed 640K, reserved 1048576K
}
Event: 2.598 GC heap before
{Heap before GC invocations=2 (full 0):
 PSYoungGen      total 28672K, used 28643K [0x00000000eab00000, 0x00000000ecb00000, 0x0000000100000000)
  eden space 24576K, 100% used [0x00000000eab00000,0x00000000ec300000,0x00000000ec300000)
  from space 4096K, 99% used [0x00000000ec300000,0x00000000ec6f8e60,0x00000000ec700000)
  to   space 4096K, 0% used [0x00000000ec700000,0x00000000ec700000,0x00000000ecb00000)
 ParOldGen       total 65536K, used 938K [0x00000000c0000000, 0x00000000c4000000, 0x00000000eab00000)
  object space 65536K, 1% used [0x00000000c0000000,0x00000000c00eaad8,0x00000000c4000000)
 Metaspace       used 6028K, capacity 6960K, committed 7040K, reserved 1056768K
  class space    used 597K, capacity 616K, committed 640K, reserved 1048576K
Event: 2.902 GC heap after
Heap after GC invocations=2 (full 0):
 PSYoungGen      total 28672K, used 4064K [0x00000000eab00000, 0x00000000ecb00000, 0x0000000100000000)
  eden space 24576K, 0% used [0x00000000eab00000,0x00000000eab00000,0x00000000ec300000)
  from space 4096K, 99% used [0x00000000ec700000,0x00000000ecaf8028,0x00000000ecb00000)
  to   space 4096K, 0% used [0x00000000ec300000,0x00000000ec300000,0x00000000ec700000)
 ParOldGen       total 65536K, used 4041K [0x00000000c0000000, 0x00000000c4000000, 0x00000000eab00000)
  object space 65536K, 6% used [0x00000000c0000000,0x00000000c03f24e8,0x00000000c4000000)
 Metaspace       used 6028K, capacity 6960K, committed 7040K, reserved 1056768K
  class space    used 597K, capacity 616K, committed 640K, reserved 1048576K
}

Deoptimization events (10 events):
Event: 2.087 Thread 0x0000000057304000 Uncommon trap: reason=bimorphic action=maybe_recompile pc=0x0000000002a6f0d0 method=java.util.HashMap.getNode(ILjava/lang/Object;)Ljava/util/HashMap$Node; @ 126
Event: 2.140 Thread 0x0000000057303800 Uncommon trap: reason=unloaded action=reinterpret pc=0x0000000002ab4e44 method=com.android.dx.ssa.SsaRenamer$BlockRenamer.visitMoveInsn(Lcom/android/dx/ssa/NormalSsaInsn;)V @ 208
Event: 2.344 Thread 0x0000000057300800 Uncommon trap: reason=bimorphic action=maybe_recompile pc=0x0000000002a6f0d0 method=java.util.HashMap.getNode(ILjava/lang/Object;)Ljava/util/HashMap$Node; @ 126
Event: 2.421 Thread 0x0000000057303000 Uncommon trap: reason=unstable_if action=reinterpret pc=0x0000000002af7f00 method=com.android.dx.ssa.NormalSsaInsn.getLocalAssignment()Lcom/android/dx/rop/code/RegisterSpec; @ 12
Event: 2.421 Thread 0x0000000057303000 Uncommon trap: reason=unstable_if action=reinterpret pc=0x0000000002a9c098 method=com.android.dx.ssa.NormalSsaInsn.getLocalAssignment()Lcom/android/dx/rop/code/RegisterSpec; @ 12
Event: 2.421 Thread 0x0000000057303000 Uncommon trap: reason=unstable_if action=reinterpret pc=0x0000000002a99a60 method=com.android.dx.ssa.NormalSsaInsn.getLocalAssignment()Lcom/android/dx/rop/code/RegisterSpec; @ 12
Event: 2.463 Thread 0x0000000057300800 Uncommon trap: reason=class_check action=maybe_recompile pc=0x0000000002a6d334 method=com.android.dx.rop.type.Type.equals(Ljava/lang/Object;)Z @ 8
Event: 2.464 Thread 0x0000000057300800 Uncommon trap: reason=class_check action=maybe_recompile pc=0x0000000002a9d1b4 method=com.android.dx.rop.type.Type.equals(Ljava/lang/Object;)Z @ 8
Event: 2.564 Thread 0x0000000057303000 Uncommon trap: reason=class_check action=maybe_recompile pc=0x0000000002a6f118 method=com.android.dx.rop.type.Type.equals(Ljava/lang/Object;)Z @ 8
Event: 2.941 Thread 0x0000000057300800 Uncommon trap: reason=unstable_if action=reinterpret pc=0x0000000002b78d2c method=com.android.dx.util.IntList.binarysearch(I)I @ 105

Internal exceptions (2 events):
Event: 0.266 Thread 0x000000000252e800 Exception <a 'java/lang/NoSuchMethodError': Method sun.misc.Unsafe.defineClass(Ljava/lang/String;[BII)Ljava/lang/Class; name or signature does not match> (0x00000000eab0d830) thrown at [C:\re\workspace\8-2-build-windows-amd64-cygwin\jdk8u60\4407\hotspot\sr–F8Ñ?
Event: 0.266 Thread 0x000000000252e800 Exception <a 'java/lang/NoSuchMethodError': Method sun.misc.Unsafe.prefetchRead(Ljava/lang/Object;J)V name or signature does not match> (0x00000000eab0db18) thrown at [C:\re\workspace\8-2-build-windows-amd64-cygwin\jdk8u60\4407\hotspot\src\share\vm\prims\j

Events (10 events):
Event: 2.464 Thread 0x0000000057300800 DEOPT PACKING pc=0x0000000002a9d1b4 sp=0x00000000599be420
Event: 2.464 Thread 0x0000000057300800 DEOPT UNPACKING pc=0x000000000284582a sp=0x00000000599be280 mode 2
Event: 2.564 Thread 0x0000000057303000 Uncommon trap: trap_request=0xffffffde fr.pc=0x0000000002a6f118
Event: 2.564 Thread 0x0000000057303000 DEOPT PACKING pc=0x0000000002a6f118 sp=0x0000000059c3e500
Event: 2.564 Thread 0x0000000057303000 DEOPT UNPACKING pc=0x000000000284582a sp=0x0000000059c3e278 mode 2
Event: 2.597 Executing VM operation: ParallelGCFailedAllocation
Event: 2.902 Executing VM operation: ParallelGCFailedAllocation done
Event: 2.941 Thread 0x0000000057300800 Uncommon trap: trap_request=0xffffff65 fr.pc=0x0000000002b78d2c
Event: 2.941 Thread 0x0000000057300800 DEOPT PACKING pc=0x0000000002b78d2c sp=0x00000000599be610
Event: 2.941 Thread 0x0000000057300800 DEOPT UNPACKING pc=0x000000000284582a sp=0x00000000599be588 mode 2


Dynamic libraries:
0x000000013f8d0000 - 0x000000013f907000 	C:\Program Files\Java\jdk1.8.0_60\bin\java.exe
0x0000000077b60000 - 0x0000000077d09000 	C:\Windows\SYSTEM32\ntdll.dll
0x0000000077a40000 - 0x0000000077b5f000 	C:\Windows\system32\kernel32.dll
0x000007fefdc60000 - 0x000007fefdccb000 	C:\Windows\system32\KERNELBASE.dll
0x000007feff9f0000 - 0x000007feffacb000 	C:\Windows\system32\ADVAPI32.dll
0x000007fefe510000 - 0x000007fefe5af000 	C:\Windows\system32\msvcrt.dll
0x000007feffb40000 - 0x000007feffb5f000 	C:\Windows\SYSTEM32\sechost.dll
0x000007fefe150000 - 0x000007fefe27d000 	C:\Windows\system32\RPCRT4.dll
0x0000000077940000 - 0x0000000077a3a000 	C:\Windows\system32\USER32.dll
0x000007feffad0000 - 0x000007feffb37000 	C:\Windows\system32\GDI32.dll
0x000007feff860000 - 0x000007feff86e000 	C:\Windows\system32\LPK.dll
0x000007fefde80000 - 0x000007fefdf49000 	C:\Windows\system32\USP10.dll
0x000007fefc580000 - 0x000007fefc774000 	C:\Windows\WinSxS\amd64_microsoft.windows.common-controls_6595b64144ccf1df_6.0.7601.17514_none_fa396087175ac9ac\COMCTL32.dll
0x000007fefea50000 - 0x000007fefeac1000 	C:\Windows\system32\SHLWAPI.dll
0x000007fefe2d0000 - 0x000007fefe2fe000 	C:\Windows\system32\IMM32.DLL
0x000007feffb70000 - 0x000007feffc79000 	C:\Windows\system32\MSCTF.dll
0x00000000630b0000 - 0x0000000063182000 	C:\Program Files\Java\jdk1.8.0_60\jre\bin\msvcr100.dll
0x0000000056200000 - 0x0000000056a89000 	C:\Program Files\Java\jdk1.8.0_60\jre\bin\server\jvm.dll
0x000007fef3c20000 - 0x000007fef3c29000 	C:\Windows\system32\WSOCK32.dll
0x000007fefe280000 - 0x000007fefe2cd000 	C:\Windows\system32\WS2_32.dll
0x000007feffb60000 - 0x000007feffb68000 	C:\Windows\system32\NSI.dll
0x000007fefc080000 - 0x000007fefc0bb000 	C:\Windows\system32\WINMM.dll
0x000007fefcc10000 - 0x000007fefcc1c000 	C:\Windows\system32\VERSION.dll
0x0000000077d20000 - 0x0000000077d27000 	C:\Windows\system32\PSAPI.DLL
0x0000000075200000 - 0x000000007520f000 	C:\Program Files\Java\jdk1.8.0_60\jre\bin\verify.dll
0x00000000647c0000 - 0x00000000647e9000 	C:\Program Files\Java\jdk1.8.0_60\jre\bin\java.dll
0x00000000751e0000 - 0x00000000751f6000 	C:\Program Files\Java\jdk1.8.0_60\jre\bin\zip.dll
0x000007fefead0000 - 0x000007feff858000 	C:\Windows\system32\SHELL32.dll
0x000007fefe300000 - 0x000007fefe503000 	C:\Windows\system32\ole32.dll
0x000007fefdab0000 - 0x000007fefdabf000 	C:\Windows\system32\profapi.dll

VM Arguments:
jvm_args: -Djava.awt.headless=true -Xmx1024M -Dfile.encoding=windows-1252 -Duser.country=US -Duser.language=en -Duser.variant 
java_command: com.android.dx.command.Main --dex --force-jumbo --num-threads=4 --multi-dex --output D:\project\AndroidStudioProjects\PersonalUtilitiesForLife\app\build\intermediates\transforms\dex\debug\folders\1000\10\com.google.android.gms-play-services-location-8.1.0_6d95c3de52d5b378e450b74559d8e712c01b342f D:\project\AndroidStudioProjects\PersonalUtilitiesForLife\app\build\intermediates\exploded-aar\com.google.android.gms\play-services-location\8.1.0\jars\classes.jar
java_class_path (initial): D:\Android\sdk\build-tools\23.0.3\lib\dx.jar
Launcher Type: SUN_STANDARD

Environment Variables:
JAVA_HOME=C:\Program Files\Java\jdk1.8.0_60
PATH=C:\ProgramData\Oracle\Java\javapath;C:\Program Files\Common Files\Microsoft Shared\Windows Live;C:\Program Files (x86)\HP SimplePass\x64;C:\Program Files (x86)\HP SimplePass\;;C:\Windows\system32;C:\Windows;C:\Windows\System32\Wbem;C:\Windows\System32\WindowsPowerShell\v1.0\;C:\Program Files (x86)\Java\jdk1.7.0_09\bin;C:\Strawberry\c\bin;C:\Strawberry\perl\site\bin;C:\Strawberry\perl\bin;C:\Program Files (x86)\Intel\OpenCL SDK\2.0\bin\x86;C:\Program Files (x86)\Intel\OpenCL SDK\2.0\bin\x64;C:\PROGRA~2\PICC;C:\Program Files (x86)\Microchip\xc16\v1.25\bin;C:\Program Files (x86)\Microchip\xc8\v1.35\bin;C:\Program Files\Java\jre1.8.0_65\bin;C:\Program Files\Java\jdk1.8.0_60\jre\bin;D:\Android\sdk\platform-tools;C:\Program Files\Common Files\Microsoft Shared\Windows Live;C:\Program Files\Java\jre1.8.0_65\bin
USERNAME=Nhut
OS=Windows_NT
PROCESSOR_IDENTIFIER=Intel64 Family 6 Model 42 Stepping 7, GenuineIntel



---------------  S Y S T E M  ---------------

OS: Windows 7 , 64 bit Build 7601 (6.1.7601.17514)

CPU:total 8 (4 cores per cpu, 2 threads per core) family 6 model 42 stepping 7, cmov, cx8, fxsr, mmx, sse, sse2, sse3, ssse3, sse4.1, sse4.2, popcnt, avx, aes, clmul, ht, tsc, tscinvbit

Memory: 4k page, physical 6238064k(243748k free), swap 8333368k(5136k free)

vm_info: Java HotSpot(TM) 64-Bit Server VM (25.60-b23) for windows-amd64 JRE (1.8.0_60-b27), built on Aug  4 2015 11:06:27 by "java_re" with MS VC++ 10.0 (VS2010)

time: Mon Jun 27 10:42:39 2016
elapsed time: 3 seconds (0d 0h 0m 3s)

