#
# There is insufficient memory for the Java Runtime Environment to continue.
# Native memory allocation (malloc) failed to allocate 1797056 bytes for Chunk::new
# Possible reasons:
#   The system is out of physical RAM or swap space
#   In 32 bit mode, the process size limit was hit
# Possible solutions:
#   Reduce memory load on the system
#   Increase physical memory or swap space
#   Check if swap backing store is full
#   Use 64 bit Java on a 64 bit OS
#   Decrease Java heap size (-Xmx/-Xms)
#   Decrease number of Java threads
#   Decrease Java thread stack sizes (-Xss)
#   Set larger code cache with -XX:ReservedCodeCacheSize=
# This output file may be truncated or incomplete.
#
#  Out of Memory Error (allocation.cpp:390), pid=7068, tid=6908
#
# JRE version: Java(TM) SE Runtime Environment (8.0_60-b27) (build 1.8.0_60-b27)
# Java VM: Java HotSpot(TM) 64-Bit Server VM (25.60-b23 mixed mode windows-amd64 compressed oops)
# Failed to write core dump. Minidumps are not enabled by default on client versions of Windows
#

---------------  T H R E A D  ---------------

Current thread (0x000000005702f000):  JavaThread "C2 CompilerThread1" daemon [_thread_in_native, id=6908, stack(0x00000000583b0000,0x00000000584b0000)]

Stack: [0x00000000583b0000,0x00000000584b0000]
[error occurred during error reporting (printing stack bounds), id 0xc0000005]

Native frames: (J=compiled Java code, j=interpreted, Vv=VM code, C=native code)


Current CompileTask:
C2:   5932 1817       4       com.android.dx.rop.code.Rops::ropFor (771 bytes)


---------------  P R O C E S S  ---------------

Java Threads: ( => current thread )
  0x0000000057307000 JavaThread "pool-1-thread-1" [_thread_in_Java, id=11864, stack(0x0000000059780000,0x0000000059880000)]
  0x0000000057049000 JavaThread "Service Thread" daemon [_thread_blocked, id=8784, stack(0x0000000058c20000,0x0000000058d20000)]
  0x000000005703e800 JavaThread "C1 CompilerThread3" daemon [_thread_in_native, id=8996, stack(0x0000000058930000,0x0000000058a30000)]
  0x0000000057032000 JavaThread "C2 CompilerThread2" daemon [_thread_in_native, id=7236, stack(0x0000000058a90000,0x0000000058b90000)]
=>0x000000005702f000 JavaThread "C2 CompilerThread1" daemon [_thread_in_native, id=6908, stack(0x00000000583b0000,0x00000000584b0000)]
  0x0000000057028800 JavaThread "C2 CompilerThread0" daemon [_thread_in_native, id=6592, stack(0x00000000587c0000,0x00000000588c0000)]
  0x0000000057027800 JavaThread "Attach Listener" daemon [_thread_blocked, id=8240, stack(0x0000000058650000,0x0000000058750000)]
  0x0000000057038000 JavaThread "Signal Dispatcher" daemon [_thread_blocked, id=9816, stack(0x00000000584b0000,0x00000000585b0000)]
  0x00000000557ac000 JavaThread "Finalizer" daemon [_thread_blocked, id=8076, stack(0x00000000582b0000,0x00000000583b0000)]
  0x00000000557a4800 JavaThread "Reference Handler" daemon [_thread_blocked, id=5508, stack(0x0000000058140000,0x0000000058240000)]
  0x000000000019e000 JavaThread "main" [_thread_blocked, id=7132, stack(0x0000000002600000,0x0000000002700000)]

Other Threads:
  0x0000000056fe0800 VMThread [stack: 0x0000000057f70000,0x0000000058070000] [id=9888]
  0x00000000570b6000 WatcherThread [stack: 0x0000000058d50000,0x0000000058e50000] [id=4284]

VM state:not at safepoint (normal execution)

VM Mutex/Monitor currently owned by a thread:  ([mutex/lock_event])
[0x000000000019d250] Compile_lock - owner thread: 0x0000000057028800
[0x000000000019d350] MethodCompileQueue_lock - owner thread: 0x0000000057028800

Heap:
 PSYoungGen      total 102400K, used 97114K [0x00000000eab00000, 0x00000000f9200000, 0x0000000100000000)
  eden space 98304K, 94% used [0x00000000eab00000,0x00000000f05d7140,0x00000000f0b00000)
  from space 4096K, 99% used [0x00000000f0b00000,0x00000000f0effa50,0x00000000f0f00000)
  to   space 19968K, 0% used [0x00000000f7e80000,0x00000000f7e80000,0x00000000f9200000)
 ParOldGen       total 65536K, used 32876K [0x00000000c0000000, 0x00000000c4000000, 0x00000000eab00000)
  object space 65536K, 50% used [0x00000000c0000000,0x00000000c201b358,0x00000000c4000000)
 Metaspace       used 6772K, capacity 7480K, committed 7680K, reserved 1056768K
  class space    used 641K, capacity 688K, committed 768K, reserved 1048576K

Card table byte_map: [0x0000000011d90000,0x0000000011fa0000] byte_map_base: 0x0000000011790000

Marking Bits: (ParMarkBitMap*) 0x0000000056bca5b0
 Begin Bits: [0x0000000012bc0000, 0x0000000013bc0000)
 End Bits:   [0x0000000013bc0000, 0x0000000014bc0000)

Polling page: 0x0000000000140000

CodeCache: size=245760Kb used=9458Kb max_used=9485Kb free=236301Kb
 bounds [0x00000000029d0000, 0x0000000003320000, 0x00000000119d0000]
 total_blobs=2584 nmethods=2314 adapters=182
 compilation: enabled

Compilation events (10 events):
Event: 5.657 Thread 0x0000000057028800 nmethod 1841 0x00000000032c6d50 code [0x00000000032c7220, 0x00000000032c8350]
Event: 5.658 Thread 0x0000000057028800 1764       4       com.android.dx.ssa.back.LivenessAnalyzer::<init> (55 bytes)
Event: 5.665 Thread 0x0000000057028800 nmethod 1764 0x00000000032c65d0 code [0x00000000032c6740, 0x00000000032c6af8]
Event: 5.665 Thread 0x0000000057028800 1778       4       com.android.dx.rop.code.SourcePosition::<init> (50 bytes)
Event: 5.667 Thread 0x0000000057028800 nmethod 1778 0x00000000031718d0 code [0x0000000003171a00, 0x0000000003171ab8]
Event: 5.667 Thread 0x0000000057028800 1829       4       com.android.dx.cf.code.BaseMachine::getLocalTarget (151 bytes)
Event: 5.712 Thread 0x000000005702f000 nmethod 1821 0x00000000032eeb90 code [0x00000000032eed80, 0x00000000032f0098]
Event: 5.712 Thread 0x000000005702f000 2047   !   4       com.android.dx.ssa.LocalVariableInfo::setStarts (40 bytes)
Event: 5.714 Thread 0x000000005702f000 nmethod 2047 0x00000000032c3a50 code [0x00000000032c3ba0, 0x00000000032c3c98]
Event: 5.714 Thread 0x000000005702f000 1817       4       com.android.dx.rop.code.Rops::ropFor (771 bytes)

GC Heap History (10 events):
Event: 0.935 GC heap before
{Heap before GC invocations=1 (full 0):
 PSYoungGen      total 28672K, used 24576K [0x00000000eab00000, 0x00000000ecb00000, 0x0000000100000000)
  eden space 24576K, 100% used [0x00000000eab00000,0x00000000ec300000,0x00000000ec300000)
  from space 4096K, 0% used [0x00000000ec700000,0x00000000ec700000,0x00000000ecb00000)
  to   space 4096K, 0% used [0x00000000ec300000,0x00000000ec300000,0x00000000ec700000)
 ParOldGen       total 65536K, used 0K [0x00000000c0000000, 0x00000000c4000000, 0x00000000eab00000)
  object space 65536K, 0% used [0x00000000c0000000,0x00000000c0000000,0x00000000c4000000)
 Metaspace       used 5822K, capacity 6768K, committed 7040K, reserved 1056768K
  class space    used 601K, capacity 616K, committed 640K, reserved 1048576K
Event: 0.960 GC heap after
Heap after GC invocations=1 (full 0):
 PSYoungGen      total 28672K, used 4073K [0x00000000eab00000, 0x00000000ee300000, 0x0000000100000000)
  eden space 24576K, 0% used [0x00000000eab00000,0x00000000eab00000,0x00000000ec300000)
  from space 4096K, 99% used [0x00000000ec300000,0x00000000ec6fa728,0x00000000ec700000)
  to   space 4096K, 0% used [0x00000000edf00000,0x00000000edf00000,0x00000000ee300000)
 ParOldGen       total 65536K, used 926K [0x00000000c0000000, 0x00000000c4000000, 0x00000000eab00000)
  object space 65536K, 1% used [0x00000000c0000000,0x00000000c00e7ad8,0x00000000c4000000)
 Metaspace       used 5822K, capacity 6768K, committed 7040K, reserved 1056768K
  class space    used 601K, capacity 616K, committed 640K, reserved 1048576K
}
Event: 1.211 GC heap before
{Heap before GC invocations=2 (full 0):
 PSYoungGen      total 28672K, used 28649K [0x00000000eab00000, 0x00000000ee300000, 0x0000000100000000)
  eden space 24576K, 100% used [0x00000000eab00000,0x00000000ec300000,0x00000000ec300000)
  from space 4096K, 99% used [0x00000000ec300000,0x00000000ec6fa728,0x00000000ec700000)
  to   space 4096K, 0% used [0x00000000edf00000,0x00000000edf00000,0x00000000ee300000)
 ParOldGen       total 65536K, used 926K [0x00000000c0000000, 0x00000000c4000000, 0x00000000eab00000)
  object space 65536K, 1% used [0x00000000c0000000,0x00000000c00e7ad8,0x00000000c4000000)
 Metaspace       used 6024K, capacity 6960K, committed 7040K, reserved 1056768K
  class space    used 602K, capacity 616K, committed 640K, reserved 1048576K
Event: 1.227 GC heap after
Heap after GC invocations=2 (full 0):
 PSYoungGen      total 53248K, used 4067K [0x00000000eab00000, 0x00000000ee300000, 0x0000000100000000)
  eden space 49152K, 0% used [0x00000000eab00000,0x00000000eab00000,0x00000000edb00000)
  from space 4096K, 99% used [0x00000000edf00000,0x00000000ee2f8c30,0x00000000ee300000)
  to   space 4096K, 0% used [0x00000000edb00000,0x00000000edb00000,0x00000000edf00000)
 ParOldGen       total 65536K, used 3967K [0x00000000c0000000, 0x00000000c4000000, 0x00000000eab00000)
  object space 65536K, 6% used [0x00000000c0000000,0x00000000c03dfec0,0x00000000c4000000)
 Metaspace       used 6024K, capacity 6960K, committed 7040K, reserved 1056768K
  class space    used 602K, capacity 616K, committed 640K, reserved 1048576K
}
Event: 1.729 GC heap before
{Heap before GC invocations=3 (full 0):
 PSYoungGen      total 53248K, used 53219K [0x00000000eab00000, 0x00000000ee300000, 0x0000000100000000)
  eden space 49152K, 100% used [0x00000000eab00000,0x00000000edb00000,0x00000000edb00000)
  from space 4096K, 99% used [0x00000000edf00000,0x00000000ee2f8c30,0x00000000ee300000)
  to   space 4096K, 0% used [0x00000000edb00000,0x00000000edb00000,0x00000000edf00000)
 ParOldGen       total 65536K, used 3967K [0x00000000c0000000, 0x00000000c4000000, 0x00000000eab00000)
  object space 65536K, 6% used [0x00000000c0000000,0x00000000c03dfec0,0x00000000c4000000)
 Metaspace       used 6157K, capacity 7024K, committed 7296K, reserved 1056768K
  class space    used 602K, capacity 616K, committed 640K, reserved 1048576K
Event: 1.920 GC heap after
Heap after GC invocations=3 (full 0):
 PSYoungGen      total 53248K, used 4084K [0x00000000eab00000, 0x00000000f1300000, 0x0000000100000000)
  eden space 49152K, 0% used [0x00000000eab00000,0x00000000eab00000,0x00000000edb00000)
  from space 4096K, 99% used [0x00000000edb00000,0x00000000edefd350,0x00000000edf00000)
  to   space 4096K, 0% used [0x00000000f0f00000,0x00000000f0f00000,0x00000000f1300000)
 ParOldGen       total 65536K, used 11621K [0x00000000c0000000, 0x00000000c4000000, 0x00000000eab00000)
  object space 65536K, 17% used [0x00000000c0000000,0x00000000c0b59688,0x00000000c4000000)
 Metaspace       used 6157K, capacity 7024K, committed 7296K, reserved 1056768K
  class space    used 602K, capacity 616K, committed 640K, reserved 1048576K
}
Event: 2.199 GC heap before
{Heap before GC invocations=4 (full 0):
 PSYoungGen      total 53248K, used 53236K [0x00000000eab00000, 0x00000000f1300000, 0x0000000100000000)
  eden space 49152K, 100% used [0x00000000eab00000,0x00000000edb00000,0x00000000edb00000)
  from space 4096K, 99% used [0x00000000edb00000,0x00000000edefd350,0x00000000edf00000)
  to   space 4096K, 0% used [0x00000000f0f00000,0x00000000f0f00000,0x00000000f1300000)
 ParOldGen       total 65536K, used 11621K [0x00000000c0000000, 0x00000000c4000000, 0x00000000eab00000)
  object space 65536K, 17% used [0x00000000c0000000,0x00000000c0b59688,0x00000000c4000000)
 Metaspace       used 6271K, capacity 7128K, committed 7424K, reserved 1056768K
  class space    used 623K, capacity 656K, committed 768K, reserved 1048576K
Event: 2.301 GC heap after
Heap after GC invocations=4 (full 0):
 PSYoungGen      total 102400K, used 4087K [0x00000000eab00000, 0x00000000f1300000, 0x0000000100000000)
  eden space 98304K, 0% used [0x00000000eab00000,0x00000000eab00000,0x00000000f0b00000)
  from space 4096K, 99% used [0x00000000f0f00000,0x00000000f12fdca0,0x00000000f1300000)
  to   space 4096K, 0% used [0x00000000f0b00000,0x00000000f0b00000,0x00000000f0f00000)
 ParOldGen       total 65536K, used 18567K [0x00000000c0000000, 0x00000000c4000000, 0x00000000eab00000)
  object space 65536K, 28% used [0x00000000c0000000,0x00000000c1221ee0,0x00000000c4000000)
 Metaspace       used 6271K, capacity 7128K, committed 7424K, reserved 1056768K
  class space    used 623K, capacity 656K, committed 768K, reserved 1048576K
}
Event: 3.705 GC heap before
{Heap before GC invocations=5 (full 0):
 PSYoungGen      total 102400K, used 102391K [0x00000000eab00000, 0x00000000f1300000, 0x0000000100000000)
  eden space 98304K, 100% used [0x00000000eab00000,0x00000000f0b00000,0x00000000f0b00000)
  from space 4096K, 99% used [0x00000000f0f00000,0x00000000f12fdca0,0x00000000f1300000)
  to   space 4096K, 0% used [0x00000000f0b00000,0x00000000f0b00000,0x00000000f0f00000)
 ParOldGen       total 65536K, used 18567K [0x00000000c0000000, 0x00000000c4000000, 0x00000000eab00000)
  object space 65536K, 28% used [0x00000000c0000000,0x00000000c1221ee0,0x00000000c4000000)
 Metaspace       used 6452K, capacity 7256K, committed 7424K, reserved 1056768K
  class space    used 623K, capacity 656K, committed 768K, reserved 1048576K
Event: 3.794 GC heap after
Heap after GC invocations=5 (full 0):
 PSYoungGen      total 102400K, used 4094K [0x00000000eab00000, 0x00000000f9200000, 0x0000000100000000)
  eden space 98304K, 0% used [0x00000000eab00000,0x00000000eab00000,0x00000000f0b00000)
  from space 4096K, 99% used [0x00000000f0b00000,0x00000000f0effa50,0x00000000f0f00000)
  to   space 19968K, 0% used [0x00000000f7e80000,0x00000000f7e80000,0x00000000f9200000)
 ParOldGen       total 65536K, used 32876K [0x00000000c0000000, 0x00000000c4000000, 0x00000000eab00000)
  object space 65536K, 50% used [0x00000000c0000000,0x00000000c201b358,0x00000000c4000000)
 Metaspace       used 6452K, capacity 7256K, committed 7424K, reserved 1056768K
  class space    used 623K, capacity 656K, committed 768K, reserved 1048576K
}

Deoptimization events (10 events):
Event: 4.266 Thread 0x0000000057307000 Uncommon trap: reason=class_check action=maybe_recompile pc=0x0000000002d76e78 method=java.util.Arrays.hashCode([Ljava/lang/Object;)I @ 43
Event: 4.266 Thread 0x0000000057307000 Uncommon trap: reason=class_check action=maybe_recompile pc=0x0000000002d76e78 method=java.util.Arrays.hashCode([Ljava/lang/Object;)I @ 43
Event: 4.267 Thread 0x0000000057307000 Uncommon trap: reason=class_check action=maybe_recompile pc=0x0000000002d76e78 method=java.util.Arrays.hashCode([Ljava/lang/Object;)I @ 43
Event: 4.267 Thread 0x0000000057307000 Uncommon trap: reason=class_check action=maybe_recompile pc=0x0000000002d76e78 method=java.util.Arrays.hashCode([Ljava/lang/Object;)I @ 43
Event: 4.267 Thread 0x0000000057307000 Uncommon trap: reason=class_check action=maybe_recompile pc=0x0000000002d62c34 method=java.util.Arrays.hashCode([Ljava/lang/Object;)I @ 43
Event: 4.762 Thread 0x0000000057307000 Uncommon trap: reason=speculate_class_check action=maybe_recompile pc=0x0000000002c54f04 method=com.android.dx.util.FixedSizeList.equals(Ljava/lang/Object;)Z @ 25
Event: 5.283 Thread 0x0000000057307000 Uncommon trap: reason=speculate_class_check action=maybe_recompile pc=0x0000000002c54f04 method=com.android.dx.util.FixedSizeList.equals(Ljava/lang/Object;)Z @ 25
Event: 5.283 Thread 0x0000000057307000 Uncommon trap: reason=speculate_class_check action=maybe_recompile pc=0x0000000002c54f04 method=com.android.dx.util.FixedSizeList.equals(Ljava/lang/Object;)Z @ 25
Event: 5.283 Thread 0x0000000057307000 Uncommon trap: reason=speculate_class_check action=maybe_recompile pc=0x0000000002c54f04 method=com.android.dx.util.FixedSizeList.equals(Ljava/lang/Object;)Z @ 25
Event: 5.337 Thread 0x0000000057307000 Uncommon trap: reason=unstable_if action=reinterpret pc=0x000000000320a9ac method=java.util.TreeMap.put(Ljava/lang/Object;Ljava/lang/Object;)Ljava/lang/Object; @ 163

Internal exceptions (5 events):
Event: 0.127 Thread 0x000000000019e000 Exception <a 'java/lang/NoSuchMethodError': Method sun.misc.Unsafe.defineClass(Ljava/lang/String;[BII)Ljava/lang/Class; name or signature does not match> (0x00000000eab0d800) thrown at [C:\re\workspace\8-2-build-windows-amd64-cygwin\jdk8u60\4407\hotspot\srn¿º78À?
Event: 0.127 Thread 0x000000000019e000 Exception <a 'java/lang/NoSuchMethodError': Method sun.misc.Unsafe.prefetchRead(Ljava/lang/Object;J)V name or signature does not match> (0x00000000eab0dae8) thrown at [C:\re\workspace\8-2-build-windows-amd64-cygwin\jdk8u60\4407\hotspot\src\share\vm\prims\jU-À¥ÅËÿ?
Event: 1.987 Thread 0x0000000057301800 Exception <a 'java/lang/ArrayIndexOutOfBoundsException': 18> (0x00000000eb8c8200) thrown at [C:\re\workspace\8-2-build-windows-amd64-cygwin\jdk8u60\4407\hotspot\src\share\vm\interpreter\interpreterRuntime.cpp, line 366]
Event: 1.988 Thread 0x0000000057301800 Exception <a 'java/lang/ArrayIndexOutOfBoundsException': 145> (0x00000000eb8c9d80) thrown at [C:\re\workspace\8-2-build-windows-amd64-cygwin\jdk8u60\4407\hotspot\src\share\vm\interpreter\interpreterRuntime.cpp, line 366]
Event: 1.989 Thread 0x0000000057301800 Exception <a 'java/lang/ArrayIndexOutOfBoundsException': 40> (0x00000000eb8cb068) thrown at [C:\re\workspace\8-2-build-windows-amd64-cygwin\jdk8u60\4407\hotspot\src\share\vm\interpreter\interpreterRuntime.cpp, line 366]

Events (10 events):
Event: 5.333 Thread 0x0000000057307000 DEOPT UNPACKING pc=0x0000000002a1787f sp=0x000000005987eb18 mode 0
Event: 5.337 Thread 0x0000000057307000 Uncommon trap: trap_request=0xffffff65 fr.pc=0x000000000320a9ac
Event: 5.337 Thread 0x0000000057307000 DEOPT PACKING pc=0x000000000320a9ac sp=0x000000005987ee00
Event: 5.337 Thread 0x0000000057307000 DEOPT UNPACKING pc=0x0000000002a1582a sp=0x000000005987eda0 mode 2
Event: 5.349 Thread 0x0000000057307000 DEOPT PACKING pc=0x000000000325195a sp=0x000000005987ebd0
Event: 5.349 Thread 0x0000000057307000 DEOPT UNPACKING pc=0x0000000002a1787f sp=0x000000005987e950 mode 0
Event: 5.355 Thread 0x0000000057307000 DEOPT PACKING pc=0x000000000325b1bc sp=0x000000005987ec90
Event: 5.355 Thread 0x0000000057307000 DEOPT UNPACKING pc=0x0000000002a1787f sp=0x000000005987e9f8 mode 0
Event: 5.356 Thread 0x0000000057307000 DEOPT PACKING pc=0x000000000325746c sp=0x000000005987ec00
Event: 5.356 Thread 0x0000000057307000 DEOPT UNPACKING pc=0x0000000002a1787f sp=0x000000005987ea50 mode 0


Dynamic libraries:
0x000000013f8d0000 - 0x000000013f907000 	C:\Program Files\Java\jdk1.8.0_60\bin\java.exe
0x0000000077b60000 - 0x0000000077d09000 	C:\Windows\SYSTEM32\ntdll.dll
0x0000000077a40000 - 0x0000000077b5f000 	C:\Windows\system32\kernel32.dll
0x000007fefdc60000 - 0x000007fefdccb000 	C:\Windows\system32\KERNELBASE.dll
0x000007feff9f0000 - 0x000007feffacb000 	C:\Windows\system32\ADVAPI32.dll
0x000007fefe510000 - 0x000007fefe5af000 	C:\Windows\system32\msvcrt.dll
0x000007feffb40000 - 0x000007feffb5f000 	C:\Windows\SYSTEM32\sechost.dll
0x000007fefe150000 - 0x000007fefe27d000 	C:\Windows\system32\RPCRT4.dll
0x0000000077940000 - 0x0000000077a3a000 	C:\Windows\system32\USER32.dll
0x000007feffad0000 - 0x000007feffb37000 	C:\Windows\system32\GDI32.dll
0x000007feff860000 - 0x000007feff86e000 	C:\Windows\system32\LPK.dll
0x000007fefde80000 - 0x000007fefdf49000 	C:\Windows\system32\USP10.dll
0x000007fefc580000 - 0x000007fefc774000 	C:\Windows\WinSxS\amd64_microsoft.windows.common-controls_6595b64144ccf1df_6.0.7601.17514_none_fa396087175ac9ac\COMCTL32.dll
0x000007fefea50000 - 0x000007fefeac1000 	C:\Windows\system32\SHLWAPI.dll
0x000007fefe2d0000 - 0x000007fefe2fe000 	C:\Windows\system32\IMM32.DLL
0x000007feffb70000 - 0x000007feffc79000 	C:\Windows\system32\MSCTF.dll
0x000000005fee0000 - 0x000000005ffb2000 	C:\Program Files\Java\jdk1.8.0_60\jre\bin\msvcr100.dll
0x00000000563c0000 - 0x0000000056c49000 	C:\Program Files\Java\jdk1.8.0_60\jre\bin\server\jvm.dll
0x000007fef3c20000 - 0x000007fef3c29000 	C:\Windows\system32\WSOCK32.dll
0x000007fefe280000 - 0x000007fefe2cd000 	C:\Windows\system32\WS2_32.dll
0x000007feffb60000 - 0x000007feffb68000 	C:\Windows\system32\NSI.dll
0x000007fefc080000 - 0x000007fefc0bb000 	C:\Windows\system32\WINMM.dll
0x000007fefcc10000 - 0x000007fefcc1c000 	C:\Windows\system32\VERSION.dll
0x0000000077d20000 - 0x0000000077d27000 	C:\Windows\system32\PSAPI.DLL
0x00000000751f0000 - 0x00000000751ff000 	C:\Program Files\Java\jdk1.8.0_60\jre\bin\verify.dll
0x00000000647c0000 - 0x00000000647e9000 	C:\Program Files\Java\jdk1.8.0_60\jre\bin\java.dll
0x0000000065760000 - 0x0000000065776000 	C:\Program Files\Java\jdk1.8.0_60\jre\bin\zip.dll
0x000007fefead0000 - 0x000007feff858000 	C:\Windows\system32\SHELL32.dll
0x000007fefe300000 - 0x000007fefe503000 	C:\Windows\system32\ole32.dll
0x000007fefdab0000 - 0x000007fefdabf000 	C:\Windows\system32\profapi.dll

VM Arguments:
jvm_args: -Djava.awt.headless=true -Xmx1024M -Dfile.encoding=windows-1252 -Duser.country=US -Duser.language=en -Duser.variant 
java_command: com.android.dx.command.Main --dex --force-jumbo --num-threads=4 --multi-dex --output D:\project\AndroidStudioProjects\PersonalUtilitiesForLife\app\build\intermediates\transforms\dex\debug\folders\1000\10\com.android.support-appcompat-v7-23.4.0_582db295a3e499bc99cff10999019106f01350bf D:\project\AndroidStudioProjects\PersonalUtilitiesForLife\app\build\intermediates\exploded-aar\com.android.support\appcompat-v7\23.4.0\jars\classes.jar
java_class_path (initial): D:\Android\sdk\build-tools\23.0.3\lib\dx.jar
Launcher Type: SUN_STANDARD

Environment Variables:
JAVA_HOME=C:\Program Files\Java\jdk1.8.0_60
PATH=C:\ProgramData\Oracle\Java\javapath;C:\Program Files\Common Files\Microsoft Shared\Windows Live;C:\Program Files (x86)\HP SimplePass\x64;C:\Program Files (x86)\HP SimplePass\;;C:\Windows\system32;C:\Windows;C:\Windows\System32\Wbem;C:\Windows\System32\WindowsPowerShell\v1.0\;C:\Program Files (x86)\Java\jdk1.7.0_09\bin;C:\Strawberry\c\bin;C:\Strawberry\perl\site\bin;C:\Strawberry\perl\bin;C:\Program Files (x86)\Intel\OpenCL SDK\2.0\bin\x86;C:\Program Files (x86)\Intel\OpenCL SDK\2.0\bin\x64;C:\PROGRA~2\PICC;C:\Program Files (x86)\Microchip\xc16\v1.25\bin;C:\Program Files (x86)\Microchip\xc8\v1.35\bin;C:\Program Files\Java\jre1.8.0_65\bin;C:\Program Files\Java\jdk1.8.0_60\jre\bin;D:\Android\sdk\platform-tools;C:\Program Files\Common Files\Microsoft Shared\Windows Live;C:\Program Files\Java\jre1.8.0_65\bin
USERNAME=Nhut
OS=Windows_NT
PROCESSOR_IDENTIFIER=Intel64 Family 6 Model 42 Stepping 7, GenuineIntel



---------------  S Y S T E M  ---------------

OS: Windows 7 , 64 bit Build 7601 (6.1.7601.17514)

CPU:total 8 (4 cores per cpu, 2 threads per core) family 6 model 42 stepping 7, cmov, cx8, fxsr, mmx, sse, sse2, sse3, ssse3, sse4.1, sse4.2, popcnt, avx, aes, clmul, ht, tsc, tscinvbit

Memory: 4k page, physical 6238064k(433260k free), swap 8333368k(22184k free)

vm_info: Java HotSpot(TM) 64-Bit Server VM (25.60-b23) for windows-amd64 JRE (1.8.0_60-b27), built on Aug  4 2015 11:06:27 by "java_re" with MS VC++ 10.0 (VS2010)

time: Mon Jun 27 11:33:20 2016
elapsed time: 5 seconds (0d 0h 0m 5s)

