#
# There is insufficient memory for the Java Runtime Environment to continue.
# Native memory allocation (malloc) failed to allocate 1840336 bytes for Chunk::new
# Possible reasons:
#   The system is out of physical RAM or swap space
#   In 32 bit mode, the process size limit was hit
# Possible solutions:
#   Reduce memory load on the system
#   Increase physical memory or swap space
#   Check if swap backing store is full
#   Use 64 bit Java on a 64 bit OS
#   Decrease Java heap size (-Xmx/-Xms)
#   Decrease number of Java threads
#   Decrease Java thread stack sizes (-Xss)
#   Set larger code cache with -XX:ReservedCodeCacheSize=
# This output file may be truncated or incomplete.
#
#  Out of Memory Error (allocation.cpp:390), pid=11368, tid=8220
#
# JRE version: Java(TM) SE Runtime Environment (8.0_60-b27) (build 1.8.0_60-b27)
# Java VM: Java HotSpot(TM) 64-Bit Server VM (25.60-b23 mixed mode windows-amd64 compressed oops)
# Failed to write core dump. Minidumps are not enabled by default on client versions of Windows
#

---------------  T H R E A D  ---------------

Current thread (0x0000000056868000):  JavaThread "C2 CompilerThread2" daemon [_thread_in_native, id=8220, stack(0x00000000583d0000,0x00000000584d0000)]

Stack: [0x00000000583d0000,0x00000000584d0000]
[error occurred during error reporting (printing stack bounds), id 0xc0000005]

Native frames: (J=compiled Java code, j=interpreted, Vv=VM code, C=native code)


Current CompileTask:
C2:   4218 2136       4       com.android.dx.cf.code.Simulator$SimVisitor::visitConstant (332 bytes)


---------------  P R O C E S S  ---------------

Java Threads: ( => current thread )
  0x0000000056b1d800 JavaThread "pool-1-thread-4" [_thread_blocked, id=14156, stack(0x000000005a200000,0x000000005a300000)]
  0x0000000056b21800 JavaThread "pool-1-thread-3" [_thread_blocked, id=4780, stack(0x0000000059fd0000,0x000000005a0d0000)]
  0x0000000056b8f800 JavaThread "pool-1-thread-2" [_thread_blocked, id=10348, stack(0x0000000059de0000,0x0000000059ee0000)]
  0x0000000056ae3000 JavaThread "pool-2-thread-1" [_thread_blocked, id=4396, stack(0x0000000059ab0000,0x0000000059bb0000)]
  0x00000000592d5800 JavaThread "pool-1-thread-1" [_thread_blocked, id=5684, stack(0x0000000059bc0000,0x0000000059cc0000)]
  0x00000000568e5800 JavaThread "Service Thread" daemon [_thread_blocked, id=9732, stack(0x0000000059040000,0x0000000059140000)]
  0x000000005687a000 JavaThread "C1 CompilerThread3" daemon [_thread_blocked, id=4524, stack(0x0000000058e50000,0x0000000058f50000)]
=>0x0000000056868000 JavaThread "C2 CompilerThread2" daemon [_thread_in_native, id=8220, stack(0x00000000583d0000,0x00000000584d0000)]
  0x0000000056849000 JavaThread "C2 CompilerThread1" daemon [_thread_blocked, id=14080, stack(0x0000000058c20000,0x0000000058d20000)]
  0x0000000056839000 JavaThread "C2 CompilerThread0" daemon [_thread_in_native, id=1308, stack(0x0000000058a80000,0x0000000058b80000)]
  0x0000000056837800 JavaThread "Attach Listener" daemon [_thread_blocked, id=12804, stack(0x0000000058870000,0x0000000058970000)]
  0x0000000056848000 JavaThread "Signal Dispatcher" daemon [_thread_blocked, id=11464, stack(0x00000000586b0000,0x00000000587b0000)]
  0x000000005578c000 JavaThread "Finalizer" daemon [_thread_blocked, id=10460, stack(0x00000000584e0000,0x00000000585e0000)]
  0x0000000055784800 JavaThread "Reference Handler" daemon [_thread_blocked, id=12864, stack(0x0000000058270000,0x0000000058370000)]
  0x0000000001e5e000 JavaThread "main" [_thread_blocked, id=6516, stack(0x0000000002500000,0x0000000002600000)]

Other Threads:
  0x00000000567f0800 VMThread [stack: 0x0000000058130000,0x0000000058230000] [id=7928]
  0x0000000056904000 WatcherThread [stack: 0x00000000591b0000,0x00000000592b0000] [id=12008]

VM state:at safepoint (normal execution)

VM Mutex/Monitor currently owned by a thread:  ([mutex/lock_event])
[0x0000000001e5c850] Threads_lock - owner thread: 0x00000000567f0800
[0x0000000001e5cd50] Heap_lock - owner thread: 0x0000000056b8f800

Heap:
 PSYoungGen      total 102400K, used 102393K [0x00000000eab00000, 0x00000000f9500000, 0x0000000100000000)
  eden space 98304K, 100% used [0x00000000eab00000,0x00000000f0b00000,0x00000000f0b00000)
  from space 4096K, 99% used [0x00000000f0b00000,0x00000000f0efe570,0x00000000f0f00000)
  to   space 21504K, 82% used [0x00000000f8000000,0x00000000f9138aa0,0x00000000f9500000)
 ParOldGen       total 65536K, used 34222K [0x00000000c0000000, 0x00000000c4000000, 0x00000000eab00000)
  object space 65536K, 52% used [0x00000000c0000000,0x00000000c216b848,0x00000000c4000000)
 Metaspace       used 6405K, capacity 7216K, committed 7296K, reserved 1056768K
  class space    used 602K, capacity 616K, committed 640K, reserved 1048576K

Card table byte_map: [0x0000000011c90000,0x0000000011ea0000] byte_map_base: 0x0000000011690000

Marking Bits: (ParMarkBitMap*) 0x00000000574fa5b0
 Begin Bits: [0x0000000012ba0000, 0x0000000013ba0000)
 End Bits:   [0x0000000013ba0000, 0x0000000014ba0000)

Polling page: 0x0000000000230000

CodeCache: size=245760Kb used=8174Kb max_used=8182Kb free=237585Kb
 bounds [0x00000000028d0000, 0x00000000030e0000, 0x00000000118d0000]
 total_blobs=2347 nmethods=2078 adapters=181
 compilation: enabled

Compilation events (10 events):
Event: 3.886 Thread 0x000000005687a000 2222       2       java.lang.String::lastIndexOf (11 bytes)
Event: 3.886 Thread 0x000000005687a000 nmethod 2222 0x00000000030c5810 code [0x00000000030c5980, 0x00000000030c5b28]
Event: 3.886 Thread 0x000000005687a000 2223       2       java.lang.String::lastIndexOf (25 bytes)
Event: 3.886 Thread 0x000000005687a000 nmethod 2223 0x00000000030c53d0 code [0x00000000030c5540, 0x00000000030c56e8]
Event: 3.886 Thread 0x000000005687a000 2224       1       com.android.dx.rop.cst.CstLiteral32::isCategory2 (2 bytes)
Event: 3.886 Thread 0x000000005687a000 nmethod 2224 0x00000000030c5110 code [0x00000000030c5260, 0x00000000030c5370]
Event: 3.890 Thread 0x000000005687a000 2226       1       com.android.dx.ssa.LiteralOpUpgrader$1::visitPhiInsn (1 bytes)
Event: 3.890 Thread 0x000000005687a000 nmethod 2226 0x00000000030c4e50 code [0x00000000030c4fa0, 0x00000000030c50b0]
Event: 3.969 Thread 0x0000000056849000 nmethod 2143 0x00000000030d15d0 code [0x00000000030d17a0, 0x00000000030d2358]
Event: 3.969 Thread 0x0000000056849000 2225 %     4       com.android.dx.ssa.SsaConverter::placePhiFunctions @ 103 (394 bytes)

GC Heap History (10 events):
Event: 0.555 GC heap before
{Heap before GC invocations=1 (full 0):
 PSYoungGen      total 28672K, used 24576K [0x00000000eab00000, 0x00000000ecb00000, 0x0000000100000000)
  eden space 24576K, 100% used [0x00000000eab00000,0x00000000ec300000,0x00000000ec300000)
  from space 4096K, 0% used [0x00000000ec700000,0x00000000ec700000,0x00000000ecb00000)
  to   space 4096K, 0% used [0x00000000ec300000,0x00000000ec300000,0x00000000ec700000)
 ParOldGen       total 65536K, used 0K [0x00000000c0000000, 0x00000000c4000000, 0x00000000eab00000)
  object space 65536K, 0% used [0x00000000c0000000,0x00000000c0000000,0x00000000c4000000)
 Metaspace       used 5716K, capacity 6704K, committed 6784K, reserved 1056768K
  class space    used 593K, capacity 616K, committed 640K, reserved 1048576K
Event: 0.584 GC heap after
Heap after GC invocations=1 (full 0):
 PSYoungGen      total 28672K, used 4085K [0x00000000eab00000, 0x00000000ee300000, 0x0000000100000000)
  eden space 24576K, 0% used [0x00000000eab00000,0x00000000eab00000,0x00000000ec300000)
  from space 4096K, 99% used [0x00000000ec300000,0x00000000ec6fd5d0,0x00000000ec700000)
  to   space 4096K, 0% used [0x00000000edf00000,0x00000000edf00000,0x00000000ee300000)
 ParOldGen       total 65536K, used 756K [0x00000000c0000000, 0x00000000c4000000, 0x00000000eab00000)
  object space 65536K, 1% used [0x00000000c0000000,0x00000000c00bd160,0x00000000c4000000)
 Metaspace       used 5716K, capacity 6704K, committed 6784K, reserved 1056768K
  class space    used 593K, capacity 616K, committed 640K, reserved 1048576K
}
Event: 0.867 GC heap before
{Heap before GC invocations=2 (full 0):
 PSYoungGen      total 28672K, used 28661K [0x00000000eab00000, 0x00000000ee300000, 0x0000000100000000)
  eden space 24576K, 100% used [0x00000000eab00000,0x00000000ec300000,0x00000000ec300000)
  from space 4096K, 99% used [0x00000000ec300000,0x00000000ec6fd5d0,0x00000000ec700000)
  to   space 4096K, 0% used [0x00000000edf00000,0x00000000edf00000,0x00000000ee300000)
 ParOldGen       total 65536K, used 756K [0x00000000c0000000, 0x00000000c4000000, 0x00000000eab00000)
  object space 65536K, 1% used [0x00000000c0000000,0x00000000c00bd160,0x00000000c4000000)
 Metaspace       used 5931K, capacity 6896K, committed 7040K, reserved 1056768K
  class space    used 593K, capacity 616K, committed 640K, reserved 1048576K
Event: 0.905 GC heap after
Heap after GC invocations=2 (full 0):
 PSYoungGen      total 53248K, used 4087K [0x00000000eab00000, 0x00000000ee300000, 0x0000000100000000)
  eden space 49152K, 0% used [0x00000000eab00000,0x00000000eab00000,0x00000000edb00000)
  from space 4096K, 99% used [0x00000000edf00000,0x00000000ee2fdc88,0x00000000ee300000)
  to   space 4096K, 0% used [0x00000000edb00000,0x00000000edb00000,0x00000000edf00000)
 ParOldGen       total 65536K, used 3014K [0x00000000c0000000, 0x00000000c4000000, 0x00000000eab00000)
  object space 65536K, 4% used [0x00000000c0000000,0x00000000c02f19a0,0x00000000c4000000)
 Metaspace       used 5931K, capacity 6896K, committed 7040K, reserved 1056768K
  class space    used 593K, capacity 616K, committed 640K, reserved 1048576K
}
Event: 1.299 GC heap before
{Heap before GC invocations=3 (full 0):
 PSYoungGen      total 53248K, used 53239K [0x00000000eab00000, 0x00000000ee300000, 0x0000000100000000)
  eden space 49152K, 100% used [0x00000000eab00000,0x00000000edb00000,0x00000000edb00000)
  from space 4096K, 99% used [0x00000000edf00000,0x00000000ee2fdc88,0x00000000ee300000)
  to   space 4096K, 0% used [0x00000000edb00000,0x00000000edb00000,0x00000000edf00000)
 ParOldGen       total 65536K, used 3014K [0x00000000c0000000, 0x00000000c4000000, 0x00000000eab00000)
  object space 65536K, 4% used [0x00000000c0000000,0x00000000c02f19a0,0x00000000c4000000)
 Metaspace       used 6124K, capacity 7024K, committed 7296K, reserved 1056768K
  class space    used 599K, capacity 616K, committed 640K, reserved 1048576K
Event: 1.415 GC heap after
Heap after GC invocations=3 (full 0):
 PSYoungGen      total 53248K, used 4077K [0x00000000eab00000, 0x00000000f1300000, 0x0000000100000000)
  eden space 49152K, 0% used [0x00000000eab00000,0x00000000eab00000,0x00000000edb00000)
  from space 4096K, 99% used [0x00000000edb00000,0x00000000edefb7a0,0x00000000edf00000)
  to   space 4096K, 0% used [0x00000000f0f00000,0x00000000f0f00000,0x00000000f1300000)
 ParOldGen       total 65536K, used 10319K [0x00000000c0000000, 0x00000000c4000000, 0x00000000eab00000)
  object space 65536K, 15% used [0x00000000c0000000,0x00000000c0a13ce0,0x00000000c4000000)
 Metaspace       used 6124K, capacity 7024K, committed 7296K, reserved 1056768K
  class space    used 599K, capacity 616K, committed 640K, reserved 1048576K
}
Event: 2.103 GC heap before
{Heap before GC invocations=4 (full 0):
 PSYoungGen      total 53248K, used 53229K [0x00000000eab00000, 0x00000000f1300000, 0x0000000100000000)
  eden space 49152K, 100% used [0x00000000eab00000,0x00000000edb00000,0x00000000edb00000)
  from space 4096K, 99% used [0x00000000edb00000,0x00000000edefb7a0,0x00000000edf00000)
  to   space 4096K, 0% used [0x00000000f0f00000,0x00000000f0f00000,0x00000000f1300000)
 ParOldGen       total 65536K, used 10376K [0x00000000c0000000, 0x00000000c4000000, 0x00000000eab00000)
  object space 65536K, 15% used [0x00000000c0000000,0x00000000c0a22100,0x00000000c4000000)
 Metaspace       used 6291K, capacity 7152K, committed 7296K, reserved 1056768K
  class space    used 599K, capacity 616K, committed 640K, reserved 1048576K
Event: 2.128 GC heap after
Heap after GC invocations=4 (full 0):
 PSYoungGen      total 102400K, used 4069K [0x00000000eab00000, 0x00000000f1300000, 0x0000000100000000)
  eden space 98304K, 0% used [0x00000000eab00000,0x00000000eab00000,0x00000000f0b00000)
  from space 4096K, 99% used [0x00000000f0f00000,0x00000000f12f9670,0x00000000f1300000)
  to   space 4096K, 0% used [0x00000000f0b00000,0x00000000f0b00000,0x00000000f0f00000)
 ParOldGen       total 65536K, used 18497K [0x00000000c0000000, 0x00000000c4000000, 0x00000000eab00000)
  object space 65536K, 28% used [0x00000000c0000000,0x00000000c1210580,0x00000000c4000000)
 Metaspace       used 6291K, capacity 7152K, committed 7296K, reserved 1056768K
  class space    used 599K, capacity 616K, committed 640K, reserved 1048576K
}
Event: 2.610 GC heap before
{Heap before GC invocations=5 (full 0):
 PSYoungGen      total 102400K, used 102373K [0x00000000eab00000, 0x00000000f1300000, 0x0000000100000000)
  eden space 98304K, 100% used [0x00000000eab00000,0x00000000f0b00000,0x00000000f0b00000)
  from space 4096K, 99% used [0x00000000f0f00000,0x00000000f12f9670,0x00000000f1300000)
  to   space 4096K, 0% used [0x00000000f0b00000,0x00000000f0b00000,0x00000000f0f00000)
 ParOldGen       total 65536K, used 18499K [0x00000000c0000000, 0x00000000c4000000, 0x00000000eab00000)
  object space 65536K, 28% used [0x00000000c0000000,0x00000000c1210cb0,0x00000000c4000000)
 Metaspace       used 6370K, capacity 7152K, committed 7296K, reserved 1056768K
  class space    used 600K, capacity 616K, committed 640K, reserved 1048576K
Event: 2.749 GC heap after
Heap after GC invocations=5 (full 0):
 PSYoungGen      total 102400K, used 4089K [0x00000000eab00000, 0x00000000f9500000, 0x0000000100000000)
  eden space 98304K, 0% used [0x00000000eab00000,0x00000000eab00000,0x00000000f0b00000)
  from space 4096K, 99% used [0x00000000f0b00000,0x00000000f0efe570,0x00000000f0f00000)
  to   space 21504K, 0% used [0x00000000f8000000,0x00000000f8000000,0x00000000f9500000)
 ParOldGen       total 65536K, used 34222K [0x00000000c0000000, 0x00000000c4000000, 0x00000000eab00000)
  object space 65536K, 52% used [0x00000000c0000000,0x00000000c216b848,0x00000000c4000000)
 Metaspace       used 6370K, capacity 7152K, committed 7296K, reserved 1056768K
  class space    used 600K, capacity 616K, committed 640K, reserved 1048576K
}

Deoptimization events (10 events):
Event: 0.705 Thread 0x00000000592d5800 Uncommon trap: reason=bimorphic action=maybe_recompile pc=0x0000000002ae33f4 method=java.util.HashMap.getNode(ILjava/lang/Object;)Ljava/util/HashMap$Node; @ 126
Event: 0.705 Thread 0x00000000592d5800 Uncommon trap: reason=bimorphic action=maybe_recompile pc=0x0000000002ae33f4 method=java.util.HashMap.getNode(ILjava/lang/Object;)Ljava/util/HashMap$Node; @ 126
Event: 0.705 Thread 0x00000000592d5800 Uncommon trap: reason=bimorphic action=maybe_recompile pc=0x0000000002ae0624 method=java.util.HashMap.getNode(ILjava/lang/Object;)Ljava/util/HashMap$Node; @ 126
Event: 0.805 Thread 0x00000000592d5800 Uncommon trap: reason=null_check action=make_not_entrant pc=0x0000000002ae2d50 method=com.android.dx.rop.type.Type.equals(Ljava/lang/Object;)Z @ 8
Event: 0.805 Thread 0x00000000592d5800 Uncommon trap: reason=unstable_if action=reinterpret pc=0x0000000002bcc1d4 method=com.android.dx.cf.code.Merger.mergeType(Lcom/android/dx/rop/type/TypeBearer;Lcom/android/dx/rop/type/TypeBearer;)Lcom/android/dx/rop/type/TypeBearer; @ 15
Event: 1.142 Thread 0x0000000056b21800 Uncommon trap: reason=unstable_if action=reinterpret pc=0x0000000002ce501c method=com.android.dx.util.LabeledList.set(ILcom/android/dx/util/LabeledItem;)V @ 16
Event: 1.445 Thread 0x0000000056b21800 Uncommon trap: reason=unstable_if action=reinterpret pc=0x0000000002e09038 method=com.android.dx.cf.code.ByteCatchList.listFor(I)Lcom/android/dx/cf/code/ByteCatchList; @ 19
Event: 1.975 Thread 0x0000000056b1d800 Uncommon trap: reason=unstable_if action=reinterpret pc=0x0000000002eee99c method=com.android.dx.ssa.LiteralOpUpgrader$1.visitNonMoveInsn(Lcom/android/dx/ssa/NormalSsaInsn;)V @ 55
Event: 1.976 Thread 0x0000000056b1d800 Uncommon trap: reason=unstable_if action=reinterpret pc=0x0000000002c29c8c method=com.android.dx.ssa.SsaMethod.updateOneDefinition(Lcom/android/dx/ssa/SsaInsn;Lcom/android/dx/rop/code/RegisterSpec;)V @ 4
Event: 3.462 Thread 0x0000000056b21800 Uncommon trap: reason=unstable_if action=reinterpret pc=0x0000000002fc43e0 method=com.android.dx.cf.code.RopperMachine.run(Lcom/android/dx/cf/code/Frame;II)V @ 1500

Internal exceptions (3 events):
Event: 0.038 Thread 0x0000000001e5e000 Exception <a 'java/lang/NoSuchMethodError': Method sun.misc.Unsafe.defineClass(Ljava/lang/String;[BII)Ljava/lang/Class; name or signature does not match> (0x00000000eab0d7d0) thrown at [C:\re\workspace\8-2-build-windows-amd64-cygwin\jdk8u60\4407\hotspot\sr&Ë¥ó_£?
Event: 0.038 Thread 0x0000000001e5e000 Exception <a 'java/lang/NoSuchMethodError': Method sun.misc.Unsafe.prefetchRead(Ljava/lang/Object;J)V name or signature does not match> (0x00000000eab0dab8) thrown at [C:\re\workspace\8-2-build-windows-amd64-cygwin\jdk8u60\4407\hotspot\src\share\vm\prims\j¡(þ]ôÄé?
Event: 0.805 Thread 0x00000000592d5800 Implicit null exception at 0x0000000002ae2c52 to 0x0000000002ae2d42

Events (10 events):
Event: 3.599 Thread 0x0000000056b1d800 DEOPT PACKING pc=0x0000000002ddf0dc sp=0x000000005a2fe910
Event: 3.599 Thread 0x0000000056b1d800 DEOPT UNPACKING pc=0x000000000291787f sp=0x000000005a2fe740 mode 0
Event: 3.605 loading class com/android/dx/util/ListIntSet$1
Event: 3.605 loading class com/android/dx/util/ListIntSet$1 done
Event: 3.771 Thread 0x0000000056b1d800 DEOPT PACKING pc=0x0000000002dc65f9 sp=0x000000005a2fe8d0
Event: 3.771 Thread 0x0000000056b1d800 DEOPT UNPACKING pc=0x000000000291787f sp=0x000000005a2fe620 mode 0
Event: 3.821 Thread 0x0000000056b1d800 DEOPT PACKING pc=0x0000000002cbc204 sp=0x000000005a2fea40
Event: 3.821 Thread 0x0000000056b1d800 DEOPT UNPACKING pc=0x000000000291787f sp=0x000000005a2fe720 mode 0
Event: 3.889 Thread 0x0000000056b8f800 DEOPT PACKING pc=0x0000000002c0abe4 sp=0x0000000059edecf0
Event: 3.889 Thread 0x0000000056b8f800 DEOPT UNPACKING pc=0x000000000291787f sp=0x0000000059edea08 mode 0


Dynamic libraries:
0x000000013f8d0000 - 0x000000013f907000 	C:\Program Files\Java\jdk1.8.0_60\bin\java.exe
0x0000000077b60000 - 0x0000000077d09000 	C:\Windows\SYSTEM32\ntdll.dll
0x0000000077a40000 - 0x0000000077b5f000 	C:\Windows\system32\kernel32.dll
0x000007fefdc60000 - 0x000007fefdccb000 	C:\Windows\system32\KERNELBASE.dll
0x000007feff9f0000 - 0x000007feffacb000 	C:\Windows\system32\ADVAPI32.dll
0x000007fefe510000 - 0x000007fefe5af000 	C:\Windows\system32\msvcrt.dll
0x000007feffb40000 - 0x000007feffb5f000 	C:\Windows\SYSTEM32\sechost.dll
0x000007fefe150000 - 0x000007fefe27d000 	C:\Windows\system32\RPCRT4.dll
0x0000000077940000 - 0x0000000077a3a000 	C:\Windows\system32\USER32.dll
0x000007feffad0000 - 0x000007feffb37000 	C:\Windows\system32\GDI32.dll
0x000007feff860000 - 0x000007feff86e000 	C:\Windows\system32\LPK.dll
0x000007fefde80000 - 0x000007fefdf49000 	C:\Windows\system32\USP10.dll
0x000007fefc580000 - 0x000007fefc774000 	C:\Windows\WinSxS\amd64_microsoft.windows.common-controls_6595b64144ccf1df_6.0.7601.17514_none_fa396087175ac9ac\COMCTL32.dll
0x000007fefea50000 - 0x000007fefeac1000 	C:\Windows\system32\SHLWAPI.dll
0x000007fefe2d0000 - 0x000007fefe2fe000 	C:\Windows\system32\IMM32.DLL
0x000007feffb70000 - 0x000007feffc79000 	C:\Windows\system32\MSCTF.dll
0x000000005a6a0000 - 0x000000005a772000 	C:\Program Files\Java\jdk1.8.0_60\jre\bin\msvcr100.dll
0x0000000056cf0000 - 0x0000000057579000 	C:\Program Files\Java\jdk1.8.0_60\jre\bin\server\jvm.dll
0x000007fef3c20000 - 0x000007fef3c29000 	C:\Windows\system32\WSOCK32.dll
0x000007fefe280000 - 0x000007fefe2cd000 	C:\Windows\system32\WS2_32.dll
0x000007feffb60000 - 0x000007feffb68000 	C:\Windows\system32\NSI.dll
0x000007fefc080000 - 0x000007fefc0bb000 	C:\Windows\system32\WINMM.dll
0x000007fefcc10000 - 0x000007fefcc1c000 	C:\Windows\system32\VERSION.dll
0x0000000077d20000 - 0x0000000077d27000 	C:\Windows\system32\PSAPI.DLL
0x00000000751e0000 - 0x00000000751ef000 	C:\Program Files\Java\jdk1.8.0_60\jre\bin\verify.dll
0x0000000065750000 - 0x0000000065779000 	C:\Program Files\Java\jdk1.8.0_60\jre\bin\java.dll
0x00000000647d0000 - 0x00000000647e6000 	C:\Program Files\Java\jdk1.8.0_60\jre\bin\zip.dll
0x000007fefead0000 - 0x000007feff858000 	C:\Windows\system32\SHELL32.dll
0x000007fefe300000 - 0x000007fefe503000 	C:\Windows\system32\ole32.dll
0x000007fefdab0000 - 0x000007fefdabf000 	C:\Windows\system32\profapi.dll

VM Arguments:
jvm_args: -Djava.awt.headless=true -Xmx1024M -Dfile.encoding=windows-1252 -Duser.country=US -Duser.language=en -Duser.variant 
java_command: com.android.dx.command.Main --dex --num-threads=4 --output D:\project\AndroidStudioProjects\PersonalUtilitiesForLife\app\build\intermediates\pre-dexed\debug\com.google.android.gms-play-services-games-9.0.1_adf439c0a0d19f7dc898ed51e4cb2347e06409ec.jar D:\project\AndroidStudioProjects\PersonalUtilitiesForLife\app\build\intermediates\exploded-aar\com.google.android.gms\play-services-games\9.0.1\jars\classes.jar
java_class_path (initial): D:\Android\sdk\build-tools\23.0.3\lib\dx.jar
Launcher Type: SUN_STANDARD

Environment Variables:
JAVA_HOME=C:\Program Files\Java\jdk1.8.0_60
PATH=C:\ProgramData\Oracle\Java\javapath;C:\Program Files\Common Files\Microsoft Shared\Windows Live;C:\Program Files (x86)\HP SimplePass\x64;C:\Program Files (x86)\HP SimplePass\;;C:\Windows\system32;C:\Windows;C:\Windows\System32\Wbem;C:\Windows\System32\WindowsPowerShell\v1.0\;C:\Program Files (x86)\Java\jdk1.7.0_09\bin;C:\Strawberry\c\bin;C:\Strawberry\perl\site\bin;C:\Strawberry\perl\bin;C:\Program Files (x86)\Intel\OpenCL SDK\2.0\bin\x86;C:\Program Files (x86)\Intel\OpenCL SDK\2.0\bin\x64;C:\PROGRA~2\PICC;C:\Program Files (x86)\Microchip\xc16\v1.25\bin;C:\Program Files (x86)\Microchip\xc8\v1.35\bin;C:\Program Files\Java\jre1.8.0_65\bin;C:\Program Files\Java\jdk1.8.0_60\jre\bin;D:\Android\sdk\platform-tools;C:\Program Files\Common Files\Microsoft Shared\Windows Live;C:\Program Files\Java\jre1.8.0_65\bin
USERNAME=Nhut
OS=Windows_NT
PROCESSOR_IDENTIFIER=Intel64 Family 6 Model 42 Stepping 7, GenuineIntel



---------------  S Y S T E M  ---------------

OS: Windows 7 , 64 bit Build 7601 (6.1.7601.17514)

CPU:total 8 (4 cores per cpu, 2 threads per core) family 6 model 42 stepping 7, cmov, cx8, fxsr, mmx, sse, sse2, sse3, ssse3, sse4.1, sse4.2, popcnt, avx, aes, clmul, ht, tsc, tscinvbit

Memory: 4k page, physical 6238064k(492128k free), swap 8333368k(3324k free)

vm_info: Java HotSpot(TM) 64-Bit Server VM (25.60-b23) for windows-amd64 JRE (1.8.0_60-b27), built on Aug  4 2015 11:06:27 by "java_re" with MS VC++ 10.0 (VS2010)

time: Mon Jun 27 15:37:31 2016
elapsed time: 4 seconds (0d 0h 0m 4s)

