#
# There is insufficient memory for the Java Runtime Environment to continue.
# Native memory allocation (malloc) failed to allocate 1176208 bytes for Chunk::new
# Possible reasons:
#   The system is out of physical RAM or swap space
#   In 32 bit mode, the process size limit was hit
# Possible solutions:
#   Reduce memory load on the system
#   Increase physical memory or swap space
#   Check if swap backing store is full
#   Use 64 bit Java on a 64 bit OS
#   Decrease Java heap size (-Xmx/-Xms)
#   Decrease number of Java threads
#   Decrease Java thread stack sizes (-Xss)
#   Set larger code cache with -XX:ReservedCodeCacheSize=
# This output file may be truncated or incomplete.
#
#  Out of Memory Error (allocation.cpp:390), pid=10504, tid=12944
#
# JRE version: Java(TM) SE Runtime Environment (8.0_60-b27) (build 1.8.0_60-b27)
# Java VM: Java HotSpot(TM) 64-Bit Server VM (25.60-b23 mixed mode windows-amd64 compressed oops)
# Failed to write core dump. Minidumps are not enabled by default on client versions of Windows
#

---------------  T H R E A D  ---------------

Current thread (0x00000000565df000):  JavaThread "C2 CompilerThread1" daemon [_thread_in_native, id=12944, stack(0x0000000058a80000,0x0000000058b80000)]

Stack: [0x0000000058a80000,0x0000000058b80000]
[error occurred during error reporting (printing stack bounds), id 0xc0000005]

Native frames: (J=compiled Java code, j=interpreted, Vv=VM code, C=native code)


Current CompileTask:
C2:   1671  886   !   4       com.android.dx.cf.code.BytecodeArray::parseInstruction (2764 bytes)


---------------  P R O C E S S  ---------------

Java Threads: ( => current thread )
  0x00000000567fc000 JavaThread "pool-1-thread-4" [_thread_in_Java, id=13084, stack(0x0000000059440000,0x0000000059540000)]
  0x00000000567f9800 JavaThread "pool-1-thread-3" [_thread_in_Java, id=8100, stack(0x0000000057fe0000,0x00000000580e0000)]
  0x00000000567b3000 JavaThread "pool-1-thread-2" [_thread_in_vm, id=10364, stack(0x0000000059300000,0x0000000059400000)]
  0x00000000567b6800 JavaThread "pool-2-thread-1" [_thread_blocked, id=11116, stack(0x0000000059170000,0x0000000059270000)]
  0x00000000567b2000 JavaThread "pool-1-thread-1" [_thread_in_Java, id=11248, stack(0x0000000058c00000,0x0000000058d00000)]
  0x00000000565f9000 JavaThread "Service Thread" daemon [_thread_blocked, id=12516, stack(0x0000000058eb0000,0x0000000058fb0000)]
  0x00000000565ed800 JavaThread "C1 CompilerThread3" daemon [_thread_in_native, id=4364, stack(0x0000000058d00000,0x0000000058e00000)]
  0x00000000565e2000 JavaThread "C2 CompilerThread2" daemon [_thread_in_native, id=5700, stack(0x00000000583f0000,0x00000000584f0000)]
=>0x00000000565df000 JavaThread "C2 CompilerThread1" daemon [_thread_in_native, id=12944, stack(0x0000000058a80000,0x0000000058b80000)]
  0x00000000565d9000 JavaThread "C2 CompilerThread0" daemon [_thread_in_native, id=15004, stack(0x00000000588d0000,0x00000000589d0000)]
  0x00000000565d7800 JavaThread "Attach Listener" daemon [_thread_blocked, id=12872, stack(0x00000000586e0000,0x00000000587e0000)]
  0x00000000565e8000 JavaThread "Signal Dispatcher" daemon [_thread_blocked, id=13008, stack(0x00000000584f0000,0x00000000585f0000)]
  0x0000000055636800 JavaThread "Finalizer" daemon [_thread_blocked, id=13344, stack(0x0000000058240000,0x0000000058340000)]
  0x0000000055634800 JavaThread "Reference Handler" daemon [_thread_blocked, id=14876, stack(0x00000000580f0000,0x00000000581f0000)]
  0x0000000001e8f000 JavaThread "main" [_thread_in_Java, id=13688, stack(0x0000000002390000,0x0000000002490000)]

Other Threads:
  0x0000000056590800 VMThread [stack: 0x0000000057ec0000,0x0000000057fc0000] [id=13756]
  0x0000000056680800 WatcherThread [stack: 0x0000000059020000,0x0000000059120000] [id=14064]

VM state:not at safepoint (normal execution)

VM Mutex/Monitor currently owned by a thread: None

Heap:
 PSYoungGen      total 28672K, used 18636K [0x00000000eab00000, 0x00000000ee300000, 0x0000000100000000)
  eden space 24576K, 59% used [0x00000000eab00000,0x00000000eb939e90,0x00000000ec300000)
  from space 4096K, 99% used [0x00000000ec300000,0x00000000ec6f92a8,0x00000000ec700000)
  to   space 4096K, 0% used [0x00000000edf00000,0x00000000edf00000,0x00000000ee300000)
 ParOldGen       total 65536K, used 1220K [0x00000000c0000000, 0x00000000c4000000, 0x00000000eab00000)
  object space 65536K, 1% used [0x00000000c0000000,0x00000000c0131018,0x00000000c4000000)
 Metaspace       used 5936K, capacity 6896K, committed 7040K, reserved 1056768K
  class space    used 599K, capacity 616K, committed 640K, reserved 1048576K

Card table byte_map: [0x0000000011c10000,0x0000000011e20000] byte_map_base: 0x0000000011610000

Marking Bits: (ParMarkBitMap*) 0x00000000574fa5b0
 Begin Bits: [0x0000000012a50000, 0x0000000013a50000)
 End Bits:   [0x0000000013a50000, 0x0000000014a50000)

Polling page: 0x0000000000330000

CodeCache: size=245760Kb used=3502Kb max_used=3505Kb free=242257Kb
 bounds [0x0000000002850000, 0x0000000002bc0000, 0x0000000011850000]
 total_blobs=1190 nmethods=922 adapters=181
 compilation: enabled

Compilation events (10 events):
Event: 1.638 Thread 0x00000000565ed800 nmethod 621 0x0000000002bbe890 code [0x0000000002bbe9e0, 0x0000000002bbeaf0]
Event: 1.638 Thread 0x00000000565ed800  708       1       com.android.dx.dex.code.RopTranslator::access$500 (5 bytes)
Event: 1.638 Thread 0x00000000565ed800 nmethod 708 0x0000000002bbeb50 code [0x0000000002bbeca0, 0x0000000002bbed90]
Event: 1.638 Thread 0x00000000565ed800  984       3       com.android.dx.cf.code.ByteCatchList::get (9 bytes)
Event: 1.639 Thread 0x00000000565d9000 nmethod 959 0x0000000002bbee10 code [0x0000000002bbef60, 0x0000000002bbf118]
Event: 1.639 Thread 0x00000000565d9000  945       4       com.android.dx.ssa.MoveParamCombiner$1::visitNonMoveInsn (213 bytes)
Event: 1.639 Thread 0x00000000565ed800 nmethod 984 0x0000000002bbe0d0 code [0x0000000002bbe240, 0x0000000002bbe528]
Event: 1.639 Thread 0x00000000565ed800  985       3       com.android.dx.cf.code.ByteBlock::<init> (181 bytes)
Event: 1.640 Thread 0x00000000565ed800 nmethod 985 0x0000000002bbc210 code [0x0000000002bbc4e0, 0x0000000002bbd7a8]
Event: 1.640 Thread 0x00000000565ed800  994   !   3       com.android.dx.cf.code.Ropper::processBlock (1101 bytes)

GC Heap History (2 events):
Event: 1.141 GC heap before
{Heap before GC invocations=1 (full 0):
 PSYoungGen      total 28672K, used 24576K [0x00000000eab00000, 0x00000000ecb00000, 0x0000000100000000)
  eden space 24576K, 100% used [0x00000000eab00000,0x00000000ec300000,0x00000000ec300000)
  from space 4096K, 0% used [0x00000000ec700000,0x00000000ec700000,0x00000000ecb00000)
  to   space 4096K, 0% used [0x00000000ec300000,0x00000000ec300000,0x00000000ec700000)
 ParOldGen       total 65536K, used 0K [0x00000000c0000000, 0x00000000c4000000, 0x00000000eab00000)
  object space 65536K, 0% used [0x00000000c0000000,0x00000000c0000000,0x00000000c4000000)
 Metaspace       used 5778K, capacity 6704K, committed 6784K, reserved 1056768K
  class space    used 599K, capacity 616K, committed 640K, reserved 1048576K
Event: 1.433 GC heap after
Heap after GC invocations=1 (full 0):
 PSYoungGen      total 28672K, used 4068K [0x00000000eab00000, 0x00000000ee300000, 0x0000000100000000)
  eden space 24576K, 0% used [0x00000000eab00000,0x00000000eab00000,0x00000000ec300000)
  from space 4096K, 99% used [0x00000000ec300000,0x00000000ec6f92a8,0x00000000ec700000)
  to   space 4096K, 0% used [0x00000000edf00000,0x00000000edf00000,0x00000000ee300000)
 ParOldGen       total 65536K, used 1220K [0x00000000c0000000, 0x00000000c4000000, 0x00000000eab00000)
  object space 65536K, 1% used [0x00000000c0000000,0x00000000c0131018,0x00000000c4000000)
 Metaspace       used 5778K, capacity 6704K, committed 6784K, reserved 1056768K
  class space    used 599K, capacity 616K, committed 640K, reserved 1048576K
}

Deoptimization events (9 events):
Event: 0.886 Thread 0x00000000567b2000 Uncommon trap: reason=bimorphic action=maybe_recompile pc=0x0000000002a45d6c method=java.util.HashMap.getNode(ILjava/lang/Object;)Ljava/util/HashMap$Node; @ 126
Event: 0.926 Thread 0x00000000567fc000 Uncommon trap: reason=class_check action=maybe_recompile pc=0x0000000002adfe44 method=com.android.dx.ssa.NormalSsaInsn.accept(Lcom/android/dx/ssa/SsaInsn$Visitor;)V @ 9
Event: 0.926 Thread 0x00000000567fc000 Uncommon trap: reason=class_check action=maybe_recompile pc=0x0000000002ace6d0 method=com.android.dx.ssa.NormalSsaInsn.accept(Lcom/android/dx/ssa/SsaInsn$Visitor;)V @ 9
Event: 0.926 Thread 0x00000000567fc000 Uncommon trap: reason=class_check action=maybe_recompile pc=0x0000000002ace6d0 method=com.android.dx.ssa.NormalSsaInsn.accept(Lcom/android/dx/ssa/SsaInsn$Visitor;)V @ 9
Event: 0.926 Thread 0x00000000567fc000 Uncommon trap: reason=class_check action=maybe_recompile pc=0x0000000002ace6d0 method=com.android.dx.ssa.NormalSsaInsn.accept(Lcom/android/dx/ssa/SsaInsn$Visitor;)V @ 9
Event: 0.930 Thread 0x00000000567fc000 Uncommon trap: reason=class_check action=maybe_recompile pc=0x0000000002adfe44 method=com.android.dx.ssa.NormalSsaInsn.accept(Lcom/android/dx/ssa/SsaInsn$Visitor;)V @ 9
Event: 1.554 Thread 0x0000000001e8f000 Uncommon trap: reason=bimorphic action=maybe_recompile pc=0x0000000002aa7f00 method=java.util.HashMap.getNode(ILjava/lang/Object;)Ljava/util/HashMap$Node; @ 126
Event: 1.554 Thread 0x0000000001e8f000 Uncommon trap: reason=class_check action=maybe_recompile pc=0x0000000002b331a0 method=java.util.HashMap.putVal(ILjava/lang/Object;Ljava/lang/Object;ZZ)Ljava/lang/Object; @ 203
Event: 1.599 Thread 0x0000000001e8f000 Uncommon trap: reason=bimorphic action=maybe_recompile pc=0x0000000002aa7f00 method=java.util.HashMap.getNode(ILjava/lang/Object;)Ljava/util/HashMap$Node; @ 126

Internal exceptions (2 events):
Event: 0.082 Thread 0x0000000001e8f000 Exception <a 'java/lang/NoSuchMethodError': Method sun.misc.Unsafe.defineClass(Ljava/lang/String;[BII)Ljava/lang/Class; name or signature does not match> (0x00000000eab0d7b8) thrown at [C:\re\workspace\8-2-build-windows-amd64-cygwin\jdk8u60\4407\hotspot\srÛsOfô´?
Event: 0.082 Thread 0x0000000001e8f000 Exception <a 'java/lang/NoSuchMethodError': Method sun.misc.Unsafe.prefetchRead(Ljava/lang/Object;J)V name or signature does not match> (0x00000000eab0daa0) thrown at [C:\re\workspace\8-2-build-windows-amd64-cygwin\jdk8u60\4407\hotspot\src\share\vm\prims\j

Events (10 events):
Event: 1.433 Executing VM operation: ParallelGCFailedAllocation done
Event: 1.554 Thread 0x0000000001e8f000 Uncommon trap: trap_request=0xffffffc6 fr.pc=0x0000000002aa7f00
Event: 1.554 Thread 0x0000000001e8f000 DEOPT PACKING pc=0x0000000002aa7f00 sp=0x000000000248e480
Event: 1.554 Thread 0x0000000001e8f000 DEOPT UNPACKING pc=0x000000000289582a sp=0x000000000248e3a8 mode 2
Event: 1.554 Thread 0x0000000001e8f000 Uncommon trap: trap_request=0xffffffde fr.pc=0x0000000002b331a0
Event: 1.554 Thread 0x0000000001e8f000 DEOPT PACKING pc=0x0000000002b331a0 sp=0x000000000248e3c0
Event: 1.554 Thread 0x0000000001e8f000 DEOPT UNPACKING pc=0x000000000289582a sp=0x000000000248e338 mode 2
Event: 1.599 Thread 0x0000000001e8f000 Uncommon trap: trap_request=0xffffffc6 fr.pc=0x0000000002aa7f00
Event: 1.599 Thread 0x0000000001e8f000 DEOPT PACKING pc=0x0000000002aa7f00 sp=0x000000000248e460
Event: 1.599 Thread 0x0000000001e8f000 DEOPT UNPACKING pc=0x000000000289582a sp=0x000000000248e388 mode 2


Dynamic libraries:
0x000000013f8d0000 - 0x000000013f907000 	C:\Program Files\Java\jdk1.8.0_60\bin\java.exe
0x0000000077b60000 - 0x0000000077d09000 	C:\Windows\SYSTEM32\ntdll.dll
0x0000000077a40000 - 0x0000000077b5f000 	C:\Windows\system32\kernel32.dll
0x000007fefdc60000 - 0x000007fefdccb000 	C:\Windows\system32\KERNELBASE.dll
0x000007feff9f0000 - 0x000007feffacb000 	C:\Windows\system32\ADVAPI32.dll
0x000007fefe510000 - 0x000007fefe5af000 	C:\Windows\system32\msvcrt.dll
0x000007feffb40000 - 0x000007feffb5f000 	C:\Windows\SYSTEM32\sechost.dll
0x000007fefe150000 - 0x000007fefe27d000 	C:\Windows\system32\RPCRT4.dll
0x0000000077940000 - 0x0000000077a3a000 	C:\Windows\system32\USER32.dll
0x000007feffad0000 - 0x000007feffb37000 	C:\Windows\system32\GDI32.dll
0x000007feff860000 - 0x000007feff86e000 	C:\Windows\system32\LPK.dll
0x000007fefde80000 - 0x000007fefdf49000 	C:\Windows\system32\USP10.dll
0x000007fefc580000 - 0x000007fefc774000 	C:\Windows\WinSxS\amd64_microsoft.windows.common-controls_6595b64144ccf1df_6.0.7601.17514_none_fa396087175ac9ac\COMCTL32.dll
0x000007fefea50000 - 0x000007fefeac1000 	C:\Windows\system32\SHLWAPI.dll
0x000007fefe2d0000 - 0x000007fefe2fe000 	C:\Windows\system32\IMM32.DLL
0x000007feffb70000 - 0x000007feffc79000 	C:\Windows\system32\MSCTF.dll
0x000000005a6a0000 - 0x000000005a772000 	C:\Program Files\Java\jdk1.8.0_60\jre\bin\msvcr100.dll
0x0000000056cf0000 - 0x0000000057579000 	C:\Program Files\Java\jdk1.8.0_60\jre\bin\server\jvm.dll
0x000007fef3c20000 - 0x000007fef3c29000 	C:\Windows\system32\WSOCK32.dll
0x000007fefe280000 - 0x000007fefe2cd000 	C:\Windows\system32\WS2_32.dll
0x000007feffb60000 - 0x000007feffb68000 	C:\Windows\system32\NSI.dll
0x000007fefc080000 - 0x000007fefc0bb000 	C:\Windows\system32\WINMM.dll
0x000007fefcc10000 - 0x000007fefcc1c000 	C:\Windows\system32\VERSION.dll
0x0000000077d20000 - 0x0000000077d27000 	C:\Windows\system32\PSAPI.DLL
0x00000000751e0000 - 0x00000000751ef000 	C:\Program Files\Java\jdk1.8.0_60\jre\bin\verify.dll
0x0000000065750000 - 0x0000000065779000 	C:\Program Files\Java\jdk1.8.0_60\jre\bin\java.dll
0x00000000647d0000 - 0x00000000647e6000 	C:\Program Files\Java\jdk1.8.0_60\jre\bin\zip.dll
0x000007fefead0000 - 0x000007feff858000 	C:\Windows\system32\SHELL32.dll
0x000007fefe300000 - 0x000007fefe503000 	C:\Windows\system32\ole32.dll
0x000007fefdab0000 - 0x000007fefdabf000 	C:\Windows\system32\profapi.dll

VM Arguments:
jvm_args: -Djava.awt.headless=true -Xmx1024M -Dfile.encoding=windows-1252 -Duser.country=US -Duser.language=en -Duser.variant 
java_command: com.android.dx.command.Main --dex --num-threads=4 --output D:\project\AndroidStudioProjects\PersonalUtilitiesForLife\app\build\intermediates\pre-dexed\debug\com.google.firebase-firebase-storage-9.0.1_c130ebf2cef2f73bb6305e4431ac5d07210d99e5.jar D:\project\AndroidStudioProjects\PersonalUtilitiesForLife\app\build\intermediates\exploded-aar\com.google.firebase\firebase-storage\9.0.1\jars\classes.jar
java_class_path (initial): D:\Android\sdk\build-tools\23.0.3\lib\dx.jar
Launcher Type: SUN_STANDARD

Environment Variables:



---------------  S Y S T E M  ---------------

OS: Windows 7 , 64 bit Build 7601 (6.1.7601.17514)

CPU:total 8 (4 cores per cpu, 2 threads per core) family 6 model 42 stepping 7, cmov, cx8, fxsr, mmx, sse, sse2, sse3, ssse3, sse4.1, sse4.2, popcnt, avx, aes, clmul, ht, tsc, tscinvbit

Memory: 4k page, physical 6238064k(507280k free), swap 8333368k(4384k free)

vm_info: Java HotSpot(TM) 64-Bit Server VM (25.60-b23) for windows-amd64 JRE (1.8.0_60-b27), built on Aug  4 2015 11:06:27 by "java_re" with MS VC++ 10.0 (VS2010)

time: Mon Jun 27 15:37:31 2016
elapsed time: 1 seconds (0d 0h 0m 1s)

