#
# There is insufficient memory for the Java Runtime Environment to continue.
# Native memory allocation (malloc) failed to allocate 835536 bytes for Chunk::new
# Possible reasons:
#   The system is out of physical RAM or swap space
#   In 32 bit mode, the process size limit was hit
# Possible solutions:
#   Reduce memory load on the system
#   Increase physical memory or swap space
#   Check if swap backing store is full
#   Use 64 bit Java on a 64 bit OS
#   Decrease Java heap size (-Xmx/-Xms)
#   Decrease number of Java threads
#   Decrease Java thread stack sizes (-Xss)
#   Set larger code cache with -XX:ReservedCodeCacheSize=
# This output file may be truncated or incomplete.
#
#  Out of Memory Error (allocation.cpp:390), pid=13248, tid=10588
#
# JRE version: Java(TM) SE Runtime Environment (8.0_60-b27) (build 1.8.0_60-b27)
# Java VM: Java HotSpot(TM) 64-Bit Server VM (25.60-b23 mixed mode windows-amd64 compressed oops)
# Failed to write core dump. Minidumps are not enabled by default on client versions of Windows
#

---------------  T H R E A D  ---------------

Current thread (0x0000000016560800):  JavaThread "C2 CompilerThread0" daemon [_thread_in_native, id=10588, stack(0x0000000017c00000,0x0000000017d00000)]

Stack: [0x0000000017c00000,0x0000000017d00000]
[error occurred during error reporting (printing stack bounds), id 0xc0000005]

Native frames: (J=compiled Java code, j=interpreted, Vv=VM code, C=native code)


Current CompileTask:
C2:   2489 1899       4       com.android.dx.ssa.LocalVariableExtractor::processBlock (383 bytes)


---------------  P R O C E S S  ---------------

Java Threads: ( => current thread )
  0x0000000018591000 JavaThread "pool-1-thread-4" [_thread_blocked, id=9412, stack(0x00000000192c0000,0x00000000193c0000)]
  0x00000000167f5000 JavaThread "pool-1-thread-3" [_thread_in_Java, id=6260, stack(0x00000000190d0000,0x00000000191d0000)]
  0x000000001682b800 JavaThread "pool-1-thread-2" [_thread_blocked, id=11908, stack(0x0000000018f10000,0x0000000019010000)]
  0x0000000016827800 JavaThread "pool-2-thread-1" [_thread_blocked, id=12412, stack(0x0000000018db0000,0x0000000018eb0000)]
  0x00000000167c1000 JavaThread "pool-1-thread-1" [_thread_blocked, id=13480, stack(0x0000000018060000,0x0000000018160000)]
  0x0000000016558800 JavaThread "Service Thread" daemon [_thread_blocked, id=13092, stack(0x00000000181c0000,0x00000000182c0000)]
  0x0000000016557800 JavaThread "C1 CompilerThread3" daemon [_thread_in_vm, id=5952, stack(0x0000000017f40000,0x0000000018040000)]
  0x0000000016556800 JavaThread "C2 CompilerThread2" daemon [_thread_in_native, id=10632, stack(0x0000000017dc0000,0x0000000017ec0000)]
  0x0000000016553800 JavaThread "C2 CompilerThread1" daemon [_thread_in_native, id=12504, stack(0x0000000017ac0000,0x0000000017bc0000)]
=>0x0000000016560800 JavaThread "C2 CompilerThread0" daemon [_thread_in_native, id=10588, stack(0x0000000017c00000,0x0000000017d00000)]
  0x000000001655f000 JavaThread "Attach Listener" daemon [_thread_blocked, id=13332, stack(0x0000000017940000,0x0000000017a40000)]
  0x000000001655e000 JavaThread "Signal Dispatcher" daemon [_thread_blocked, id=12736, stack(0x00000000174c0000,0x00000000175c0000)]
  0x00000000154a2000 JavaThread "Finalizer" daemon [_thread_blocked, id=12808, stack(0x00000000176f0000,0x00000000177f0000)]
  0x0000000016503000 JavaThread "Reference Handler" daemon [_thread_blocked, id=7268, stack(0x0000000017810000,0x0000000017910000)]
  0x0000000001dae000 JavaThread "main" [_thread_blocked, id=10660, stack(0x00000000023f0000,0x00000000024f0000)]

Other Threads:
  0x0000000016502000 VMThread [stack: 0x00000000175c0000,0x00000000176c0000] [id=13380]
  0x000000001660d000 WatcherThread [stack: 0x0000000018410000,0x0000000018510000] [id=5492]

VM state:not at safepoint (normal execution)

VM Mutex/Monitor currently owned by a thread: None

Heap:
 PSYoungGen      total 102400K, used 9912K [0x00000000eab00000, 0x00000000f1300000, 0x0000000100000000)
  eden space 98304K, 5% used [0x00000000eab00000,0x00000000eb0b5148,0x00000000f0b00000)
  from space 4096K, 99% used [0x00000000f0b00000,0x00000000f0ef9258,0x00000000f0f00000)
  to   space 4096K, 0% used [0x00000000f0f00000,0x00000000f0f00000,0x00000000f1300000)
 ParOldGen       total 65536K, used 31398K [0x00000000c0000000, 0x00000000c4000000, 0x00000000eab00000)
  object space 65536K, 47% used [0x00000000c0000000,0x00000000c1ea9960,0x00000000c4000000)
 Metaspace       used 6408K, capacity 7192K, committed 7424K, reserved 1056768K
  class space    used 623K, capacity 656K, committed 768K, reserved 1048576K

Card table byte_map: [0x0000000011b80000,0x0000000011d90000] byte_map_base: 0x0000000011580000

Marking Bits: (ParMarkBitMap*) 0x000000005266a5b0
 Begin Bits: [0x00000000128b0000, 0x00000000138b0000)
 End Bits:   [0x00000000138b0000, 0x00000000148b0000)

Polling page: 0x0000000000330000

CodeCache: size=245760Kb used=7095Kb max_used=7095Kb free=238664Kb
 bounds [0x00000000027c0000, 0x0000000002ec0000, 0x00000000117c0000]
 total_blobs=2113 nmethods=1843 adapters=182
 compilation: enabled

Compilation events (10 events):
Event: 2.478 Thread 0x0000000016557800 nmethod 1928 0x0000000002eaa650 code [0x0000000002eaa7a0, 0x0000000002eaa8f0]
Event: 2.478 Thread 0x0000000016557800 1929       2       com.android.dx.cf.direct.DirectClassFile::getMethods (9 bytes)
Event: 2.478 Thread 0x0000000016557800 nmethod 1929 0x0000000002eaa290 code [0x0000000002eaa400, 0x0000000002eaa588]
Event: 2.485 Thread 0x0000000016557800 1930       2       java.util.zip.ZipEntry::isDirectory (10 bytes)
Event: 2.485 Thread 0x0000000016557800 nmethod 1930 0x0000000002ea9e10 code [0x0000000002ea9f80, 0x0000000002eaa128]
Event: 2.485 Thread 0x0000000016557800 1931       2       com.android.dx.cf.direct.DirectClassFile::makeTypeList (47 bytes)
Event: 2.486 Thread 0x0000000016557800 nmethod 1931 0x0000000002ea9890 code [0x0000000002ea9a20, 0x0000000002ea9cd8]
Event: 2.486 Thread 0x0000000016557800 1932       2       com.android.dx.rop.cst.CstType::compareTo0 (25 bytes)
Event: 2.487 Thread 0x0000000016557800 nmethod 1932 0x0000000002ea93d0 code [0x0000000002ea9540, 0x0000000002ea9708]
Event: 2.487 Thread 0x0000000016557800 1933       3       com.android.dx.ssa.ConstCollector::updateConstUses (248 bytes)

GC Heap History (10 events):
Event: 0.684 GC heap before
{Heap before GC invocations=1 (full 0):
 PSYoungGen      total 28672K, used 24576K [0x00000000eab00000, 0x00000000ecb00000, 0x0000000100000000)
  eden space 24576K, 100% used [0x00000000eab00000,0x00000000ec300000,0x00000000ec300000)
  from space 4096K, 0% used [0x00000000ec700000,0x00000000ec700000,0x00000000ecb00000)
  to   space 4096K, 0% used [0x00000000ec300000,0x00000000ec300000,0x00000000ec700000)
 ParOldGen       total 65536K, used 0K [0x00000000c0000000, 0x00000000c4000000, 0x00000000eab00000)
  object space 65536K, 0% used [0x00000000c0000000,0x00000000c0000000,0x00000000c4000000)
 Metaspace       used 5815K, capacity 6768K, committed 7040K, reserved 1056768K
  class space    used 601K, capacity 616K, committed 640K, reserved 1048576K
Event: 0.695 GC heap after
Heap after GC invocations=1 (full 0):
 PSYoungGen      total 28672K, used 4083K [0x00000000eab00000, 0x00000000ee300000, 0x0000000100000000)
  eden space 24576K, 0% used [0x00000000eab00000,0x00000000eab00000,0x00000000ec300000)
  from space 4096K, 99% used [0x00000000ec300000,0x00000000ec6fcf30,0x00000000ec700000)
  to   space 4096K, 0% used [0x00000000edf00000,0x00000000edf00000,0x00000000ee300000)
 ParOldGen       total 65536K, used 717K [0x00000000c0000000, 0x00000000c4000000, 0x00000000eab00000)
  object space 65536K, 1% used [0x00000000c0000000,0x00000000c00b34f8,0x00000000c4000000)
 Metaspace       used 5815K, capacity 6768K, committed 7040K, reserved 1056768K
  class space    used 601K, capacity 616K, committed 640K, reserved 1048576K
}
Event: 1.026 GC heap before
{Heap before GC invocations=2 (full 0):
 PSYoungGen      total 28672K, used 28659K [0x00000000eab00000, 0x00000000ee300000, 0x0000000100000000)
  eden space 24576K, 100% used [0x00000000eab00000,0x00000000ec300000,0x00000000ec300000)
  from space 4096K, 99% used [0x00000000ec300000,0x00000000ec6fcf30,0x00000000ec700000)
  to   space 4096K, 0% used [0x00000000edf00000,0x00000000edf00000,0x00000000ee300000)
 ParOldGen       total 65536K, used 717K [0x00000000c0000000, 0x00000000c4000000, 0x00000000eab00000)
  object space 65536K, 1% used [0x00000000c0000000,0x00000000c00b34f8,0x00000000c4000000)
 Metaspace       used 6015K, capacity 6896K, committed 7040K, reserved 1056768K
  class space    used 602K, capacity 616K, committed 640K, reserved 1048576K
Event: 1.059 GC heap after
Heap after GC invocations=2 (full 0):
 PSYoungGen      total 53248K, used 4079K [0x00000000eab00000, 0x00000000ee300000, 0x0000000100000000)
  eden space 49152K, 0% used [0x00000000eab00000,0x00000000eab00000,0x00000000edb00000)
  from space 4096K, 99% used [0x00000000edf00000,0x00000000ee2fbe00,0x00000000ee300000)
  to   space 4096K, 0% used [0x00000000edb00000,0x00000000edb00000,0x00000000edf00000)
 ParOldGen       total 65536K, used 3323K [0x00000000c0000000, 0x00000000c4000000, 0x00000000eab00000)
  object space 65536K, 5% used [0x00000000c0000000,0x00000000c033ee78,0x00000000c4000000)
 Metaspace       used 6015K, capacity 6896K, committed 7040K, reserved 1056768K
  class space    used 602K, capacity 616K, committed 640K, reserved 1048576K
}
Event: 1.401 GC heap before
{Heap before GC invocations=3 (full 0):
 PSYoungGen      total 53248K, used 53231K [0x00000000eab00000, 0x00000000ee300000, 0x0000000100000000)
  eden space 49152K, 100% used [0x00000000eab00000,0x00000000edb00000,0x00000000edb00000)
  from space 4096K, 99% used [0x00000000edf00000,0x00000000ee2fbe00,0x00000000ee300000)
  to   space 4096K, 0% used [0x00000000edb00000,0x00000000edb00000,0x00000000edf00000)
 ParOldGen       total 65536K, used 3323K [0x00000000c0000000, 0x00000000c4000000, 0x00000000eab00000)
  object space 65536K, 5% used [0x00000000c0000000,0x00000000c033ee78,0x00000000c4000000)
 Metaspace       used 6135K, capacity 7024K, committed 7296K, reserved 1056768K
  class space    used 602K, capacity 616K, committed 640K, reserved 1048576K
Event: 1.443 GC heap after
Heap after GC invocations=3 (full 0):
 PSYoungGen      total 53248K, used 4087K [0x00000000eab00000, 0x00000000f1300000, 0x0000000100000000)
  eden space 49152K, 0% used [0x00000000eab00000,0x00000000eab00000,0x00000000edb00000)
  from space 4096K, 99% used [0x00000000edb00000,0x00000000edefdcf8,0x00000000edf00000)
  to   space 4096K, 0% used [0x00000000f0f00000,0x00000000f0f00000,0x00000000f1300000)
 ParOldGen       total 65536K, used 10658K [0x00000000c0000000, 0x00000000c4000000, 0x00000000eab00000)
  object space 65536K, 16% used [0x00000000c0000000,0x00000000c0a68980,0x00000000c4000000)
 Metaspace       used 6135K, capacity 7024K, committed 7296K, reserved 1056768K
  class space    used 602K, capacity 616K, committed 640K, reserved 1048576K
}
Event: 1.807 GC heap before
{Heap before GC invocations=4 (full 0):
 PSYoungGen      total 53248K, used 53239K [0x00000000eab00000, 0x00000000f1300000, 0x0000000100000000)
  eden space 49152K, 100% used [0x00000000eab00000,0x00000000edb00000,0x00000000edb00000)
  from space 4096K, 99% used [0x00000000edb00000,0x00000000edefdcf8,0x00000000edf00000)
  to   space 4096K, 0% used [0x00000000f0f00000,0x00000000f0f00000,0x00000000f1300000)
 ParOldGen       total 65536K, used 10658K [0x00000000c0000000, 0x00000000c4000000, 0x00000000eab00000)
  object space 65536K, 16% used [0x00000000c0000000,0x00000000c0a68980,0x00000000c4000000)
 Metaspace       used 6242K, capacity 7064K, committed 7424K, reserved 1056768K
  class space    used 623K, capacity 656K, committed 768K, reserved 1048576K
Event: 1.836 GC heap after
Heap after GC invocations=4 (full 0):
 PSYoungGen      total 102400K, used 4082K [0x00000000eab00000, 0x00000000f1300000, 0x0000000100000000)
  eden space 98304K, 0% used [0x00000000eab00000,0x00000000eab00000,0x00000000f0b00000)
  from space 4096K, 99% used [0x00000000f0f00000,0x00000000f12fc8e8,0x00000000f1300000)
  to   space 4096K, 0% used [0x00000000f0b00000,0x00000000f0b00000,0x00000000f0f00000)
 ParOldGen       total 65536K, used 18189K [0x00000000c0000000, 0x00000000c4000000, 0x00000000eab00000)
  object space 65536K, 27% used [0x00000000c0000000,0x00000000c11c3780,0x00000000c4000000)
 Metaspace       used 6242K, capacity 7064K, committed 7424K, reserved 1056768K
  class space    used 623K, capacity 656K, committed 768K, reserved 1048576K
}
Event: 2.387 GC heap before
{Heap before GC invocations=5 (full 0):
 PSYoungGen      total 102400K, used 102386K [0x00000000eab00000, 0x00000000f1300000, 0x0000000100000000)
  eden space 98304K, 100% used [0x00000000eab00000,0x00000000f0b00000,0x00000000f0b00000)
  from space 4096K, 99% used [0x00000000f0f00000,0x00000000f12fc8e8,0x00000000f1300000)
  to   space 4096K, 0% used [0x00000000f0b00000,0x00000000f0b00000,0x00000000f0f00000)
 ParOldGen       total 65536K, used 18189K [0x00000000c0000000, 0x00000000c4000000, 0x00000000eab00000)
  object space 65536K, 27% used [0x00000000c0000000,0x00000000c11c3780,0x00000000c4000000)
 Metaspace       used 6404K, capacity 7192K, committed 7424K, reserved 1056768K
  class space    used 623K, capacity 656K, committed 768K, reserved 1048576K
Event: 2.448 GC heap after
Heap after GC invocations=5 (full 0):
 PSYoungGen      total 102400K, used 4068K [0x00000000eab00000, 0x00000000f1300000, 0x0000000100000000)
  eden space 98304K, 0% used [0x00000000eab00000,0x00000000eab00000,0x00000000f0b00000)
  from space 4096K, 99% used [0x00000000f0b00000,0x00000000f0ef9258,0x00000000f0f00000)
  to   space 4096K, 0% used [0x00000000f0f00000,0x00000000f0f00000,0x00000000f1300000)
 ParOldGen       total 65536K, used 31398K [0x00000000c0000000, 0x00000000c4000000, 0x00000000eab00000)
  object space 65536K, 47% used [0x00000000c0000000,0x00000000c1ea9960,0x00000000c4000000)
 Metaspace       used 6404K, capacity 7192K, committed 7424K, reserved 1056768K
  class space    used 623K, capacity 656K, committed 768K, reserved 1048576K
}

Deoptimization events (10 events):
Event: 1.500 Thread 0x0000000001dae000 Uncommon trap: reason=unstable_if action=reinterpret pc=0x00000000029e0ffc method=java.util.HashMap.getNode(ILjava/lang/Object;)Ljava/util/HashMap$Node; @ 84
Event: 1.580 Thread 0x0000000018591000 Uncommon trap: reason=unstable_if action=reinterpret pc=0x00000000029fdf08 method=java.util.HashMap.getNode(ILjava/lang/Object;)Ljava/util/HashMap$Node; @ 84
Event: 1.845 Thread 0x00000000167f5000 Uncommon trap: reason=unstable_if action=reinterpret pc=0x0000000002affb6c method=com.android.dx.util.IntList.binarysearch(I)I @ 105
Event: 2.024 Thread 0x0000000018591000 Uncommon trap: reason=bimorphic action=maybe_recompile pc=0x0000000002d20570 method=com.android.dx.rop.code.RegisterSpec.withSimpleType()Lcom/android/dx/rop/code/RegisterSpec; @ 21
Event: 2.043 Thread 0x00000000167c1000 Uncommon trap: reason=bimorphic action=maybe_recompile pc=0x0000000002d20570 method=com.android.dx.rop.code.RegisterSpec.withSimpleType()Lcom/android/dx/rop/code/RegisterSpec; @ 21
Event: 2.203 Thread 0x00000000167f5000 Uncommon trap: reason=unstable_if action=reinterpret pc=0x0000000002bea3b0 method=com.android.dx.ssa.MoveParamCombiner$1.visitNonMoveInsn(Lcom/android/dx/ssa/NormalSsaInsn;)V @ 27
Event: 2.235 Thread 0x0000000001dae000 Uncommon trap: reason=bimorphic action=maybe_recompile pc=0x0000000002d20570 method=com.android.dx.rop.code.RegisterSpec.withSimpleType()Lcom/android/dx/rop/code/RegisterSpec; @ 21
Event: 2.250 Thread 0x0000000018591000 Uncommon trap: reason=bimorphic action=maybe_recompile pc=0x0000000002e670ac method=com.android.dx.cf.code.BytecodeArray.parseInstruction(ILcom/android/dx/cf/code/BytecodeArray$Visitor;)I @ 971
Event: 2.251 Thread 0x0000000018591000 Uncommon trap: reason=bimorphic action=maybe_recompile pc=0x0000000002e670ac method=com.android.dx.cf.code.BytecodeArray.parseInstruction(ILcom/android/dx/cf/code/BytecodeArray$Visitor;)I @ 971
Event: 2.262 Thread 0x0000000001dae000 Uncommon trap: reason=bimorphic action=maybe_recompile pc=0x0000000002d20570 method=com.android.dx.rop.code.RegisterSpec.withSimpleType()Lcom/android/dx/rop/code/RegisterSpec; @ 21

Internal exceptions (5 events):
Event: 0.040 Thread 0x0000000001dae000 Exception <a 'java/lang/NoSuchMethodError': Method sun.misc.Unsafe.defineClass(Ljava/lang/String;[BII)Ljava/lang/Class; name or signature does not match> (0x00000000eab0d7c8) thrown at [C:\re\workspace\8-2-build-windows-amd64-cygwin\jdk8u60\4407\hotspot\sr¤øì\€Š¤?
Event: 0.040 Thread 0x0000000001dae000 Exception <a 'java/lang/NoSuchMethodError': Method sun.misc.Unsafe.prefetchRead(Ljava/lang/Object;J)V name or signature does not match> (0x00000000eab0dab0) thrown at [C:\re\workspace\8-2-build-windows-amd64-cygwin\jdk8u60\4407\hotspot\src\share\vm\prims\jSÃÅŠ^õ÷?
Event: 1.497 Thread 0x0000000001dae000 Exception <a 'java/lang/ArrayIndexOutOfBoundsException': 18> (0x00000000eb5c3ee8) thrown at [C:\re\workspace\8-2-build-windows-amd64-cygwin\jdk8u60\4407\hotspot\src\share\vm\interpreter\interpreterRuntime.cpp, line 366]
Event: 1.498 Thread 0x0000000001dae000 Exception <a 'java/lang/ArrayIndexOutOfBoundsException': 145> (0x00000000eb5c5a68) thrown at [C:\re\workspace\8-2-build-windows-amd64-cygwin\jdk8u60\4407\hotspot\src\share\vm\interpreter\interpreterRuntime.cpp, line 366]
Event: 1.499 Thread 0x0000000001dae000 Exception <a 'java/lang/ArrayIndexOutOfBoundsException': 40> (0x00000000eb5c6d50) thrown at [C:\re\workspace\8-2-build-windows-amd64-cygwin\jdk8u60\4407\hotspot\src\share\vm\interpreter\interpreterRuntime.cpp, line 366]

Events (10 events):
Event: 2.251 Thread 0x0000000018591000 DEOPT UNPACKING pc=0x000000000280582a sp=0x00000000193be298 mode 2
Event: 2.262 Thread 0x0000000001dae000 Uncommon trap: trap_request=0xffffffc6 fr.pc=0x0000000002d20570
Event: 2.262 Thread 0x0000000001dae000 DEOPT PACKING pc=0x0000000002d20570 sp=0x00000000024ee5b0
Event: 2.262 Thread 0x000000001682b800 DEOPT PACKING pc=0x0000000002ca8c7c sp=0x000000001900e5f0
Event: 2.262 Thread 0x000000001682b800 DEOPT UNPACKING pc=0x000000000280787f sp=0x000000001900e350 mode 0
Event: 2.264 Thread 0x0000000001dae000 DEOPT UNPACKING pc=0x000000000280582a sp=0x00000000024ee518 mode 2
Event: 2.326 Thread 0x0000000001dae000 DEOPT PACKING pc=0x0000000002c97567 sp=0x00000000024ee3e0
Event: 2.326 Thread 0x0000000001dae000 DEOPT UNPACKING pc=0x000000000280787f sp=0x00000000024ee1d8 mode 0
Event: 2.387 Executing VM operation: ParallelGCFailedAllocation
Event: 2.448 Executing VM operation: ParallelGCFailedAllocation done


Dynamic libraries:
0x000000013fa50000 - 0x000000013fa87000 	C:\Program Files\Java\jdk1.8.0_60\bin\java.exe
0x0000000077b30000 - 0x0000000077cd9000 	C:\Windows\SYSTEM32\ntdll.dll
0x0000000077a10000 - 0x0000000077b2f000 	C:\Windows\system32\kernel32.dll
0x000007fefdde0000 - 0x000007fefde4b000 	C:\Windows\system32\KERNELBASE.dll
0x000007feff330000 - 0x000007feff40b000 	C:\Windows\system32\ADVAPI32.dll
0x000007feff940000 - 0x000007feff9df000 	C:\Windows\system32\msvcrt.dll
0x000007feff9e0000 - 0x000007feff9ff000 	C:\Windows\SYSTEM32\sechost.dll
0x000007feff5f0000 - 0x000007feff71d000 	C:\Windows\system32\RPCRT4.dll
0x0000000077910000 - 0x0000000077a0a000 	C:\Windows\system32\USER32.dll
0x000007fefeee0000 - 0x000007fefef47000 	C:\Windows\system32\GDI32.dll
0x000007feff930000 - 0x000007feff93e000 	C:\Windows\system32\LPK.dll
0x000007feffd10000 - 0x000007feffdd9000 	C:\Windows\system32\USP10.dll
0x000007fefbc60000 - 0x000007fefbe54000 	C:\Windows\WinSxS\amd64_microsoft.windows.common-controls_6595b64144ccf1df_6.0.7601.17514_none_fa396087175ac9ac\COMCTL32.dll
0x000007fefded0000 - 0x000007fefdf41000 	C:\Windows\system32\SHLWAPI.dll
0x000007fefdf50000 - 0x000007fefdf7e000 	C:\Windows\system32\IMM32.DLL
0x000007feff800000 - 0x000007feff909000 	C:\Windows\system32\MSCTF.dll
0x0000000053a00000 - 0x0000000053ad2000 	C:\Program Files\Java\jdk1.8.0_60\jre\bin\msvcr100.dll
0x0000000051e60000 - 0x00000000526e9000 	C:\Program Files\Java\jdk1.8.0_60\jre\bin\server\jvm.dll
0x000007feec2f0000 - 0x000007feec2f9000 	C:\Windows\system32\WSOCK32.dll
0x000007fefed10000 - 0x000007fefed5d000 	C:\Windows\system32\WS2_32.dll
0x000007feffa00000 - 0x000007feffa08000 	C:\Windows\system32\NSI.dll
0x000007fefc580000 - 0x000007fefc5bb000 	C:\Windows\system32\WINMM.dll
0x000007fefcbe0000 - 0x000007fefcbec000 	C:\Windows\system32\VERSION.dll
0x0000000077d00000 - 0x0000000077d07000 	C:\Windows\system32\PSAPI.DLL
0x000000006b800000 - 0x000000006b80f000 	C:\Program Files\Java\jdk1.8.0_60\jre\bin\verify.dll
0x0000000065be0000 - 0x0000000065c09000 	C:\Program Files\Java\jdk1.8.0_60\jre\bin\java.dll
0x00000000690c0000 - 0x00000000690d6000 	C:\Program Files\Java\jdk1.8.0_60\jre\bin\zip.dll
0x000007fefdf80000 - 0x000007fefed08000 	C:\Windows\system32\SHELL32.dll
0x000007fefef50000 - 0x000007feff153000 	C:\Windows\system32\ole32.dll
0x000007fefda80000 - 0x000007fefda8f000 	C:\Windows\system32\profapi.dll

VM Arguments:
jvm_args: -Djava.awt.headless=true -Xmx1024M -Dfile.encoding=windows-1252 -Duser.country=US -Duser.language=en -Duser.variant 
java_command: com.android.dx.command.Main --dex --force-jumbo --num-threads=4 --output D:\project\AndroidStudioProjects\PersonalUtilitiesForLife\app\build\intermediates\pre-dexed\debug\com.android.support-appcompat-v7-23.4.0_582db295a3e499bc99cff10999019106f01350bf.jar D:\project\AndroidStudioProjects\PersonalUtilitiesForLife\app\build\intermediates\exploded-aar\com.android.support\appcompat-v7\23.4.0\jars\classes.jar
java_class_path (initial): D:\Android\sdk\build-tools\23.0.3\lib\dx.jar
Launcher Type: SUN_STANDARD

Environment Variables:
JAVA_HOME=C:\Program Files\Java\jdk1.8.0_60
PATH=C:\ProgramData\Oracle\Java\javapath;C:\Program Files\Common Files\Microsoft Shared\Windows Live;C:\Program Files (x86)\HP SimplePass\x64;C:\Program Files (x86)\HP SimplePass\;;C:\Windows\system32;C:\Windows;C:\Windows\System32\Wbem;C:\Windows\System32\WindowsPowerShell\v1.0\;C:\Program Files (x86)\Java\jdk1.7.0_09\bin;C:\Strawberry\c\bin;C:\Strawberry\perl\site\bin;C:\Strawberry\perl\bin;C:\Program Files (x86)\Intel\OpenCL SDK\2.0\bin\x86;C:\Program Files (x86)\Intel\OpenCL SDK\2.0\bin\x64;C:\PROGRA~2\PICC;C:\Program Files (x86)\Microchip\xc16\v1.25\bin;C:\Program Files (x86)\Microchip\xc8\v1.35\bin;C:\Program Files\Java\jre1.8.0_65\bin;C:\Program Files\Java\jdk1.8.0_60\jre\bin;D:\Android\sdk\platform-tools;C:\Program Files\Common Files\Microsoft Shared\Windows Live;C:\Program Files\Java\jre1.8.0_65\bin
USERNAME=Nhut
OS=Windows_NT
PROCESSOR_IDENTIFIER=Intel64 Family 6 Model 42 Stepping 7, GenuineIntel



---------------  S Y S T E M  ---------------

OS: Windows 7 , 64 bit Build 7601 (6.1.7601.17514)

CPU:total 8 (4 cores per cpu, 2 threads per core) family 6 model 42 stepping 7, cmov, cx8, fxsr, mmx, sse, sse2, sse3, ssse3, sse4.1, sse4.2, popcnt, avx, aes, clmul, ht, tsc, tscinvbit

Memory: 4k page, physical 6238064k(673436k free), swap 8333368k(5604k free)

vm_info: Java HotSpot(TM) 64-Bit Server VM (25.60-b23) for windows-amd64 JRE (1.8.0_60-b27), built on Aug  4 2015 11:06:27 by "java_re" with MS VC++ 10.0 (VS2010)

time: Mon Jun 20 20:46:33 2016
elapsed time: 2 seconds (0d 0h 0m 2s)

