#
# There is insufficient memory for the Java Runtime Environment to continue.
# Native memory allocation (malloc) failed to allocate 381360 bytes for Chunk::new
# Possible reasons:
#   The system is out of physical RAM or swap space
#   In 32 bit mode, the process size limit was hit
# Possible solutions:
#   Reduce memory load on the system
#   Increase physical memory or swap space
#   Check if swap backing store is full
#   Use 64 bit Java on a 64 bit OS
#   Decrease Java heap size (-Xmx/-Xms)
#   Decrease number of Java threads
#   Decrease Java thread stack sizes (-Xss)
#   Set larger code cache with -XX:ReservedCodeCacheSize=
# This output file may be truncated or incomplete.
#
#  Out of Memory Error (allocation.cpp:390), pid=10644, tid=10160
#
# JRE version: Java(TM) SE Runtime Environment (8.0_60-b27) (build 1.8.0_60-b27)
# Java VM: Java HotSpot(TM) 64-Bit Server VM (25.60-b23 mixed mode windows-amd64 compressed oops)
# Failed to write core dump. Minidumps are not enabled by default on client versions of Windows
#

---------------  T H R E A D  ---------------

Current thread (0x0000000056fd5800):  JavaThread "C2 CompilerThread1" daemon [_thread_in_native, id=10160, stack(0x00000000584a0000,0x00000000585a0000)]

Stack: [0x00000000584a0000,0x00000000585a0000]
[error occurred during error reporting (printing stack bounds), id 0xc0000005]

Native frames: (J=compiled Java code, j=interpreted, Vv=VM code, C=native code)


Current CompileTask:
C2:  13270 2227       4       com.android.dx.ssa.SsaConverter::edgeSplitSuccessors (98 bytes)


---------------  P R O C E S S  ---------------

Java Threads: ( => current thread )
  0x0000000058f0f800 JavaThread "pool-2-thread-4" [_thread_blocked, id=7124, stack(0x0000000059950000,0x0000000059a50000)]
  0x000000005724f000 JavaThread "pool-2-thread-3" [_thread_blocked, id=5744, stack(0x0000000059b80000,0x0000000059c80000)]
  0x000000005724c000 JavaThread "pool-2-thread-2" [_thread_blocked, id=6756, stack(0x0000000059a70000,0x0000000059b70000)]
  0x0000000057217800 JavaThread "pool-3-thread-1" [_thread_blocked, id=2660, stack(0x00000000597c0000,0x00000000598c0000)]
  0x0000000057213000 JavaThread "pool-2-thread-1" [_thread_blocked, id=2088, stack(0x0000000058ae0000,0x0000000058be0000)]
  0x0000000056fef000 JavaThread "Service Thread" daemon [_thread_blocked, id=6736, stack(0x0000000058c50000,0x0000000058d50000)]
  0x0000000056fe8800 JavaThread "C1 CompilerThread3" daemon [_thread_blocked, id=10952, stack(0x0000000058970000,0x0000000058a70000)]
  0x0000000056fdf800 JavaThread "C2 CompilerThread2" daemon [_thread_in_native, id=10576, stack(0x00000000587e0000,0x00000000588e0000)]
=>0x0000000056fd5800 JavaThread "C2 CompilerThread1" daemon [_thread_in_native, id=10160, stack(0x00000000584a0000,0x00000000585a0000)]
  0x0000000056f79000 JavaThread "C2 CompilerThread0" daemon [_thread_in_native, id=11856, stack(0x0000000058680000,0x0000000058780000)]
  0x0000000056f77800 JavaThread "Attach Listener" daemon [_thread_blocked, id=10408, stack(0x00000000583a0000,0x00000000584a0000)]
  0x0000000056f88000 JavaThread "Signal Dispatcher" daemon [_thread_blocked, id=10924, stack(0x0000000058280000,0x0000000058380000)]
  0x0000000055716800 JavaThread "Finalizer" daemon [_thread_blocked, id=7292, stack(0x0000000057fa0000,0x00000000580a0000)]
  0x0000000055714800 JavaThread "Reference Handler" daemon [_thread_blocked, id=10188, stack(0x0000000058120000,0x0000000058220000)]
  0x0000000001fbe000 JavaThread "main" [_thread_blocked, id=10428, stack(0x00000000023a0000,0x00000000024a0000)]

Other Threads:
  0x0000000056f30800 VMThread [stack: 0x0000000057ea0000,0x0000000057fa0000] [id=7508]
  0x0000000056ff3800 WatcherThread [stack: 0x0000000058dc0000,0x0000000058ec0000] [id=4484]

VM state:not at safepoint (normal execution)

VM Mutex/Monitor currently owned by a thread:  ([mutex/lock_event])
[0x0000000001fbcd50] Heap_lock - owner thread: 0x0000000057213000

Heap:
 PSYoungGen      total 109056K, used 12524K [0x00000000eab00000, 0x00000000f2800000, 0x0000000100000000)
  eden space 96256K, 0% used [0x00000000eab00000,0x00000000eab62920,0x00000000f0900000)
  from space 12800K, 94% used [0x00000000f1780000,0x00000000f23587c8,0x00000000f2400000)
  to   space 14848K, 0% used [0x00000000f0900000,0x00000000f0900000,0x00000000f1780000)
 ParOldGen       total 65536K, used 16450K [0x00000000c0000000, 0x00000000c4000000, 0x00000000eab00000)
  object space 65536K, 25% used [0x00000000c0000000,0x00000000c10109c0,0x00000000c4000000)
 Metaspace       used 6323K, capacity 7152K, committed 7296K, reserved 1056768K
  class space    used 604K, capacity 616K, committed 640K, reserved 1048576K

Card table byte_map: [0x0000000011b30000,0x0000000011d40000] byte_map_base: 0x0000000011530000

Marking Bits: (ParMarkBitMap*) 0x0000000056a0a5b0
 Begin Bits: [0x0000000012b30000, 0x0000000013b30000)
 End Bits:   [0x0000000013b30000, 0x0000000014b30000)

Polling page: 0x0000000000130000

CodeCache: size=245760Kb used=9843Kb max_used=9858Kb free=235916Kb
 bounds [0x0000000002770000, 0x0000000003120000, 0x0000000011770000]
 total_blobs=2340 nmethods=2070 adapters=182
 compilation: enabled

Compilation events (10 events):
Event: 12.784 Thread 0x0000000056fe8800 2211       3       sun.util.calendar.CalendarDate::setDaylightSaving (6 bytes)
Event: 12.784 Thread 0x0000000056fe8800 nmethod 2211 0x00000000030fc150 code [0x00000000030fc2a0, 0x00000000030fc3f0]
Event: 12.795 Thread 0x0000000056f79000 2220       4       com.android.dx.cf.code.Ropper::getRopMethod (64 bytes)
Event: 12.795 Thread 0x0000000056fdf800 2221       4       com.android.dx.rop.code.Rops::opMove (77 bytes)
Event: 12.797 Thread 0x0000000056fdf800 nmethod 2221 0x00000000030fbe50 code [0x00000000030fbfa0, 0x00000000030fc088]
Event: 12.799 Thread 0x0000000056fdf800 2222       4       com.android.dx.cf.code.BaseMachine::popArgs (127 bytes)
Event: 13.087 Thread 0x0000000056fd5800 nmethod 2203 0x0000000003111a90 code [0x0000000003111d20, 0x00000000031148a8]
Event: 13.087 Thread 0x0000000056fd5800 2226 %     4       com.android.dx.ssa.SsaMethod::forEachBlockDepthFirstDom @ 32 (128 bytes)
Event: 13.134 Thread 0x0000000056fd5800 nmethod 2226% 0x000000000310c750 code [0x000000000310c940, 0x000000000310ddb8]
Event: 13.134 Thread 0x0000000056fd5800 2227       4       com.android.dx.ssa.SsaConverter::edgeSplitSuccessors (98 bytes)

GC Heap History (10 events):
Event: 2.862 GC heap before
{Heap before GC invocations=2 (full 0):
 PSYoungGen      total 28672K, used 28193K [0x00000000eab00000, 0x00000000ecb00000, 0x0000000100000000)
  eden space 24576K, 100% used [0x00000000eab00000,0x00000000ec300000,0x00000000ec300000)
  from space 4096K, 88% used [0x00000000ec300000,0x00000000ec688478,0x00000000ec700000)
  to   space 4096K, 0% used [0x00000000ec700000,0x00000000ec700000,0x00000000ecb00000)
 ParOldGen       total 65536K, used 8K [0x00000000c0000000, 0x00000000c4000000, 0x00000000eab00000)
  object space 65536K, 0% used [0x00000000c0000000,0x00000000c0002000,0x00000000c4000000)
 Metaspace       used 6029K, capacity 6960K, committed 7040K, reserved 1056768K
  class space    used 600K, capacity 616K, committed 640K, reserved 1048576K
Event: 2.878 GC heap after
Heap after GC invocations=2 (full 0):
 PSYoungGen      total 28672K, used 4090K [0x00000000eab00000, 0x00000000ecb00000, 0x0000000100000000)
  eden space 24576K, 0% used [0x00000000eab00000,0x00000000eab00000,0x00000000ec300000)
  from space 4096K, 99% used [0x00000000ec700000,0x00000000ecafeb20,0x00000000ecb00000)
  to   space 4096K, 0% used [0x00000000ec300000,0x00000000ec300000,0x00000000ec700000)
 ParOldGen       total 65536K, used 1427K [0x00000000c0000000, 0x00000000c4000000, 0x00000000eab00000)
  object space 65536K, 2% used [0x00000000c0000000,0x00000000c0164c88,0x00000000c4000000)
 Metaspace       used 6029K, capacity 6960K, committed 7040K, reserved 1056768K
  class space    used 600K, capacity 616K, committed 640K, reserved 1048576K
}
Event: 3.263 GC heap before
{Heap before GC invocations=3 (full 0):
 PSYoungGen      total 28672K, used 28666K [0x00000000eab00000, 0x00000000ecb00000, 0x0000000100000000)
  eden space 24576K, 100% used [0x00000000eab00000,0x00000000ec300000,0x00000000ec300000)
  from space 4096K, 99% used [0x00000000ec700000,0x00000000ecafeb20,0x00000000ecb00000)
  to   space 4096K, 0% used [0x00000000ec300000,0x00000000ec300000,0x00000000ec700000)
 ParOldGen       total 65536K, used 1427K [0x00000000c0000000, 0x00000000c4000000, 0x00000000eab00000)
  object space 65536K, 2% used [0x00000000c0000000,0x00000000c0164c88,0x00000000c4000000)
 Metaspace       used 6175K, capacity 7088K, committed 7296K, reserved 1056768K
  class space    used 602K, capacity 616K, committed 640K, reserved 1048576K
Event: 3.352 GC heap after
Heap after GC invocations=3 (full 0):
 PSYoungGen      total 28672K, used 4079K [0x00000000eab00000, 0x00000000ee300000, 0x0000000100000000)
  eden space 24576K, 0% used [0x00000000eab00000,0x00000000eab00000,0x00000000ec300000)
  from space 4096K, 99% used [0x00000000ec300000,0x00000000ec6fbe68,0x00000000ec700000)
  to   space 4096K, 0% used [0x00000000edf00000,0x00000000edf00000,0x00000000ee300000)
 ParOldGen       total 65536K, used 5054K [0x00000000c0000000, 0x00000000c4000000, 0x00000000eab00000)
  object space 65536K, 7% used [0x00000000c0000000,0x00000000c04efa28,0x00000000c4000000)
 Metaspace       used 6175K, capacity 7088K, committed 7296K, reserved 1056768K
  class space    used 602K, capacity 616K, committed 640K, reserved 1048576K
}
Event: 3.933 GC heap before
{Heap before GC invocations=4 (full 0):
 PSYoungGen      total 28672K, used 28655K [0x00000000eab00000, 0x00000000ee300000, 0x0000000100000000)
  eden space 24576K, 100% used [0x00000000eab00000,0x00000000ec300000,0x00000000ec300000)
  from space 4096K, 99% used [0x00000000ec300000,0x00000000ec6fbe68,0x00000000ec700000)
  to   space 4096K, 0% used [0x00000000edf00000,0x00000000edf00000,0x00000000ee300000)
 ParOldGen       total 65536K, used 5054K [0x00000000c0000000, 0x00000000c4000000, 0x00000000eab00000)
  object space 65536K, 7% used [0x00000000c0000000,0x00000000c04efa28,0x00000000c4000000)
 Metaspace       used 6195K, capacity 7088K, committed 7296K, reserved 1056768K
  class space    used 603K, capacity 616K, committed 640K, reserved 1048576K
Event: 3.954 GC heap after
Heap after GC invocations=4 (full 0):
 PSYoungGen      total 53248K, used 4091K [0x00000000eab00000, 0x00000000ee300000, 0x0000000100000000)
  eden space 49152K, 0% used [0x00000000eab00000,0x00000000eab00000,0x00000000edb00000)
  from space 4096K, 99% used [0x00000000edf00000,0x00000000ee2fec00,0x00000000ee300000)
  to   space 4096K, 0% used [0x00000000edb00000,0x00000000edb00000,0x00000000edf00000)
 ParOldGen       total 65536K, used 9231K [0x00000000c0000000, 0x00000000c4000000, 0x00000000eab00000)
  object space 65536K, 14% used [0x00000000c0000000,0x00000000c0903db8,0x00000000c4000000)
 Metaspace       used 6195K, capacity 7088K, committed 7296K, reserved 1056768K
  class space    used 603K, capacity 616K, committed 640K, reserved 1048576K
}
Event: 6.382 GC heap before
{Heap before GC invocations=5 (full 0):
 PSYoungGen      total 53248K, used 53243K [0x00000000eab00000, 0x00000000ee300000, 0x0000000100000000)
  eden space 49152K, 100% used [0x00000000eab00000,0x00000000edb00000,0x00000000edb00000)
  from space 4096K, 99% used [0x00000000edf00000,0x00000000ee2fec00,0x00000000ee300000)
  to   space 4096K, 0% used [0x00000000edb00000,0x00000000edb00000,0x00000000edf00000)
 ParOldGen       total 65536K, used 9231K [0x00000000c0000000, 0x00000000c4000000, 0x00000000eab00000)
  object space 65536K, 14% used [0x00000000c0000000,0x00000000c0903db8,0x00000000c4000000)
 Metaspace       used 6263K, capacity 7152K, committed 7296K, reserved 1056768K
  class space    used 603K, capacity 616K, committed 640K, reserved 1048576K
Event: 6.935 GC heap after
Heap after GC invocations=5 (full 0):
 PSYoungGen      total 53248K, used 4076K [0x00000000eab00000, 0x00000000f2400000, 0x0000000100000000)
  eden space 49152K, 0% used [0x00000000eab00000,0x00000000eab00000,0x00000000edb00000)
  from space 4096K, 99% used [0x00000000edb00000,0x00000000edefb350,0x00000000edf00000)
  to   space 12800K, 0% used [0x00000000f1780000,0x00000000f1780000,0x00000000f2400000)
 ParOldGen       total 65536K, used 16450K [0x00000000c0000000, 0x00000000c4000000, 0x00000000eab00000)
  object space 65536K, 25% used [0x00000000c0000000,0x00000000c10109c0,0x00000000c4000000)
 Metaspace       used 6263K, capacity 7152K, committed 7296K, reserved 1056768K
  class space    used 603K, capacity 616K, committed 640K, reserved 1048576K
}
Event: 12.815 GC heap before
{Heap before GC invocations=6 (full 0):
 PSYoungGen      total 53248K, used 53228K [0x00000000eab00000, 0x00000000f2400000, 0x0000000100000000)
  eden space 49152K, 100% used [0x00000000eab00000,0x00000000edb00000,0x00000000edb00000)
  from space 4096K, 99% used [0x00000000edb00000,0x00000000edefb350,0x00000000edf00000)
  to   space 12800K, 0% used [0x00000000f1780000,0x00000000f1780000,0x00000000f2400000)
 ParOldGen       total 65536K, used 16450K [0x00000000c0000000, 0x00000000c4000000, 0x00000000eab00000)
  object space 65536K, 25% used [0x00000000c0000000,0x00000000c10109c0,0x00000000c4000000)
 Metaspace       used 6317K, capacity 7152K, committed 7296K, reserved 1056768K
  class space    used 604K, capacity 616K, committed 640K, reserved 1048576K
Event: 13.079 GC heap after
Heap after GC invocations=6 (full 0):
 PSYoungGen      total 109056K, used 12129K [0x00000000eab00000, 0x00000000f2800000, 0x0000000100000000)
  eden space 96256K, 0% used [0x00000000eab00000,0x00000000eab00000,0x00000000f0900000)
  from space 12800K, 94% used [0x00000000f1780000,0x00000000f23587c8,0x00000000f2400000)
  to   space 14848K, 0% used [0x00000000f0900000,0x00000000f0900000,0x00000000f1780000)
 ParOldGen       total 65536K, used 16450K [0x00000000c0000000, 0x00000000c4000000, 0x00000000eab00000)
  object space 65536K, 25% used [0x00000000c0000000,0x00000000c10109c0,0x00000000c4000000)
 Metaspace       used 6317K, capacity 7152K, committed 7296K, reserved 1056768K
  class space    used 604K, capacity 616K, committed 640K, reserved 1048576K
}

Deoptimization events (10 events):
Event: 10.249 Thread 0x000000005724c000 Uncommon trap: reason=unstable_if action=reinterpret pc=0x0000000003023d30 method=com.android.dx.rop.code.DexTranslationAdvice.hasConstantOperation(Lcom/android/dx/rop/code/Rop;Lcom/android/dx/rop/code/RegisterSpec;Lcom/android/dx/rop/code/RegisterSpec;)Z L^|°ï$@
Event: 10.250 Thread 0x000000005724c000 Uncommon trap: reason=unstable_if action=reinterpret pc=0x0000000002dd8a3c method=com.android.dx.ssa.SCCP.simulateStmt(Lcom/android/dx/ssa/SsaInsn;)V @ 53
Event: 10.255 Thread 0x000000005724c000 Uncommon trap: reason=unstable_if action=reinterpret pc=0x0000000002ed2150 method=com.android.dx.ssa.SCCP.simulateBranch(Lcom/android/dx/ssa/SsaInsn;)V @ 548
Event: 10.256 Thread 0x000000005724c000 Uncommon trap: reason=unstable_if action=reinterpret pc=0x00000000030457d4 method=com.android.dx.ssa.SCCP.replaceBranches()V @ 14
Event: 10.257 Thread 0x000000005724c000 Uncommon trap: reason=class_check action=maybe_recompile pc=0x0000000002f9f584 method=com.android.dx.cf.code.BytecodeArray.parseInstruction(ILcom/android/dx/cf/code/BytecodeArray$Visitor;)I @ 1807
Event: 10.257 Thread 0x000000005724c000 Uncommon trap: reason=class_check action=maybe_recompile pc=0x0000000002f9f584 method=com.android.dx.cf.code.BytecodeArray.parseInstruction(ILcom/android/dx/cf/code/BytecodeArray$Visitor;)I @ 1807
Event: 10.257 Thread 0x000000005724c000 Uncommon trap: reason=class_check action=maybe_recompile pc=0x0000000002f9f584 method=com.android.dx.cf.code.BytecodeArray.parseInstruction(ILcom/android/dx/cf/code/BytecodeArray$Visitor;)I @ 1807
Event: 10.257 Thread 0x000000005724c000 Uncommon trap: reason=class_check action=maybe_recompile pc=0x0000000002f9f058 method=com.android.dx.cf.code.BytecodeArray.parseInstruction(ILcom/android/dx/cf/code/BytecodeArray$Visitor;)I @ 1417
Event: 10.257 Thread 0x000000005724c000 Uncommon trap: reason=class_check action=maybe_recompile pc=0x0000000002f9f058 method=com.android.dx.cf.code.BytecodeArray.parseInstruction(ILcom/android/dx/cf/code/BytecodeArray$Visitor;)I @ 1417
Event: 10.260 Thread 0x000000005724c000 Uncommon trap: reason=bimorphic action=maybe_recompile pc=0x0000000002fc24d8 method=java.util.HashMap.putVal(ILjava/lang/Object;Ljava/lang/Object;ZZ)Ljava/lang/Object; @ 203

Internal exceptions (4 events):
Event: 0.192 Thread 0x0000000001fbe000 Exception <a 'java/lang/NoSuchMethodError': Method sun.misc.Unsafe.defineClass(Ljava/lang/String;[BII)Ljava/lang/Class; name or signature does not match> (0x00000000eab0d7f8) thrown at [C:\re\workspace\8-2-build-windows-amd64-cygwin\jdk8u60\4407\hotspot\srn9¦»è’È?
Event: 0.192 Thread 0x0000000001fbe000 Exception <a 'java/lang/NoSuchMethodError': Method sun.misc.Unsafe.prefetchRead(Ljava/lang/Object;J)V name or signature does not match> (0x00000000eab0dae0) thrown at [C:\re\workspace\8-2-build-windows-amd64-cygwin\jdk8u60\4407\hotspot\src\share\vm\prims\j£’VµB@
Event: 2.312 Thread 0x0000000001fbe000 Implicit null exception at 0x0000000002a950c8 to 0x0000000002a973fd
Event: 2.752 Thread 0x0000000058f0f800 Implicit null exception at 0x0000000002a44792 to 0x0000000002a44891

Events (10 events):
Event: 10.260 Thread 0x000000005724c000 DEOPT PACKING pc=0x0000000002fc24d8 sp=0x0000000059b6e460
Event: 10.260 Thread 0x000000005724c000 DEOPT UNPACKING pc=0x00000000027b582a sp=0x0000000059b6e328 mode 2
Event: 11.067 loading class com/android/dx/cf/iface/ParseObserver
Event: 11.067 loading class com/android/dx/cf/iface/ParseObserver done
Event: 12.729 Thread 0x000000005724c000 DEOPT PACKING pc=0x0000000002c03f88 sp=0x0000000059b6e670
Event: 12.729 Thread 0x000000005724c000 DEOPT UNPACKING pc=0x00000000027b787f sp=0x0000000059b6e3d0 mode 0
Event: 12.809 Thread 0x0000000057213000 DEOPT PACKING pc=0x0000000002bb2085 sp=0x0000000058bdee40
Event: 12.809 Thread 0x0000000057213000 DEOPT UNPACKING pc=0x00000000027b787f sp=0x0000000058bdeba8 mode 0
Event: 12.815 Executing VM operation: ParallelGCFailedAllocation
Event: 13.079 Executing VM operation: ParallelGCFailedAllocation done


Dynamic libraries:
0x000000013f8d0000 - 0x000000013f907000 	C:\Program Files\Java\jdk1.8.0_60\bin\java.exe
0x0000000077b60000 - 0x0000000077d09000 	C:\Windows\SYSTEM32\ntdll.dll
0x0000000077a40000 - 0x0000000077b5f000 	C:\Windows\system32\kernel32.dll
0x000007fefdc60000 - 0x000007fefdccb000 	C:\Windows\system32\KERNELBASE.dll
0x000007feff9f0000 - 0x000007feffacb000 	C:\Windows\system32\ADVAPI32.dll
0x000007fefe510000 - 0x000007fefe5af000 	C:\Windows\system32\msvcrt.dll
0x000007feffb40000 - 0x000007feffb5f000 	C:\Windows\SYSTEM32\sechost.dll
0x000007fefe150000 - 0x000007fefe27d000 	C:\Windows\system32\RPCRT4.dll
0x0000000077940000 - 0x0000000077a3a000 	C:\Windows\system32\USER32.dll
0x000007feffad0000 - 0x000007feffb37000 	C:\Windows\system32\GDI32.dll
0x000007feff860000 - 0x000007feff86e000 	C:\Windows\system32\LPK.dll
0x000007fefde80000 - 0x000007fefdf49000 	C:\Windows\system32\USP10.dll
0x000007fefc580000 - 0x000007fefc774000 	C:\Windows\WinSxS\amd64_microsoft.windows.common-controls_6595b64144ccf1df_6.0.7601.17514_none_fa396087175ac9ac\COMCTL32.dll
0x000007fefea50000 - 0x000007fefeac1000 	C:\Windows\system32\SHLWAPI.dll
0x000007fefe2d0000 - 0x000007fefe2fe000 	C:\Windows\system32\IMM32.DLL
0x000007feffb70000 - 0x000007feffc79000 	C:\Windows\system32\MSCTF.dll
0x00000000630b0000 - 0x0000000063182000 	C:\Program Files\Java\jdk1.8.0_60\jre\bin\msvcr100.dll
0x0000000056200000 - 0x0000000056a89000 	C:\Program Files\Java\jdk1.8.0_60\jre\bin\server\jvm.dll
0x000007fef3c20000 - 0x000007fef3c29000 	C:\Windows\system32\WSOCK32.dll
0x000007fefe280000 - 0x000007fefe2cd000 	C:\Windows\system32\WS2_32.dll
0x000007feffb60000 - 0x000007feffb68000 	C:\Windows\system32\NSI.dll
0x000007fefc080000 - 0x000007fefc0bb000 	C:\Windows\system32\WINMM.dll
0x000007fefcc10000 - 0x000007fefcc1c000 	C:\Windows\system32\VERSION.dll
0x0000000077d20000 - 0x0000000077d27000 	C:\Windows\system32\PSAPI.DLL
0x0000000075200000 - 0x000000007520f000 	C:\Program Files\Java\jdk1.8.0_60\jre\bin\verify.dll
0x00000000647c0000 - 0x00000000647e9000 	C:\Program Files\Java\jdk1.8.0_60\jre\bin\java.dll
0x00000000751e0000 - 0x00000000751f6000 	C:\Program Files\Java\jdk1.8.0_60\jre\bin\zip.dll
0x000007fefead0000 - 0x000007feff858000 	C:\Windows\system32\SHELL32.dll
0x000007fefe300000 - 0x000007fefe503000 	C:\Windows\system32\ole32.dll
0x000007fefdab0000 - 0x000007fefdabf000 	C:\Windows\system32\profapi.dll

VM Arguments:
jvm_args: -Djava.awt.headless=true -Xmx1024M -Dfile.encoding=windows-1252 -Duser.country=US -Duser.language=en -Duser.variant 
java_command: com.android.dx.command.Main --dex --force-jumbo --num-threads=4 --multi-dex --output D:\project\AndroidStudioProjects\PersonalUtilitiesForLife\app\build\intermediates\transforms\dex\debug\folders\1000\10\com.android.support-support-v4-23.4.0_6fadf15d9745d9003036b551226c64a74b02b17e D:\project\AndroidStudioProjects\PersonalUtilitiesForLife\app\build\intermediates\exploded-aar\com.android.support\support-v4\23.4.0\jars\classes.jar
java_class_path (initial): D:\Android\sdk\build-tools\23.0.3\lib\dx.jar
Launcher Type: SUN_STANDARD

Environment Variables:
JAVA_HOME=C:\Program Files\Java\jdk1.8.0_60
PATH=C:\ProgramData\Oracle\Java\javapath;C:\Program Files\Common Files\Microsoft Shared\Windows Live;C:\Program Files (x86)\HP SimplePass\x64;C:\Program Files (x86)\HP SimplePass\;;C:\Windows\system32;C:\Windows;C:\Windows\System32\Wbem;C:\Windows\System32\WindowsPowerShell\v1.0\;C:\Program Files (x86)\Java\jdk1.7.0_09\bin;C:\Strawberry\c\bin;C:\Strawberry\perl\site\bin;C:\Strawberry\perl\bin;C:\Program Files (x86)\Intel\OpenCL SDK\2.0\bin\x86;C:\Program Files (x86)\Intel\OpenCL SDK\2.0\bin\x64;C:\PROGRA~2\PICC;C:\Program Files (x86)\Microchip\xc16\v1.25\bin;C:\Program Files (x86)\Microchip\xc8\v1.35\bin;C:\Program Files\Java\jre1.8.0_65\bin;C:\Program Files\Java\jdk1.8.0_60\jre\bin;D:\Android\sdk\platform-tools;C:\Program Files\Common Files\Microsoft Shared\Windows Live;C:\Program Files\Java\jre1.8.0_65\bin
USERNAME=Nhut
OS=Windows_NT
PROCESSOR_IDENTIFIER=Intel64 Family 6 Model 42 Stepping 7, GenuineIntel



---------------  S Y S T E M  ---------------

OS: Windows 7 , 64 bit Build 7601 (6.1.7601.17514)

CPU:total 8 (4 cores per cpu, 2 threads per core) family 6 model 42 stepping 7, cmov, cx8, fxsr, mmx, sse, sse2, sse3, ssse3, sse4.1, sse4.2, popcnt, avx, aes, clmul, ht, tsc, tscinvbit

Memory: 4k page, physical 6238064k(170228k free), swap 8333368k(4620k free)

vm_info: Java HotSpot(TM) 64-Bit Server VM (25.60-b23) for windows-amd64 JRE (1.8.0_60-b27), built on Aug  4 2015 11:06:27 by "java_re" with MS VC++ 10.0 (VS2010)

time: Mon Jun 27 10:47:10 2016
elapsed time: 13 seconds (0d 0h 0m 13s)

