#
# There is insufficient memory for the Java Runtime Environment to continue.
# Native memory allocation (malloc) failed to allocate 510736 bytes for Chunk::new
# Possible reasons:
#   The system is out of physical RAM or swap space
#   In 32 bit mode, the process size limit was hit
# Possible solutions:
#   Reduce memory load on the system
#   Increase physical memory or swap space
#   Check if swap backing store is full
#   Use 64 bit Java on a 64 bit OS
#   Decrease Java heap size (-Xmx/-Xms)
#   Decrease number of Java threads
#   Decrease Java thread stack sizes (-Xss)
#   Set larger code cache with -XX:ReservedCodeCacheSize=
# This output file may be truncated or incomplete.
#
#  Out of Memory Error (allocation.cpp:390), pid=11892, tid=9492
#
# JRE version: Java(TM) SE Runtime Environment (8.0_60-b27) (build 1.8.0_60-b27)
# Java VM: Java HotSpot(TM) 64-Bit Server VM (25.60-b23 mixed mode windows-amd64 compressed oops)
# Failed to write core dump. Minidumps are not enabled by default on client versions of Windows
#

---------------  T H R E A D  ---------------

Current thread (0x0000000056f17000):  JavaThread "C2 CompilerThread0" daemon [_thread_in_native, id=9492, stack(0x00000000586e0000,0x00000000587e0000)]

Stack: [0x00000000586e0000,0x00000000587e0000]
[error occurred during error reporting (printing stack bounds), id 0xc0000005]

Native frames: (J=compiled Java code, j=interpreted, Vv=VM code, C=native code)


Current CompileTask:
C2:   1693  566       4       com.android.dx.ssa.NormalSsaInsn::accept (25 bytes)


---------------  P R O C E S S  ---------------

Java Threads: ( => current thread )
  0x00000000571ad800 JavaThread "pool-2-thread-4" [_thread_blocked, id=1420, stack(0x0000000059180000,0x0000000059280000)]
  0x000000005710e800 JavaThread "pool-2-thread-3" [_thread_blocked, id=10484, stack(0x0000000058dc0000,0x0000000058ec0000)]
  0x0000000057109000 JavaThread "pool-2-thread-2" [_thread_blocked, id=8668, stack(0x0000000058ba0000,0x0000000058ca0000)]
  0x0000000057108000 JavaThread "pool-3-thread-1" [_thread_blocked, id=1960, stack(0x0000000059030000,0x0000000059130000)]
  0x0000000057101800 JavaThread "pool-2-thread-1" [_thread_blocked, id=1688, stack(0x0000000058f10000,0x0000000059010000)]
  0x0000000056fc2000 JavaThread "Service Thread" daemon [_thread_blocked, id=7756, stack(0x0000000058590000,0x0000000058690000)]
  0x0000000056f89000 JavaThread "C1 CompilerThread3" daemon [_thread_blocked, id=12252, stack(0x0000000058aa0000,0x0000000058ba0000)]
  0x0000000056f7f000 JavaThread "C2 CompilerThread2" daemon [_thread_blocked, id=11072, stack(0x0000000058990000,0x0000000058a90000)]
  0x0000000056f6c800 JavaThread "C2 CompilerThread1" daemon [_thread_blocked, id=10536, stack(0x00000000587e0000,0x00000000588e0000)]
=>0x0000000056f17000 JavaThread "C2 CompilerThread0" daemon [_thread_in_native, id=9492, stack(0x00000000586e0000,0x00000000587e0000)]
  0x0000000056f15800 JavaThread "Attach Listener" daemon [_thread_blocked, id=6896, stack(0x0000000058100000,0x0000000058200000)]
  0x0000000056f28000 JavaThread "Signal Dispatcher" daemon [_thread_blocked, id=9632, stack(0x0000000058450000,0x0000000058550000)]
  0x00000000556c6800 JavaThread "Finalizer" daemon [_thread_blocked, id=8892, stack(0x0000000058250000,0x0000000058350000)]
  0x00000000556c4800 JavaThread "Reference Handler" daemon [_thread_blocked, id=7028, stack(0x0000000057ef0000,0x0000000057ff0000)]
  0x00000000004de000 JavaThread "main" [_thread_blocked, id=10160, stack(0x00000000025a0000,0x00000000026a0000)]

Other Threads:
  0x0000000056ed0800 VMThread [stack: 0x0000000058000000,0x0000000058100000] [id=8924]
  0x0000000056fa5000 WatcherThread [stack: 0x0000000058cc0000,0x0000000058dc0000] [id=10984]

VM state:not at safepoint (normal execution)

VM Mutex/Monitor currently owned by a thread: None

Heap:
 PSYoungGen      total 28672K, used 14536K [0x00000000eab00000, 0x00000000ecb00000, 0x0000000100000000)
  eden space 24576K, 59% used [0x00000000eab00000,0x00000000eb932198,0x00000000ec300000)
  from space 4096K, 0% used [0x00000000ec700000,0x00000000ec700000,0x00000000ecb00000)
  to   space 4096K, 0% used [0x00000000ec300000,0x00000000ec300000,0x00000000ec700000)
 ParOldGen       total 65536K, used 0K [0x00000000c0000000, 0x00000000c4000000, 0x00000000eab00000)
  object space 65536K, 0% used [0x00000000c0000000,0x00000000c0000000,0x00000000c4000000)
 Metaspace       used 5526K, capacity 6576K, committed 6784K, reserved 1056768K
  class space    used 591K, capacity 616K, committed 640K, reserved 1048576K

Card table byte_map: [0x0000000011d30000,0x0000000011f40000] byte_map_base: 0x0000000011730000

Marking Bits: (ParMarkBitMap*) 0x0000000056bca5b0
 Begin Bits: [0x0000000012ae0000, 0x0000000013ae0000)
 End Bits:   [0x0000000013ae0000, 0x0000000014ae0000)

Polling page: 0x00000000001c0000

CodeCache: size=245760Kb used=1992Kb max_used=2005Kb free=243767Kb
 bounds [0x0000000002970000, 0x0000000002be0000, 0x0000000011970000]
 total_blobs=785 nmethods=514 adapters=182
 compilation: enabled

Compilation events (10 events):
Event: 1.619 Thread 0x0000000056f17000 nmethod 526 0x0000000002b62e50 code [0x0000000002b62fa0, 0x0000000002b630b8]
Event: 1.619 Thread 0x0000000056f17000  389       4       com.android.dx.rop.type.Type::getCategory (36 bytes)
Event: 1.620 Thread 0x0000000056f17000 nmethod 389 0x0000000002b62c50 code [0x0000000002b62d80, 0x0000000002b62df8]
Event: 1.620 Thread 0x0000000056f17000  532       4       java.lang.Long::numberOfTrailingZeros (116 bytes)
Event: 1.621 Thread 0x0000000056f17000 nmethod 532 0x0000000002b629d0 code [0x0000000002b62b00, 0x0000000002b62bd8]
Event: 1.621 Thread 0x0000000056f17000  533       4       java.util.HashMap::get (23 bytes)
Event: 1.639 Thread 0x0000000056f17000 nmethod 533 0x0000000002b66dd0 code [0x0000000002b66f60, 0x0000000002b676f8]
Event: 1.639 Thread 0x0000000056f17000  565       4       com.android.dx.ssa.NormalSsaInsn::getOpcode (8 bytes)
Event: 1.640 Thread 0x0000000056f17000 nmethod 565 0x0000000002b62790 code [0x0000000002b628c0, 0x0000000002b62938]
Event: 1.640 Thread 0x0000000056f17000  566       4       com.android.dx.ssa.NormalSsaInsn::accept (25 bytes)

GC Heap History (0 events):
No events

Deoptimization events (1 events):
Event: 1.627 Thread 0x0000000057109000 Uncommon trap: reason=unstable_if action=reinterpret pc=0x0000000002b63064 method=java.util.BitSet.ensureCapacity(I)V @ 6

Internal exceptions (2 events):
Event: 0.112 Thread 0x00000000004de000 Exception <a 'java/lang/NoSuchMethodError': Method sun.misc.Unsafe.defineClass(Ljava/lang/String;[BII)Ljava/lang/Class; name or signature does not match> (0x00000000eab0d988) thrown at [C:\re\workspace\8-2-build-windows-amd64-cygwin\jdk8u60\4407\hotspot\srg’ølK©¼?
Event: 0.112 Thread 0x00000000004de000 Exception <a 'java/lang/NoSuchMethodError': Method sun.misc.Unsafe.prefetchRead(Ljava/lang/Object;J)V name or signature does not match> (0x00000000eab0dc70) thrown at [C:\re\workspace\8-2-build-windows-amd64-cygwin\jdk8u60\4407\hotspot\src\share\vm\prims\j

Events (10 events):
Event: 1.400 loading class com/android/dx/cf/code/Ropper$ExceptionHandlerSetup done
Event: 1.401 loading class com/android/dx/dex/file/MethodAnnotationStruct
Event: 1.401 loading class com/android/dx/dex/file/MethodAnnotationStruct done
Event: 1.402 loading class java/util/HashMap$Values
Event: 1.402 loading class java/util/HashMap$Values done
Event: 1.402 loading class java/util/HashMap$ValueIterator
Event: 1.402 loading class java/util/HashMap$ValueIterator done
Event: 1.627 Thread 0x0000000057109000 Uncommon trap: trap_request=0xffffff65 fr.pc=0x0000000002b63064
Event: 1.627 Thread 0x0000000057109000 DEOPT PACKING pc=0x0000000002b63064 sp=0x0000000058c9e8e0
Event: 1.627 Thread 0x0000000057109000 DEOPT UNPACKING pc=0x00000000029b582a sp=0x0000000058c9e7c8 mode 2


Dynamic libraries:
0x000000013f8d0000 - 0x000000013f907000 	C:\Program Files\Java\jdk1.8.0_60\bin\java.exe
0x0000000077b60000 - 0x0000000077d09000 	C:\Windows\SYSTEM32\ntdll.dll
0x0000000077a40000 - 0x0000000077b5f000 	C:\Windows\system32\kernel32.dll
0x000007fefdc60000 - 0x000007fefdccb000 	C:\Windows\system32\KERNELBASE.dll
0x000007feff9f0000 - 0x000007feffacb000 	C:\Windows\system32\ADVAPI32.dll
0x000007fefe510000 - 0x000007fefe5af000 	C:\Windows\system32\msvcrt.dll
0x000007feffb40000 - 0x000007feffb5f000 	C:\Windows\SYSTEM32\sechost.dll
0x000007fefe150000 - 0x000007fefe27d000 	C:\Windows\system32\RPCRT4.dll
0x0000000077940000 - 0x0000000077a3a000 	C:\Windows\system32\USER32.dll
0x000007feffad0000 - 0x000007feffb37000 	C:\Windows\system32\GDI32.dll
0x000007feff860000 - 0x000007feff86e000 	C:\Windows\system32\LPK.dll
0x000007fefde80000 - 0x000007fefdf49000 	C:\Windows\system32\USP10.dll
0x000007fefc580000 - 0x000007fefc774000 	C:\Windows\WinSxS\amd64_microsoft.windows.common-controls_6595b64144ccf1df_6.0.7601.17514_none_fa396087175ac9ac\COMCTL32.dll
0x000007fefea50000 - 0x000007fefeac1000 	C:\Windows\system32\SHLWAPI.dll
0x000007fefe2d0000 - 0x000007fefe2fe000 	C:\Windows\system32\IMM32.DLL
0x000007feffb70000 - 0x000007feffc79000 	C:\Windows\system32\MSCTF.dll
0x000000005fee0000 - 0x000000005ffb2000 	C:\Program Files\Java\jdk1.8.0_60\jre\bin\msvcr100.dll
0x00000000563c0000 - 0x0000000056c49000 	C:\Program Files\Java\jdk1.8.0_60\jre\bin\server\jvm.dll
0x000007fef3c20000 - 0x000007fef3c29000 	C:\Windows\system32\WSOCK32.dll
0x000007fefe280000 - 0x000007fefe2cd000 	C:\Windows\system32\WS2_32.dll
0x000007feffb60000 - 0x000007feffb68000 	C:\Windows\system32\NSI.dll
0x000007fefc080000 - 0x000007fefc0bb000 	C:\Windows\system32\WINMM.dll
0x000007fefcc10000 - 0x000007fefcc1c000 	C:\Windows\system32\VERSION.dll
0x0000000077d20000 - 0x0000000077d27000 	C:\Windows\system32\PSAPI.DLL
0x00000000751f0000 - 0x00000000751ff000 	C:\Program Files\Java\jdk1.8.0_60\jre\bin\verify.dll
0x00000000647c0000 - 0x00000000647e9000 	C:\Program Files\Java\jdk1.8.0_60\jre\bin\java.dll
0x0000000065760000 - 0x0000000065776000 	C:\Program Files\Java\jdk1.8.0_60\jre\bin\zip.dll
0x000007fefead0000 - 0x000007feff858000 	C:\Windows\system32\SHELL32.dll
0x000007fefe300000 - 0x000007fefe503000 	C:\Windows\system32\ole32.dll
0x000007fefdab0000 - 0x000007fefdabf000 	C:\Windows\system32\profapi.dll

VM Arguments:
jvm_args: -Djava.awt.headless=true -Xmx1024M -Dfile.encoding=windows-1252 -Duser.country=US -Duser.language=en -Duser.variant 
java_command: com.android.dx.command.Main --dex --force-jumbo --num-threads=4 --multi-dex --output D:\project\AndroidStudioProjects\PersonalUtilitiesForLife\app\build\intermediates\transforms\dex\debug\folders\1000\10\internal_impl-23.0.0_3622ae746ac8dd51e5d572d32321fdb2d9e9beca D:\project\AndroidStudioProjects\PersonalUtilitiesForLife\app\build\intermediates\exploded-aar\com.android.support\mediarouter-v7\23.0.0\jars\libs\internal_impl-23.0.0.jar
java_class_path (initial): D:\Android\sdk\build-tools\23.0.3\lib\dx.jar
Launcher Type: SUN_STANDARD

Environment Variables:
JAVA_HOME=C:\Program Files\Java\jdk1.8.0_60
PATH=C:\ProgramData\Oracle\Java\javapath;C:\Program Files\Common Files\Microsoft Shared\Windows Live;C:\Program Files (x86)\HP SimplePass\x64;C:\Program Files (x86)\HP SimplePass\;;C:\Windows\system32;C:\Windows;C:\Windows\System32\Wbem;C:\Windows\System32\WindowsPowerShell\v1.0\;C:\Program Files (x86)\Java\jdk1.7.0_09\bin;C:\Strawberry\c\bin;C:\Strawberry\perl\site\bin;C:\Strawberry\perl\bin;C:\Program Files (x86)\Intel\OpenCL SDK\2.0\bin\x86;C:\Program Files (x86)\Intel\OpenCL SDK\2.0\bin\x64;C:\PROGRA~2\PICC;C:\Program Files (x86)\Microchip\xc16\v1.25\bin;C:\Program Files (x86)\Microchip\xc8\v1.35\bin;C:\Program Files\Java\jre1.8.0_65\bin;C:\Program Files\Java\jdk1.8.0_60\jre\bin;D:\Android\sdk\platform-tools;C:\Program Files\Common Files\Microsoft Shared\Windows Live;C:\Program Files\Java\jre1.8.0_65\bin
USERNAME=Nhut
OS=Windows_NT
PROCESSOR_IDENTIFIER=Intel64 Family 6 Model 42 Stepping 7, GenuineIntel



---------------  S Y S T E M  ---------------

OS: Windows 7 , 64 bit Build 7601 (6.1.7601.17514)

CPU:total 8 (4 cores per cpu, 2 threads per core) family 6 model 42 stepping 7, cmov, cx8, fxsr, mmx, sse, sse2, sse3, ssse3, sse4.1, sse4.2, popcnt, avx, aes, clmul, ht, tsc, tscinvbit

Memory: 4k page, physical 6238064k(428964k free), swap 8333368k(16888k free)

vm_info: Java HotSpot(TM) 64-Bit Server VM (25.60-b23) for windows-amd64 JRE (1.8.0_60-b27), built on Aug  4 2015 11:06:27 by "java_re" with MS VC++ 10.0 (VS2010)

time: Mon Jun 27 11:33:19 2016
elapsed time: 1 seconds (0d 0h 0m 1s)

