#
# There is insufficient memory for the Java Runtime Environment to continue.
# Native memory allocation (malloc) failed to allocate 2007616 bytes for Chunk::new
# Possible reasons:
#   The system is out of physical RAM or swap space
#   In 32 bit mode, the process size limit was hit
# Possible solutions:
#   Reduce memory load on the system
#   Increase physical memory or swap space
#   Check if swap backing store is full
#   Use 64 bit Java on a 64 bit OS
#   Decrease Java heap size (-Xmx/-Xms)
#   Decrease number of Java threads
#   Decrease Java thread stack sizes (-Xss)
#   Set larger code cache with -XX:ReservedCodeCacheSize=
# This output file may be truncated or incomplete.
#
#  Out of Memory Error (allocation.cpp:390), pid=14752, tid=14528
#
# JRE version: Java(TM) SE Runtime Environment (8.0_60-b27) (build 1.8.0_60-b27)
# Java VM: Java HotSpot(TM) 64-Bit Server VM (25.60-b23 mixed mode windows-amd64 compressed oops)
# Failed to write core dump. Minidumps are not enabled by default on client versions of Windows
#

---------------  T H R E A D  ---------------

Current thread (0x000000005566f000):  JavaThread "C2 CompilerThread2" daemon [_thread_in_native, id=14528, stack(0x0000000058170000,0x0000000058270000)]

Stack: [0x0000000058170000,0x0000000058270000]
[error occurred during error reporting (printing stack bounds), id 0xc0000005]

Native frames: (J=compiled Java code, j=interpreted, Vv=VM code, C=native code)


Current CompileTask:
C2:  12032 1693   !   4       com.android.dx.cf.code.Ropper::processBlock (1101 bytes)


---------------  P R O C E S S  ---------------

Java Threads: ( => current thread )
  0x0000000058677800 JavaThread "pool-2-thread-4" [_thread_blocked, id=14480, stack(0x0000000058e60000,0x0000000058f60000)]
  0x0000000056879000 JavaThread "pool-2-thread-3" [_thread_blocked, id=14508, stack(0x0000000059350000,0x0000000059450000)]
  0x0000000056878000 JavaThread "pool-2-thread-2" [_thread_in_Java, id=14592, stack(0x00000000591d0000,0x00000000592d0000)]
  0x0000000056874800 JavaThread "pool-3-thread-1" [_thread_blocked, id=13252, stack(0x0000000058f90000,0x0000000059090000)]
  0x0000000056872800 JavaThread "pool-2-thread-1" [_thread_blocked, id=13348, stack(0x0000000058cf0000,0x0000000058df0000)]
  0x00000000566a0000 JavaThread "Service Thread" daemon [_thread_blocked, id=7788, stack(0x0000000057a90000,0x0000000057b90000)]
  0x0000000056620000 JavaThread "C1 CompilerThread3" daemon [_thread_blocked, id=14452, stack(0x00000000582a0000,0x00000000583a0000)]
=>0x000000005566f000 JavaThread "C2 CompilerThread2" daemon [_thread_in_native, id=14528, stack(0x0000000058170000,0x0000000058270000)]
  0x000000005566a000 JavaThread "C2 CompilerThread1" daemon [_thread_in_native, id=14584, stack(0x0000000058000000,0x0000000058100000)]
  0x0000000056601800 JavaThread "C2 CompilerThread0" daemon [_thread_in_vm, id=14556, stack(0x0000000057ed0000,0x0000000057fd0000)]
  0x0000000056600800 JavaThread "Attach Listener" daemon [_thread_blocked, id=9824, stack(0x0000000057da0000,0x0000000057ea0000)]
  0x00000000565ff800 JavaThread "Signal Dispatcher" daemon [_thread_blocked, id=14384, stack(0x0000000057bb0000,0x0000000057cb0000)]
  0x0000000055659000 JavaThread "Finalizer" daemon [_thread_blocked, id=14116, stack(0x0000000057960000,0x0000000057a60000)]
  0x0000000055657000 JavaThread "Reference Handler" daemon [_thread_blocked, id=13456, stack(0x00000000576d0000,0x00000000577d0000)]
  0x000000000034e800 JavaThread "main" [_thread_blocked, id=12944, stack(0x0000000001e90000,0x0000000001f90000)]

Other Threads:
  0x00000000565b2800 VMThread [stack: 0x0000000057540000,0x0000000057640000] [id=14500]
  0x00000000566bc800 WatcherThread [stack: 0x00000000583b0000,0x00000000584b0000] [id=14420]

VM state:not at safepoint (normal execution)

VM Mutex/Monitor currently owned by a thread: None

Heap:
 PSYoungGen      total 102400K, used 10873K [0x00000000eab00000, 0x00000000f9900000, 0x0000000100000000)
  eden space 98304K, 6% used [0x00000000eab00000,0x00000000eb1a0160,0x00000000f0b00000)
  from space 4096K, 99% used [0x00000000f0b00000,0x00000000f0efe528,0x00000000f0f00000)
  to   space 23552K, 0% used [0x00000000f8200000,0x00000000f8200000,0x00000000f9900000)
 ParOldGen       total 65536K, used 34399K [0x00000000c0000000, 0x00000000c4000000, 0x00000000eab00000)
  object space 65536K, 52% used [0x00000000c0000000,0x00000000c2197c08,0x00000000c4000000)
 Metaspace       used 6400K, capacity 7152K, committed 7296K, reserved 1056768K
  class space    used 597K, capacity 616K, committed 640K, reserved 1048576K

Card table byte_map: [0x0000000011bb0000,0x0000000011dc0000] byte_map_base: 0x00000000115b0000

Marking Bits: (ParMarkBitMap*) 0x0000000070b9a5b0
 Begin Bits: [0x0000000012a70000, 0x0000000013a70000)
 End Bits:   [0x0000000013a70000, 0x0000000014a70000)

Polling page: 0x0000000000330000

CodeCache: size=245760Kb used=10222Kb max_used=10234Kb free=235537Kb
 bounds [0x00000000027f0000, 0x0000000003200000, 0x00000000117f0000]
 total_blobs=2431 nmethods=2161 adapters=182
 compilation: enabled

Compilation events (10 events):
Event: 11.662 Thread 0x0000000056620000 nmethod 2259 0x00000000031c6fd0 code [0x00000000031c7120, 0x00000000031c7230]
Event: 11.682 Thread 0x0000000056620000 2262       2       com.android.dx.cf.attrib.AttEnclosingMethod::<init> (31 bytes)
Event: 11.683 Thread 0x0000000056620000 nmethod 2262 0x00000000031d8e50 code [0x00000000031d8fc0, 0x00000000031d9208]
Event: 11.768 Thread 0x0000000056601800 nmethod 2249 0x00000000031e5b90 code [0x00000000031e5e40, 0x00000000031e8298]
Event: 11.768 Thread 0x0000000056601800 2227       4       com.android.dx.cf.code.Ropper::addExceptionSetupBlocks (203 bytes)
Event: 11.820 Thread 0x000000005566a000 nmethod 2230 0x00000000031f1c10 code [0x00000000031f1f20, 0x00000000031f52e8]
Event: 11.820 Thread 0x000000005566a000 2224       4       com.android.dx.ssa.PhiInsn::getSources (95 bytes)
Event: 11.832 Thread 0x000000005566a000 nmethod 2224 0x00000000031d7110 code [0x00000000031d7280, 0x00000000031d7678]
Event: 11.833 Thread 0x000000005566a000 2263 %     4       com.android.dx.ssa.ConstCollector::getConstsSortedByCountUse @ 27 (386 bytes)
Event: 11.871 Thread 0x0000000056601800 nmethod 2227 0x00000000031ed410 code [0x00000000031ed6c0, 0x00000000031ef6e8]

GC Heap History (10 events):
Event: 0.956 GC heap before
{Heap before GC invocations=1 (full 0):
 PSYoungGen      total 28672K, used 24576K [0x00000000eab00000, 0x00000000ecb00000, 0x0000000100000000)
  eden space 24576K, 100% used [0x00000000eab00000,0x00000000ec300000,0x00000000ec300000)
  from space 4096K, 0% used [0x00000000ec700000,0x00000000ec700000,0x00000000ecb00000)
  to   space 4096K, 0% used [0x00000000ec300000,0x00000000ec300000,0x00000000ec700000)
 ParOldGen       total 65536K, used 0K [0x00000000c0000000, 0x00000000c4000000, 0x00000000eab00000)
  object space 65536K, 0% used [0x00000000c0000000,0x00000000c0000000,0x00000000c4000000)
 Metaspace       used 5424K, capacity 6448K, committed 6528K, reserved 1056768K
  class space    used 591K, capacity 616K, committed 640K, reserved 1048576K
Event: 1.058 GC heap after
Heap after GC invocations=1 (full 0):
 PSYoungGen      total 28672K, used 3349K [0x00000000eab00000, 0x00000000ee300000, 0x0000000100000000)
  eden space 24576K, 0% used [0x00000000eab00000,0x00000000eab00000,0x00000000ec300000)
  from space 4096K, 81% used [0x00000000ec300000,0x00000000ec645780,0x00000000ec700000)
  to   space 4096K, 0% used [0x00000000edf00000,0x00000000edf00000,0x00000000ee300000)
 ParOldGen       total 65536K, used 8K [0x00000000c0000000, 0x00000000c4000000, 0x00000000eab00000)
  object space 65536K, 0% used [0x00000000c0000000,0x00000000c0002000,0x00000000c4000000)
 Metaspace       used 5424K, capacity 6448K, committed 6528K, reserved 1056768K
  class space    used 591K, capacity 616K, committed 640K, reserved 1048576K
}
Event: 2.604 GC heap before
{Heap before GC invocations=2 (full 0):
 PSYoungGen      total 28672K, used 27925K [0x00000000eab00000, 0x00000000ee300000, 0x0000000100000000)
  eden space 24576K, 100% used [0x00000000eab00000,0x00000000ec300000,0x00000000ec300000)
  from space 4096K, 81% used [0x00000000ec300000,0x00000000ec645780,0x00000000ec700000)
  to   space 4096K, 0% used [0x00000000edf00000,0x00000000edf00000,0x00000000ee300000)
 ParOldGen       total 65536K, used 8K [0x00000000c0000000, 0x00000000c4000000, 0x00000000eab00000)
  object space 65536K, 0% used [0x00000000c0000000,0x00000000c0002000,0x00000000c4000000)
 Metaspace       used 6086K, capacity 6960K, committed 7040K, reserved 1056768K
  class space    used 597K, capacity 616K, committed 640K, reserved 1048576K
Event: 2.652 GC heap after
Heap after GC invocations=2 (full 0):
 PSYoungGen      total 53248K, used 4074K [0x00000000eab00000, 0x00000000ee300000, 0x0000000100000000)
  eden space 49152K, 0% used [0x00000000eab00000,0x00000000eab00000,0x00000000edb00000)
  from space 4096K, 99% used [0x00000000edf00000,0x00000000ee2faab8,0x00000000ee300000)
  to   space 4096K, 0% used [0x00000000edb00000,0x00000000edb00000,0x00000000edf00000)
 ParOldGen       total 65536K, used 1412K [0x00000000c0000000, 0x00000000c4000000, 0x00000000eab00000)
  object space 65536K, 2% used [0x00000000c0000000,0x00000000c01610a8,0x00000000c4000000)
 Metaspace       used 6086K, capacity 6960K, committed 7040K, reserved 1056768K
  class space    used 597K, capacity 616K, committed 640K, reserved 1048576K
}
Event: 6.241 GC heap before
{Heap before GC invocations=3 (full 0):
 PSYoungGen      total 53248K, used 53226K [0x00000000eab00000, 0x00000000ee300000, 0x0000000100000000)
  eden space 49152K, 100% used [0x00000000eab00000,0x00000000edb00000,0x00000000edb00000)
  from space 4096K, 99% used [0x00000000edf00000,0x00000000ee2faab8,0x00000000ee300000)
  to   space 4096K, 0% used [0x00000000edb00000,0x00000000edb00000,0x00000000edf00000)
 ParOldGen       total 65536K, used 1412K [0x00000000c0000000, 0x00000000c4000000, 0x00000000eab00000)
  object space 65536K, 2% used [0x00000000c0000000,0x00000000c01610a8,0x00000000c4000000)
 Metaspace       used 6246K, capacity 7088K, committed 7296K, reserved 1056768K
  class space    used 597K, capacity 616K, committed 640K, reserved 1048576K
Event: 6.271 GC heap after
Heap after GC invocations=3 (full 0):
 PSYoungGen      total 53248K, used 4074K [0x00000000eab00000, 0x00000000f1300000, 0x0000000100000000)
  eden space 49152K, 0% used [0x00000000eab00000,0x00000000eab00000,0x00000000edb00000)
  from space 4096K, 99% used [0x00000000edb00000,0x00000000edefab30,0x00000000edf00000)
  to   space 4096K, 0% used [0x00000000f0f00000,0x00000000f0f00000,0x00000000f1300000)
 ParOldGen       total 65536K, used 9311K [0x00000000c0000000, 0x00000000c4000000, 0x00000000eab00000)
  object space 65536K, 14% used [0x00000000c0000000,0x00000000c0917c08,0x00000000c4000000)
 Metaspace       used 6246K, capacity 7088K, committed 7296K, reserved 1056768K
  class space    used 597K, capacity 616K, committed 640K, reserved 1048576K
}
Event: 6.873 GC heap before
{Heap before GC invocations=4 (full 0):
 PSYoungGen      total 53248K, used 53226K [0x00000000eab00000, 0x00000000f1300000, 0x0000000100000000)
  eden space 49152K, 100% used [0x00000000eab00000,0x00000000edb00000,0x00000000edb00000)
  from space 4096K, 99% used [0x00000000edb00000,0x00000000edefab30,0x00000000edf00000)
  to   space 4096K, 0% used [0x00000000f0f00000,0x00000000f0f00000,0x00000000f1300000)
 ParOldGen       total 65536K, used 9311K [0x00000000c0000000, 0x00000000c4000000, 0x00000000eab00000)
  object space 65536K, 14% used [0x00000000c0000000,0x00000000c0917c08,0x00000000c4000000)
 Metaspace       used 6292K, capacity 7088K, committed 7296K, reserved 1056768K
  class space    used 597K, capacity 616K, committed 640K, reserved 1048576K
Event: 6.920 GC heap after
Heap after GC invocations=4 (full 0):
 PSYoungGen      total 102400K, used 4083K [0x00000000eab00000, 0x00000000f1300000, 0x0000000100000000)
  eden space 98304K, 0% used [0x00000000eab00000,0x00000000eab00000,0x00000000f0b00000)
  from space 4096K, 99% used [0x00000000f0f00000,0x00000000f12fcec0,0x00000000f1300000)
  to   space 4096K, 0% used [0x00000000f0b00000,0x00000000f0b00000,0x00000000f0f00000)
 ParOldGen       total 65536K, used 16739K [0x00000000c0000000, 0x00000000c4000000, 0x00000000eab00000)
  object space 65536K, 25% used [0x00000000c0000000,0x00000000c1058d08,0x00000000c4000000)
 Metaspace       used 6292K, capacity 7088K, committed 7296K, reserved 1056768K
  class space    used 597K, capacity 616K, committed 640K, reserved 1048576K
}
Event: 11.513 GC heap before
{Heap before GC invocations=5 (full 0):
 PSYoungGen      total 102400K, used 102387K [0x00000000eab00000, 0x00000000f1300000, 0x0000000100000000)
  eden space 98304K, 100% used [0x00000000eab00000,0x00000000f0b00000,0x00000000f0b00000)
  from space 4096K, 99% used [0x00000000f0f00000,0x00000000f12fcec0,0x00000000f1300000)
  to   space 4096K, 0% used [0x00000000f0b00000,0x00000000f0b00000,0x00000000f0f00000)
 ParOldGen       total 65536K, used 16739K [0x00000000c0000000, 0x00000000c4000000, 0x00000000eab00000)
  object space 65536K, 25% used [0x00000000c0000000,0x00000000c1058d08,0x00000000c4000000)
 Metaspace       used 6399K, capacity 7152K, committed 7296K, reserved 1056768K
  class space    used 597K, capacity 616K, committed 640K, reserved 1048576K
Event: 11.615 GC heap after
Heap after GC invocations=5 (full 0):
 PSYoungGen      total 102400K, used 4089K [0x00000000eab00000, 0x00000000f9900000, 0x0000000100000000)
  eden space 98304K, 0% used [0x00000000eab00000,0x00000000eab00000,0x00000000f0b00000)
  from space 4096K, 99% used [0x00000000f0b00000,0x00000000f0efe528,0x00000000f0f00000)
  to   space 23552K, 0% used [0x00000000f8200000,0x00000000f8200000,0x00000000f9900000)
 ParOldGen       total 65536K, used 34399K [0x00000000c0000000, 0x00000000c4000000, 0x00000000eab00000)
  object space 65536K, 52% used [0x00000000c0000000,0x00000000c2197c08,0x00000000c4000000)
 Metaspace       used 6399K, capacity 7152K, committed 7296K, reserved 1056768K
  class space    used 597K, capacity 616K, committed 640K, reserved 1048576K
}

Deoptimization events (10 events):
Event: 6.493 Thread 0x0000000058677800 Uncommon trap: reason=unstable_if action=reinterpret pc=0x0000000002ecdf40 method=java.util.HashMap.resize()[Ljava/util/HashMap$Node; @ 206
Event: 6.493 Thread 0x0000000058677800 Uncommon trap: reason=unstable_if action=reinterpret pc=0x0000000002a5f9c8 method=java.util.HashMap.getNode(ILjava/lang/Object;)Ljava/util/HashMap$Node; @ 84
Event: 6.785 Thread 0x0000000056878000 Uncommon trap: reason=unstable_if action=reinterpret pc=0x0000000002d6fc04 method=com.android.dx.ssa.SCCP.simulateBranch(Lcom/android/dx/ssa/SsaInsn;)V @ 548
Event: 6.787 Thread 0x0000000056878000 Uncommon trap: reason=class_check action=maybe_recompile pc=0x000000000301c4f8 method=com.android.dx.cf.code.RopperMachine.run(Lcom/android/dx/cf/code/Frame;II)V @ 1024
Event: 6.967 Thread 0x0000000056872800 Uncommon trap: reason=unstable_if action=reinterpret pc=0x0000000002fe1308 method=com.android.dx.cf.code.Merger.mergeType(Lcom/android/dx/rop/type/TypeBearer;Lcom/android/dx/rop/type/TypeBearer;)Lcom/android/dx/rop/type/TypeBearer; @ 52
Event: 6.971 Thread 0x0000000058677800 Uncommon trap: reason=unstable_if action=reinterpret pc=0x0000000002ecd1f4 method=com.android.dx.util.BitIntSet.has(I)Z @ 8
Event: 7.029 Thread 0x0000000056878000 Uncommon trap: reason=unstable_if action=reinterpret pc=0x0000000002ed6570 method=com.android.dx.ssa.SCCP.simulateStmt(Lcom/android/dx/ssa/SsaInsn;)V @ 53
Event: 11.472 Thread 0x000000000034e800 Uncommon trap: reason=unloaded action=reinterpret pc=0x0000000002dba7f4 method=com.android.dx.cf.cst.ConstantPoolParser.parse0(ILjava/util/BitSet;)Lcom/android/dx/rop/cst/Constant; @ 176
Event: 11.495 Thread 0x0000000056872800 Uncommon trap: reason=unstable_if action=reinterpret pc=0x0000000002d21d30 method=com.android.dx.ssa.MoveParamCombiner$1.visitNonMoveInsn(Lcom/android/dx/ssa/NormalSsaInsn;)V @ 27
Event: 11.498 Thread 0x0000000056878000 Uncommon trap: reason=bimorphic action=maybe_recompile pc=0x000000000302ad9c method=com.android.dx.ssa.SCCP.setLatticeValueTo(IILcom/android/dx/rop/cst/Constant;)Z @ 43

Internal exceptions (3 events):
Event: 0.147 Thread 0x000000000034e800 Exception <a 'java/lang/NoSuchMethodError': Method sun.misc.Unsafe.defineClass(Ljava/lang/String;[BII)Ljava/lang/Class; name or signature does not match> (0x00000000eab0d830) thrown at [C:\re\workspace\8-2-build-windows-amd64-cygwin\jdk8u60\4407\hotspot\sr8ñ¬–ÐÂ?
Event: 0.147 Thread 0x000000000034e800 Exception <a 'java/lang/NoSuchMethodError': Method sun.misc.Unsafe.prefetchRead(Ljava/lang/Object;J)V name or signature does not match> (0x00000000eab0db18) thrown at [C:\re\workspace\8-2-build-windows-amd64-cygwin\jdk8u60\4407\hotspot\src\share\vm\prims\j²>+$@
Event: 4.035 Thread 0x0000000056872800 Implicit null exception at 0x0000000002a78a52 to 0x0000000002a78b42

Events (10 events):
Event: 11.495 Thread 0x0000000056872800 Uncommon trap: trap_request=0xffffff65 fr.pc=0x0000000002d21d30
Event: 11.495 Thread 0x0000000056872800 DEOPT PACKING pc=0x0000000002d21d30 sp=0x0000000058dee660
Event: 11.496 Thread 0x0000000056872800 DEOPT UNPACKING pc=0x000000000283582a sp=0x0000000058dee5b8 mode 2
Event: 11.498 Thread 0x0000000056878000 Uncommon trap: trap_request=0xffffffc6 fr.pc=0x000000000302ad9c
Event: 11.498 Thread 0x0000000056878000 DEOPT PACKING pc=0x000000000302ad9c sp=0x00000000592ce660
Event: 11.498 Thread 0x0000000056878000 DEOPT UNPACKING pc=0x000000000283582a sp=0x00000000592ce5b8 mode 2
Event: 11.506 Thread 0x000000000034e800 DEOPT PACKING pc=0x0000000002bfc04e sp=0x0000000001f8e510
Event: 11.506 Thread 0x000000000034e800 DEOPT UNPACKING pc=0x000000000283787f sp=0x0000000001f8e2d0 mode 0
Event: 11.510 Executing VM operation: ParallelGCFailedAllocation
Event: 11.615 Executing VM operation: ParallelGCFailedAllocation done


Dynamic libraries:
0x000000013feb0000 - 0x000000013fee7000 	C:\Program Files\Java\jdk1.8.0_60\bin\java.exe
0x0000000076f30000 - 0x00000000770d9000 	C:\Windows\SYSTEM32\ntdll.dll
0x0000000076d10000 - 0x0000000076e2f000 	C:\Windows\system32\kernel32.dll
0x000007fefd070000 - 0x000007fefd0db000 	C:\Windows\system32\KERNELBASE.dll
0x000007fefd7a0000 - 0x000007fefd87b000 	C:\Windows\system32\ADVAPI32.dll
0x000007fefec70000 - 0x000007fefed0f000 	C:\Windows\system32\msvcrt.dll
0x000007fefef20000 - 0x000007fefef3f000 	C:\Windows\SYSTEM32\sechost.dll
0x000007fefd260000 - 0x000007fefd38d000 	C:\Windows\system32\RPCRT4.dll
0x0000000076e30000 - 0x0000000076f2a000 	C:\Windows\system32\USER32.dll
0x000007fefd9d0000 - 0x000007fefda37000 	C:\Windows\system32\GDI32.dll
0x000007fefd790000 - 0x000007fefd79e000 	C:\Windows\system32\LPK.dll
0x000007fefef40000 - 0x000007feff009000 	C:\Windows\system32\USP10.dll
0x000007fefb920000 - 0x000007fefbb14000 	C:\Windows\WinSxS\amd64_microsoft.windows.common-controls_6595b64144ccf1df_6.0.7601.17514_none_fa396087175ac9ac\COMCTL32.dll
0x000007fefea30000 - 0x000007fefeaa1000 	C:\Windows\system32\SHLWAPI.dll
0x000007fefebf0000 - 0x000007fefec1e000 	C:\Windows\system32\IMM32.DLL
0x000007feff130000 - 0x000007feff239000 	C:\Windows\system32\MSCTF.dll
0x0000000077360000 - 0x0000000077432000 	C:\Program Files\Java\jdk1.8.0_60\jre\bin\msvcr100.dll
0x0000000070390000 - 0x0000000070c19000 	C:\Program Files\Java\jdk1.8.0_60\jre\bin\server\jvm.dll
0x000007fef0f90000 - 0x000007fef0f99000 	C:\Windows\system32\WSOCK32.dll
0x000007fefec20000 - 0x000007fefec6d000 	C:\Windows\system32\WS2_32.dll
0x000007fefd250000 - 0x000007fefd258000 	C:\Windows\system32\NSI.dll
0x000007fefb480000 - 0x000007fefb4bb000 	C:\Windows\system32\WINMM.dll
0x000007fefbfe0000 - 0x000007fefbfec000 	C:\Windows\system32\VERSION.dll
0x0000000077100000 - 0x0000000077107000 	C:\Windows\system32\PSAPI.DLL
0x0000000069340000 - 0x000000006934f000 	C:\Program Files\Java\jdk1.8.0_60\jre\bin\verify.dll
0x00000000644d0000 - 0x00000000644f9000 	C:\Program Files\Java\jdk1.8.0_60\jre\bin\java.dll
0x00000000644a0000 - 0x00000000644b6000 	C:\Program Files\Java\jdk1.8.0_60\jre\bin\zip.dll
0x000007fefda40000 - 0x000007fefe7c8000 	C:\Windows\system32\SHELL32.dll
0x000007fefed10000 - 0x000007fefef13000 	C:\Windows\system32\ole32.dll
0x000007fefce80000 - 0x000007fefce8f000 	C:\Windows\system32\profapi.dll

VM Arguments:
jvm_args: -Djava.awt.headless=true -Xmx1024M -Dfile.encoding=windows-1252 -Duser.country=US -Duser.language=en -Duser.variant 
java_command: com.android.dx.command.Main --dex --force-jumbo --num-threads=4 --multi-dex --output D:\project\AndroidStudioProjects\PersonalUtilitiesForLife\app\build\intermediates\transforms\dex\debug\folders\1000\10\com.google.android.gms-play-services-basement-8.1.0_a0e8a3f2868e819e188008e97898b0f2792a0403 D:\project\AndroidStudioProjects\PersonalUtilitiesForLife\app\build\intermediates\exploded-aar\com.google.android.gms\play-services-basement\8.1.0\jars\classes.jar
java_class_path (initial): D:\Android\sdk\build-tools\23.0.3\lib\dx.jar
Launcher Type: SUN_STANDARD

Environment Variables:
JAVA_HOME=C:\Program Files\Java\jdk1.8.0_60
PATH=C:\ProgramData\Oracle\Java\javapath;C:\Program Files\Common Files\Microsoft Shared\Windows Live;C:\Program Files (x86)\HP SimplePass\x64;C:\Program Files (x86)\HP SimplePass\;;C:\Windows\system32;C:\Windows;C:\Windows\System32\Wbem;C:\Windows\System32\WindowsPowerShell\v1.0\;C:\Program Files (x86)\Java\jdk1.7.0_09\bin;C:\Strawberry\c\bin;C:\Strawberry\perl\site\bin;C:\Strawberry\perl\bin;C:\Program Files (x86)\Intel\OpenCL SDK\2.0\bin\x86;C:\Program Files (x86)\Intel\OpenCL SDK\2.0\bin\x64;C:\PROGRA~2\PICC;C:\Program Files (x86)\Microchip\xc16\v1.25\bin;C:\Program Files (x86)\Microchip\xc8\v1.35\bin;C:\Program Files\Java\jre1.8.0_65\bin;C:\Program Files\Java\jdk1.8.0_60\jre\bin;D:\Android\sdk\platform-tools;C:\Program Files\Common Files\Microsoft Shared\Windows Live;C:\Program Files\Java\jre1.8.0_65\bin
USERNAME=Nhut
OS=Windows_NT
PROCESSOR_IDENTIFIER=Intel64 Family 6 Model 42 Stepping 7, GenuineIntel



---------------  S Y S T E M  ---------------

OS: Windows 7 , 64 bit Build 7601 (6.1.7601.17514)

CPU:total 8 (4 cores per cpu, 2 threads per core) family 6 model 42 stepping 7, cmov, cx8, fxsr, mmx, sse, sse2, sse3, ssse3, sse4.1, sse4.2, popcnt, avx, aes, clmul, ht, tsc, tscinvbit

Memory: 4k page, physical 6238064k(673788k free), swap 8333368k(6960k free)

vm_info: Java HotSpot(TM) 64-Bit Server VM (25.60-b23) for windows-amd64 JRE (1.8.0_60-b27), built on Aug  4 2015 11:06:27 by "java_re" with MS VC++ 10.0 (VS2010)

time: Sun Jun 26 11:12:23 2016
elapsed time: 12 seconds (0d 0h 0m 12s)

