#
# There is insufficient memory for the Java Runtime Environment to continue.
# Native memory allocation (malloc) failed to allocate 621392 bytes for Chunk::new
# Possible reasons:
#   The system is out of physical RAM or swap space
#   In 32 bit mode, the process size limit was hit
# Possible solutions:
#   Reduce memory load on the system
#   Increase physical memory or swap space
#   Check if swap backing store is full
#   Use 64 bit Java on a 64 bit OS
#   Decrease Java heap size (-Xmx/-Xms)
#   Decrease number of Java threads
#   Decrease Java thread stack sizes (-Xss)
#   Set larger code cache with -XX:ReservedCodeCacheSize=
# This output file may be truncated or incomplete.
#
#  Out of Memory Error (allocation.cpp:390), pid=6544, tid=10500
#
# JRE version: Java(TM) SE Runtime Environment (8.0_60-b27) (build 1.8.0_60-b27)
# Java VM: Java HotSpot(TM) 64-Bit Server VM (25.60-b23 mixed mode windows-amd64 compressed oops)
# Failed to write core dump. Minidumps are not enabled by default on client versions of Windows
#

---------------  T H R E A D  ---------------

Current thread (0x00000000571af800):  JavaThread "C2 CompilerThread2" daemon [_thread_in_native, id=10500, stack(0x0000000058bc0000,0x0000000058cc0000)]

Stack: [0x0000000058bc0000,0x0000000058cc0000]
[error occurred during error reporting (printing stack bounds), id 0xc0000005]

Native frames: (J=compiled Java code, j=interpreted, Vv=VM code, C=native code)


Current CompileTask:
C2:   4858 1344       4       com.android.dx.dex.code.OutputFinisher::addConstants (93 bytes)


---------------  P R O C E S S  ---------------

Java Threads: ( => current thread )
  0x0000000057348800 JavaThread "pool-1-thread-1" [_thread_in_vm, id=11080, stack(0x00000000591a0000,0x00000000592a0000)]
  0x000000005720d000 JavaThread "Service Thread" daemon [_thread_blocked, id=11544, stack(0x0000000058f10000,0x0000000059010000)]
  0x00000000571b5800 JavaThread "C1 CompilerThread3" daemon [_thread_blocked, id=6972, stack(0x0000000058d80000,0x0000000058e80000)]
=>0x00000000571af800 JavaThread "C2 CompilerThread2" daemon [_thread_in_native, id=10500, stack(0x0000000058bc0000,0x0000000058cc0000)]
  0x000000005719f000 JavaThread "C2 CompilerThread1" daemon [_thread_blocked, id=11868, stack(0x0000000058a40000,0x0000000058b40000)]
  0x000000005719b000 JavaThread "C2 CompilerThread0" daemon [_thread_blocked, id=3340, stack(0x0000000058300000,0x0000000058400000)]
  0x0000000057197800 JavaThread "Attach Listener" daemon [_thread_blocked, id=9332, stack(0x0000000058730000,0x0000000058830000)]
  0x00000000571a8000 JavaThread "Signal Dispatcher" daemon [_thread_blocked, id=8976, stack(0x0000000058860000,0x0000000058960000)]
  0x000000005567c000 JavaThread "Finalizer" daemon [_thread_blocked, id=9580, stack(0x00000000585f0000,0x00000000586f0000)]
  0x0000000055674800 JavaThread "Reference Handler" daemon [_thread_blocked, id=9628, stack(0x0000000058400000,0x0000000058500000)]
  0x0000000001e6e000 JavaThread "main" [_thread_blocked, id=11052, stack(0x00000000023f0000,0x00000000024f0000)]

Other Threads:
  0x0000000057152800 VMThread [stack: 0x00000000581e0000,0x00000000582e0000] [id=2816]
  0x000000005722a800 WatcherThread [stack: 0x0000000059040000,0x0000000059140000] [id=2636]

VM state:not at safepoint (normal execution)

VM Mutex/Monitor currently owned by a thread:  ([mutex/lock_event])
[0x0000000001e6c300] SymbolTable_lock - owner thread: 0x0000000057348800

Heap:
 PSYoungGen      total 53248K, used 18594K [0x00000000eab00000, 0x00000000ee300000, 0x0000000100000000)
  eden space 49152K, 29% used [0x00000000eab00000,0x00000000eb92caa8,0x00000000edb00000)
  from space 4096K, 99% used [0x00000000edf00000,0x00000000ee2fc038,0x00000000ee300000)
  to   space 4096K, 0% used [0x00000000edb00000,0x00000000edb00000,0x00000000edf00000)
 ParOldGen       total 65536K, used 3164K [0x00000000c0000000, 0x00000000c4000000, 0x00000000eab00000)
  object space 65536K, 4% used [0x00000000c0000000,0x00000000c0317010,0x00000000c4000000)
 Metaspace       used 6512K, capacity 7256K, committed 7424K, reserved 1056768K
  class space    used 643K, capacity 656K, committed 768K, reserved 1048576K

Card table byte_map: [0x0000000011b80000,0x0000000011d90000] byte_map_base: 0x0000000011580000

Marking Bits: (ParMarkBitMap*) 0x0000000056a0a5b0
 Begin Bits: [0x0000000012a90000, 0x0000000013a90000)
 End Bits:   [0x0000000013a90000, 0x0000000014a90000)

Polling page: 0x0000000000330000

CodeCache: size=245760Kb used=6282Kb max_used=6286Kb free=239477Kb
 bounds [0x00000000027c0000, 0x0000000002df0000, 0x00000000117c0000]
 total_blobs=1913 nmethods=1637 adapters=189
 compilation: enabled

Compilation events (10 events):
Event: 4.822 Thread 0x000000005719f000 nmethod 1681 0x0000000002de9250 code [0x0000000002de9380, 0x0000000002de93f8]
Event: 4.822 Thread 0x000000005719b000 nmethod 1680 0x0000000002de7850 code [0x0000000002de79a0, 0x0000000002de7bf8]
Event: 4.826 Thread 0x00000000571b5800 1682       3       sun.misc.FDBigInteger::mult (64 bytes)
Event: 4.827 Thread 0x00000000571b5800 nmethod 1682 0x0000000002de7190 code [0x0000000002de7300, 0x0000000002de7590]
Event: 4.827 Thread 0x00000000571b5800 1683       3       sun.misc.FDBigInteger::<init> (30 bytes)
Event: 4.827 Thread 0x00000000571b5800 nmethod 1683 0x0000000002de6d10 code [0x0000000002de6e80, 0x0000000002de7088]
Event: 4.827 Thread 0x00000000571b5800 1684       3       sun.misc.FDBigInteger::trimLeadingZeros (57 bytes)
Event: 4.828 Thread 0x00000000571b5800 nmethod 1684 0x0000000002de6750 code [0x0000000002de68c0, 0x0000000002de6bf0]
Event: 4.828 Thread 0x00000000571b5800 1685       3       sun.misc.FDBigInteger::mult (44 bytes)
Event: 4.828 Thread 0x00000000571b5800 nmethod 1685 0x0000000002de8c90 code [0x0000000002de8e20, 0x0000000002de9138]

GC Heap History (4 events):
Event: 2.653 GC heap before
{Heap before GC invocations=1 (full 0):
 PSYoungGen      total 28672K, used 24576K [0x00000000eab00000, 0x00000000ecb00000, 0x0000000100000000)
  eden space 24576K, 100% used [0x00000000eab00000,0x00000000ec300000,0x00000000ec300000)
  from space 4096K, 0% used [0x00000000ec700000,0x00000000ec700000,0x00000000ecb00000)
  to   space 4096K, 0% used [0x00000000ec300000,0x00000000ec300000,0x00000000ec700000)
 ParOldGen       total 65536K, used 0K [0x00000000c0000000, 0x00000000c4000000, 0x00000000eab00000)
  object space 65536K, 0% used [0x00000000c0000000,0x00000000c0000000,0x00000000c4000000)
 Metaspace       used 5741K, capacity 6770K, committed 7040K, reserved 1056768K
  class space    used 599K, capacity 618K, committed 640K, reserved 1048576K
Event: 2.877 GC heap after
Heap after GC invocations=1 (full 0):
 PSYoungGen      total 28672K, used 4079K [0x00000000eab00000, 0x00000000ee300000, 0x0000000100000000)
  eden space 24576K, 0% used [0x00000000eab00000,0x00000000eab00000,0x00000000ec300000)
  from space 4096K, 99% used [0x00000000ec300000,0x00000000ec6fbff8,0x00000000ec700000)
  to   space 4096K, 0% used [0x00000000edf00000,0x00000000edf00000,0x00000000ee300000)
 ParOldGen       total 65536K, used 1287K [0x00000000c0000000, 0x00000000c4000000, 0x00000000eab00000)
  object space 65536K, 1% used [0x00000000c0000000,0x00000000c0141ca8,0x00000000c4000000)
 Metaspace       used 5741K, capacity 6770K, committed 7040K, reserved 1056768K
  class space    used 599K, capacity 618K, committed 640K, reserved 1048576K
}
Event: 3.366 GC heap before
{Heap before GC invocations=2 (full 0):
 PSYoungGen      total 28672K, used 28655K [0x00000000eab00000, 0x00000000ee300000, 0x0000000100000000)
  eden space 24576K, 100% used [0x00000000eab00000,0x00000000ec300000,0x00000000ec300000)
  from space 4096K, 99% used [0x00000000ec300000,0x00000000ec6fbff8,0x00000000ec700000)
  to   space 4096K, 0% used [0x00000000edf00000,0x00000000edf00000,0x00000000ee300000)
 ParOldGen       total 65536K, used 1287K [0x00000000c0000000, 0x00000000c4000000, 0x00000000eab00000)
  object space 65536K, 1% used [0x00000000c0000000,0x00000000c0141ca8,0x00000000c4000000)
 Metaspace       used 5908K, capacity 6898K, committed 7040K, reserved 1056768K
  class space    used 599K, capacity 618K, committed 640K, reserved 1048576K
Event: 3.468 GC heap after
Heap after GC invocations=2 (full 0):
 PSYoungGen      total 53248K, used 4080K [0x00000000eab00000, 0x00000000ee300000, 0x0000000100000000)
  eden space 49152K, 0% used [0x00000000eab00000,0x00000000eab00000,0x00000000edb00000)
  from space 4096K, 99% used [0x00000000edf00000,0x00000000ee2fc038,0x00000000ee300000)
  to   space 4096K, 0% used [0x00000000edb00000,0x00000000edb00000,0x00000000edf00000)
 ParOldGen       total 65536K, used 3164K [0x00000000c0000000, 0x00000000c4000000, 0x00000000eab00000)
  object space 65536K, 4% used [0x00000000c0000000,0x00000000c0317010,0x00000000c4000000)
 Metaspace       used 5908K, capacity 6898K, committed 7040K, reserved 1056768K
  class space    used 599K, capacity 618K, committed 640K, reserved 1048576K
}

Deoptimization events (10 events):
Event: 4.292 Thread 0x0000000057348800 Uncommon trap: reason=speculate_class_check action=maybe_recompile pc=0x00000000029d7934 method=com.android.dx.util.FixedSizeList.equals(Ljava/lang/Object;)Z @ 25
Event: 4.292 Thread 0x0000000057348800 Uncommon trap: reason=class_check action=maybe_recompile pc=0x0000000002a2b908 method=java.util.Arrays.equals([Ljava/lang/Object;[Ljava/lang/Object;)Z @ 62
Event: 4.292 Thread 0x0000000057348800 Uncommon trap: reason=speculate_class_check action=maybe_recompile pc=0x00000000029d7934 method=com.android.dx.util.FixedSizeList.equals(Ljava/lang/Object;)Z @ 25
Event: 4.292 Thread 0x0000000057348800 Uncommon trap: reason=class_check action=maybe_recompile pc=0x0000000002a2b908 method=java.util.Arrays.equals([Ljava/lang/Object;[Ljava/lang/Object;)Z @ 62
Event: 4.335 Thread 0x0000000057348800 Uncommon trap: reason=unstable_if action=reinterpret pc=0x0000000002b2f1f0 method=com.android.dx.rop.code.RegisterSpecSet.equals(Ljava/lang/Object;)Z @ 30
Event: 4.356 Thread 0x0000000057348800 Uncommon trap: reason=unstable_if action=reinterpret pc=0x0000000002d28e7c method=com.android.dx.dex.code.OutputFinisher.findOpcodeForInsn(Lcom/android/dx/dex/code/DalvInsn;Lcom/android/dx/dex/code/Dop;)Lcom/android/dx/dex/code/Dop; @ 1
Event: 4.446 Thread 0x0000000057348800 Uncommon trap: reason=unstable_if action=reinterpret pc=0x0000000002d4b840 method=com.android.dx.dex.code.LocalList$MakeState.filterSpec(Lcom/android/dx/rop/code/RegisterSpec;)Lcom/android/dx/rop/code/RegisterSpec; @ 11
Event: 4.446 Thread 0x0000000057348800 Uncommon trap: reason=unstable_if action=reinterpret pc=0x0000000002d25228 method=com.android.dx.dex.code.LocalList$MakeState.filterSpec(Lcom/android/dx/rop/code/RegisterSpec;)Lcom/android/dx/rop/code/RegisterSpec; @ 11
Event: 4.552 Thread 0x0000000057348800 Uncommon trap: reason=unstable_if action=reinterpret pc=0x0000000002da8734 method=com.android.dx.util.ByteArrayAnnotatedOutput.writeByte(I)V @ 13
Event: 4.830 Thread 0x0000000057348800 Uncommon trap: reason=unstable_if action=reinterpret pc=0x00000000029bdc28 method=java.util.Arrays.copyOf([Ljava/lang/Object;ILjava/lang/Class;)[Ljava/lang/Object; @ 3

Internal exceptions (4 events):
Event: 0.995 Thread 0x0000000001e6e000 Exception <a 'java/lang/NoSuchMethodError': Method sun.misc.Unsafe.defineClass(Ljava/lang/String;[BII)Ljava/lang/Class; name or signature does not match> (0x00000000eab0d470) thrown at [C:\re\workspace\8-2-build-windows-amd64-cygwin\jdk8u60\4407\hotspot\sr¨©À–ˇ◊Ô?
Event: 0.995 Thread 0x0000000001e6e000 Exception <a 'java/lang/NoSuchMethodError': Method sun.misc.Unsafe.prefetchRead(Ljava/lang/Object;J)V name or signature does not match> (0x00000000eab0d758) thrown at [C:\re\workspace\8-2-build-windows-amd64-cygwin\jdk8u60\4407\hotspot\src\share\vm\prims\jÖëêÈ@
Event: 2.489 Thread 0x0000000001e6e000 Implicit null exception at 0x00000000029dbe92 to 0x00000000029dbf82
Event: 2.572 Thread 0x0000000057347800 Implicit null exception at 0x00000000029f06e6 to 0x00000000029f271d

Events (10 events):
Event: 4.829 loading class sun/security/jca/ProviderList$2
Event: 4.829 loading class sun/security/jca/ProviderList$2 done
Event: 4.830 Thread 0x0000000057348800 Uncommon trap: trap_request=0xffffff65 fr.pc=0x00000000029bdc28
Event: 4.830 Thread 0x0000000057348800 DEOPT PACKING pc=0x00000000029bdc28 sp=0x000000005929da80
Event: 4.830 Thread 0x0000000057348800 DEOPT UNPACKING pc=0x000000000280582a sp=0x000000005929da48 mode 2
Event: 4.830 loading class sun/security/jca/ProviderConfig$2
Event: 4.830 loading class sun/security/jca/ProviderConfig$2 done
Event: 4.830 loading class sun/security/provider/Sun
Event: 4.831 loading class sun/security/provider/Sun done
Event: 4.831 loading class sun/security/provider/SunEntries


Dynamic libraries:
0x000000013f8d0000 - 0x000000013f907000 	C:\Program Files\Java\jdk1.8.0_60\bin\java.exe
0x0000000077b60000 - 0x0000000077d09000 	C:\Windows\SYSTEM32\ntdll.dll
0x0000000077a40000 - 0x0000000077b5f000 	C:\Windows\system32\kernel32.dll
0x000007fefdc60000 - 0x000007fefdccb000 	C:\Windows\system32\KERNELBASE.dll
0x000007feff9f0000 - 0x000007feffacb000 	C:\Windows\system32\ADVAPI32.dll
0x000007fefe510000 - 0x000007fefe5af000 	C:\Windows\system32\msvcrt.dll
0x000007feffb40000 - 0x000007feffb5f000 	C:\Windows\SYSTEM32\sechost.dll
0x000007fefe150000 - 0x000007fefe27d000 	C:\Windows\system32\RPCRT4.dll
0x0000000077940000 - 0x0000000077a3a000 	C:\Windows\system32\USER32.dll
0x000007feffad0000 - 0x000007feffb37000 	C:\Windows\system32\GDI32.dll
0x000007feff860000 - 0x000007feff86e000 	C:\Windows\system32\LPK.dll
0x000007fefde80000 - 0x000007fefdf49000 	C:\Windows\system32\USP10.dll
0x000007fefc580000 - 0x000007fefc774000 	C:\Windows\WinSxS\amd64_microsoft.windows.common-controls_6595b64144ccf1df_6.0.7601.17514_none_fa396087175ac9ac\COMCTL32.dll
0x000007fefea50000 - 0x000007fefeac1000 	C:\Windows\system32\SHLWAPI.dll
0x000007fefe2d0000 - 0x000007fefe2fe000 	C:\Windows\system32\IMM32.DLL
0x000007feffb70000 - 0x000007feffc79000 	C:\Windows\system32\MSCTF.dll
0x00000000630b0000 - 0x0000000063182000 	C:\Program Files\Java\jdk1.8.0_60\jre\bin\msvcr100.dll
0x0000000056200000 - 0x0000000056a89000 	C:\Program Files\Java\jdk1.8.0_60\jre\bin\server\jvm.dll
0x000007fef3c20000 - 0x000007fef3c29000 	C:\Windows\system32\WSOCK32.dll
0x000007fefe280000 - 0x000007fefe2cd000 	C:\Windows\system32\WS2_32.dll
0x000007feffb60000 - 0x000007feffb68000 	C:\Windows\system32\NSI.dll
0x000007fefc080000 - 0x000007fefc0bb000 	C:\Windows\system32\WINMM.dll
0x000007fefcc10000 - 0x000007fefcc1c000 	C:\Windows\system32\VERSION.dll
0x0000000077d20000 - 0x0000000077d27000 	C:\Windows\system32\PSAPI.DLL
0x0000000075200000 - 0x000000007520f000 	C:\Program Files\Java\jdk1.8.0_60\jre\bin\verify.dll
0x00000000647c0000 - 0x00000000647e9000 	C:\Program Files\Java\jdk1.8.0_60\jre\bin\java.dll
0x00000000751e0000 - 0x00000000751f6000 	C:\Program Files\Java\jdk1.8.0_60\jre\bin\zip.dll
0x000007fefead0000 - 0x000007feff858000 	C:\Windows\system32\SHELL32.dll
0x000007fefe300000 - 0x000007fefe503000 	C:\Windows\system32\ole32.dll
0x000007fefdab0000 - 0x000007fefdabf000 	C:\Windows\system32\profapi.dll

VM Arguments:
jvm_args: -Djava.awt.headless=true -Xmx1024M -Dfile.encoding=windows-1252 -Duser.country=US -Duser.language=en -Duser.variant 
java_command: com.android.dx.command.Main --dex --force-jumbo --num-threads=4 --multi-dex --output D:\project\AndroidStudioProjects\PersonalUtilitiesForLife\app\build\intermediates\transforms\dex\debug\folders\1000\10\instant-run_94d6476327e8cdaccd70653459767973bb40ad27 D:\project\AndroidStudioProjects\PersonalUtilitiesForLife\app\build\intermediates\incremental-runtime-classes\debug\instant-run.jar
java_class_path (initial): D:\Android\sdk\build-tools\23.0.3\lib\dx.jar
Launcher Type: SUN_STANDARD

Environment Variables:
JAVA_HOME=C:\Program Files\Java\jdk1.8.0_60
PATH=C:\ProgramData\Oracle\Java\javapath;C:\Program Files\Common Files\Microsoft Shared\Windows Live;C:\Program Files (x86)\HP SimplePass\x64;C:\Program Files (x86)\HP SimplePass\;;C:\Windows\system32;C:\Windows;C:\Windows\System32\Wbem;C:\Windows\System32\WindowsPowerShell\v1.0\;C:\Program Files (x86)\Java\jdk1.7.0_09\bin;C:\Strawberry\c\bin;C:\Strawberry\perl\site\bin;C:\Strawberry\perl\bin;C:\Program Files (x86)\Intel\OpenCL SDK\2.0\bin\x86;C:\Program Files (x86)\Intel\OpenCL SDK\2.0\bin\x64;C:\PROGRA~2\PICC;C:\Program Files (x86)\Microchip\xc16\v1.25\bin;C:\Program Files (x86)\Microchip\xc8\v1.35\bin;C:\Program Files\Java\jre1.8.0_65\bin;C:\Program Files\Java\jdk1.8.0_60\jre\bin;D:\Android\sdk\platform-tools;C:\Program Files\Common Files\Microsoft Shared\Windows Live;C:\Program Files\Java\jre1.8.0_65\bin
USERNAME=Nhut
OS=Windows_NT
PROCESSOR_IDENTIFIER=Intel64 Family 6 Model 42 Stepping 7, GenuineIntel



---------------  S Y S T E M  ---------------

OS: Windows 7 , 64 bit Build 7601 (6.1.7601.17514)

CPU:total 8 (4 cores per cpu, 2 threads per core) family 6 model 42 stepping 7, cmov, cx8, fxsr, mmx, sse, sse2, sse3, ssse3, sse4.1, sse4.2, popcnt, avx, aes, clmul, ht, tsc, tscinvbit

Memory: 4k page, physical 6238064k(170316k free), swap 8333368k(4708k free)

vm_info: Java HotSpot(TM) 64-Bit Server VM (25.60-b23) for windows-amd64 JRE (1.8.0_60-b27), built on Aug  4 2015 11:06:27 by "java_re" with MS VC++ 10.0 (VS2010)

time: Mon Jun 27 10:47:10 2016
elapsed time: 4 seconds (0d 0h 0m 4s)

