#
# There is insufficient memory for the Java Runtime Environment to continue.
# Native memory allocation (malloc) failed to allocate 284816 bytes for Chunk::new
# Possible reasons:
#   The system is out of physical RAM or swap space
#   In 32 bit mode, the process size limit was hit
# Possible solutions:
#   Reduce memory load on the system
#   Increase physical memory or swap space
#   Check if swap backing store is full
#   Use 64 bit Java on a 64 bit OS
#   Decrease Java heap size (-Xmx/-Xms)
#   Decrease number of Java threads
#   Decrease Java thread stack sizes (-Xss)
#   Set larger code cache with -XX:ReservedCodeCacheSize=
# This output file may be truncated or incomplete.
#
#  Out of Memory Error (allocation.cpp:390), pid=7756, tid=5728
#
# JRE version: Java(TM) SE Runtime Environment (8.0_60-b27) (build 1.8.0_60-b27)
# Java VM: Java HotSpot(TM) 64-Bit Server VM (25.60-b23 mixed mode windows-amd64 compressed oops)
# Failed to write core dump. Minidumps are not enabled by default on client versions of Windows
#

---------------  T H R E A D  ---------------

Current thread (0x00000000556ca000):  JavaThread "C2 CompilerThread1" daemon [_thread_in_native, id=5728, stack(0x0000000058950000,0x0000000058a50000)]

Stack: [0x0000000058950000,0x0000000058a50000]
[error occurred during error reporting (printing stack bounds), id 0xc0000005]

Native frames: (J=compiled Java code, j=interpreted, Vv=VM code, C=native code)


Current CompileTask:
C2:  11096 2261       4       com.android.dx.dex.code.RopTranslator$LocalVariableAwareTranslationVisitor::visitPlainInsn (11 bytes)


---------------  P R O C E S S  ---------------

Java Threads: ( => current thread )
  0x000000005908e800 JavaThread "pool-2-thread-4" [_thread_in_Java, id=10436, stack(0x0000000059bd0000,0x0000000059cd0000)]
  0x000000005908e000 JavaThread "pool-2-thread-3" [_thread_in_Java, id=8312, stack(0x00000000581b0000,0x00000000582b0000)]
  0x0000000059092800 JavaThread "pool-2-thread-2" [_thread_in_Java, id=948, stack(0x0000000059820000,0x0000000059920000)]
  0x000000005907b000 JavaThread "pool-3-thread-1" [_thread_blocked, id=9356, stack(0x00000000583b0000,0x00000000584b0000)]
  0x000000005907a000 JavaThread "pool-2-thread-1" [_thread_blocked, id=8140, stack(0x0000000059930000,0x0000000059a30000)]
  0x0000000057024000 JavaThread "Service Thread" daemon [_thread_blocked, id=12092, stack(0x0000000058e80000,0x0000000058f80000)]
  0x0000000056fb8000 JavaThread "C1 CompilerThread3" daemon [_thread_blocked, id=9076, stack(0x0000000058cb0000,0x0000000058db0000)]
  0x00000000556cf000 JavaThread "C2 CompilerThread2" daemon [_thread_in_native, id=11676, stack(0x0000000058ac0000,0x0000000058bc0000)]
=>0x00000000556ca000 JavaThread "C2 CompilerThread1" daemon [_thread_in_native, id=5728, stack(0x0000000058950000,0x0000000058a50000)]
  0x0000000056f82000 JavaThread "C2 CompilerThread0" daemon [_thread_in_native, id=10604, stack(0x00000000585c0000,0x00000000586c0000)]
  0x0000000056f81000 JavaThread "Attach Listener" daemon [_thread_blocked, id=2332, stack(0x00000000586f0000,0x00000000587f0000)]
  0x0000000056f80000 JavaThread "Signal Dispatcher" daemon [_thread_blocked, id=10692, stack(0x00000000584b0000,0x00000000585b0000)]
  0x00000000556bf000 JavaThread "Finalizer" daemon [_thread_blocked, id=2816, stack(0x00000000582b0000,0x00000000583b0000)]
  0x00000000556b7800 JavaThread "Reference Handler" daemon [_thread_blocked, id=7572, stack(0x0000000058090000,0x0000000058190000)]
  0x000000000014e800 JavaThread "main" [_thread_in_native, id=11748, stack(0x00000000023f0000,0x00000000024f0000)]

Other Threads:
  0x0000000056f32800 VMThread [stack: 0x0000000057f70000,0x0000000058070000] [id=11804]
  0x0000000057040800 WatcherThread [stack: 0x00000000587f0000,0x00000000588f0000] [id=9340]

VM state:not at safepoint (normal execution)

VM Mutex/Monitor currently owned by a thread:  ([mutex/lock_event])
[0x000000000014cd70] Heap_lock - owner thread: 0x000000005907a000

Heap:
 PSYoungGen      total 173056K, used 2391K [0x00000000eab00000, 0x00000000fb600000, 0x0000000100000000)
  eden space 109568K, 2% used [0x00000000eab00000,0x00000000ead55eb0,0x00000000f1600000)
  from space 63488K, 0% used [0x00000000f3a00000,0x00000000f3a00000,0x00000000f7800000)
  to   space 39936K, 0% used [0x00000000f8f00000,0x00000000f8f00000,0x00000000fb600000)
 ParOldGen       total 173056K, used 134099K [0x00000000c0000000, 0x00000000ca900000, 0x00000000eab00000)
  object space 173056K, 77% used [0x00000000c0000000,0x00000000c82f4d68,0x00000000ca900000)
 Metaspace       used 6451K, capacity 7192K, committed 7424K, reserved 1056768K
  class space    used 620K, capacity 656K, committed 768K, reserved 1048576K

Card table byte_map: [0x0000000011b80000,0x0000000011d90000] byte_map_base: 0x0000000011580000

Marking Bits: (ParMarkBitMap*) 0x0000000056a0a5b0
 Begin Bits: [0x0000000012ad0000, 0x0000000013ad0000)
 End Bits:   [0x0000000013ad0000, 0x0000000014ad0000)

Polling page: 0x0000000000130000

CodeCache: size=245760Kb used=8414Kb max_used=8430Kb free=237346Kb
 bounds [0x00000000027c0000, 0x0000000003010000, 0x00000000117c0000]
 total_blobs=2320 nmethods=2050 adapters=182
 compilation: enabled

Compilation events (10 events):
Event: 10.119 Thread 0x0000000056fb8000 2257 %     2       com.android.dx.ssa.SsaMethod::forEachBlockDepthFirstDom @ 76 (128 bytes)
Event: 10.121 Thread 0x0000000056fb8000 nmethod 2257% 0x0000000002fdc310 code [0x0000000002fdc5a0, 0x0000000002fdd758]
Event: 10.222 Thread 0x0000000056f82000 nmethod 2242% 0x0000000002ff82d0 code [0x0000000002ff8480, 0x0000000002ff9238]
Event: 10.222 Thread 0x0000000056f82000 2258       4       com.android.dx.ssa.SsaMethod::isRegALocal (90 bytes)
Event: 10.276 Thread 0x00000000556ca000 nmethod 2227% 0x0000000002ffe0d0 code [0x0000000002ffe4e0, 0x0000000003000c28]
Event: 10.276 Thread 0x00000000556ca000 2232       4       com.android.dx.ssa.back.FirstFitLocalCombiningAllocator::findNextUnreservedRopReg (68 bytes)
Event: 10.286 Thread 0x00000000556ca000 nmethod 2232 0x0000000002fb8490 code [0x0000000002fb85e0, 0x0000000002fb8a38]
Event: 10.286 Thread 0x00000000556ca000 2261       4       com.android.dx.dex.code.RopTranslator$LocalVariableAwareTranslationVisitor::visitPlainInsn (11 bytes)
Event: 10.295 Thread 0x0000000056f82000 nmethod 2258 0x0000000003005110 code [0x00000000030053a0, 0x0000000003006758]
Event: 10.295 Thread 0x0000000056f82000 2266       4       com.android.dx.ssa.SCCP::run (298 bytes)

GC Heap History (10 events):
Event: 7.591 GC heap before
{Heap before GC invocations=9 (full 2):
 PSYoungGen      total 111104K, used 105418K [0x00000000eab00000, 0x00000000fb600000, 0x0000000100000000)
  eden space 96768K, 100% used [0x00000000eab00000,0x00000000f0980000,0x00000000f0980000)
  from space 14336K, 60% used [0x00000000f0980000,0x00000000f11f2910,0x00000000f1780000)
  to   space 39936K, 0% used [0x00000000f8f00000,0x00000000f8f00000,0x00000000fb600000)
 ParOldGen       total 65536K, used 65407K [0x00000000c0000000, 0x00000000c4000000, 0x00000000eab00000)
  object space 65536K, 99% used [0x00000000c0000000,0x00000000c3fdfe70,0x00000000c4000000)
 Metaspace       used 6446K, capacity 7192K, committed 7424K, reserved 1056768K
  class space    used 619K, capacity 656K, committed 768K, reserved 1048576K
Event: 8.126 GC heap after
Heap after GC invocations=9 (full 2):
 PSYoungGen      total 111104K, used 52271K [0x00000000eab00000, 0x00000000fb600000, 0x0000000100000000)
  eden space 96768K, 54% used [0x00000000eab00000,0x00000000ede0be10,0x00000000f0980000)
  from space 14336K, 0% used [0x00000000f0980000,0x00000000f0980000,0x00000000f1780000)
  to   space 39936K, 0% used [0x00000000f8f00000,0x00000000f8f00000,0x00000000fb600000)
 ParOldGen       total 173056K, used 65513K [0x00000000c0000000, 0x00000000ca900000, 0x00000000eab00000)
  object space 173056K, 37% used [0x00000000c0000000,0x00000000c3ffa678,0x00000000ca900000)
 Metaspace       used 6446K, capacity 7192K, committed 7424K, reserved 1056768K
  class space    used 619K, capacity 656K, committed 768K, reserved 1048576K
}
Event: 8.255 GC heap before
{Heap before GC invocations=10 (full 2):
 PSYoungGen      total 111104K, used 96768K [0x00000000eab00000, 0x00000000fb600000, 0x0000000100000000)
  eden space 96768K, 100% used [0x00000000eab00000,0x00000000f0980000,0x00000000f0980000)
  from space 14336K, 0% used [0x00000000f0980000,0x00000000f0980000,0x00000000f1780000)
  to   space 39936K, 0% used [0x00000000f8f00000,0x00000000f8f00000,0x00000000fb600000)
 ParOldGen       total 173056K, used 65513K [0x00000000c0000000, 0x00000000ca900000, 0x00000000eab00000)
  object space 173056K, 37% used [0x00000000c0000000,0x00000000c3ffa678,0x00000000ca900000)
 Metaspace       used 6450K, capacity 7192K, committed 7424K, reserved 1056768K
  class space    used 620K, capacity 656K, committed 768K, reserved 1048576K
Event: 8.384 GC heap after
Heap after GC invocations=10 (full 2):
 PSYoungGen      total 149504K, used 39919K [0x00000000eab00000, 0x00000000fb600000, 0x0000000100000000)
  eden space 109568K, 0% used [0x00000000eab00000,0x00000000eab00000,0x00000000f1600000)
  from space 39936K, 99% used [0x00000000f8f00000,0x00000000fb5fbc40,0x00000000fb600000)
  to   space 63488K, 0% used [0x00000000f3a00000,0x00000000f3a00000,0x00000000f7800000)
 ParOldGen       total 173056K, used 100358K [0x00000000c0000000, 0x00000000ca900000, 0x00000000eab00000)
  object space 173056K, 57% used [0x00000000c0000000,0x00000000c6201968,0x00000000ca900000)
 Metaspace       used 6450K, capacity 7192K, committed 7424K, reserved 1056768K
  class space    used 620K, capacity 656K, committed 768K, reserved 1048576K
}
Event: 8.494 GC heap before
{Heap before GC invocations=11 (full 2):
 PSYoungGen      total 149504K, used 149487K [0x00000000eab00000, 0x00000000fb600000, 0x0000000100000000)
  eden space 109568K, 100% used [0x00000000eab00000,0x00000000f1600000,0x00000000f1600000)
  from space 39936K, 99% used [0x00000000f8f00000,0x00000000fb5fbc40,0x00000000fb600000)
  to   space 63488K, 0% used [0x00000000f3a00000,0x00000000f3a00000,0x00000000f7800000)
 ParOldGen       total 173056K, used 100358K [0x00000000c0000000, 0x00000000ca900000, 0x00000000eab00000)
  object space 173056K, 57% used [0x00000000c0000000,0x00000000c6201968,0x00000000ca900000)
 Metaspace       used 6450K, capacity 7192K, committed 7424K, reserved 1056768K
  class space    used 620K, capacity 656K, committed 768K, reserved 1048576K
Event: 8.828 GC heap after
Heap after GC invocations=11 (full 2):
 PSYoungGen      total 173056K, used 63483K [0x00000000eab00000, 0x00000000fb600000, 0x0000000100000000)
  eden space 109568K, 0% used [0x00000000eab00000,0x00000000eab00000,0x00000000f1600000)
  from space 63488K, 99% used [0x00000000f3a00000,0x00000000f77fefe8,0x00000000f7800000)
  to   space 39936K, 0% used [0x00000000f8f00000,0x00000000f8f00000,0x00000000fb600000)
 ParOldGen       total 173056K, used 132167K [0x00000000c0000000, 0x00000000ca900000, 0x00000000eab00000)
  object space 173056K, 76% used [0x00000000c0000000,0x00000000c8111d38,0x00000000ca900000)
 Metaspace       used 6450K, capacity 7192K, committed 7424K, reserved 1056768K
  class space    used 620K, capacity 656K, committed 768K, reserved 1048576K
}
Event: 8.828 GC heap before
{Heap before GC invocations=12 (full 3):
 PSYoungGen      total 173056K, used 63483K [0x00000000eab00000, 0x00000000fb600000, 0x0000000100000000)
  eden space 109568K, 0% used [0x00000000eab00000,0x00000000eab00000,0x00000000f1600000)
  from space 63488K, 99% used [0x00000000f3a00000,0x00000000f77fefe8,0x00000000f7800000)
  to   space 39936K, 0% used [0x00000000f8f00000,0x00000000f8f00000,0x00000000fb600000)
 ParOldGen       total 173056K, used 132167K [0x00000000c0000000, 0x00000000ca900000, 0x00000000eab00000)
  object space 173056K, 76% used [0x00000000c0000000,0x00000000c8111d38,0x00000000ca900000)
 Metaspace       used 6450K, capacity 7192K, committed 7424K, reserved 1056768K
  class space    used 620K, capacity 656K, committed 768K, reserved 1048576K
Event: 9.547 GC heap after
Heap after GC invocations=12 (full 3):
 PSYoungGen      total 173056K, used 14549K [0x00000000eab00000, 0x00000000fb600000, 0x0000000100000000)
  eden space 109568K, 0% used [0x00000000eab00000,0x00000000eab00000,0x00000000f1600000)
  from space 63488K, 22% used [0x00000000f3a00000,0x00000000f48356c8,0x00000000f7800000)
  to   space 39936K, 0% used [0x00000000f8f00000,0x00000000f8f00000,0x00000000fb600000)
 ParOldGen       total 173056K, used 173000K [0x00000000c0000000, 0x00000000ca900000, 0x00000000eab00000)
  object space 173056K, 99% used [0x00000000c0000000,0x00000000ca8f2098,0x00000000ca900000)
 Metaspace       used 6450K, capacity 7192K, committed 7424K, reserved 1056768K
  class space    used 620K, capacity 656K, committed 768K, reserved 1048576K
}
Event: 10.317 GC heap before
{Heap before GC invocations=13 (full 4):
 PSYoungGen      total 173056K, used 124117K [0x00000000eab00000, 0x00000000fb600000, 0x0000000100000000)
  eden space 109568K, 100% used [0x00000000eab00000,0x00000000f1600000,0x00000000f1600000)
  from space 63488K, 22% used [0x00000000f3a00000,0x00000000f48356c8,0x00000000f7800000)
  to   space 39936K, 0% used [0x00000000f8f00000,0x00000000f8f00000,0x00000000fb600000)
 ParOldGen       total 173056K, used 173000K [0x00000000c0000000, 0x00000000ca900000, 0x00000000eab00000)
  object space 173056K, 99% used [0x00000000c0000000,0x00000000ca8f2098,0x00000000ca900000)
 Metaspace       used 6451K, capacity 7192K, committed 7424K, reserved 1056768K
  class space    used 620K, capacity 656K, committed 768K, reserved 1048576K
Event: 11.031 GC heap after
Heap after GC invocations=13 (full 4):
 PSYoungGen      total 173056K, used 0K [0x00000000eab00000, 0x00000000fb600000, 0x0000000100000000)
  eden space 109568K, 0% used [0x00000000eab00000,0x00000000eab00000,0x00000000f1600000)
  from space 63488K, 0% used [0x00000000f3a00000,0x00000000f3a00000,0x00000000f7800000)
  to   space 39936K, 0% used [0x00000000f8f00000,0x00000000f8f00000,0x00000000fb600000)
 ParOldGen       total 173056K, used 134099K [0x00000000c0000000, 0x00000000ca900000, 0x00000000eab00000)
  object space 173056K, 77% used [0x00000000c0000000,0x00000000c82f4d68,0x00000000ca900000)
 Metaspace       used 6451K, capacity 7192K, committed 7424K, reserved 1056768K
  class space    used 620K, capacity 656K, committed 768K, reserved 1048576K
}

Deoptimization events (10 events):
Event: 8.131 Thread 0x000000005908e800 Uncommon trap: reason=class_check action=maybe_recompile pc=0x0000000002f1d580 method=com.android.dx.ssa.SsaConverter.placePhiFunctions(Lcom/android/dx/ssa/SsaMethod;Lcom/android/dx/ssa/LocalVariableInfo;I)V @ 257
Event: 8.217 Thread 0x000000005908e000 Uncommon trap: reason=class_check action=maybe_recompile pc=0x0000000002f1d580 method=com.android.dx.ssa.SsaConverter.placePhiFunctions(Lcom/android/dx/ssa/SsaMethod;Lcom/android/dx/ssa/LocalVariableInfo;I)V @ 257
Event: 8.436 Thread 0x000000005908e800 Uncommon trap: reason=unstable_if action=reinterpret pc=0x0000000002a92e74 method=com.android.dx.ssa.SetFactory.makeLivenessSet(I)Lcom/android/dx/util/IntSet; @ 4
Event: 8.436 Thread 0x000000005908e800 Uncommon trap: reason=unstable_if action=reinterpret pc=0x0000000002a64bc4 method=com.android.dx.ssa.SetFactory.makeLivenessSet(I)Lcom/android/dx/util/IntSet; @ 4
Event: 8.487 Thread 0x0000000059092800 Uncommon trap: reason=class_check action=maybe_recompile pc=0x0000000002f1d580 method=com.android.dx.ssa.SsaConverter.placePhiFunctions(Lcom/android/dx/ssa/SsaMethod;Lcom/android/dx/ssa/LocalVariableInfo;I)V @ 257
Event: 9.554 Thread 0x000000005908e800 Uncommon trap: reason=class_check action=maybe_recompile pc=0x0000000002ab4150 method=com.android.dx.ssa.back.InterferenceGraph.add(II)V @ 19
Event: 9.554 Thread 0x000000005908e800 Uncommon trap: reason=class_check action=maybe_recompile pc=0x0000000002ab4150 method=com.android.dx.ssa.back.InterferenceGraph.add(II)V @ 19
Event: 9.554 Thread 0x000000005908e800 Uncommon trap: reason=class_check action=maybe_recompile pc=0x0000000002ab4150 method=com.android.dx.ssa.back.InterferenceGraph.add(II)V @ 19
Event: 9.554 Thread 0x000000005908e800 Uncommon trap: reason=class_check action=maybe_recompile pc=0x0000000002ab4150 method=com.android.dx.ssa.back.InterferenceGraph.add(II)V @ 19
Event: 9.631 Thread 0x000000005907a000 Uncommon trap: reason=class_check action=maybe_recompile pc=0x0000000002f1d580 method=com.android.dx.ssa.SsaConverter.placePhiFunctions(Lcom/android/dx/ssa/SsaMethod;Lcom/android/dx/ssa/LocalVariableInfo;I)V @ 257

Internal exceptions (5 events):
Event: 0.059 Thread 0x000000000014e800 Exception <a 'java/lang/NoSuchMethodError': Method sun.misc.Unsafe.defineClass(Ljava/lang/String;[BII)Ljava/lang/Class; name or signature does not match> (0x00000000eab0d820) thrown at [C:\re\workspace\8-2-build-windows-amd64-cygwin\jdk8u60\4407\hotspot\srYUMƒú­?
Event: 0.059 Thread 0x000000000014e800 Exception <a 'java/lang/NoSuchMethodError': Method sun.misc.Unsafe.prefetchRead(Ljava/lang/Object;J)V name or signature does not match> (0x00000000eab0db08) thrown at [C:\re\workspace\8-2-build-windows-amd64-cygwin\jdk8u60\4407\hotspot\src\share\vm\prims\j[÷0ømø?
Event: 1.527 Thread 0x000000005907a000 Exception <a 'java/lang/ArrayIndexOutOfBoundsException': 18> (0x00000000eb35a610) thrown at [C:\re\workspace\8-2-build-windows-amd64-cygwin\jdk8u60\4407\hotspot\src\share\vm\interpreter\interpreterRuntime.cpp, line 366]
Event: 1.527 Thread 0x000000005907a000 Exception <a 'java/lang/ArrayIndexOutOfBoundsException': 145> (0x00000000eb35c190) thrown at [C:\re\workspace\8-2-build-windows-amd64-cygwin\jdk8u60\4407\hotspot\src\share\vm\interpreter\interpreterRuntime.cpp, line 366]
Event: 1.528 Thread 0x000000005907a000 Exception <a 'java/lang/ArrayIndexOutOfBoundsException': 40> (0x00000000eb35d478) thrown at [C:\re\workspace\8-2-build-windows-amd64-cygwin\jdk8u60\4407\hotspot\src\share\vm\interpreter\interpreterRuntime.cpp, line 366]

Events (10 events):
Event: 10.112 Thread 0x0000000059092800 DEOPT PACKING pc=0x0000000002c5c839 sp=0x000000005991edb0
Event: 10.112 Thread 0x0000000059092800 DEOPT UNPACKING pc=0x000000000280787f sp=0x000000005991eb90 mode 0
Event: 10.279 Thread 0x000000005908e800 DEOPT PACKING pc=0x0000000002b12c85 sp=0x0000000059cce870
Event: 10.279 Thread 0x000000005908e800 DEOPT UNPACKING pc=0x000000000280787f sp=0x0000000059cce610 mode 0
Event: 10.288 Thread 0x000000005908e800 DEOPT PACKING pc=0x0000000002b12c85 sp=0x0000000059cce870
Event: 10.288 Thread 0x000000005908e800 DEOPT UNPACKING pc=0x000000000280787f sp=0x0000000059cce610 mode 0
Event: 10.290 Thread 0x0000000059092800 DEOPT PACKING pc=0x0000000002c58c31 sp=0x000000005991edd0
Event: 10.290 Thread 0x0000000059092800 DEOPT UNPACKING pc=0x000000000280787f sp=0x000000005991eb60 mode 0
Event: 10.316 Executing VM operation: ParallelGCFailedAllocation
Event: 11.031 Executing VM operation: ParallelGCFailedAllocation done


Dynamic libraries:
0x000000013f8d0000 - 0x000000013f907000 	C:\Program Files\Java\jdk1.8.0_60\bin\java.exe
0x0000000077b60000 - 0x0000000077d09000 	C:\Windows\SYSTEM32\ntdll.dll
0x0000000077a40000 - 0x0000000077b5f000 	C:\Windows\system32\kernel32.dll
0x000007fefdc60000 - 0x000007fefdccb000 	C:\Windows\system32\KERNELBASE.dll
0x000007feff9f0000 - 0x000007feffacb000 	C:\Windows\system32\ADVAPI32.dll
0x000007fefe510000 - 0x000007fefe5af000 	C:\Windows\system32\msvcrt.dll
0x000007feffb40000 - 0x000007feffb5f000 	C:\Windows\SYSTEM32\sechost.dll
0x000007fefe150000 - 0x000007fefe27d000 	C:\Windows\system32\RPCRT4.dll
0x0000000077940000 - 0x0000000077a3a000 	C:\Windows\system32\USER32.dll
0x000007feffad0000 - 0x000007feffb37000 	C:\Windows\system32\GDI32.dll
0x000007feff860000 - 0x000007feff86e000 	C:\Windows\system32\LPK.dll
0x000007fefde80000 - 0x000007fefdf49000 	C:\Windows\system32\USP10.dll
0x000007fefc580000 - 0x000007fefc774000 	C:\Windows\WinSxS\amd64_microsoft.windows.common-controls_6595b64144ccf1df_6.0.7601.17514_none_fa396087175ac9ac\COMCTL32.dll
0x000007fefea50000 - 0x000007fefeac1000 	C:\Windows\system32\SHLWAPI.dll
0x000007fefe2d0000 - 0x000007fefe2fe000 	C:\Windows\system32\IMM32.DLL
0x000007feffb70000 - 0x000007feffc79000 	C:\Windows\system32\MSCTF.dll
0x00000000630b0000 - 0x0000000063182000 	C:\Program Files\Java\jdk1.8.0_60\jre\bin\msvcr100.dll
0x0000000056200000 - 0x0000000056a89000 	C:\Program Files\Java\jdk1.8.0_60\jre\bin\server\jvm.dll
0x000007fef3c20000 - 0x000007fef3c29000 	C:\Windows\system32\WSOCK32.dll
0x000007fefe280000 - 0x000007fefe2cd000 	C:\Windows\system32\WS2_32.dll
0x000007feffb60000 - 0x000007feffb68000 	C:\Windows\system32\NSI.dll
0x000007fefc080000 - 0x000007fefc0bb000 	C:\Windows\system32\WINMM.dll
0x000007fefcc10000 - 0x000007fefcc1c000 	C:\Windows\system32\VERSION.dll
0x0000000077d20000 - 0x0000000077d27000 	C:\Windows\system32\PSAPI.DLL
0x0000000075200000 - 0x000000007520f000 	C:\Program Files\Java\jdk1.8.0_60\jre\bin\verify.dll
0x00000000647c0000 - 0x00000000647e9000 	C:\Program Files\Java\jdk1.8.0_60\jre\bin\java.dll
0x00000000751e0000 - 0x00000000751f6000 	C:\Program Files\Java\jdk1.8.0_60\jre\bin\zip.dll
0x000007fefead0000 - 0x000007feff858000 	C:\Windows\system32\SHELL32.dll
0x000007fefe300000 - 0x000007fefe503000 	C:\Windows\system32\ole32.dll
0x000007fefdab0000 - 0x000007fefdabf000 	C:\Windows\system32\profapi.dll

VM Arguments:
jvm_args: -Djava.awt.headless=true -Xmx1024M -Dfile.encoding=windows-1252 -Duser.country=US -Duser.language=en -Duser.variant 
java_command: com.android.dx.command.Main --dex --force-jumbo --num-threads=4 --multi-dex --output D:\project\AndroidStudioProjects\PersonalUtilitiesForLife\app\build\intermediates\transforms\dex\debug\folders\1000\10\com.google.android.gms-play-services-ads-8.1.0_412de66e4131172f8dd00f0734b2231cda306001 D:\project\AndroidStudioProjects\PersonalUtilitiesForLife\app\build\intermediates\exploded-aar\com.google.android.gms\play-services-ads\8.1.0\jars\classes.jar
java_class_path (initial): D:\Android\sdk\build-tools\23.0.3\lib\dx.jar
Launcher Type: SUN_STANDARD

Environment Variables:
JAVA_HOME=C:\Program Files\Java\jdk1.8.0_60
PATH=C:\ProgramData\Oracle\Java\javapath;C:\Program Files\Common Files\Microsoft Shared\Windows Live;C:\Program Files (x86)\HP SimplePass\x64;C:\Program Files (x86)\HP SimplePass\;;C:\Windows\system32;C:\Windows;C:\Windows\System32\Wbem;C:\Windows\System32\WindowsPowerShell\v1.0\;C:\Program Files (x86)\Java\jdk1.7.0_09\bin;C:\Strawberry\c\bin;C:\Strawberry\perl\site\bin;C:\Strawberry\perl\bin;C:\Program Files (x86)\Intel\OpenCL SDK\2.0\bin\x86;C:\Program Files (x86)\Intel\OpenCL SDK\2.0\bin\x64;C:\PROGRA~2\PICC;C:\Program Files (x86)\Microchip\xc16\v1.25\bin;C:\Program Files (x86)\Microchip\xc8\v1.35\bin;C:\Program Files\Java\jre1.8.0_65\bin;C:\Program Files\Java\jdk1.8.0_60\jre\bin;D:\Android\sdk\platform-tools;C:\Program Files\Common Files\Microsoft Shared\Windows Live;C:\Program Files\Java\jre1.8.0_65\bin
USERNAME=Nhut
OS=Windows_NT
PROCESSOR_IDENTIFIER=Intel64 Family 6 Model 42 Stepping 7, GenuineIntel



---------------  S Y S T E M  ---------------

OS: Windows 7 , 64 bit Build 7601 (6.1.7601.17514)

CPU:total 8 (4 cores per cpu, 2 threads per core) family 6 model 42 stepping 7, cmov, cx8, fxsr, mmx, sse, sse2, sse3, ssse3, sse4.1, sse4.2, popcnt, avx, aes, clmul, ht, tsc, tscinvbit

Memory: 4k page, physical 6238064k(243884k free), swap 8333368k(5188k free)

vm_info: Java HotSpot(TM) 64-Bit Server VM (25.60-b23) for windows-amd64 JRE (1.8.0_60-b27), built on Aug  4 2015 11:06:27 by "java_re" with MS VC++ 10.0 (VS2010)

time: Mon Jun 27 10:42:39 2016
elapsed time: 11 seconds (0d 0h 0m 11s)

