#
# There is insufficient memory for the Java Runtime Environment to continue.
# Native memory allocation (malloc) failed to allocate 1166896 bytes for Chunk::new
# Possible reasons:
#   The system is out of physical RAM or swap space
#   In 32 bit mode, the process size limit was hit
# Possible solutions:
#   Reduce memory load on the system
#   Increase physical memory or swap space
#   Check if swap backing store is full
#   Use 64 bit Java on a 64 bit OS
#   Decrease Java heap size (-Xmx/-Xms)
#   Decrease number of Java threads
#   Decrease Java thread stack sizes (-Xss)
#   Set larger code cache with -XX:ReservedCodeCacheSize=
# This output file may be truncated or incomplete.
#
#  Out of Memory Error (allocation.cpp:390), pid=11092, tid=10800
#
# JRE version: Java(TM) SE Runtime Environment (8.0_60-b27) (build 1.8.0_60-b27)
# Java VM: Java HotSpot(TM) 64-Bit Server VM (25.60-b23 mixed mode windows-amd64 compressed oops)
# Failed to write core dump. Minidumps are not enabled by default on client versions of Windows
#

---------------  T H R E A D  ---------------

Current thread (0x0000000016969000):  JavaThread "C2 CompilerThread0" daemon [_thread_in_native, id=10800, stack(0x0000000018150000,0x0000000018250000)]

Stack: [0x0000000018150000,0x0000000018250000]
[error occurred during error reporting (printing stack bounds), id 0xc0000005]

Native frames: (J=compiled Java code, j=interpreted, Vv=VM code, C=native code)


Current CompileTask:
C2:   3462 2243       4       com.android.dx.dex.code.OutputFinisher::addConstants (93 bytes)


---------------  P R O C E S S  ---------------

Java Threads: ( => current thread )
  0x0000000016a11800 JavaThread "Service Thread" daemon [_thread_blocked, id=11068, stack(0x0000000018520000,0x0000000018620000)]
  0x000000001698c800 JavaThread "C1 CompilerThread3" daemon [_thread_in_vm, id=4504, stack(0x0000000018330000,0x0000000018430000)]
  0x0000000016984000 JavaThread "C2 CompilerThread2" daemon [_thread_in_native, id=9080, stack(0x00000000178c0000,0x00000000179c0000)]
  0x0000000016972800 JavaThread "C2 CompilerThread1" daemon [_thread_in_native, id=7624, stack(0x0000000018050000,0x0000000018150000)]
=>0x0000000016969000 JavaThread "C2 CompilerThread0" daemon [_thread_in_native, id=10800, stack(0x0000000018150000,0x0000000018250000)]
  0x0000000016967800 JavaThread "Attach Listener" daemon [_thread_blocked, id=9976, stack(0x0000000017c30000,0x0000000017d30000)]
  0x0000000016978000 JavaThread "Signal Dispatcher" daemon [_thread_blocked, id=10100, stack(0x0000000017ee0000,0x0000000017fe0000)]
  0x00000000157ac000 JavaThread "Finalizer" daemon [_thread_blocked, id=10980, stack(0x0000000017d70000,0x0000000017e70000)]
  0x00000000157a4800 JavaThread "Reference Handler" daemon [_thread_blocked, id=9648, stack(0x0000000017b00000,0x0000000017c00000)]
  0x0000000001ede000 JavaThread "main" [_thread_in_Java, id=9716, stack(0x0000000002340000,0x0000000002440000)]

Other Threads:
  0x0000000016920800 VMThread [stack: 0x00000000179c0000,0x0000000017ac0000] [id=6080]
  0x0000000016a3e000 WatcherThread [stack: 0x00000000186e0000,0x00000000187e0000] [id=3060]

VM state:not at safepoint (normal execution)

VM Mutex/Monitor currently owned by a thread: None

Heap:
 PSYoungGen      total 102400K, used 99963K [0x00000000eab00000, 0x00000000f9000000, 0x0000000100000000)
  eden space 98304K, 97% used [0x00000000eab00000,0x00000000f08a6260,0x00000000f0b00000)
  from space 4096K, 99% used [0x00000000f0b00000,0x00000000f0ef8af8,0x00000000f0f00000)
  to   space 18944K, 0% used [0x00000000f7d80000,0x00000000f7d80000,0x00000000f9000000)
 ParOldGen       total 65536K, used 30974K [0x00000000c0000000, 0x00000000c4000000, 0x00000000eab00000)
  object space 65536K, 47% used [0x00000000c0000000,0x00000000c1e3fa30,0x00000000c4000000)
 Metaspace       used 6693K, capacity 7416K, committed 7680K, reserved 1056768K
  class space    used 641K, capacity 688K, committed 768K, reserved 1048576K

Card table byte_map: [0x0000000011c00000,0x0000000011e10000] byte_map_base: 0x0000000011600000

Marking Bits: (ParMarkBitMap*) 0x00000000543ba5b0
 Begin Bits: [0x0000000012bc0000, 0x0000000013bc0000)
 End Bits:   [0x0000000013bc0000, 0x0000000014bc0000)

Polling page: 0x00000000001c0000

CodeCache: size=245760Kb used=8291Kb max_used=8291Kb free=237468Kb
 bounds [0x0000000002840000, 0x0000000003070000, 0x0000000011840000]
 total_blobs=2430 nmethods=2160 adapters=182
 compilation: enabled

Compilation events (10 events):
Event: 3.407 Thread 0x000000001698c800 nmethod 2284 0x000000000304b190 code [0x000000000304b300, 0x000000000304b4a8]
Event: 3.407 Thread 0x000000001698c800 2285       2       com.android.dx.rop.type.StdTypeList::compareContents (82 bytes)
Event: 3.408 Thread 0x000000001698c800 nmethod 2285 0x000000000304b590 code [0x000000000304b740, 0x000000000304ba48]
Event: 3.409 Thread 0x000000001698c800 2287       2       com.android.dx.dex.file.TypeListItem::addContents (47 bytes)
Event: 3.410 Thread 0x000000001698c800 nmethod 2287 0x000000000304bcd0 code [0x000000000304be60, 0x000000000304c0a8]
Event: 3.411 Thread 0x000000001698c800 2288       1       com.android.dx.dex.file.IdItem::getDefiningClass (5 bytes)
Event: 3.411 Thread 0x000000001698c800 nmethod 2288 0x000000000304c250 code [0x000000000304c3a0, 0x000000000304c4b0]
Event: 3.411 Thread 0x000000001698c800 2289 %     3       com.android.dx.rop.cst.CstString::stringToUtf8Bytes @ 16 (175 bytes)
Event: 3.412 Thread 0x000000001698c800 nmethod 2289% 0x000000000304c510 code [0x000000000304c6e0, 0x000000000304cff8]
Event: 3.412 Thread 0x000000001698c800 2290       2       com.android.dx.dex.file.TypeIdItem::addContents (16 bytes)

GC Heap History (10 events):
Event: 0.638 GC heap before
{Heap before GC invocations=1 (full 0):
 PSYoungGen      total 28672K, used 24576K [0x00000000eab00000, 0x00000000ecb00000, 0x0000000100000000)
  eden space 24576K, 100% used [0x00000000eab00000,0x00000000ec300000,0x00000000ec300000)
  from space 4096K, 0% used [0x00000000ec700000,0x00000000ec700000,0x00000000ecb00000)
  to   space 4096K, 0% used [0x00000000ec300000,0x00000000ec300000,0x00000000ec700000)
 ParOldGen       total 65536K, used 0K [0x00000000c0000000, 0x00000000c4000000, 0x00000000eab00000)
  object space 65536K, 0% used [0x00000000c0000000,0x00000000c0000000,0x00000000c4000000)
 Metaspace       used 5820K, capacity 6768K, committed 7040K, reserved 1056768K
  class space    used 601K, capacity 616K, committed 640K, reserved 1048576K
Event: 0.649 GC heap after
Heap after GC invocations=1 (full 0):
 PSYoungGen      total 28672K, used 4095K [0x00000000eab00000, 0x00000000ee300000, 0x0000000100000000)
  eden space 24576K, 0% used [0x00000000eab00000,0x00000000eab00000,0x00000000ec300000)
  from space 4096K, 99% used [0x00000000ec300000,0x00000000ec6ffcb8,0x00000000ec700000)
  to   space 4096K, 0% used [0x00000000edf00000,0x00000000edf00000,0x00000000ee300000)
 ParOldGen       total 65536K, used 636K [0x00000000c0000000, 0x00000000c4000000, 0x00000000eab00000)
  object space 65536K, 0% used [0x00000000c0000000,0x00000000c009f3a8,0x00000000c4000000)
 Metaspace       used 5820K, capacity 6768K, committed 7040K, reserved 1056768K
  class space    used 601K, capacity 616K, committed 640K, reserved 1048576K
}
Event: 0.883 GC heap before
{Heap before GC invocations=2 (full 0):
 PSYoungGen      total 28672K, used 28671K [0x00000000eab00000, 0x00000000ee300000, 0x0000000100000000)
  eden space 24576K, 100% used [0x00000000eab00000,0x00000000ec300000,0x00000000ec300000)
  from space 4096K, 99% used [0x00000000ec300000,0x00000000ec6ffcb8,0x00000000ec700000)
  to   space 4096K, 0% used [0x00000000edf00000,0x00000000edf00000,0x00000000ee300000)
 ParOldGen       total 65536K, used 636K [0x00000000c0000000, 0x00000000c4000000, 0x00000000eab00000)
  object space 65536K, 0% used [0x00000000c0000000,0x00000000c009f3a8,0x00000000c4000000)
 Metaspace       used 6038K, capacity 6960K, committed 7040K, reserved 1056768K
  class space    used 603K, capacity 616K, committed 640K, reserved 1048576K
Event: 0.909 GC heap after
Heap after GC invocations=2 (full 0):
 PSYoungGen      total 53248K, used 4083K [0x00000000eab00000, 0x00000000ee300000, 0x0000000100000000)
  eden space 49152K, 0% used [0x00000000eab00000,0x00000000eab00000,0x00000000edb00000)
  from space 4096K, 99% used [0x00000000edf00000,0x00000000ee2fcc20,0x00000000ee300000)
  to   space 4096K, 0% used [0x00000000edb00000,0x00000000edb00000,0x00000000edf00000)
 ParOldGen       total 65536K, used 3917K [0x00000000c0000000, 0x00000000c4000000, 0x00000000eab00000)
  object space 65536K, 5% used [0x00000000c0000000,0x00000000c03d35c8,0x00000000c4000000)
 Metaspace       used 6038K, capacity 6960K, committed 7040K, reserved 1056768K
  class space    used 603K, capacity 616K, committed 640K, reserved 1048576K
}
Event: 1.177 GC heap before
{Heap before GC invocations=3 (full 0):
 PSYoungGen      total 53248K, used 53235K [0x00000000eab00000, 0x00000000ee300000, 0x0000000100000000)
  eden space 49152K, 100% used [0x00000000eab00000,0x00000000edb00000,0x00000000edb00000)
  from space 4096K, 99% used [0x00000000edf00000,0x00000000ee2fcc20,0x00000000ee300000)
  to   space 4096K, 0% used [0x00000000edb00000,0x00000000edb00000,0x00000000edf00000)
 ParOldGen       total 65536K, used 3917K [0x00000000c0000000, 0x00000000c4000000, 0x00000000eab00000)
  object space 65536K, 5% used [0x00000000c0000000,0x00000000c03d35c8,0x00000000c4000000)
 Metaspace       used 6178K, capacity 7088K, committed 7296K, reserved 1056768K
  class space    used 603K, capacity 616K, committed 640K, reserved 1048576K
Event: 1.215 GC heap after
Heap after GC invocations=3 (full 0):
 PSYoungGen      total 53248K, used 4087K [0x00000000eab00000, 0x00000000f1300000, 0x0000000100000000)
  eden space 49152K, 0% used [0x00000000eab00000,0x00000000eab00000,0x00000000edb00000)
  from space 4096K, 99% used [0x00000000edb00000,0x00000000edefdd08,0x00000000edf00000)
  to   space 4096K, 0% used [0x00000000f0f00000,0x00000000f0f00000,0x00000000f1300000)
 ParOldGen       total 65536K, used 10838K [0x00000000c0000000, 0x00000000c4000000, 0x00000000eab00000)
  object space 65536K, 16% used [0x00000000c0000000,0x00000000c0a95a98,0x00000000c4000000)
 Metaspace       used 6178K, capacity 7088K, committed 7296K, reserved 1056768K
  class space    used 603K, capacity 616K, committed 640K, reserved 1048576K
}
Event: 1.542 GC heap before
{Heap before GC invocations=4 (full 0):
 PSYoungGen      total 53248K, used 53239K [0x00000000eab00000, 0x00000000f1300000, 0x0000000100000000)
  eden space 49152K, 100% used [0x00000000eab00000,0x00000000edb00000,0x00000000edb00000)
  from space 4096K, 99% used [0x00000000edb00000,0x00000000edefdd08,0x00000000edf00000)
  to   space 4096K, 0% used [0x00000000f0f00000,0x00000000f0f00000,0x00000000f1300000)
 ParOldGen       total 65536K, used 10838K [0x00000000c0000000, 0x00000000c4000000, 0x00000000eab00000)
  object space 65536K, 16% used [0x00000000c0000000,0x00000000c0a95a98,0x00000000c4000000)
 Metaspace       used 6341K, capacity 7192K, committed 7424K, reserved 1056768K
  class space    used 624K, capacity 656K, committed 768K, reserved 1048576K
Event: 1.562 GC heap after
Heap after GC invocations=4 (full 0):
 PSYoungGen      total 102400K, used 4081K [0x00000000eab00000, 0x00000000f1300000, 0x0000000100000000)
  eden space 98304K, 0% used [0x00000000eab00000,0x00000000eab00000,0x00000000f0b00000)
  from space 4096K, 99% used [0x00000000f0f00000,0x00000000f12fc4a8,0x00000000f1300000)
  to   space 4096K, 0% used [0x00000000f0b00000,0x00000000f0b00000,0x00000000f0f00000)
 ParOldGen       total 65536K, used 18061K [0x00000000c0000000, 0x00000000c4000000, 0x00000000eab00000)
  object space 65536K, 27% used [0x00000000c0000000,0x00000000c11a3588,0x00000000c4000000)
 Metaspace       used 6341K, capacity 7192K, committed 7424K, reserved 1056768K
  class space    used 624K, capacity 656K, committed 768K, reserved 1048576K
}
Event: 2.589 GC heap before
{Heap before GC invocations=5 (full 0):
 PSYoungGen      total 102400K, used 102385K [0x00000000eab00000, 0x00000000f1300000, 0x0000000100000000)
  eden space 98304K, 100% used [0x00000000eab00000,0x00000000f0b00000,0x00000000f0b00000)
  from space 4096K, 99% used [0x00000000f0f00000,0x00000000f12fc4a8,0x00000000f1300000)
  to   space 4096K, 0% used [0x00000000f0b00000,0x00000000f0b00000,0x00000000f0f00000)
 ParOldGen       total 65536K, used 18061K [0x00000000c0000000, 0x00000000c4000000, 0x00000000eab00000)
  object space 65536K, 27% used [0x00000000c0000000,0x00000000c11a3588,0x00000000c4000000)
 Metaspace       used 6419K, capacity 7192K, committed 7424K, reserved 1056768K
  class space    used 624K, capacity 656K, committed 768K, reserved 1048576K
Event: 2.627 GC heap after
Heap after GC invocations=5 (full 0):
 PSYoungGen      total 102400K, used 4066K [0x00000000eab00000, 0x00000000f9000000, 0x0000000100000000)
  eden space 98304K, 0% used [0x00000000eab00000,0x00000000eab00000,0x00000000f0b00000)
  from space 4096K, 99% used [0x00000000f0b00000,0x00000000f0ef8af8,0x00000000f0f00000)
  to   space 18944K, 0% used [0x00000000f7d80000,0x00000000f7d80000,0x00000000f9000000)
 ParOldGen       total 65536K, used 30974K [0x00000000c0000000, 0x00000000c4000000, 0x00000000eab00000)
  object space 65536K, 47% used [0x00000000c0000000,0x00000000c1e3fa30,0x00000000c4000000)
 Metaspace       used 6419K, capacity 7192K, committed 7424K, reserved 1056768K
  class space    used 624K, capacity 656K, committed 768K, reserved 1048576K
}

Deoptimization events (10 events):
Event: 2.455 Thread 0x0000000001ede000 Uncommon trap: reason=bimorphic action=maybe_recompile pc=0x0000000002e45404 method=com.android.dx.rop.code.RegisterSpec.withSimpleType()Lcom/android/dx/rop/code/RegisterSpec; @ 21
Event: 2.483 Thread 0x0000000001ede000 Uncommon trap: reason=bimorphic action=maybe_recompile pc=0x0000000002e45404 method=com.android.dx.rop.code.RegisterSpec.withSimpleType()Lcom/android/dx/rop/code/RegisterSpec; @ 21
Event: 2.539 Thread 0x0000000001ede000 Uncommon trap: reason=unstable_if action=reinterpret pc=0x0000000002eaa2e8 method=java.util.HashMap.getNode(ILjava/lang/Object;)Ljava/util/HashMap$Node; @ 84
Event: 2.997 Thread 0x00000000188ac000 Uncommon trap: reason=unstable_if action=reinterpret pc=0x0000000002d47c10 method=com.android.dx.ssa.SCCP.simulateBranch(Lcom/android/dx/ssa/SsaInsn;)V @ 548
Event: 3.018 Thread 0x000000001883a800 Uncommon trap: reason=unstable_if action=reinterpret pc=0x0000000002f67ddc method=com.android.dx.rop.cst.CstNat.equals(Ljava/lang/Object;)Z @ 25
Event: 3.176 Thread 0x0000000001ede000 Uncommon trap: reason=class_check action=maybe_recompile pc=0x0000000002c099f8 method=java.util.Arrays.hashCode([Ljava/lang/Object;)I @ 43
Event: 3.176 Thread 0x0000000001ede000 Uncommon trap: reason=class_check action=maybe_recompile pc=0x0000000002c099f8 method=java.util.Arrays.hashCode([Ljava/lang/Object;)I @ 43
Event: 3.176 Thread 0x0000000001ede000 Uncommon trap: reason=class_check action=maybe_recompile pc=0x0000000002c099f8 method=java.util.Arrays.hashCode([Ljava/lang/Object;)I @ 43
Event: 3.176 Thread 0x0000000001ede000 Uncommon trap: reason=class_check action=maybe_recompile pc=0x0000000002c099f8 method=java.util.Arrays.hashCode([Ljava/lang/Object;)I @ 43
Event: 3.176 Thread 0x0000000001ede000 Uncommon trap: reason=class_check action=maybe_recompile pc=0x0000000002c024f4 method=java.util.Arrays.hashCode([Ljava/lang/Object;)I @ 43

Internal exceptions (5 events):
Event: 0.039 Thread 0x0000000001ede000 Exception <a 'java/lang/NoSuchMethodError': Method sun.misc.Unsafe.defineClass(Ljava/lang/String;[BII)Ljava/lang/Class; name or signature does not match> (0x00000000eab0d7c8) thrown at [C:\re\workspace\8-2-build-windows-amd64-cygwin\jdk8u60\4407\hotspot\sra«:¬¥)¤?
Event: 0.039 Thread 0x0000000001ede000 Exception <a 'java/lang/NoSuchMethodError': Method sun.misc.Unsafe.prefetchRead(Ljava/lang/Object;J)V name or signature does not match> (0x00000000eab0dab0) thrown at [C:\re\workspace\8-2-build-windows-amd64-cygwin\jdk8u60\4407\hotspot\src\share\vm\prims\jå˜î†£ô?
Event: 1.290 Thread 0x0000000001ede000 Exception <a 'java/lang/ArrayIndexOutOfBoundsException': 18> (0x00000000eb60bef0) thrown at [C:\re\workspace\8-2-build-windows-amd64-cygwin\jdk8u60\4407\hotspot\src\share\vm\interpreter\interpreterRuntime.cpp, line 366]
Event: 1.290 Thread 0x0000000001ede000 Exception <a 'java/lang/ArrayIndexOutOfBoundsException': 145> (0x00000000eb60da70) thrown at [C:\re\workspace\8-2-build-windows-amd64-cygwin\jdk8u60\4407\hotspot\src\share\vm\interpreter\interpreterRuntime.cpp, line 366]
Event: 1.296 Thread 0x0000000001ede000 Exception <a 'java/lang/ArrayIndexOutOfBoundsException'> (0x00000000eb60ed58) thrown at [C:\re\workspace\8-2-build-windows-amd64-cygwin\jdk8u60\4407\hotspot\src\share\vm\runtime\sharedRuntime.cpp, line 605]

Events (10 events):
Event: 3.176 Thread 0x0000000001ede000 DEOPT PACKING pc=0x0000000002c024f4 sp=0x000000000243eb40
Event: 3.176 Thread 0x0000000001ede000 DEOPT UNPACKING pc=0x000000000288582a sp=0x000000000243eac8 mode 2
Event: 3.179 loading class com/android/dx/rop/cst/Zeroes
Event: 3.179 loading class com/android/dx/rop/cst/Zeroes done
Event: 3.212 loading class com/android/dx/dex/file/CatchStructs
Event: 3.212 loading class com/android/dx/dex/file/CatchStructs done
Event: 3.240 Thread 0x0000000001ede000 DEOPT PACKING pc=0x000000000301283c sp=0x000000000243ec80
Event: 3.240 Thread 0x0000000001ede000 DEOPT UNPACKING pc=0x000000000288787f sp=0x000000000243ea10 mode 0
Event: 3.367 loading class com/android/dx/dex/file/ProtoIdItem
Event: 3.367 loading class com/android/dx/dex/file/ProtoIdItem done


Dynamic libraries:
0x000000013f800000 - 0x000000013f837000 	C:\Program Files\Java\jdk1.8.0_60\bin\java.exe
0x0000000077b30000 - 0x0000000077cd9000 	C:\Windows\SYSTEM32\ntdll.dll
0x0000000077a10000 - 0x0000000077b2f000 	C:\Windows\system32\kernel32.dll
0x000007fefdde0000 - 0x000007fefde4b000 	C:\Windows\system32\KERNELBASE.dll
0x000007feff330000 - 0x000007feff40b000 	C:\Windows\system32\ADVAPI32.dll
0x000007feff940000 - 0x000007feff9df000 	C:\Windows\system32\msvcrt.dll
0x000007feff9e0000 - 0x000007feff9ff000 	C:\Windows\SYSTEM32\sechost.dll
0x000007feff5f0000 - 0x000007feff71d000 	C:\Windows\system32\RPCRT4.dll
0x0000000077910000 - 0x0000000077a0a000 	C:\Windows\system32\USER32.dll
0x000007fefeee0000 - 0x000007fefef47000 	C:\Windows\system32\GDI32.dll
0x000007feff930000 - 0x000007feff93e000 	C:\Windows\system32\LPK.dll
0x000007feffd10000 - 0x000007feffdd9000 	C:\Windows\system32\USP10.dll
0x000007fefbc60000 - 0x000007fefbe54000 	C:\Windows\WinSxS\amd64_microsoft.windows.common-controls_6595b64144ccf1df_6.0.7601.17514_none_fa396087175ac9ac\COMCTL32.dll
0x000007fefded0000 - 0x000007fefdf41000 	C:\Windows\system32\SHLWAPI.dll
0x000007fefdf50000 - 0x000007fefdf7e000 	C:\Windows\system32\IMM32.DLL
0x000007feff800000 - 0x000007feff909000 	C:\Windows\system32\MSCTF.dll
0x0000000059c40000 - 0x0000000059d12000 	C:\Program Files\Java\jdk1.8.0_60\jre\bin\msvcr100.dll
0x0000000053bb0000 - 0x0000000054439000 	C:\Program Files\Java\jdk1.8.0_60\jre\bin\server\jvm.dll
0x000007feec2f0000 - 0x000007feec2f9000 	C:\Windows\system32\WSOCK32.dll
0x000007fefed10000 - 0x000007fefed5d000 	C:\Windows\system32\WS2_32.dll
0x000007feffa00000 - 0x000007feffa08000 	C:\Windows\system32\NSI.dll
0x000007fefc580000 - 0x000007fefc5bb000 	C:\Windows\system32\WINMM.dll
0x000007fefcbe0000 - 0x000007fefcbec000 	C:\Windows\system32\VERSION.dll
0x0000000077d00000 - 0x0000000077d07000 	C:\Windows\system32\PSAPI.DLL
0x0000000069a20000 - 0x0000000069a2f000 	C:\Program Files\Java\jdk1.8.0_60\jre\bin\verify.dll
0x000000005d9a0000 - 0x000000005d9c9000 	C:\Program Files\Java\jdk1.8.0_60\jre\bin\java.dll
0x000000005d980000 - 0x000000005d996000 	C:\Program Files\Java\jdk1.8.0_60\jre\bin\zip.dll
0x000007fefdf80000 - 0x000007fefed08000 	C:\Windows\system32\SHELL32.dll
0x000007fefef50000 - 0x000007feff153000 	C:\Windows\system32\ole32.dll
0x000007fefda80000 - 0x000007fefda8f000 	C:\Windows\system32\profapi.dll

VM Arguments:
jvm_args: -Djava.awt.headless=true -Xmx1024M -Dfile.encoding=windows-1252 -Duser.country=US -Duser.language=en -Duser.variant 
java_command: com.android.dx.command.Main --dex --force-jumbo --num-threads=4 --output D:\project\AndroidStudioProjects\PersonalUtilitiesForLife\app\build\intermediates\pre-dexed\debug\com.android.support-appcompat-v7-23.4.0_582db295a3e499bc99cff10999019106f01350bf.jar D:\project\AndroidStudioProjects\PersonalUtilitiesForLife\app\build\intermediates\exploded-aar\com.android.support\appcompat-v7\23.4.0\jars\classes.jar
java_class_path (initial): D:\Android\sdk\build-tools\23.0.3\lib\dx.jar
Launcher Type: SUN_STANDARD

Environment Variables:
JAVA_HOME=C:\Program Files\Java\jdk1.8.0_60
PATH=C:\ProgramData\Oracle\Java\javapath;C:\Program Files\Common Files\Microsoft Shared\Windows Live;C:\Program Files (x86)\HP SimplePass\x64;C:\Program Files (x86)\HP SimplePass\;;C:\Windows\system32;C:\Windows;C:\Windows\System32\Wbem;C:\Windows\System32\WindowsPowerShell\v1.0\;C:\Program Files (x86)\Java\jdk1.7.0_09\bin;C:\Strawberry\c\bin;C:\Strawberry\perl\site\bin;C:\Strawberry\perl\bin;C:\Program Files (x86)\Intel\OpenCL SDK\2.0\bin\x86;C:\Program Files (x86)\Intel\OpenCL SDK\2.0\bin\x64;C:\PROGRA~2\PICC;C:\Program Files (x86)\Microchip\xc16\v1.25\bin;C:\Program Files (x86)\Microchip\xc8\v1.35\bin;C:\Program Files\Java\jre1.8.0_65\bin;C:\Program Files\Java\jdk1.8.0_60\jre\bin;D:\Android\sdk\platform-tools;C:\Program Files\Common Files\Microsoft Shared\Windows Live;C:\Program Files\Java\jre1.8.0_65\bin
USERNAME=Nhut
OS=Windows_NT
PROCESSOR_IDENTIFIER=Intel64 Family 6 Model 42 Stepping 7, GenuineIntel



---------------  S Y S T E M  ---------------

OS: Windows 7 , 64 bit Build 7601 (6.1.7601.17514)

CPU:total 8 (4 cores per cpu, 2 threads per core) family 6 model 42 stepping 7, cmov, cx8, fxsr, mmx, sse, sse2, sse3, ssse3, sse4.1, sse4.2, popcnt, avx, aes, clmul, ht, tsc, tscinvbit

Memory: 4k page, physical 6238064k(871216k free), swap 8333368k(30912k free)

vm_info: Java HotSpot(TM) 64-Bit Server VM (25.60-b23) for windows-amd64 JRE (1.8.0_60-b27), built on Aug  4 2015 11:06:27 by "java_re" with MS VC++ 10.0 (VS2010)

time: Sun Jun 19 20:47:22 2016
elapsed time: 3 seconds (0d 0h 0m 3s)

