#
# There is insufficient memory for the Java Runtime Environment to continue.
# Native memory allocation (malloc) failed to allocate 325856 bytes for Chunk::new
# Possible reasons:
#   The system is out of physical RAM or swap space
#   In 32 bit mode, the process size limit was hit
# Possible solutions:
#   Reduce memory load on the system
#   Increase physical memory or swap space
#   Check if swap backing store is full
#   Use 64 bit Java on a 64 bit OS
#   Decrease Java heap size (-Xmx/-Xms)
#   Decrease number of Java threads
#   Decrease Java thread stack sizes (-Xss)
#   Set larger code cache with -XX:ReservedCodeCacheSize=
# This output file may be truncated or incomplete.
#
#  Out of Memory Error (allocation.cpp:390), pid=20672, tid=4812
#
# JRE version: Java(TM) SE Runtime Environment (8.0_60-b27) (build 1.8.0_60-b27)
# Java VM: Java HotSpot(TM) 64-Bit Server VM (25.60-b23 mixed mode windows-amd64 compressed oops)
# Failed to write core dump. Minidumps are not enabled by default on client versions of Windows
#

---------------  T H R E A D  ---------------

Current thread (0x00000000567fd000):  JavaThread "C2 CompilerThread1" daemon [_thread_in_native, id=4812, stack(0x0000000057f80000,0x0000000058080000)]

Stack: [0x0000000057f80000,0x0000000058080000]
[error occurred during error reporting (printing stack bounds), id 0xc0000005]

Native frames: (J=compiled Java code, j=interpreted, Vv=VM code, C=native code)


Current CompileTask:
C2:   1368  678   !   4       com.android.dx.rop.code.RegisterSpec::intern (70 bytes)


---------------  P R O C E S S  ---------------

Java Threads: ( => current thread )
  0x00000000587df800 JavaThread "pool-1-thread-4" [_thread_blocked, id=17688, stack(0x00000000593a0000,0x00000000594a0000)]
  0x00000000587d3800 JavaThread "pool-1-thread-3" [_thread_in_Java, id=21208, stack(0x0000000059220000,0x0000000059320000)]
  0x0000000056abf000 JavaThread "pool-1-thread-2" [_thread_blocked, id=11316, stack(0x0000000058450000,0x0000000058550000)]
  0x0000000056b28000 JavaThread "pool-2-thread-1" [_thread_blocked, id=20944, stack(0x0000000058fe0000,0x00000000590e0000)]
  0x0000000056b27000 JavaThread "pool-1-thread-1" [_thread_blocked, id=10280, stack(0x00000000580c0000,0x00000000581c0000)]
  0x0000000056888000 JavaThread "Service Thread" daemon [_thread_blocked, id=20368, stack(0x0000000058550000,0x0000000058650000)]
  0x000000005585f000 JavaThread "C1 CompilerThread3" daemon [_thread_in_native, id=5396, stack(0x0000000058310000,0x0000000058410000)]
  0x0000000056800000 JavaThread "C2 CompilerThread2" daemon [_thread_blocked, id=21112, stack(0x00000000581f0000,0x00000000582f0000)]
=>0x00000000567fd000 JavaThread "C2 CompilerThread1" daemon [_thread_in_native, id=4812, stack(0x0000000057f80000,0x0000000058080000)]
  0x00000000567f7000 JavaThread "C2 CompilerThread0" daemon [_thread_in_native, id=4088, stack(0x0000000057dc0000,0x0000000057ec0000)]
  0x00000000567f5800 JavaThread "Attach Listener" daemon [_thread_blocked, id=19660, stack(0x0000000057cc0000,0x0000000057dc0000)]
  0x00000000567f4800 JavaThread "Signal Dispatcher" daemon [_thread_blocked, id=8924, stack(0x0000000057b60000,0x0000000057c60000)]
  0x000000005584e800 JavaThread "Finalizer" daemon [_thread_blocked, id=19004, stack(0x0000000057a20000,0x0000000057b20000)]
  0x0000000055847000 JavaThread "Reference Handler" daemon [_thread_blocked, id=5388, stack(0x00000000578e0000,0x00000000579e0000)]
  0x0000000001ece000 JavaThread "main" [_thread_in_Java, id=15364, stack(0x0000000002640000,0x0000000002740000)]

Other Threads:
  0x00000000567a2800 VMThread [stack: 0x00000000577a0000,0x00000000578a0000] [id=11000]
  0x0000000056894800 WatcherThread [stack: 0x00000000586b0000,0x00000000587b0000] [id=18708]

VM state:not at safepoint (normal execution)

VM Mutex/Monitor currently owned by a thread: None

Heap:
 PSYoungGen      total 28672K, used 23429K [0x00000000eab00000, 0x00000000ecb00000, 0x0000000100000000)
  eden space 24576K, 95% used [0x00000000eab00000,0x00000000ec1e1480,0x00000000ec300000)
  from space 4096K, 0% used [0x00000000ec700000,0x00000000ec700000,0x00000000ecb00000)
  to   space 4096K, 0% used [0x00000000ec300000,0x00000000ec300000,0x00000000ec700000)
 ParOldGen       total 65536K, used 0K [0x00000000c0000000, 0x00000000c4000000, 0x00000000eab00000)
  object space 65536K, 0% used [0x00000000c0000000,0x00000000c0000000,0x00000000c4000000)
 Metaspace       used 5663K, capacity 6640K, committed 6784K, reserved 1056768K
  class space    used 595K, capacity 616K, committed 640K, reserved 1048576K

Card table byte_map: [0x0000000011dd0000,0x0000000011fe0000] byte_map_base: 0x00000000117d0000

Marking Bits: (ParMarkBitMap*) 0x0000000059e0a5b0
 Begin Bits: [0x0000000012c60000, 0x0000000013c60000)
 End Bits:   [0x0000000013c60000, 0x0000000014c60000)

Polling page: 0x0000000000240000

CodeCache: size=245760Kb used=2333Kb max_used=2349Kb free=243426Kb
 bounds [0x0000000002a10000, 0x0000000002c80000, 0x0000000011a10000]
 total_blobs=911 nmethods=642 adapters=182
 compilation: enabled

Compilation events (10 events):
Event: 1.353 Thread 0x0000000056800000  686       4       com.android.dx.ssa.NormalSsaInsn::getLocalAssignment (54 bytes)
Event: 1.354 Thread 0x00000000567f7000 nmethod 687 0x0000000002c444d0 code [0x0000000002c44600, 0x0000000002c44698]
Event: 1.354 Thread 0x00000000567f7000  681  s    4       java.util.Vector::removeElementAt (115 bytes)
Event: 1.359 Thread 0x00000000567f7000 nmethod 681 0x0000000002c5e050 code [0x0000000002c5e1a0, 0x0000000002c5e438]
Event: 1.360 Thread 0x0000000056800000 nmethod 686 0x0000000002c59fd0 code [0x0000000002c5a120, 0x0000000002c5a218]
Event: 1.363 Thread 0x00000000567f7000  691       4       java.util.BitSet::clear (70 bytes)
Event: 1.363 Thread 0x0000000056800000  692       4       com.android.dx.util.Bits::set (38 bytes)
Event: 1.365 Thread 0x0000000056800000 nmethod 692 0x0000000002c59950 code [0x0000000002c59a80, 0x0000000002c59b38]
Event: 1.365 Thread 0x0000000056800000  693       4       com.android.dx.cf.code.LineNumberList::get (9 bytes)
Event: 1.366 Thread 0x0000000056800000 nmethod 693 0x0000000002c58b50 code [0x0000000002c58ca0, 0x0000000002c58d58]

GC Heap History (0 events):
No events

Deoptimization events (3 events):
Event: 0.787 Thread 0x0000000001ece000 Uncommon trap: reason=unstable_if action=reinterpret pc=0x0000000002b5f184 method=java.lang.String.compareTo(Ljava/lang/String;)I @ 38
Event: 1.205 Thread 0x0000000056abf000 Uncommon trap: reason=unstable_if action=reinterpret pc=0x0000000002bf51f0 method=java.util.HashMap.getNode(ILjava/lang/Object;)Ljava/util/HashMap$Node; @ 129
Event: 1.211 Thread 0x0000000056b27000 Uncommon trap: reason=unstable_if action=reinterpret pc=0x0000000002bf07e0 method=java.util.BitSet.nextSetBit(I)I @ 87

Internal exceptions (2 events):
Event: 0.107 Thread 0x0000000001ece000 Exception <a 'java/lang/NoSuchMethodError': Method sun.misc.Unsafe.defineClass(Ljava/lang/String;[BII)Ljava/lang/Class; name or signature does not match> (0x00000000eab0d738) thrown at [C:\re\workspace\8-2-build-windows-amd64-cygwin\jdk8u60\4407\hotspot\srzr$b¶[»?
Event: 0.107 Thread 0x0000000001ece000 Exception <a 'java/lang/NoSuchMethodError': Method sun.misc.Unsafe.prefetchRead(Ljava/lang/Object;J)V name or signature does not match> (0x00000000eab0da20) thrown at [C:\re\workspace\8-2-build-windows-amd64-cygwin\jdk8u60\4407\hotspot\src\share\vm\prims\j

Events (10 events):
Event: 1.209 loading class java/util/HashMap$ValueIterator done
Event: 1.211 Thread 0x0000000056b27000 Uncommon trap: trap_request=0xffffff65 fr.pc=0x0000000002bf07e0
Event: 1.211 Thread 0x0000000056b27000 DEOPT PACKING pc=0x0000000002bf07e0 sp=0x00000000581bedb0
Event: 1.211 Thread 0x0000000056b27000 DEOPT UNPACKING pc=0x0000000002a5582a sp=0x00000000581bed48 mode 2
Event: 1.235 loading class java/util/ArrayList$1
Event: 1.235 loading class java/util/ArrayList$1 done
Event: 1.292 loading class com/android/dx/dex/file/MethodAnnotationStruct
Event: 1.292 loading class com/android/dx/dex/file/MethodAnnotationStruct done
Event: 1.296 loading class com/android/dx/cf/attrib/AttLocalVariableTypeTable
Event: 1.296 loading class com/android/dx/cf/attrib/AttLocalVariableTypeTable done


Dynamic libraries:
0x000000013f890000 - 0x000000013f8c7000 	C:\Program Files\Java\jdk1.8.0_60\bin\java.exe
0x0000000077b30000 - 0x0000000077cd9000 	C:\Windows\SYSTEM32\ntdll.dll
0x0000000077a10000 - 0x0000000077b2f000 	C:\Windows\system32\kernel32.dll
0x000007fefdde0000 - 0x000007fefde4b000 	C:\Windows\system32\KERNELBASE.dll
0x000007feff330000 - 0x000007feff40b000 	C:\Windows\system32\ADVAPI32.dll
0x000007feff940000 - 0x000007feff9df000 	C:\Windows\system32\msvcrt.dll
0x000007feff9e0000 - 0x000007feff9ff000 	C:\Windows\SYSTEM32\sechost.dll
0x000007feff5f0000 - 0x000007feff71d000 	C:\Windows\system32\RPCRT4.dll
0x0000000077910000 - 0x0000000077a0a000 	C:\Windows\system32\USER32.dll
0x000007fefeee0000 - 0x000007fefef47000 	C:\Windows\system32\GDI32.dll
0x000007feff930000 - 0x000007feff93e000 	C:\Windows\system32\LPK.dll
0x000007feffd10000 - 0x000007feffdd9000 	C:\Windows\system32\USP10.dll
0x000007fefbc60000 - 0x000007fefbe54000 	C:\Windows\WinSxS\amd64_microsoft.windows.common-controls_6595b64144ccf1df_6.0.7601.17514_none_fa396087175ac9ac\COMCTL32.dll
0x000007fefded0000 - 0x000007fefdf41000 	C:\Windows\system32\SHLWAPI.dll
0x000007fefdf50000 - 0x000007fefdf7e000 	C:\Windows\system32\IMM32.DLL
0x000007feff800000 - 0x000007feff909000 	C:\Windows\system32\MSCTF.dll
0x00000000604c0000 - 0x0000000060592000 	C:\Program Files\Java\jdk1.8.0_60\jre\bin\msvcr100.dll
0x0000000059600000 - 0x0000000059e89000 	C:\Program Files\Java\jdk1.8.0_60\jre\bin\server\jvm.dll
0x000007feec2f0000 - 0x000007feec2f9000 	C:\Windows\system32\WSOCK32.dll
0x000007fefed10000 - 0x000007fefed5d000 	C:\Windows\system32\WS2_32.dll
0x000007feffa00000 - 0x000007feffa08000 	C:\Windows\system32\NSI.dll
0x000007fefc580000 - 0x000007fefc5bb000 	C:\Windows\system32\WINMM.dll
0x000007fefcbe0000 - 0x000007fefcbec000 	C:\Windows\system32\VERSION.dll
0x0000000077d00000 - 0x0000000077d07000 	C:\Windows\system32\PSAPI.DLL
0x000000006b800000 - 0x000000006b80f000 	C:\Program Files\Java\jdk1.8.0_60\jre\bin\verify.dll
0x0000000065680000 - 0x00000000656a9000 	C:\Program Files\Java\jdk1.8.0_60\jre\bin\java.dll
0x0000000067090000 - 0x00000000670a6000 	C:\Program Files\Java\jdk1.8.0_60\jre\bin\zip.dll
0x000007fefdf80000 - 0x000007fefed08000 	C:\Windows\system32\SHELL32.dll
0x000007fefef50000 - 0x000007feff153000 	C:\Windows\system32\ole32.dll
0x000007fefda80000 - 0x000007fefda8f000 	C:\Windows\system32\profapi.dll

VM Arguments:
jvm_args: -Djava.awt.headless=true -Xmx1024M -Dfile.encoding=windows-1252 -Duser.country=US -Duser.language=en -Duser.variant 
java_command: com.android.dx.command.Main --dex --force-jumbo --num-threads=4 --output D:\project\AndroidStudioProjects\PersonalUtilitiesForLife\app\build\intermediates\pre-dexed\debug\internal_impl-23.4.0_cae8d79c879183da4d9555f0e8c0827689d5fdf5.jar D:\project\AndroidStudioProjects\PersonalUtilitiesForLife\app\build\intermediates\exploded-aar\com.android.support\support-v4\23.4.0\jars\libs\internal_impl-23.4.0.jar
java_class_path (initial): D:\Android\sdk\build-tools\23.0.3\lib\dx.jar
Launcher Type: SUN_STANDARD

Environment Variables:
JAVA_HOME=C:\Program Files\Java\jdk1.8.0_60
PATH=C:\ProgramData\Oracle\Java\javapath;%CommonProgramFiles%\Microsoft Shared\Windows Live;C:\Program Files (x86)\HP SimplePass\x64;C:\Program Files (x86)\HP SimplePass\;;C:\Windows\system32;C:\Windows;C:\Windows\System32\Wbem;C:\Windows\System32\WindowsPowerShell\v1.0\;C:\Program Files (x86)\Java\jdk1.7.0_09\bin;C:\Strawberry\c\bin;C:\Strawberry\perl\site\bin;C:\Strawberry\perl\bin;C:\Program Files (x86)\Intel\OpenCL SDK\2.0\bin\x86;C:\Program Files (x86)\Intel\OpenCL SDK\2.0\bin\x64;C:\PROGRA~2\PICC;C:\Program Files (x86)\Microchip\xc16\v1.25\bin;C:\Program Files (x86)\Microchip\xc8\v1.35\bin;C:\Program Files\Java\jre1.8.0_65\bin;C:\Program Files\Java\jdk1.8.0_60\jre\bin;D:\Android\sdk\platform-tools;C:\Program Files\Common Files\Microsoft Shared\Windows Live;C:\Program Files\Java\jre1.8.0_65\bin
USERNAME=Nhut
OS=Windows_NT
PROCESSOR_IDENTIFIER=Intel64 Family 6 Model 42 Stepping 7, GenuineIntel



---------------  S Y S T E M  ---------------

OS: Windows 7 , 64 bit Build 7601 (6.1.7601.17514)

CPU:total 8 (4 cores per cpu, 2 threads per core) family 6 model 42 stepping 7, cmov, cx8, fxsr, mmx, sse, sse2, sse3, ssse3, sse4.1, sse4.2, popcnt, avx, aes, clmul, ht, tsc, tscinvbit

Memory: 4k page, physical 6238064k(757496k free), swap 8333368k(19348k free)

vm_info: Java HotSpot(TM) 64-Bit Server VM (25.60-b23) for windows-amd64 JRE (1.8.0_60-b27), built on Aug  4 2015 11:06:27 by "java_re" with MS VC++ 10.0 (VS2010)

time: Tue Jun 21 12:21:03 2016
elapsed time: 1 seconds (0d 0h 0m 1s)

