#
# There is insufficient memory for the Java Runtime Environment to continue.
# Native memory allocation (malloc) failed to allocate 654256 bytes for Chunk::new
# Possible reasons:
#   The system is out of physical RAM or swap space
#   In 32 bit mode, the process size limit was hit
# Possible solutions:
#   Reduce memory load on the system
#   Increase physical memory or swap space
#   Check if swap backing store is full
#   Use 64 bit Java on a 64 bit OS
#   Decrease Java heap size (-Xmx/-Xms)
#   Decrease number of Java threads
#   Decrease Java thread stack sizes (-Xss)
#   Set larger code cache with -XX:ReservedCodeCacheSize=
# This output file may be truncated or incomplete.
#
#  Out of Memory Error (allocation.cpp:390), pid=13744, tid=15072
#
# JRE version: Java(TM) SE Runtime Environment (8.0_60-b27) (build 1.8.0_60-b27)
# Java VM: Java HotSpot(TM) 64-Bit Server VM (25.60-b23 mixed mode windows-amd64 compressed oops)
# Failed to write core dump. Minidumps are not enabled by default on client versions of Windows
#

---------------  T H R E A D  ---------------

Current thread (0x0000000056703000):  JavaThread "C2 CompilerThread2" daemon [_thread_in_native, id=15072, stack(0x0000000058740000,0x0000000058840000)]

Stack: [0x0000000058740000,0x0000000058840000]
[error occurred during error reporting (printing stack bounds), id 0xc0000005]

Native frames: (J=compiled Java code, j=interpreted, Vv=VM code, C=native code)


Current CompileTask:
C2:   3802 2191       4       com.android.dx.ssa.LocalVariableExtractor::processBlock (383 bytes)


---------------  P R O C E S S  ---------------

Java Threads: ( => current thread )
  0x0000000056975000 JavaThread "pool-2-thread-4" [_thread_blocked, id=14572, stack(0x0000000059b20000,0x0000000059c20000)]
  0x00000000569c2000 JavaThread "pool-2-thread-3" [_thread_in_Java, id=13992, stack(0x0000000059980000,0x0000000059a80000)]
  0x00000000590c3000 JavaThread "pool-2-thread-2" [_thread_in_Java, id=9572, stack(0x00000000597a0000,0x00000000598a0000)]
  0x0000000056997000 JavaThread "pool-3-thread-1" [_thread_blocked, id=5272, stack(0x0000000058990000,0x0000000058a90000)]
  0x000000005698e000 JavaThread "pool-2-thread-1" [_thread_in_Java, id=15316, stack(0x0000000058500000,0x0000000058600000)]
  0x000000005673d000 JavaThread "Service Thread" daemon [_thread_blocked, id=14176, stack(0x0000000058ca0000,0x0000000058da0000)]
  0x0000000056710000 JavaThread "C1 CompilerThread3" daemon [_thread_blocked, id=14592, stack(0x0000000058aa0000,0x0000000058ba0000)]
=>0x0000000056703000 JavaThread "C2 CompilerThread2" daemon [_thread_in_native, id=15072, stack(0x0000000058740000,0x0000000058840000)]
  0x0000000056702000 JavaThread "C2 CompilerThread1" daemon [_thread_in_native, id=15228, stack(0x0000000058880000,0x0000000058980000)]
  0x00000000566fb800 JavaThread "C2 CompilerThread0" daemon [_thread_in_native, id=14512, stack(0x0000000058630000,0x0000000058730000)]
  0x00000000566fa800 JavaThread "Attach Listener" daemon [_thread_blocked, id=13148, stack(0x0000000058400000,0x0000000058500000)]
  0x0000000056707800 JavaThread "Signal Dispatcher" daemon [_thread_blocked, id=8312, stack(0x0000000057f50000,0x0000000058050000)]
  0x0000000055756800 JavaThread "Finalizer" daemon [_thread_blocked, id=14752, stack(0x00000000582b0000,0x00000000583b0000)]
  0x0000000055754800 JavaThread "Reference Handler" daemon [_thread_blocked, id=10492, stack(0x00000000581a0000,0x00000000582a0000)]
  0x0000000001c7e000 JavaThread "main" [_thread_in_Java, id=14660, stack(0x0000000002610000,0x0000000002710000)]

Other Threads:
  0x00000000566b0800 VMThread [stack: 0x00000000580a0000,0x00000000581a0000] [id=10088]
  0x000000005679f800 WatcherThread [stack: 0x0000000058e40000,0x0000000058f40000] [id=11288]

VM state:not at safepoint (normal execution)

VM Mutex/Monitor currently owned by a thread: None

Heap:
 PSYoungGen      total 209920K, used 50901K [0x00000000eab00000, 0x00000000fa200000, 0x0000000100000000)
  eden space 186880K, 14% used [0x00000000eab00000,0x00000000ec635578,0x00000000f6180000)
  from space 23040K, 99% used [0x00000000f7e80000,0x00000000f94fff50,0x00000000f9500000)
  to   space 29696K, 0% used [0x00000000f6180000,0x00000000f6180000,0x00000000f7e80000)
 ParOldGen       total 65536K, used 35944K [0x00000000c0000000, 0x00000000c4000000, 0x00000000eab00000)
  object space 65536K, 54% used [0x00000000c0000000,0x00000000c231a048,0x00000000c4000000)
 Metaspace       used 6510K, capacity 7256K, committed 7424K, reserved 1056768K
  class space    used 623K, capacity 656K, committed 768K, reserved 1048576K

Card table byte_map: [0x0000000011da0000,0x0000000011fb0000] byte_map_base: 0x00000000117a0000

Marking Bits: (ParMarkBitMap*) 0x00000000574fa5b0
 Begin Bits: [0x0000000012b70000, 0x0000000013b70000)
 End Bits:   [0x0000000013b70000, 0x0000000014b70000)

Polling page: 0x0000000000230000

CodeCache: size=245760Kb used=8571Kb max_used=8571Kb free=237188Kb
 bounds [0x00000000029e0000, 0x0000000003250000, 0x00000000119e0000]
 total_blobs=2402 nmethods=2132 adapters=182
 compilation: enabled

Compilation events (10 events):
Event: 3.759 Thread 0x0000000056710000 2224       2       sun.util.calendar.ZoneInfo::getOffsetsByWall (8 bytes)
Event: 3.759 Thread 0x0000000056710000 nmethod 2224 0x000000000323e150 code [0x000000000323e2c0, 0x000000000323e428]
Event: 3.759 Thread 0x0000000056710000 2225       2       sun.util.calendar.Gregorian::getCalendarDate (7 bytes)
Event: 3.759 Thread 0x0000000056710000 nmethod 2225 0x000000000323e4d0 code [0x000000000323e640, 0x000000000323e7e8]
Event: 3.759 Thread 0x0000000056710000 2228   !   2       com.android.dx.command.dexer.Main$DirectClassFileConsumer::call (344 bytes)
Event: 3.764 Thread 0x0000000056710000 nmethod 2228 0x000000000323e8d0 code [0x000000000323eb80, 0x000000000323fbc8]
Event: 3.769 Thread 0x0000000056710000 2233       2       com.android.dx.rop.code.Rops::opPutStatic (97 bytes)
Event: 3.771 Thread 0x0000000056710000 nmethod 2233 0x0000000003240fd0 code [0x00000000032411a0, 0x00000000032416f8]
Event: 3.771 Thread 0x0000000056710000 2234       2       com.android.dx.rop.type.Type::getArrayType (50 bytes)
Event: 3.772 Thread 0x0000000056710000 nmethod 2234 0x0000000003241a10 code [0x0000000003241bc0, 0x0000000003242028]

GC Heap History (10 events):
Event: 1.641 GC heap before
{Heap before GC invocations=4 (full 0):
 PSYoungGen      total 28672K, used 28654K [0x00000000eab00000, 0x00000000ee300000, 0x0000000100000000)
  eden space 24576K, 100% used [0x00000000eab00000,0x00000000ec300000,0x00000000ec300000)
  from space 4096K, 99% used [0x00000000ec300000,0x00000000ec6fb9f8,0x00000000ec700000)
  to   space 4096K, 0% used [0x00000000edf00000,0x00000000edf00000,0x00000000ee300000)
 ParOldGen       total 65536K, used 6861K [0x00000000c0000000, 0x00000000c4000000, 0x00000000eab00000)
  object space 65536K, 10% used [0x00000000c0000000,0x00000000c06b3460,0x00000000c4000000)
 Metaspace       used 6101K, capacity 7024K, committed 7296K, reserved 1056768K
  class space    used 601K, capacity 616K, committed 640K, reserved 1048576K
Event: 1.914 GC heap after
Heap after GC invocations=4 (full 0):
 PSYoungGen      total 53248K, used 4084K [0x00000000eab00000, 0x00000000ee300000, 0x0000000100000000)
  eden space 49152K, 0% used [0x00000000eab00000,0x00000000eab00000,0x00000000edb00000)
  from space 4096K, 99% used [0x00000000edf00000,0x00000000ee2fd1d8,0x00000000ee300000)
  to   space 4096K, 0% used [0x00000000edb00000,0x00000000edb00000,0x00000000edf00000)
 ParOldGen       total 65536K, used 10037K [0x00000000c0000000, 0x00000000c4000000, 0x00000000eab00000)
  object space 65536K, 15% used [0x00000000c0000000,0x00000000c09cd408,0x00000000c4000000)
 Metaspace       used 6101K, capacity 7024K, committed 7296K, reserved 1056768K
  class space    used 601K, capacity 616K, committed 640K, reserved 1048576K
}
Event: 2.353 GC heap before
{Heap before GC invocations=5 (full 0):
 PSYoungGen      total 53248K, used 53236K [0x00000000eab00000, 0x00000000ee300000, 0x0000000100000000)
  eden space 49152K, 100% used [0x00000000eab00000,0x00000000edb00000,0x00000000edb00000)
  from space 4096K, 99% used [0x00000000edf00000,0x00000000ee2fd1d8,0x00000000ee300000)
  to   space 4096K, 0% used [0x00000000edb00000,0x00000000edb00000,0x00000000edf00000)
 ParOldGen       total 65536K, used 10037K [0x00000000c0000000, 0x00000000c4000000, 0x00000000eab00000)
  object space 65536K, 15% used [0x00000000c0000000,0x00000000c09cd408,0x00000000c4000000)
 Metaspace       used 6187K, capacity 7088K, committed 7296K, reserved 1056768K
  class space    used 602K, capacity 616K, committed 640K, reserved 1048576K
Event: 2.445 GC heap after
Heap after GC invocations=5 (full 0):
 PSYoungGen      total 53248K, used 4081K [0x00000000eab00000, 0x00000000f2500000, 0x0000000100000000)
  eden space 49152K, 0% used [0x00000000eab00000,0x00000000eab00000,0x00000000edb00000)
  from space 4096K, 99% used [0x00000000edb00000,0x00000000edefc5c0,0x00000000edf00000)
  to   space 13312K, 0% used [0x00000000f1800000,0x00000000f1800000,0x00000000f2500000)
 ParOldGen       total 65536K, used 18039K [0x00000000c0000000, 0x00000000c4000000, 0x00000000eab00000)
  object space 65536K, 27% used [0x00000000c0000000,0x00000000c119df50,0x00000000c4000000)
 Metaspace       used 6187K, capacity 7088K, committed 7296K, reserved 1056768K
  class space    used 602K, capacity 616K, committed 640K, reserved 1048576K
}
Event: 2.753 GC heap before
{Heap before GC invocations=6 (full 0):
 PSYoungGen      total 53248K, used 53233K [0x00000000eab00000, 0x00000000f2500000, 0x0000000100000000)
  eden space 49152K, 100% used [0x00000000eab00000,0x00000000edb00000,0x00000000edb00000)
  from space 4096K, 99% used [0x00000000edb00000,0x00000000edefc5c0,0x00000000edf00000)
  to   space 13312K, 0% used [0x00000000f1800000,0x00000000f1800000,0x00000000f2500000)
 ParOldGen       total 65536K, used 18039K [0x00000000c0000000, 0x00000000c4000000, 0x00000000eab00000)
  object space 65536K, 27% used [0x00000000c0000000,0x00000000c119df50,0x00000000c4000000)
 Metaspace       used 6297K, capacity 7152K, committed 7296K, reserved 1056768K
  class space    used 602K, capacity 616K, committed 640K, reserved 1048576K
Event: 2.821 GC heap after
Heap after GC invocations=6 (full 0):
 PSYoungGen      total 110080K, used 12331K [0x00000000eab00000, 0x00000000f2800000, 0x0000000100000000)
  eden space 96768K, 0% used [0x00000000eab00000,0x00000000eab00000,0x00000000f0980000)
  from space 13312K, 92% used [0x00000000f1800000,0x00000000f240acb8,0x00000000f2500000)
  to   space 14848K, 0% used [0x00000000f0980000,0x00000000f0980000,0x00000000f1800000)
 ParOldGen       total 65536K, used 18039K [0x00000000c0000000, 0x00000000c4000000, 0x00000000eab00000)
  object space 65536K, 27% used [0x00000000c0000000,0x00000000c119df50,0x00000000c4000000)
 Metaspace       used 6297K, capacity 7152K, committed 7296K, reserved 1056768K
  class space    used 602K, capacity 616K, committed 640K, reserved 1048576K
}
Event: 3.223 GC heap before
{Heap before GC invocations=7 (full 0):
 PSYoungGen      total 110080K, used 109099K [0x00000000eab00000, 0x00000000f2800000, 0x0000000100000000)
  eden space 96768K, 100% used [0x00000000eab00000,0x00000000f0980000,0x00000000f0980000)
  from space 13312K, 92% used [0x00000000f1800000,0x00000000f240acb8,0x00000000f2500000)
  to   space 14848K, 0% used [0x00000000f0980000,0x00000000f0980000,0x00000000f1800000)
 ParOldGen       total 65536K, used 18039K [0x00000000c0000000, 0x00000000c4000000, 0x00000000eab00000)
  object space 65536K, 27% used [0x00000000c0000000,0x00000000c119df50,0x00000000c4000000)
 Metaspace       used 6468K, capacity 7256K, committed 7424K, reserved 1056768K
  class space    used 623K, capacity 656K, committed 768K, reserved 1048576K
Event: 3.270 GC heap after
Heap after GC invocations=7 (full 0):
 PSYoungGen      total 111616K, used 14821K [0x00000000eab00000, 0x00000000f9500000, 0x0000000100000000)
  eden space 96768K, 0% used [0x00000000eab00000,0x00000000eab00000,0x00000000f0980000)
  from space 14848K, 99% used [0x00000000f0980000,0x00000000f17f9410,0x00000000f1800000)
  to   space 23040K, 0% used [0x00000000f7e80000,0x00000000f7e80000,0x00000000f9500000)
 ParOldGen       total 65536K, used 29884K [0x00000000c0000000, 0x00000000c4000000, 0x00000000eab00000)
  object space 65536K, 45% used [0x00000000c0000000,0x00000000c1d2f138,0x00000000c4000000)
 Metaspace       used 6468K, capacity 7256K, committed 7424K, reserved 1056768K
  class space    used 623K, capacity 656K, committed 768K, reserved 1048576K
}
Event: 3.686 GC heap before
{Heap before GC invocations=8 (full 0):
 PSYoungGen      total 111616K, used 111589K [0x00000000eab00000, 0x00000000f9500000, 0x0000000100000000)
  eden space 96768K, 100% used [0x00000000eab00000,0x00000000f0980000,0x00000000f0980000)
  from space 14848K, 99% used [0x00000000f0980000,0x00000000f17f9410,0x00000000f1800000)
  to   space 23040K, 0% used [0x00000000f7e80000,0x00000000f7e80000,0x00000000f9500000)
 ParOldGen       total 65536K, used 29884K [0x00000000c0000000, 0x00000000c4000000, 0x00000000eab00000)
  object space 65536K, 45% used [0x00000000c0000000,0x00000000c1d2f138,0x00000000c4000000)
 Metaspace       used 6495K, capacity 7256K, committed 7424K, reserved 1056768K
  class space    used 623K, capacity 656K, committed 768K, reserved 1048576K
Event: 3.724 GC heap after
Heap after GC invocations=8 (full 0):
 PSYoungGen      total 209920K, used 23039K [0x00000000eab00000, 0x00000000fa200000, 0x0000000100000000)
  eden space 186880K, 0% used [0x00000000eab00000,0x00000000eab00000,0x00000000f6180000)
  from space 23040K, 99% used [0x00000000f7e80000,0x00000000f94fff50,0x00000000f9500000)
  to   space 29696K, 0% used [0x00000000f6180000,0x00000000f6180000,0x00000000f7e80000)
 ParOldGen       total 65536K, used 35944K [0x00000000c0000000, 0x00000000c4000000, 0x00000000eab00000)
  object space 65536K, 54% used [0x00000000c0000000,0x00000000c231a048,0x00000000c4000000)
 Metaspace       used 6495K, capacity 7256K, committed 7424K, reserved 1056768K
  class space    used 623K, capacity 656K, committed 768K, reserved 1048576K
}

Deoptimization events (10 events):
Event: 2.696 Thread 0x000000005698e000 Uncommon trap: reason=class_check action=maybe_recompile pc=0x0000000002d14934 method=java.util.HashMap.putVal(ILjava/lang/Object;Ljava/lang/Object;ZZ)Ljava/lang/Object; @ 203
Event: 3.178 Thread 0x00000000590c3000 Uncommon trap: reason=unstable_if action=reinterpret pc=0x0000000002d4fd08 method=java.util.HashMap.putVal(ILjava/lang/Object;Ljava/lang/Object;ZZ)Ljava/lang/Object; @ 162
Event: 3.184 Thread 0x00000000590c3000 Uncommon trap: reason=unstable_if action=reinterpret pc=0x0000000002f2ce48 method=java.util.HashMap.getNode(ILjava/lang/Object;)Ljava/util/HashMap$Node; @ 84
Event: 3.213 Thread 0x00000000569c2000 Uncommon trap: reason=bimorphic action=maybe_recompile pc=0x0000000003113860 method=com.android.dx.cf.code.BytecodeArray.parseInstruction(ILcom/android/dx/cf/code/BytecodeArray$Visitor;)I @ 1161
Event: 3.213 Thread 0x00000000569c2000 Uncommon trap: reason=bimorphic action=maybe_recompile pc=0x0000000003113860 method=com.android.dx.cf.code.BytecodeArray.parseInstruction(ILcom/android/dx/cf/code/BytecodeArray$Visitor;)I @ 1161
Event: 3.317 Thread 0x0000000056975000 Uncommon trap: reason=unstable_if action=reinterpret pc=0x0000000002fc89c4 method=com.android.dx.ssa.MoveParamCombiner$1.visitNonMoveInsn(Lcom/android/dx/ssa/NormalSsaInsn;)V @ 27
Event: 3.319 Thread 0x0000000001c7e000 Uncommon trap: reason=bimorphic action=maybe_recompile pc=0x00000000030c2208 method=com.android.dx.ssa.LiteralOpUpgrader.tryReplacingWithConstant(Lcom/android/dx/ssa/NormalSsaInsn;)Z @ 62
Event: 3.326 Thread 0x0000000001c7e000 Uncommon trap: reason=bimorphic action=maybe_recompile pc=0x00000000030c2208 method=com.android.dx.ssa.LiteralOpUpgrader.tryReplacingWithConstant(Lcom/android/dx/ssa/NormalSsaInsn;)Z @ 62
Event: 3.512 Thread 0x00000000569c2000 Uncommon trap: reason=unstable_if action=reinterpret pc=0x000000000314c25c method=java.util.HashMap.putVal(ILjava/lang/Object;Ljava/lang/Object;ZZ)Ljava/lang/Object; @ 109
Event: 3.645 Thread 0x00000000590c3000 Uncommon trap: reason=unstable_if action=reinterpret pc=0x0000000002d6489c method=java.util.HashMap.putVal(ILjava/lang/Object;Ljava/lang/Object;ZZ)Ljava/lang/Object; @ 162

Internal exceptions (5 events):
Event: 0.098 Thread 0x0000000001c7e000 Exception <a 'java/lang/NoSuchMethodError': Method sun.misc.Unsafe.defineClass(Ljava/lang/String;[BII)Ljava/lang/Class; name or signature does not match> (0x00000000eab0d978) thrown at [C:\re\workspace\8-2-build-windows-amd64-cygwin\jdk8u60\4407\hotspot\srnw‡„üπ?
Event: 0.098 Thread 0x0000000001c7e000 Exception <a 'java/lang/NoSuchMethodError': Method sun.misc.Unsafe.prefetchRead(Ljava/lang/Object;J)V name or signature does not match> (0x00000000eab0dc60) thrown at [C:\re\workspace\8-2-build-windows-amd64-cygwin\jdk8u60\4407\hotspot\src\share\vm\prims\jkÈ§œr	@
Event: 3.181 Thread 0x00000000590c3000 Exception <a 'java/lang/ArrayIndexOutOfBoundsException': 18> (0x00000000f02f7548) thrown at [C:\re\workspace\8-2-build-windows-amd64-cygwin\jdk8u60\4407\hotspot\src\share\vm\interpreter\interpreterRuntime.cpp, line 366]
Event: 3.182 Thread 0x00000000590c3000 Exception <a 'java/lang/ArrayIndexOutOfBoundsException': 145> (0x00000000f02f90c8) thrown at [C:\re\workspace\8-2-build-windows-amd64-cygwin\jdk8u60\4407\hotspot\src\share\vm\interpreter\interpreterRuntime.cpp, line 366]
Event: 3.183 Thread 0x00000000590c3000 Exception <a 'java/lang/ArrayIndexOutOfBoundsException'> (0x00000000f02fa3b0) thrown at [C:\re\workspace\8-2-build-windows-amd64-cygwin\jdk8u60\4407\hotspot\src\share\vm\runtime\sharedRuntime.cpp, line 605]

Events (10 events):
Event: 3.743 Thread 0x000000005698e000 DEOPT PACKING pc=0x0000000002c8f150 sp=0x00000000585feb30
Event: 3.743 Thread 0x000000005698e000 DEOPT UNPACKING pc=0x0000000002a2787f sp=0x00000000585fe910 mode 0
Event: 3.750 Thread 0x0000000056975000 DEOPT PACKING pc=0x0000000002df3e84 sp=0x0000000059c1e760
Event: 3.750 Thread 0x0000000056975000 DEOPT UNPACKING pc=0x0000000002a2787f sp=0x0000000059c1e440 mode 0
Event: 3.757 Thread 0x000000005698e000 DEOPT PACKING pc=0x0000000002c8f150 sp=0x00000000585feac0
Event: 3.757 Thread 0x000000005698e000 DEOPT UNPACKING pc=0x0000000002a2787f sp=0x00000000585fe8a0 mode 0
Event: 3.770 Thread 0x0000000001c7e000 DEOPT PACKING pc=0x0000000002c8f150 sp=0x000000000270e680
Event: 3.770 Thread 0x0000000001c7e000 DEOPT UNPACKING pc=0x0000000002a2787f sp=0x000000000270e460 mode 0
Event: 3.782 Thread 0x00000000569c2000 DEOPT PACKING pc=0x0000000002c8f20a sp=0x0000000059a7e450
Event: 3.782 Thread 0x00000000569c2000 DEOPT UNPACKING pc=0x0000000002a2787f sp=0x0000000059a7e230 mode 0


Dynamic libraries:
0x000000013f8d0000 - 0x000000013f907000 	C:\Program Files\Java\jdk1.8.0_60\bin\java.exe
0x0000000077b60000 - 0x0000000077d09000 	C:\Windows\SYSTEM32\ntdll.dll
0x0000000077a40000 - 0x0000000077b5f000 	C:\Windows\system32\kernel32.dll
0x000007fefdc60000 - 0x000007fefdccb000 	C:\Windows\system32\KERNELBASE.dll
0x000007feff9f0000 - 0x000007feffacb000 	C:\Windows\system32\ADVAPI32.dll
0x000007fefe510000 - 0x000007fefe5af000 	C:\Windows\system32\msvcrt.dll
0x000007feffb40000 - 0x000007feffb5f000 	C:\Windows\SYSTEM32\sechost.dll
0x000007fefe150000 - 0x000007fefe27d000 	C:\Windows\system32\RPCRT4.dll
0x0000000077940000 - 0x0000000077a3a000 	C:\Windows\system32\USER32.dll
0x000007feffad0000 - 0x000007feffb37000 	C:\Windows\system32\GDI32.dll
0x000007feff860000 - 0x000007feff86e000 	C:\Windows\system32\LPK.dll
0x000007fefde80000 - 0x000007fefdf49000 	C:\Windows\system32\USP10.dll
0x000007fefc580000 - 0x000007fefc774000 	C:\Windows\WinSxS\amd64_microsoft.windows.common-controls_6595b64144ccf1df_6.0.7601.17514_none_fa396087175ac9ac\COMCTL32.dll
0x000007fefea50000 - 0x000007fefeac1000 	C:\Windows\system32\SHLWAPI.dll
0x000007fefe2d0000 - 0x000007fefe2fe000 	C:\Windows\system32\IMM32.DLL
0x000007feffb70000 - 0x000007feffc79000 	C:\Windows\system32\MSCTF.dll
0x000000005a6a0000 - 0x000000005a772000 	C:\Program Files\Java\jdk1.8.0_60\jre\bin\msvcr100.dll
0x0000000056cf0000 - 0x0000000057579000 	C:\Program Files\Java\jdk1.8.0_60\jre\bin\server\jvm.dll
0x000007fef3c20000 - 0x000007fef3c29000 	C:\Windows\system32\WSOCK32.dll
0x000007fefe280000 - 0x000007fefe2cd000 	C:\Windows\system32\WS2_32.dll
0x000007feffb60000 - 0x000007feffb68000 	C:\Windows\system32\NSI.dll
0x000007fefc080000 - 0x000007fefc0bb000 	C:\Windows\system32\WINMM.dll
0x000007fefcc10000 - 0x000007fefcc1c000 	C:\Windows\system32\VERSION.dll
0x0000000077d20000 - 0x0000000077d27000 	C:\Windows\system32\PSAPI.DLL
0x00000000751e0000 - 0x00000000751ef000 	C:\Program Files\Java\jdk1.8.0_60\jre\bin\verify.dll
0x0000000065750000 - 0x0000000065779000 	C:\Program Files\Java\jdk1.8.0_60\jre\bin\java.dll
0x00000000647d0000 - 0x00000000647e6000 	C:\Program Files\Java\jdk1.8.0_60\jre\bin\zip.dll
0x000007fefead0000 - 0x000007feff858000 	C:\Windows\system32\SHELL32.dll
0x000007fefe300000 - 0x000007fefe503000 	C:\Windows\system32\ole32.dll
0x000007fefdab0000 - 0x000007fefdabf000 	C:\Windows\system32\profapi.dll

VM Arguments:
jvm_args: -Djava.awt.headless=true -Xmx1024M -Dfile.encoding=windows-1252 -Duser.country=US -Duser.language=en -Duser.variant 
java_command: com.android.dx.command.Main --dex --force-jumbo --num-threads=4 --multi-dex --output D:\project\AndroidStudioProjects\PersonalUtilitiesForLife\app\build\intermediates\transforms\dex\debug\folders\1000\10\com.android.support-support-v4-23.4.0_6fadf15d9745d9003036b551226c64a74b02b17e D:\project\AndroidStudioProjects\PersonalUtilitiesForLife\app\build\intermediates\exploded-aar\com.android.support\support-v4\23.4.0\jars\classes.jar
java_class_path (initial): D:\Android\sdk\build-tools\23.0.3\lib\dx.jar
Launcher Type: SUN_STANDARD

Environment Variables:
JAVA_HOME=C:\Program Files\Java\jdk1.8.0_60
PATH=C:\ProgramData\Oracle\Java\javapath;C:\Program Files\Common Files\Microsoft Shared\Windows Live;C:\Program Files (x86)\HP SimplePass\x64;C:\Program Files (x86)\HP SimplePass\;;C:\Windows\system32;C:\Windows;C:\Windows\System32\Wbem;C:\Windows\System32\WindowsPowerShell\v1.0\;C:\Program Files (x86)\Java\jdk1.7.0_09\bin;C:\Strawberry\c\bin;C:\Strawberry\perl\site\bin;C:\Strawberry\perl\bin;C:\Program Files (x86)\Intel\OpenCL SDK\2.0\bin\x86;C:\Program Files (x86)\Intel\OpenCL SDK\2.0\bin\x64;C:\PROGRA~2\PICC;C:\Program Files (x86)\Microchip\xc16\v1.25\bin;C:\Program Files (x86)\Microchip\xc8\v1.35\bin;C:\Program Files\Java\jre1.8.0_65\bin;C:\Program Files\Java\jdk1.8.0_60\jre\bin;D:\Android\sdk\platform-tools;C:\Program Files\Common Files\Microsoft Shared\Windows Live;C:\Program Files\Java\jre1.8.0_65\bin
USERNAME=Nhut
OS=Windows_NT
PROCESSOR_IDENTIFIER=Intel64 Family 6 Model 42 Stepping 7, GenuineIntel



---------------  S Y S T E M  ---------------

OS: Windows 7 , 64 bit Build 7601 (6.1.7601.17514)

CPU:total 8 (4 cores per cpu, 2 threads per core) family 6 model 42 stepping 7, cmov, cx8, fxsr, mmx, sse, sse2, sse3, ssse3, sse4.1, sse4.2, popcnt, avx, aes, clmul, ht, tsc, tscinvbit

Memory: 4k page, physical 6238064k(505716k free), swap 8333368k(113432k free)

vm_info: Java HotSpot(TM) 64-Bit Server VM (25.60-b23) for windows-amd64 JRE (1.8.0_60-b27), built on Aug  4 2015 11:06:27 by "java_re" with MS VC++ 10.0 (VS2010)

time: Mon Jun 27 15:21:45 2016
elapsed time: 4 seconds (0d 0h 0m 4s)

