#
# There is insufficient memory for the Java Runtime Environment to continue.
# Native memory allocation (malloc) failed to allocate 32744 bytes for ChunkPool::allocate
# Possible reasons:
#   The system is out of physical RAM or swap space
#   In 32 bit mode, the process size limit was hit
# Possible solutions:
#   Reduce memory load on the system
#   Increase physical memory or swap space
#   Check if swap backing store is full
#   Use 64 bit Java on a 64 bit OS
#   Decrease Java heap size (-Xmx/-Xms)
#   Decrease number of Java threads
#   Decrease Java thread stack sizes (-Xss)
#   Set larger code cache with -XX:ReservedCodeCacheSize=
# This output file may be truncated or incomplete.
#
#  Out of Memory Error (allocation.cpp:273), pid=7280, tid=10344
#
# JRE version: Java(TM) SE Runtime Environment (8.0_60-b27) (build 1.8.0_60-b27)
# Java VM: Java HotSpot(TM) 64-Bit Server VM (25.60-b23 mixed mode windows-amd64 compressed oops)
# Failed to write core dump. Minidumps are not enabled by default on client versions of Windows
#

---------------  T H R E A D  ---------------

Current thread (0x00000000156aa000):  JavaThread "C2 CompilerThread1" daemon [_thread_in_native, id=10344, stack(0x0000000017f20000,0x0000000018020000)]

Stack: [0x0000000017f20000,0x0000000018020000]
[error occurred during error reporting (printing stack bounds), id 0xc0000005]

Native frames: (J=compiled Java code, j=interpreted, Vv=VM code, C=native code)


Current CompileTask:
C2:   4061 1975   !   4       com.android.dx.cf.cst.ConstantPoolParser::parse0 (731 bytes)


---------------  P R O C E S S  ---------------

Java Threads: ( => current thread )
  0x0000000016a9f000 JavaThread "pool-1-thread-4" [_thread_blocked, id=11516, stack(0x0000000019490000,0x0000000019590000)]
  0x0000000016a9d000 JavaThread "pool-1-thread-3" [_thread_blocked, id=12824, stack(0x00000000192c0000,0x00000000193c0000)]
  0x000000001852b800 JavaThread "pool-1-thread-2" [_thread_in_Java, id=12604, stack(0x0000000019160000,0x0000000019260000)]
  0x0000000018529800 JavaThread "pool-2-thread-1" [_thread_blocked, id=8152, stack(0x0000000018f50000,0x0000000019050000)]
  0x000000001859b000 JavaThread "pool-1-thread-1" [_thread_blocked, id=12592, stack(0x0000000018e40000,0x0000000018f40000)]
  0x00000000167f4000 JavaThread "Service Thread" daemon [_thread_blocked, id=13972, stack(0x00000000183e0000,0x00000000184e0000)]
  0x000000001677f000 JavaThread "C1 CompilerThread3" daemon [_thread_blocked, id=10464, stack(0x0000000018170000,0x0000000018270000)]
  0x00000000156af000 JavaThread "C2 CompilerThread2" daemon [_thread_in_native, id=5388, stack(0x0000000018060000,0x0000000018160000)]
=>0x00000000156aa000 JavaThread "C2 CompilerThread1" daemon [_thread_in_native, id=10344, stack(0x0000000017f20000,0x0000000018020000)]
  0x0000000016752800 JavaThread "C2 CompilerThread0" daemon [_thread_in_native, id=8076, stack(0x00000000128b0000,0x00000000129b0000)]
  0x0000000016751000 JavaThread "Attach Listener" daemon [_thread_blocked, id=10260, stack(0x0000000017d90000,0x0000000017e90000)]
  0x0000000016750000 JavaThread "Signal Dispatcher" daemon [_thread_blocked, id=9588, stack(0x0000000017c10000,0x0000000017d10000)]
  0x000000001569f000 JavaThread "Finalizer" daemon [_thread_blocked, id=7344, stack(0x0000000017a20000,0x0000000017b20000)]
  0x0000000015697800 JavaThread "Reference Handler" daemon [_thread_blocked, id=9476, stack(0x00000000178c0000,0x00000000179c0000)]
  0x00000000021ee000 JavaThread "main" [_thread_in_native, id=8292, stack(0x0000000002480000,0x0000000002580000)]

Other Threads:
  0x0000000016702800 VMThread [stack: 0x00000000177b0000,0x00000000178b0000] [id=5576]
  0x0000000016828800 WatcherThread [stack: 0x00000000182d0000,0x00000000183d0000] [id=14156]

VM state:not at safepoint (normal execution)

VM Mutex/Monitor currently owned by a thread: None

Heap:
 PSYoungGen      total 102400K, used 72632K [0x00000000eab00000, 0x00000000f1300000, 0x0000000100000000)
  eden space 98304K, 69% used [0x00000000eab00000,0x00000000eedf4fe0,0x00000000f0b00000)
  from space 4096K, 99% used [0x00000000f0b00000,0x00000000f0ef9260,0x00000000f0f00000)
  to   space 4096K, 0% used [0x00000000f0f00000,0x00000000f0f00000,0x00000000f1300000)
 ParOldGen       total 65536K, used 31240K [0x00000000c0000000, 0x00000000c4000000, 0x00000000eab00000)
  object space 65536K, 47% used [0x00000000c0000000,0x00000000c1e82100,0x00000000c4000000)
 Metaspace       used 6512K, capacity 7256K, committed 7424K, reserved 1056768K
  class space    used 624K, capacity 656K, committed 768K, reserved 1048576K

Card table byte_map: [0x0000000011c10000,0x0000000011e20000] byte_map_base: 0x0000000011610000

Marking Bits: (ParMarkBitMap*) 0x000000005266a5b0
 Begin Bits: [0x0000000012ab0000, 0x0000000013ab0000)
 End Bits:   [0x0000000013ab0000, 0x0000000014ab0000)

Polling page: 0x0000000000340000

CodeCache: size=245760Kb used=7791Kb max_used=7809Kb free=237968Kb
 bounds [0x0000000002850000, 0x0000000003000000, 0x0000000011850000]
 total_blobs=2272 nmethods=2002 adapters=182
 compilation: enabled

Compilation events (10 events):
Event: 3.941 Thread 0x00000000156af000 nmethod 2069 0x0000000002feab50 code [0x0000000002fead00, 0x0000000002feb288]
Event: 3.941 Thread 0x00000000156af000 2072       4       com.android.dx.ssa.SCCP::setLatticeValueTo (67 bytes)
Event: 3.945 Thread 0x00000000156af000 nmethod 2072 0x0000000002fd8a10 code [0x0000000002fd8b60, 0x0000000002fd8d58]
Event: 3.946 Thread 0x00000000156af000 2075       4       com.android.dx.ssa.back.IdenticalBlockCombiner::combineBlocks (102 bytes)
Event: 3.956 Thread 0x000000001677f000 2077       2       com.android.dx.ssa.NormalSsaInsn::changeOneSource (120 bytes)
Event: 3.958 Thread 0x000000001677f000 nmethod 2077 0x0000000002fd9d50 code [0x0000000002fd9f60, 0x0000000002fda698]
Event: 3.958 Thread 0x000000001677f000 2078       2       com.android.dx.ssa.back.FirstFitLocalCombiningAllocator$Alignment$2::nextClearBit (26 bytes)
Event: 3.959 Thread 0x000000001677f000 nmethod 2078 0x0000000002fd6350 code [0x0000000002fd64c0, 0x0000000002fd66d8]
Event: 4.005 Thread 0x00000000156af000 nmethod 2075 0x0000000002ff5850 code [0x0000000002ff5a60, 0x0000000002ff7430]
Event: 4.005 Thread 0x00000000156af000 1925       4       com.android.dx.dex.code.RopTranslator::outputBlock (202 bytes)

GC Heap History (10 events):
Event: 0.740 GC heap before
{Heap before GC invocations=1 (full 0):
 PSYoungGen      total 28672K, used 24576K [0x00000000eab00000, 0x00000000ecb00000, 0x0000000100000000)
  eden space 24576K, 100% used [0x00000000eab00000,0x00000000ec300000,0x00000000ec300000)
  from space 4096K, 0% used [0x00000000ec700000,0x00000000ec700000,0x00000000ecb00000)
  to   space 4096K, 0% used [0x00000000ec300000,0x00000000ec300000,0x00000000ec700000)
 ParOldGen       total 65536K, used 0K [0x00000000c0000000, 0x00000000c4000000, 0x00000000eab00000)
  object space 65536K, 0% used [0x00000000c0000000,0x00000000c0000000,0x00000000c4000000)
 Metaspace       used 5463K, capacity 6448K, committed 6528K, reserved 1056768K
  class space    used 594K, capacity 616K, committed 640K, reserved 1048576K
Event: 0.772 GC heap after
Heap after GC invocations=1 (full 0):
 PSYoungGen      total 28672K, used 3361K [0x00000000eab00000, 0x00000000ee300000, 0x0000000100000000)
  eden space 24576K, 0% used [0x00000000eab00000,0x00000000eab00000,0x00000000ec300000)
  from space 4096K, 82% used [0x00000000ec300000,0x00000000ec648790,0x00000000ec700000)
  to   space 4096K, 0% used [0x00000000edf00000,0x00000000edf00000,0x00000000ee300000)
 ParOldGen       total 65536K, used 8K [0x00000000c0000000, 0x00000000c4000000, 0x00000000eab00000)
  object space 65536K, 0% used [0x00000000c0000000,0x00000000c0002000,0x00000000c4000000)
 Metaspace       used 5463K, capacity 6448K, committed 6528K, reserved 1056768K
  class space    used 594K, capacity 616K, committed 640K, reserved 1048576K
}
Event: 1.329 GC heap before
{Heap before GC invocations=2 (full 0):
 PSYoungGen      total 28672K, used 27937K [0x00000000eab00000, 0x00000000ee300000, 0x0000000100000000)
  eden space 24576K, 100% used [0x00000000eab00000,0x00000000ec300000,0x00000000ec300000)
  from space 4096K, 82% used [0x00000000ec300000,0x00000000ec648790,0x00000000ec700000)
  to   space 4096K, 0% used [0x00000000edf00000,0x00000000edf00000,0x00000000ee300000)
 ParOldGen       total 65536K, used 8K [0x00000000c0000000, 0x00000000c4000000, 0x00000000eab00000)
  object space 65536K, 0% used [0x00000000c0000000,0x00000000c0002000,0x00000000c4000000)
 Metaspace       used 6027K, capacity 6960K, committed 7040K, reserved 1056768K
  class space    used 603K, capacity 616K, committed 640K, reserved 1048576K
Event: 1.342 GC heap after
Heap after GC invocations=2 (full 0):
 PSYoungGen      total 53248K, used 4090K [0x00000000eab00000, 0x00000000ee300000, 0x0000000100000000)
  eden space 49152K, 0% used [0x00000000eab00000,0x00000000eab00000,0x00000000edb00000)
  from space 4096K, 99% used [0x00000000edf00000,0x00000000ee2feb40,0x00000000ee300000)
  to   space 4096K, 0% used [0x00000000edb00000,0x00000000edb00000,0x00000000edf00000)
 ParOldGen       total 65536K, used 1757K [0x00000000c0000000, 0x00000000c4000000, 0x00000000eab00000)
  object space 65536K, 2% used [0x00000000c0000000,0x00000000c01b7588,0x00000000c4000000)
 Metaspace       used 6027K, capacity 6960K, committed 7040K, reserved 1056768K
  class space    used 603K, capacity 616K, committed 640K, reserved 1048576K
}
Event: 1.858 GC heap before
{Heap before GC invocations=3 (full 0):
 PSYoungGen      total 53248K, used 53242K [0x00000000eab00000, 0x00000000ee300000, 0x0000000100000000)
  eden space 49152K, 100% used [0x00000000eab00000,0x00000000edb00000,0x00000000edb00000)
  from space 4096K, 99% used [0x00000000edf00000,0x00000000ee2feb40,0x00000000ee300000)
  to   space 4096K, 0% used [0x00000000edb00000,0x00000000edb00000,0x00000000edf00000)
 ParOldGen       total 65536K, used 1757K [0x00000000c0000000, 0x00000000c4000000, 0x00000000eab00000)
  object space 65536K, 2% used [0x00000000c0000000,0x00000000c01b7588,0x00000000c4000000)
 Metaspace       used 6215K, capacity 7088K, committed 7296K, reserved 1056768K
  class space    used 604K, capacity 616K, committed 640K, reserved 1048576K
Event: 2.013 GC heap after
Heap after GC invocations=3 (full 0):
 PSYoungGen      total 53248K, used 4095K [0x00000000eab00000, 0x00000000f1300000, 0x0000000100000000)
  eden space 49152K, 0% used [0x00000000eab00000,0x00000000eab00000,0x00000000edb00000)
  from space 4096K, 99% used [0x00000000edb00000,0x00000000edeffee8,0x00000000edf00000)
  to   space 4096K, 0% used [0x00000000f0f00000,0x00000000f0f00000,0x00000000f1300000)
 ParOldGen       total 65536K, used 8332K [0x00000000c0000000, 0x00000000c4000000, 0x00000000eab00000)
  object space 65536K, 12% used [0x00000000c0000000,0x00000000c08233e8,0x00000000c4000000)
 Metaspace       used 6215K, capacity 7088K, committed 7296K, reserved 1056768K
  class space    used 604K, capacity 616K, committed 640K, reserved 1048576K
}
Event: 2.252 GC heap before
{Heap before GC invocations=4 (full 0):
 PSYoungGen      total 53248K, used 53247K [0x00000000eab00000, 0x00000000f1300000, 0x0000000100000000)
  eden space 49152K, 100% used [0x00000000eab00000,0x00000000edb00000,0x00000000edb00000)
  from space 4096K, 99% used [0x00000000edb00000,0x00000000edeffee8,0x00000000edf00000)
  to   space 4096K, 0% used [0x00000000f0f00000,0x00000000f0f00000,0x00000000f1300000)
 ParOldGen       total 65536K, used 8332K [0x00000000c0000000, 0x00000000c4000000, 0x00000000eab00000)
  object space 65536K, 12% used [0x00000000c0000000,0x00000000c08233e8,0x00000000c4000000)
 Metaspace       used 6286K, capacity 7152K, committed 7296K, reserved 1056768K
  class space    used 604K, capacity 616K, committed 640K, reserved 1048576K
Event: 2.286 GC heap after
Heap after GC invocations=4 (full 0):
 PSYoungGen      total 102400K, used 4084K [0x00000000eab00000, 0x00000000f1300000, 0x0000000100000000)
  eden space 98304K, 0% used [0x00000000eab00000,0x00000000eab00000,0x00000000f0b00000)
  from space 4096K, 99% used [0x00000000f0f00000,0x00000000f12fd108,0x00000000f1300000)
  to   space 4096K, 0% used [0x00000000f0b00000,0x00000000f0b00000,0x00000000f0f00000)
 ParOldGen       total 65536K, used 15859K [0x00000000c0000000, 0x00000000c4000000, 0x00000000eab00000)
  object space 65536K, 24% used [0x00000000c0000000,0x00000000c0f7cf40,0x00000000c4000000)
 Metaspace       used 6286K, capacity 7152K, committed 7296K, reserved 1056768K
  class space    used 604K, capacity 616K, committed 640K, reserved 1048576K
}
Event: 3.277 GC heap before
{Heap before GC invocations=5 (full 0):
 PSYoungGen      total 102400K, used 102388K [0x00000000eab00000, 0x00000000f1300000, 0x0000000100000000)
  eden space 98304K, 100% used [0x00000000eab00000,0x00000000f0b00000,0x00000000f0b00000)
  from space 4096K, 99% used [0x00000000f0f00000,0x00000000f12fd108,0x00000000f1300000)
  to   space 4096K, 0% used [0x00000000f0b00000,0x00000000f0b00000,0x00000000f0f00000)
 ParOldGen       total 65536K, used 15859K [0x00000000c0000000, 0x00000000c4000000, 0x00000000eab00000)
  object space 65536K, 24% used [0x00000000c0000000,0x00000000c0f7cf40,0x00000000c4000000)
 Metaspace       used 6386K, capacity 7216K, committed 7296K, reserved 1056768K
  class space    used 604K, capacity 616K, committed 640K, reserved 1048576K
Event: 3.316 GC heap after
Heap after GC invocations=5 (full 0):
 PSYoungGen      total 102400K, used 4068K [0x00000000eab00000, 0x00000000f1300000, 0x0000000100000000)
  eden space 98304K, 0% used [0x00000000eab00000,0x00000000eab00000,0x00000000f0b00000)
  from space 4096K, 99% used [0x00000000f0b00000,0x00000000f0ef9260,0x00000000f0f00000)
  to   space 4096K, 0% used [0x00000000f0f00000,0x00000000f0f00000,0x00000000f1300000)
 ParOldGen       total 65536K, used 31240K [0x00000000c0000000, 0x00000000c4000000, 0x00000000eab00000)
  object space 65536K, 47% used [0x00000000c0000000,0x00000000c1e82100,0x00000000c4000000)
 Metaspace       used 6386K, capacity 7216K, committed 7296K, reserved 1056768K
  class space    used 604K, capacity 616K, committed 640K, reserved 1048576K
}

Deoptimization events (10 events):
Event: 2.313 Thread 0x000000001859b000 Uncommon trap: reason=bimorphic action=maybe_recompile pc=0x0000000002e5f188 method=com.android.dx.cf.code.BytecodeArray.parseInstruction(ILcom/android/dx/cf/code/BytecodeArray$Visitor;)I @ 1130
Event: 2.514 Thread 0x0000000016a9f000 Uncommon trap: reason=unstable_if action=reinterpret pc=0x0000000002dcec94 method=com.android.dx.ssa.SCCP.simulateBranch(Lcom/android/dx/ssa/SsaInsn;)V @ 64
Event: 2.519 Thread 0x0000000016a9f000 Uncommon trap: reason=class_check action=maybe_recompile pc=0x0000000002c286f0 method=java.util.HashMap.putVal(ILjava/lang/Object;Ljava/lang/Object;ZZ)Ljava/lang/Object; @ 203
Event: 2.542 Thread 0x0000000016a9f000 Uncommon trap: reason=uninitialized action=reinterpret pc=0x0000000002e5eab4 method=com.android.dx.cf.code.BytecodeArray.parseInstruction(ILcom/android/dx/cf/code/BytecodeArray$Visitor;)I @ 1079
Event: 3.332 Thread 0x0000000016a9d000 Uncommon trap: reason=unstable_if action=reinterpret pc=0x0000000002e77e84 method=com.android.dx.rop.code.RegisterSpec.equals(ILcom/android/dx/rop/type/TypeBearer;Lcom/android/dx/rop/code/LocalItem;)Z @ 42
Event: 3.657 Thread 0x0000000016a9d000 Uncommon trap: reason=unstable_if action=reinterpret pc=0x0000000002aebb24 method=java.util.HashMap.putVal(ILjava/lang/Object;Ljava/lang/Object;ZZ)Ljava/lang/Object; @ 162
Event: 3.662 Thread 0x0000000016a9d000 Uncommon trap: reason=unstable_if action=reinterpret pc=0x0000000002ddedf0 method=java.util.HashMap.getNode(ILjava/lang/Object;)Ljava/util/HashMap$Node; @ 84
Event: 3.720 Thread 0x000000001859b000 Uncommon trap: reason=unstable_if action=reinterpret pc=0x0000000002d34b30 method=com.android.dx.ssa.MoveParamCombiner$1.visitNonMoveInsn(Lcom/android/dx/ssa/NormalSsaInsn;)V @ 27
Event: 3.935 Thread 0x0000000016a9f000 Uncommon trap: reason=bimorphic action=maybe_recompile pc=0x0000000002d8b6f0 method=com.android.dx.ssa.LiteralOpUpgrader.tryReplacingWithConstant(Lcom/android/dx/ssa/NormalSsaInsn;)Z @ 62
Event: 3.955 Thread 0x0000000016a9f000 Uncommon trap: reason=bimorphic action=maybe_recompile pc=0x0000000002d8b6f0 method=com.android.dx.ssa.LiteralOpUpgrader.tryReplacingWithConstant(Lcom/android/dx/ssa/NormalSsaInsn;)Z @ 62

Internal exceptions (6 events):
Event: 0.050 Thread 0x00000000021ee000 Exception <a 'java/lang/NoSuchMethodError': Method sun.misc.Unsafe.defineClass(Ljava/lang/String;[BII)Ljava/lang/Class; name or signature does not match> (0x00000000eab0d7c0) thrown at [C:\re\workspace\8-2-build-windows-amd64-cygwin\jdk8u60\4407\hotspot\srNUj$²©?
Event: 0.050 Thread 0x00000000021ee000 Exception <a 'java/lang/NoSuchMethodError': Method sun.misc.Unsafe.prefetchRead(Ljava/lang/Object;J)V name or signature does not match> (0x00000000eab0daa8) thrown at [C:\re\workspace\8-2-build-windows-amd64-cygwin\jdk8u60\4407\hotspot\src\share\vm\prims\jËJx9ð?
Event: 1.014 Thread 0x0000000016a9f000 Implicit null exception at 0x0000000002acfbd2 to 0x0000000002acfcd1
Event: 3.659 Thread 0x0000000016a9d000 Exception <a 'java/lang/ArrayIndexOutOfBoundsException': 18> (0x00000000ed2d6c20) thrown at [C:\re\workspace\8-2-build-windows-amd64-cygwin\jdk8u60\4407\hotspot\src\share\vm\interpreter\interpreterRuntime.cpp, line 366]
Event: 3.660 Thread 0x0000000016a9d000 Exception <a 'java/lang/ArrayIndexOutOfBoundsException': 145> (0x00000000ed2d87a0) thrown at [C:\re\workspace\8-2-build-windows-amd64-cygwin\jdk8u60\4407\hotspot\src\share\vm\interpreter\interpreterRuntime.cpp, line 366]
Event: 3.661 Thread 0x0000000016a9d000 Exception <a 'java/lang/ArrayIndexOutOfBoundsException'> (0x00000000ed2d9a88) thrown at [C:\re\workspace\8-2-build-windows-amd64-cygwin\jdk8u60\4407\hotspot\src\share\vm\runtime\sharedRuntime.cpp, line 605]

Events (10 events):
Event: 3.662 Thread 0x0000000016a9d000 DEOPT UNPACKING pc=0x000000000289582a sp=0x00000000193be8b0 mode 2
Event: 3.720 Thread 0x000000001859b000 Uncommon trap: trap_request=0xffffff65 fr.pc=0x0000000002d34b30
Event: 3.720 Thread 0x000000001859b000 DEOPT PACKING pc=0x0000000002d34b30 sp=0x0000000018f3e990
Event: 3.720 Thread 0x000000001859b000 DEOPT UNPACKING pc=0x000000000289582a sp=0x0000000018f3e8e8 mode 2
Event: 3.935 Thread 0x0000000016a9f000 Uncommon trap: trap_request=0xffffffc6 fr.pc=0x0000000002d8b6f0
Event: 3.935 Thread 0x0000000016a9f000 DEOPT PACKING pc=0x0000000002d8b6f0 sp=0x000000001958e880
Event: 3.935 Thread 0x0000000016a9f000 DEOPT UNPACKING pc=0x000000000289582a sp=0x000000001958e820 mode 2
Event: 3.955 Thread 0x0000000016a9f000 Uncommon trap: trap_request=0xffffffc6 fr.pc=0x0000000002d8b6f0
Event: 3.955 Thread 0x0000000016a9f000 DEOPT PACKING pc=0x0000000002d8b6f0 sp=0x000000001958e7d0
Event: 3.955 Thread 0x0000000016a9f000 DEOPT UNPACKING pc=0x000000000289582a sp=0x000000001958e770 mode 2


Dynamic libraries:
0x000000013fa50000 - 0x000000013fa87000 	C:\Program Files\Java\jdk1.8.0_60\bin\java.exe
0x0000000077b30000 - 0x0000000077cd9000 	C:\Windows\SYSTEM32\ntdll.dll
0x0000000077a10000 - 0x0000000077b2f000 	C:\Windows\system32\kernel32.dll
0x000007fefdde0000 - 0x000007fefde4b000 	C:\Windows\system32\KERNELBASE.dll
0x000007feff330000 - 0x000007feff40b000 	C:\Windows\system32\ADVAPI32.dll
0x000007feff940000 - 0x000007feff9df000 	C:\Windows\system32\msvcrt.dll
0x000007feff9e0000 - 0x000007feff9ff000 	C:\Windows\SYSTEM32\sechost.dll
0x000007feff5f0000 - 0x000007feff71d000 	C:\Windows\system32\RPCRT4.dll
0x0000000077910000 - 0x0000000077a0a000 	C:\Windows\system32\USER32.dll
0x000007fefeee0000 - 0x000007fefef47000 	C:\Windows\system32\GDI32.dll
0x000007feff930000 - 0x000007feff93e000 	C:\Windows\system32\LPK.dll
0x000007feffd10000 - 0x000007feffdd9000 	C:\Windows\system32\USP10.dll
0x000007fefbc60000 - 0x000007fefbe54000 	C:\Windows\WinSxS\amd64_microsoft.windows.common-controls_6595b64144ccf1df_6.0.7601.17514_none_fa396087175ac9ac\COMCTL32.dll
0x000007fefded0000 - 0x000007fefdf41000 	C:\Windows\system32\SHLWAPI.dll
0x000007fefdf50000 - 0x000007fefdf7e000 	C:\Windows\system32\IMM32.DLL
0x000007feff800000 - 0x000007feff909000 	C:\Windows\system32\MSCTF.dll
0x0000000053a00000 - 0x0000000053ad2000 	C:\Program Files\Java\jdk1.8.0_60\jre\bin\msvcr100.dll
0x0000000051e60000 - 0x00000000526e9000 	C:\Program Files\Java\jdk1.8.0_60\jre\bin\server\jvm.dll
0x000007feec2f0000 - 0x000007feec2f9000 	C:\Windows\system32\WSOCK32.dll
0x000007fefed10000 - 0x000007fefed5d000 	C:\Windows\system32\WS2_32.dll
0x000007feffa00000 - 0x000007feffa08000 	C:\Windows\system32\NSI.dll
0x000007fefc580000 - 0x000007fefc5bb000 	C:\Windows\system32\WINMM.dll
0x000007fefcbe0000 - 0x000007fefcbec000 	C:\Windows\system32\VERSION.dll
0x0000000077d00000 - 0x0000000077d07000 	C:\Windows\system32\PSAPI.DLL
0x000000006b800000 - 0x000000006b80f000 	C:\Program Files\Java\jdk1.8.0_60\jre\bin\verify.dll
0x0000000065be0000 - 0x0000000065c09000 	C:\Program Files\Java\jdk1.8.0_60\jre\bin\java.dll
0x00000000690c0000 - 0x00000000690d6000 	C:\Program Files\Java\jdk1.8.0_60\jre\bin\zip.dll
0x000007fefdf80000 - 0x000007fefed08000 	C:\Windows\system32\SHELL32.dll
0x000007fefef50000 - 0x000007feff153000 	C:\Windows\system32\ole32.dll
0x000007fefda80000 - 0x000007fefda8f000 	C:\Windows\system32\profapi.dll

VM Arguments:
jvm_args: -Djava.awt.headless=true -Xmx1024M -Dfile.encoding=windows-1252 -Duser.country=US -Duser.language=en -Duser.variant 
java_command: com.android.dx.command.Main --dex --force-jumbo --num-threads=4 --output D:\project\AndroidStudioProjects\PersonalUtilitiesForLife\app\build\intermediates\pre-dexed\debug\com.android.support-support-v4-23.4.0_6fadf15d9745d9003036b551226c64a74b02b17e.jar D:\project\AndroidStudioProjects\PersonalUtilitiesForLife\app\build\intermediates\exploded-aar\com.android.support\support-v4\23.4.0\jars\classes.jar
java_class_path (initial): D:\Android\sdk\build-tools\23.0.3\lib\dx.jar
Launcher Type: SUN_STANDARD

Environment Variables:
JAVA_HOME=C:\Program Files\Java\jdk1.8.0_60
PATH=C:\ProgramData\Oracle\Java\javapath;C:\Program Files\Common Files\Microsoft Shared\Windows Live;C:\Program Files (x86)\HP SimplePass\x64;C:\Program Files (x86)\HP SimplePass\;;C:\Windows\system32;C:\Windows;C:\Windows\System32\Wbem;C:\Windows\System32\WindowsPowerShell\v1.0\;C:\Program Files (x86)\Java\jdk1.7.0_09\bin;C:\Strawberry\c\bin;C:\Strawberry\perl\site\bin;C:\Strawberry\perl\bin;C:\Program Files (x86)\Intel\OpenCL SDK\2.0\bin\x86;C:\Program Files (x86)\Intel\OpenCL SDK\2.0\bin\x64;C:\PROGRA~2\PICC;C:\Program Files (x86)\Microchip\xc16\v1.25\bin;C:\Program Files (x86)\Microchip\xc8\v1.35\bin;C:\Program Files\Java\jre1.8.0_65\bin;C:\Program Files\Java\jdk1.8.0_60\jre\bin;D:\Android\sdk\platform-tools;C:\Program Files\Common Files\Microsoft Shared\Windows Live;C:\Program Files\Java\jre1.8.0_65\bin
USERNAME=Nhut
OS=Windows_NT
PROCESSOR_IDENTIFIER=Intel64 Family 6 Model 42 Stepping 7, GenuineIntel



---------------  S Y S T E M  ---------------

OS: Windows 7 , 64 bit Build 7601 (6.1.7601.17514)

CPU:total 8 (4 cores per cpu, 2 threads per core) family 6 model 42 stepping 7, cmov, cx8, fxsr, mmx, sse, sse2, sse3, ssse3, sse4.1, sse4.2, popcnt, avx, aes, clmul, ht, tsc, tscinvbit

Memory: 4k page, physical 6238064k(630380k free), swap 8333368k(5124k free)

vm_info: Java HotSpot(TM) 64-Bit Server VM (25.60-b23) for windows-amd64 JRE (1.8.0_60-b27), built on Aug  4 2015 11:06:27 by "java_re" with MS VC++ 10.0 (VS2010)

time: Mon Jun 20 20:43:52 2016
elapsed time: 4 seconds (0d 0h 0m 4s)

