#
# There is insufficient memory for the Java Runtime Environment to continue.
# Native memory allocation (malloc) failed to allocate 1580000 bytes for Chunk::new
# Possible reasons:
#   The system is out of physical RAM or swap space
#   In 32 bit mode, the process size limit was hit
# Possible solutions:
#   Reduce memory load on the system
#   Increase physical memory or swap space
#   Check if swap backing store is full
#   Use 64 bit Java on a 64 bit OS
#   Decrease Java heap size (-Xmx/-Xms)
#   Decrease number of Java threads
#   Decrease Java thread stack sizes (-Xss)
#   Set larger code cache with -XX:ReservedCodeCacheSize=
# This output file may be truncated or incomplete.
#
#  Out of Memory Error (allocation.cpp:390), pid=12972, tid=10104
#
# JRE version: Java(TM) SE Runtime Environment (8.0_60-b27) (build 1.8.0_60-b27)
# Java VM: Java HotSpot(TM) 64-Bit Server VM (25.60-b23 mixed mode windows-amd64 compressed oops)
# Failed to write core dump. Minidumps are not enabled by default on client versions of Windows
#

---------------  T H R E A D  ---------------

Current thread (0x0000000056644000):  JavaThread "C2 CompilerThread2" daemon [_thread_in_native, id=10104, stack(0x0000000058980000,0x0000000058a80000)]

Stack: [0x0000000058980000,0x0000000058a80000]
[error occurred during error reporting (printing stack bounds), id 0xc0000005]

Native frames: (J=compiled Java code, j=interpreted, Vv=VM code, C=native code)


Current CompileTask:
C2:   2262  739   !   4       com.android.dx.cf.cst.ConstantPoolParser::parse0 (731 bytes)


---------------  P R O C E S S  ---------------

Java Threads: ( => current thread )
  0x00000000567a4000 JavaThread "pool-1-thread-1" [_thread_in_Java, id=12412, stack(0x0000000058d90000,0x0000000058e90000)]
  0x00000000566d9800 JavaThread "Service Thread" daemon [_thread_blocked, id=12524, stack(0x0000000058c80000,0x0000000058d80000)]
  0x000000005664e000 JavaThread "C1 CompilerThread3" daemon [_thread_in_native, id=12320, stack(0x0000000058aa0000,0x0000000058ba0000)]
=>0x0000000056644000 JavaThread "C2 CompilerThread2" daemon [_thread_in_native, id=10104, stack(0x0000000058980000,0x0000000058a80000)]
  0x0000000056639000 JavaThread "C2 CompilerThread1" daemon [_thread_in_native, id=7132, stack(0x00000000587b0000,0x00000000588b0000)]
  0x0000000056629000 JavaThread "C2 CompilerThread0" daemon [_thread_in_native, id=11268, stack(0x0000000058610000,0x0000000058710000)]
  0x0000000056627800 JavaThread "Attach Listener" daemon [_thread_blocked, id=11644, stack(0x00000000584a0000,0x00000000585a0000)]
  0x0000000056638000 JavaThread "Signal Dispatcher" daemon [_thread_blocked, id=12324, stack(0x0000000058000000,0x0000000058100000)]
  0x000000005557c000 JavaThread "Finalizer" daemon [_thread_blocked, id=13168, stack(0x0000000058350000,0x0000000058450000)]
  0x0000000055574800 JavaThread "Reference Handler" daemon [_thread_blocked, id=12316, stack(0x0000000058160000,0x0000000058260000)]
  0x00000000002be000 JavaThread "main" [_thread_blocked, id=11468, stack(0x0000000001ec0000,0x0000000001fc0000)]

Other Threads:
  0x00000000565e0800 VMThread [stack: 0x0000000057e90000,0x0000000057f90000] [id=11832]
  0x00000000566de000 WatcherThread [stack: 0x0000000058f60000,0x0000000059060000] [id=12932]

VM state:not at safepoint (normal execution)

VM Mutex/Monitor currently owned by a thread: None

Heap:
 PSYoungGen      total 102400K, used 87186K [0x00000000eab00000, 0x00000000f1300000, 0x0000000100000000)
  eden space 98304K, 88% used [0x00000000eab00000,0x00000000f0024bd0,0x00000000f0b00000)
  from space 4096K, 0% used [0x00000000f0f00000,0x00000000f0f00000,0x00000000f1300000)
  to   space 4096K, 0% used [0x00000000f0b00000,0x00000000f0b00000,0x00000000f0f00000)
 ParOldGen       total 101888K, used 37033K [0x00000000c0000000, 0x00000000c6380000, 0x00000000eab00000)
  object space 101888K, 36% used [0x00000000c0000000,0x00000000c242a458,0x00000000c6380000)
 Metaspace       used 6104K, capacity 7152K, committed 7296K, reserved 1056768K
  class space    used 599K, capacity 616K, committed 640K, reserved 1048576K

Card table byte_map: [0x0000000011ba0000,0x0000000011db0000] byte_map_base: 0x00000000115a0000

Marking Bits: (ParMarkBitMap*) 0x000000005785a5b0
 Begin Bits: [0x0000000012990000, 0x0000000013990000)
 End Bits:   [0x0000000013990000, 0x0000000014990000)

Polling page: 0x0000000000230000

CodeCache: size=245760Kb used=6536Kb max_used=6536Kb free=239223Kb
 bounds [0x00000000027e0000, 0x0000000002e50000, 0x00000000117e0000]
 total_blobs=1958 nmethods=1696 adapters=175
 compilation: enabled

Compilation events (10 events):
Event: 1.966 Thread 0x0000000056639000 nmethod 1575% 0x0000000002de4190 code [0x0000000002de4340, 0x0000000002de4cf8]
Event: 1.966 Thread 0x0000000056639000 1599       4       com.android.dx.ssa.SsaMethod::isRegALocal (90 bytes)
Event: 1.974 Thread 0x0000000056629000 nmethod 1598% 0x0000000002de5cd0 code [0x0000000002de5ea0, 0x0000000002de69b0]
Event: 1.974 Thread 0x0000000056629000 1602       4       com.android.dx.ssa.back.LivenessAnalyzer::run (231 bytes)
Event: 2.004 Thread 0x000000005664e000 1606       2       com.android.dx.util.Bits::bitCount (29 bytes)
Event: 2.005 Thread 0x000000005664e000 nmethod 1606 0x0000000002de5810 code [0x0000000002de5980, 0x0000000002de5b68]
Event: 2.013 Thread 0x000000005664e000 1608       3       com.android.dx.ssa.back.FirstFitLocalCombiningAllocator::tryMapRegs (110 bytes)
Event: 2.015 Thread 0x000000005664e000 nmethod 1608 0x0000000002dd96d0 code [0x0000000002dd9920, 0x0000000002dda658]
Event: 2.041 Thread 0x0000000056639000 nmethod 1599 0x0000000002df0ed0 code [0x0000000002df1180, 0x0000000002df2848]
Event: 2.041 Thread 0x0000000056639000 1620       4       com.android.dx.util.IntList::mutableCopy (39 bytes)

GC Heap History (10 events):
Event: 0.510 GC heap before
{Heap before GC invocations=1 (full 0):
 PSYoungGen      total 28672K, used 24576K [0x00000000eab00000, 0x00000000ecb00000, 0x0000000100000000)
  eden space 24576K, 100% used [0x00000000eab00000,0x00000000ec300000,0x00000000ec300000)
  from space 4096K, 0% used [0x00000000ec700000,0x00000000ec700000,0x00000000ecb00000)
  to   space 4096K, 0% used [0x00000000ec300000,0x00000000ec300000,0x00000000ec700000)
 ParOldGen       total 65536K, used 0K [0x00000000c0000000, 0x00000000c4000000, 0x00000000eab00000)
  object space 65536K, 0% used [0x00000000c0000000,0x00000000c0000000,0x00000000c4000000)
 Metaspace       used 5588K, capacity 6768K, committed 7040K, reserved 1056768K
  class space    used 576K, capacity 616K, committed 640K, reserved 1048576K
Event: 0.525 GC heap after
Heap after GC invocations=1 (full 0):
 PSYoungGen      total 28672K, used 4069K [0x00000000eab00000, 0x00000000ee300000, 0x0000000100000000)
  eden space 24576K, 0% used [0x00000000eab00000,0x00000000eab00000,0x00000000ec300000)
  from space 4096K, 99% used [0x00000000ec300000,0x00000000ec6f95e0,0x00000000ec700000)
  to   space 4096K, 0% used [0x00000000edf00000,0x00000000edf00000,0x00000000ee300000)
 ParOldGen       total 65536K, used 1103K [0x00000000c0000000, 0x00000000c4000000, 0x00000000eab00000)
  object space 65536K, 1% used [0x00000000c0000000,0x00000000c0113dc8,0x00000000c4000000)
 Metaspace       used 5588K, capacity 6768K, committed 7040K, reserved 1056768K
  class space    used 576K, capacity 616K, committed 640K, reserved 1048576K
}
Event: 0.787 GC heap before
{Heap before GC invocations=2 (full 0):
 PSYoungGen      total 28672K, used 28645K [0x00000000eab00000, 0x00000000ee300000, 0x0000000100000000)
  eden space 24576K, 100% used [0x00000000eab00000,0x00000000ec300000,0x00000000ec300000)
  from space 4096K, 99% used [0x00000000ec300000,0x00000000ec6f95e0,0x00000000ec700000)
  to   space 4096K, 0% used [0x00000000edf00000,0x00000000edf00000,0x00000000ee300000)
 ParOldGen       total 65536K, used 1103K [0x00000000c0000000, 0x00000000c4000000, 0x00000000eab00000)
  object space 65536K, 1% used [0x00000000c0000000,0x00000000c0113dc8,0x00000000c4000000)
 Metaspace       used 5722K, capacity 6896K, committed 7040K, reserved 1056768K
  class space    used 581K, capacity 616K, committed 640K, reserved 1048576K
Event: 0.811 GC heap after
Heap after GC invocations=2 (full 0):
 PSYoungGen      total 53248K, used 4080K [0x00000000eab00000, 0x00000000ee300000, 0x0000000100000000)
  eden space 49152K, 0% used [0x00000000eab00000,0x00000000eab00000,0x00000000edb00000)
  from space 4096K, 99% used [0x00000000edf00000,0x00000000ee2fc008,0x00000000ee300000)
  to   space 4096K, 0% used [0x00000000edb00000,0x00000000edb00000,0x00000000edf00000)
 ParOldGen       total 65536K, used 5624K [0x00000000c0000000, 0x00000000c4000000, 0x00000000eab00000)
  object space 65536K, 8% used [0x00000000c0000000,0x00000000c057e0f0,0x00000000c4000000)
 Metaspace       used 5722K, capacity 6896K, committed 7040K, reserved 1056768K
  class space    used 581K, capacity 616K, committed 640K, reserved 1048576K
}
Event: 1.032 GC heap before
{Heap before GC invocations=3 (full 0):
 PSYoungGen      total 53248K, used 53232K [0x00000000eab00000, 0x00000000ee300000, 0x0000000100000000)
  eden space 49152K, 100% used [0x00000000eab00000,0x00000000edb00000,0x00000000edb00000)
  from space 4096K, 99% used [0x00000000edf00000,0x00000000ee2fc008,0x00000000ee300000)
  to   space 4096K, 0% used [0x00000000edb00000,0x00000000edb00000,0x00000000edf00000)
 ParOldGen       total 65536K, used 5624K [0x00000000c0000000, 0x00000000c4000000, 0x00000000eab00000)
  object space 65536K, 8% used [0x00000000c0000000,0x00000000c057e0f0,0x00000000c4000000)
 Metaspace       used 5802K, capacity 6960K, committed 7040K, reserved 1056768K
  class space    used 582K, capacity 616K, committed 640K, reserved 1048576K
Event: 1.090 GC heap after
Heap after GC invocations=3 (full 0):
 PSYoungGen      total 53248K, used 4064K [0x00000000eab00000, 0x00000000f1300000, 0x0000000100000000)
  eden space 49152K, 0% used [0x00000000eab00000,0x00000000eab00000,0x00000000edb00000)
  from space 4096K, 99% used [0x00000000edb00000,0x00000000edef80d0,0x00000000edf00000)
  to   space 4096K, 0% used [0x00000000f0f00000,0x00000000f0f00000,0x00000000f1300000)
 ParOldGen       total 65536K, used 27675K [0x00000000c0000000, 0x00000000c4000000, 0x00000000eab00000)
  object space 65536K, 42% used [0x00000000c0000000,0x00000000c1b06fa0,0x00000000c4000000)
 Metaspace       used 5802K, capacity 6960K, committed 7040K, reserved 1056768K
  class space    used 582K, capacity 616K, committed 640K, reserved 1048576K
}
Event: 1.274 GC heap before
{Heap before GC invocations=4 (full 0):
 PSYoungGen      total 53248K, used 53216K [0x00000000eab00000, 0x00000000f1300000, 0x0000000100000000)
  eden space 49152K, 100% used [0x00000000eab00000,0x00000000edb00000,0x00000000edb00000)
  from space 4096K, 99% used [0x00000000edb00000,0x00000000edef80d0,0x00000000edf00000)
  to   space 4096K, 0% used [0x00000000f0f00000,0x00000000f0f00000,0x00000000f1300000)
 ParOldGen       total 65536K, used 27675K [0x00000000c0000000, 0x00000000c4000000, 0x00000000eab00000)
  object space 65536K, 42% used [0x00000000c0000000,0x00000000c1b06fa0,0x00000000c4000000)
 Metaspace       used 5824K, capacity 6960K, committed 7040K, reserved 1056768K
  class space    used 582K, capacity 616K, committed 640K, reserved 1048576K
Event: 1.332 GC heap after
Heap after GC invocations=4 (full 0):
 PSYoungGen      total 102400K, used 4068K [0x00000000eab00000, 0x00000000f1300000, 0x0000000100000000)
  eden space 98304K, 0% used [0x00000000eab00000,0x00000000eab00000,0x00000000f0b00000)
  from space 4096K, 99% used [0x00000000f0f00000,0x00000000f12f9198,0x00000000f1300000)
  to   space 4096K, 0% used [0x00000000f0b00000,0x00000000f0b00000,0x00000000f0f00000)
 ParOldGen       total 65536K, used 45430K [0x00000000c0000000, 0x00000000c4000000, 0x00000000eab00000)
  object space 65536K, 69% used [0x00000000c0000000,0x00000000c2c5d870,0x00000000c4000000)
 Metaspace       used 5824K, capacity 6960K, committed 7040K, reserved 1056768K
  class space    used 582K, capacity 616K, committed 640K, reserved 1048576K
}
Event: 1.332 GC heap before
{Heap before GC invocations=5 (full 1):
 PSYoungGen      total 102400K, used 4068K [0x00000000eab00000, 0x00000000f1300000, 0x0000000100000000)
  eden space 98304K, 0% used [0x00000000eab00000,0x00000000eab00000,0x00000000f0b00000)
  from space 4096K, 99% used [0x00000000f0f00000,0x00000000f12f9198,0x00000000f1300000)
  to   space 4096K, 0% used [0x00000000f0b00000,0x00000000f0b00000,0x00000000f0f00000)
 ParOldGen       total 65536K, used 45430K [0x00000000c0000000, 0x00000000c4000000, 0x00000000eab00000)
  object space 65536K, 69% used [0x00000000c0000000,0x00000000c2c5d870,0x00000000c4000000)
 Metaspace       used 5824K, capacity 6960K, committed 7040K, reserved 1056768K
  class space    used 582K, capacity 616K, committed 640K, reserved 1048576K
Event: 1.563 GC heap after
Heap after GC invocations=5 (full 1):
 PSYoungGen      total 102400K, used 0K [0x00000000eab00000, 0x00000000f1300000, 0x0000000100000000)
  eden space 98304K, 0% used [0x00000000eab00000,0x00000000eab00000,0x00000000f0b00000)
  from space 4096K, 0% used [0x00000000f0f00000,0x00000000f0f00000,0x00000000f1300000)
  to   space 4096K, 0% used [0x00000000f0b00000,0x00000000f0b00000,0x00000000f0f00000)
 ParOldGen       total 101888K, used 37033K [0x00000000c0000000, 0x00000000c6380000, 0x00000000eab00000)
  object space 101888K, 36% used [0x00000000c0000000,0x00000000c242a458,0x00000000c6380000)
 Metaspace       used 5824K, capacity 6960K, committed 7040K, reserved 1056768K
  class space    used 582K, capacity 616K, committed 640K, reserved 1048576K
}

Deoptimization events (10 events):
Event: 0.722 Thread 0x0000000056807000 Uncommon trap: reason=class_check action=maybe_recompile pc=0x0000000002a1bfa0 method=com.android.dx.rop.type.Type.equals(Ljava/lang/Object;)Z @ 8
Event: 0.725 Thread 0x0000000056807000 Uncommon trap: reason=unstable_if action=reinterpret pc=0x0000000002a84df8 method=com.android.dx.rop.code.RegisterSpec.equals(ILcom/android/dx/rop/type/TypeBearer;Lcom/android/dx/rop/code/LocalItem;)Z @ 16
Event: 0.750 Thread 0x0000000056807000 Uncommon trap: reason=class_check action=maybe_recompile pc=0x0000000002b9e7e4 method=com.android.dx.ssa.NormalSsaInsn.accept(Lcom/android/dx/ssa/SsaInsn$Visitor;)V @ 9
Event: 0.750 Thread 0x0000000056807000 Uncommon trap: reason=class_check action=maybe_recompile pc=0x0000000002b8dff0 method=com.android.dx.ssa.NormalSsaInsn.accept(Lcom/android/dx/ssa/SsaInsn$Visitor;)V @ 9
Event: 0.750 Thread 0x0000000056807000 Uncommon trap: reason=class_check action=maybe_recompile pc=0x0000000002b8dff0 method=com.android.dx.ssa.NormalSsaInsn.accept(Lcom/android/dx/ssa/SsaInsn$Visitor;)V @ 9
Event: 0.754 Thread 0x0000000056807000 Uncommon trap: reason=class_check action=maybe_recompile pc=0x0000000002b9e7e4 method=com.android.dx.ssa.NormalSsaInsn.accept(Lcom/android/dx/ssa/SsaInsn$Visitor;)V @ 9
Event: 0.754 Thread 0x0000000056807000 Uncommon trap: reason=class_check action=maybe_recompile pc=0x0000000002b8dff0 method=com.android.dx.ssa.NormalSsaInsn.accept(Lcom/android/dx/ssa/SsaInsn$Visitor;)V @ 9
Event: 1.628 Thread 0x0000000056807000 Uncommon trap: reason=unstable_if action=reinterpret pc=0x0000000002a6baa0 method=com.android.dx.rop.code.RegisterSpec.equals(ILcom/android/dx/rop/type/TypeBearer;Lcom/android/dx/rop/code/LocalItem;)Z @ 16
Event: 1.731 Thread 0x00000000567b0000 Uncommon trap: reason=unstable_if action=reinterpret pc=0x0000000002bde0f0 method=java.util.HashMap.putVal(ILjava/lang/Object;Ljava/lang/Object;ZZ)Ljava/lang/Object; @ 94
Event: 1.772 Thread 0x00000000567b0000 Uncommon trap: reason=unstable_if action=reinterpret pc=0x0000000002d2cfcc method=com.android.dx.cf.code.BytecodeArray.parseInstruction(ILcom/android/dx/cf/code/BytecodeArray$Visitor;)I @ 1261

Internal exceptions (3 events):
Event: 0.030 Thread 0x00000000002be000 Exception <a 'java/lang/NoSuchMethodError': Method sun.misc.Unsafe.defineClass(Ljava/lang/String;[BII)Ljava/lang/Class; name or signature does not match> (0x00000000eab0d750) thrown at [C:\re\workspace\8-2-build-windows-amd64-cygwin\jdk8u60\4407\hotspot\sr±×/Ë-Ÿ?
Event: 0.030 Thread 0x00000000002be000 Exception <a 'java/lang/NoSuchMethodError': Method sun.misc.Unsafe.prefetchRead(Ljava/lang/Object;J)V name or signature does not match> (0x00000000eab0da38) thrown at [C:\re\workspace\8-2-build-windows-amd64-cygwin\jdk8u60\4407\hotspot\src\share\vm\prims\j68"1á?
Event: 0.537 Thread 0x00000000567b0000 Implicit null exception at 0x0000000002a3b769 to 0x0000000002a3cc45

Events (10 events):
Event: 1.973 Thread 0x0000000056807000 DEOPT PACKING pc=0x0000000002c74aec sp=0x000000005953ed40
Event: 1.973 Thread 0x0000000056807000 DEOPT UNPACKING pc=0x000000000282787f sp=0x000000005953eae0 mode 0
Event: 1.974 Thread 0x0000000056807000 DEOPT PACKING pc=0x0000000002c74aec sp=0x000000005953ed40
Event: 1.974 Thread 0x0000000056807000 DEOPT UNPACKING pc=0x000000000282787f sp=0x000000005953eae0 mode 0
Event: 2.033 Thread 0x0000000056807000 DEOPT PACKING pc=0x0000000002c650e4 sp=0x000000005953ed50
Event: 2.033 Thread 0x0000000056807000 DEOPT UNPACKING pc=0x000000000282787f sp=0x000000005953eb18 mode 0
Event: 2.039 Thread 0x0000000056807000 DEOPT PACKING pc=0x0000000002c201d8 sp=0x000000005953ecd0
Event: 2.039 Thread 0x0000000056807000 DEOPT UNPACKING pc=0x000000000282787f sp=0x000000005953ea68 mode 0
Event: 2.042 Thread 0x0000000056807000 DEOPT PACKING pc=0x0000000002cc5c8a sp=0x000000005953ee80
Event: 2.042 Thread 0x0000000056807000 DEOPT UNPACKING pc=0x000000000282787f sp=0x000000005953ebe8 mode 0


Dynamic libraries:
0x000000013f5c0000 - 0x000000013f5f7000 	C:\Program Files\Java\jdk1.8.0_60\bin\java.exe
0x0000000076f30000 - 0x00000000770d9000 	C:\Windows\SYSTEM32\ntdll.dll
0x0000000076d10000 - 0x0000000076e2f000 	C:\Windows\system32\kernel32.dll
0x000007fefd070000 - 0x000007fefd0db000 	C:\Windows\system32\KERNELBASE.dll
0x000007fefd7a0000 - 0x000007fefd87b000 	C:\Windows\system32\ADVAPI32.dll
0x000007fefec70000 - 0x000007fefed0f000 	C:\Windows\system32\msvcrt.dll
0x000007fefef20000 - 0x000007fefef3f000 	C:\Windows\SYSTEM32\sechost.dll
0x000007fefd260000 - 0x000007fefd38d000 	C:\Windows\system32\RPCRT4.dll
0x0000000076e30000 - 0x0000000076f2a000 	C:\Windows\system32\USER32.dll
0x000007fefd9d0000 - 0x000007fefda37000 	C:\Windows\system32\GDI32.dll
0x000007fefd790000 - 0x000007fefd79e000 	C:\Windows\system32\LPK.dll
0x000007fefef40000 - 0x000007feff009000 	C:\Windows\system32\USP10.dll
0x000007fefb920000 - 0x000007fefbb14000 	C:\Windows\WinSxS\amd64_microsoft.windows.common-controls_6595b64144ccf1df_6.0.7601.17514_none_fa396087175ac9ac\COMCTL32.dll
0x000007fefea30000 - 0x000007fefeaa1000 	C:\Windows\system32\SHLWAPI.dll
0x000007fefebf0000 - 0x000007fefec1e000 	C:\Windows\system32\IMM32.DLL
0x000007feff130000 - 0x000007feff239000 	C:\Windows\system32\MSCTF.dll
0x0000000077dd0000 - 0x0000000077ea2000 	C:\Program Files\Java\jdk1.8.0_60\jre\bin\msvcr100.dll
0x0000000057050000 - 0x00000000578d9000 	C:\Program Files\Java\jdk1.8.0_60\jre\bin\server\jvm.dll
0x000007fef0f90000 - 0x000007fef0f99000 	C:\Windows\system32\WSOCK32.dll
0x000007fefec20000 - 0x000007fefec6d000 	C:\Windows\system32\WS2_32.dll
0x000007fefd250000 - 0x000007fefd258000 	C:\Windows\system32\NSI.dll
0x000007fefb480000 - 0x000007fefb4bb000 	C:\Windows\system32\WINMM.dll
0x000007fefbfe0000 - 0x000007fefbfec000 	C:\Windows\system32\VERSION.dll
0x0000000077100000 - 0x0000000077107000 	C:\Windows\system32\PSAPI.DLL
0x0000000069350000 - 0x000000006935f000 	C:\Program Files\Java\jdk1.8.0_60\jre\bin\verify.dll
0x0000000057020000 - 0x0000000057049000 	C:\Program Files\Java\jdk1.8.0_60\jre\bin\java.dll
0x0000000057000000 - 0x0000000057016000 	C:\Program Files\Java\jdk1.8.0_60\jre\bin\zip.dll
0x000007fefda40000 - 0x000007fefe7c8000 	C:\Windows\system32\SHELL32.dll
0x000007fefed10000 - 0x000007fefef13000 	C:\Windows\system32\ole32.dll
0x000007fefce80000 - 0x000007fefce8f000 	C:\Windows\system32\profapi.dll

VM Arguments:
jvm_args: -Djava.awt.headless=true -Xmx1024M -Dfile.encoding=windows-1252 -Duser.country=US -Duser.language=en -Duser.variant 
java_command: com.android.dx.command.Main --dex --force-jumbo --num-threads=4 --multi-dex --output D:\project\AndroidStudioProjects\PersonalUtilitiesForLife\app\build\intermediates\transforms\dex\debug\folders\1000\5\slice_9 D:\project\AndroidStudioProjects\PersonalUtilitiesForLife\app\build\intermediates\transforms\instantRunSlicer\debug\folders\1\5\slice_9
java_class_path (initial): D:\Android\sdk\build-tools\23.0.3\lib\dx.jar
Launcher Type: SUN_STANDARD

Environment Variables:
JAVA_HOME=C:\Program Files\Java\jdk1.8.0_60
PATH=C:\ProgramData\Oracle\Java\javapath;C:\Program Files\Common Files\Microsoft Shared\Windows Live;C:\Program Files (x86)\HP SimplePass\x64;C:\Program Files (x86)\HP SimplePass\;;C:\Windows\system32;C:\Windows;C:\Windows\System32\Wbem;C:\Windows\System32\WindowsPowerShell\v1.0\;C:\Program Files (x86)\Java\jdk1.7.0_09\bin;C:\Strawberry\c\bin;C:\Strawberry\perl\site\bin;C:\Strawberry\perl\bin;C:\Program Files (x86)\Intel\OpenCL SDK\2.0\bin\x86;C:\Program Files (x86)\Intel\OpenCL SDK\2.0\bin\x64;C:\PROGRA~2\PICC;C:\Program Files (x86)\Microchip\xc16\v1.25\bin;C:\Program Files (x86)\Microchip\xc8\v1.35\bin;C:\Program Files\Java\jre1.8.0_65\bin;C:\Program Files\Java\jdk1.8.0_60\jre\bin;D:\Android\sdk\platform-tools;C:\Program Files\Common Files\Microsoft Shared\Windows Live;C:\Program Files\Java\jre1.8.0_65\bin
USERNAME=Nhut
OS=Windows_NT
PROCESSOR_IDENTIFIER=Intel64 Family 6 Model 42 Stepping 7, GenuineIntel



---------------  S Y S T E M  ---------------

OS: Windows 7 , 64 bit Build 7601 (6.1.7601.17514)

CPU:total 8 (4 cores per cpu, 2 threads per core) family 6 model 42 stepping 7, cmov, cx8, fxsr, mmx, sse, sse2, sse3, ssse3, sse4.1, sse4.2, popcnt, avx, aes, clmul, ht, tsc, tscinvbit

Memory: 4k page, physical 6238064k(486892k free), swap 8333368k(117836k free)

vm_info: Java HotSpot(TM) 64-Bit Server VM (25.60-b23) for windows-amd64 JRE (1.8.0_60-b27), built on Aug  4 2015 11:06:27 by "java_re" with MS VC++ 10.0 (VS2010)

time: Sun Jun 26 10:54:31 2016
elapsed time: 2 seconds (0d 0h 0m 2s)

