#
# There is insufficient memory for the Java Runtime Environment to continue.
# Native memory allocation (malloc) failed to allocate 32744 bytes for ChunkPool::allocate
# Possible reasons:
#   The system is out of physical RAM or swap space
#   In 32 bit mode, the process size limit was hit
# Possible solutions:
#   Reduce memory load on the system
#   Increase physical memory or swap space
#   Check if swap backing store is full
#   Use 64 bit Java on a 64 bit OS
#   Decrease Java heap size (-Xmx/-Xms)
#   Decrease number of Java threads
#   Decrease Java thread stack sizes (-Xss)
#   Set larger code cache with -XX:ReservedCodeCacheSize=
# This output file may be truncated or incomplete.
#
#  Out of Memory Error (allocation.cpp:273), pid=13952, tid=12824
#
# JRE version: Java(TM) SE Runtime Environment (8.0_60-b27) (build 1.8.0_60-b27)
# Java VM: Java HotSpot(TM) 64-Bit Server VM (25.60-b23 mixed mode windows-amd64 compressed oops)
# Failed to write core dump. Minidumps are not enabled by default on client versions of Windows
#

---------------  T H R E A D  ---------------

Current thread (0x00000000156ee800):  JavaThread "C1 CompilerThread3" daemon [_thread_in_native, id=12824, stack(0x00000000183d0000,0x00000000184d0000)]

Stack: [0x00000000183d0000,0x00000000184d0000]
[error occurred during error reporting (printing stack bounds), id 0xc0000005]

Native frames: (J=compiled Java code, j=interpreted, Vv=VM code, C=native code)


Current CompileTask:
C1:    929  516   !   3      
[error occurred during error reporting (printing current compile task), id 0xe0000001]


---------------  P R O C E S S  ---------------

Java Threads: ( => current thread )
  0x0000000016b62000 JavaThread "pool-2-thread-4" [_thread_blocked, id=12992, stack(0x00000000193f0000,0x00000000194f0000)]
  0x0000000016b4b000 JavaThread "pool-2-thread-3" [_thread_blocked, id=6020, stack(0x00000000196b0000,0x00000000197b0000)]
  0x0000000016b4a800 JavaThread "pool-2-thread-2" [_thread_in_Java, id=10108, stack(0x0000000019500000,0x0000000019600000)]
  0x0000000016b45800 JavaThread "pool-3-thread-1" [_thread_blocked, id=6428, stack(0x00000000192d0000,0x00000000193d0000)]
  0x0000000016b44000 JavaThread "pool-2-thread-1" [_thread_blocked, id=12572, stack(0x0000000019140000,0x0000000019240000)]
  0x00000000156ef800 JavaThread "Service Thread" daemon [_thread_blocked, id=9988, stack(0x0000000018590000,0x0000000018690000)]
=>0x00000000156ee800 JavaThread "C1 CompilerThread3" daemon [_thread_in_native, id=12824, stack(0x00000000183d0000,0x00000000184d0000)]
  0x00000000156ec800 JavaThread "C2 CompilerThread2" daemon [_thread_in_vm, id=9512, stack(0x0000000017a00000,0x0000000017b00000)]
  0x00000000168a7800 JavaThread "C2 CompilerThread1" daemon [_thread_in_native, id=10252, stack(0x0000000018220000,0x0000000018320000)]
  0x00000000168a1800 JavaThread "C2 CompilerThread0" daemon [_thread_in_native, id=8220, stack(0x00000000177b0000,0x00000000178b0000)]
  0x00000000168a0800 JavaThread "Attach Listener" daemon [_thread_blocked, id=10620, stack(0x00000000180d0000,0x00000000181d0000)]
  0x000000001689f800 JavaThread "Signal Dispatcher" daemon [_thread_blocked, id=11072, stack(0x0000000017f00000,0x0000000018000000)]
  0x00000000156d9800 JavaThread "Finalizer" daemon [_thread_blocked, id=5904, stack(0x0000000017d50000,0x0000000017e50000)]
  0x0000000016853800 JavaThread "Reference Handler" daemon [_thread_blocked, id=7196, stack(0x0000000017b10000,0x0000000017c10000)]
  0x00000000002ce800 JavaThread "main" [_thread_blocked, id=6352, stack(0x00000000025a0000,0x00000000026a0000)]

Other Threads:
  0x0000000016852800 VMThread [stack: 0x00000000178b0000,0x00000000179b0000] [id=7732]
  0x000000001693d000 WatcherThread [stack: 0x00000000186f0000,0x00000000187f0000] [id=4980]

VM state:not at safepoint (normal execution)

VM Mutex/Monitor currently owned by a thread: None

Heap:
 PSYoungGen      total 28672K, used 15773K [0x00000000eab00000, 0x00000000ecb00000, 0x0000000100000000)
  eden space 24576K, 64% used [0x00000000eab00000,0x00000000eba67658,0x00000000ec300000)
  from space 4096K, 0% used [0x00000000ec700000,0x00000000ec700000,0x00000000ecb00000)
  to   space 4096K, 0% used [0x00000000ec300000,0x00000000ec300000,0x00000000ec700000)
 ParOldGen       total 65536K, used 0K [0x00000000c0000000, 0x00000000c4000000, 0x00000000eab00000)
  object space 65536K, 0% used [0x00000000c0000000,0x00000000c0000000,0x00000000c4000000)
 Metaspace       used 5439K, capacity 6448K, committed 6528K, reserved 1056768K
  class space    used 588K, capacity 616K, committed 640K, reserved 1048576K

Card table byte_map: [0x0000000011d30000,0x0000000011f40000] byte_map_base: 0x0000000011730000

Marking Bits: (ParMarkBitMap*) 0x00000000542da5b0
 Begin Bits: [0x0000000012af0000, 0x0000000013af0000)
 End Bits:   [0x0000000013af0000, 0x0000000014af0000)

Polling page: 0x0000000000250000

CodeCache: size=245760Kb used=2119Kb max_used=2130Kb free=243640Kb
 bounds [0x0000000002970000, 0x0000000002be0000, 0x0000000011970000]
 total_blobs=777 nmethods=509 adapters=181
 compilation: enabled

Compilation events (10 events):
Event: 0.901 Thread 0x00000000156ee800  512  s    3       java.util.Stack::peek (25 bytes)
Event: 0.902 Thread 0x00000000156ee800 nmethod 512 0x0000000002b81510 code [0x0000000002b816a0, 0x0000000002b81cb8]
Event: 0.902 Thread 0x00000000156ee800  493       3       java.util.ArrayList::<init> (67 bytes)
Event: 0.903 Thread 0x00000000156ee800 nmethod 493 0x0000000002b81e10 code [0x0000000002b81fc0, 0x0000000002b824f8]
Event: 0.903 Thread 0x00000000156ee800  514       3       com.android.dx.rop.cst.CstType::compareTo0 (25 bytes)
Event: 0.903 Thread 0x00000000156ee800 nmethod 514 0x0000000002b826d0 code [0x0000000002b82840, 0x0000000002b82c68]
Event: 0.903 Thread 0x00000000156ee800  516   !   3       com.android.dx.cf.code.BytecodeArray::parseInstruction (2764 bytes)
Event: 0.912 Thread 0x00000000168a1800  526       4       com.android.dx.rop.type.Type::getCategory (36 bytes)
Event: 0.913 Thread 0x00000000168a1800 nmethod 526 0x0000000002b63e90 code [0x0000000002b63fc0, 0x0000000002b64038]
Event: 0.920 Thread 0x00000000168a7800  536       4       java.util.ArrayList::add (29 bytes)

GC Heap History (0 events):
No events

Deoptimization events (1 events):
Event: 0.891 Thread 0x0000000016b4a800 Uncommon trap: reason=unstable_if action=reinterpret pc=0x0000000002b76038 method=java.util.HashMap.getNode(ILjava/lang/Object;)Ljava/util/HashMap$Node; @ 129

Internal exceptions (2 events):
Event: 0.144 Thread 0x00000000002ce800 Exception <a 'java/lang/NoSuchMethodError': Method sun.misc.Unsafe.defineClass(Ljava/lang/String;[BII)Ljava/lang/Class; name or signature does not match> (0x00000000eab0d830) thrown at [C:\re\workspace\8-2-build-windows-amd64-cygwin\jdk8u60\4407\hotspot\sr]ïlb÷eÂ?
Event: 0.144 Thread 0x00000000002ce800 Exception <a 'java/lang/NoSuchMethodError': Method sun.misc.Unsafe.prefetchRead(Ljava/lang/Object;J)V name or signature does not match> (0x00000000eab0db18) thrown at [C:\re\workspace\8-2-build-windows-amd64-cygwin\jdk8u60\4407\hotspot\src\share\vm\prims\j

Events (10 events):
Event: 0.860 loading class com/android/dx/dex/file/MethodAnnotationStruct done
Event: 0.868 loading class com/android/dx/cf/attrib/AttExceptions
Event: 0.868 loading class com/android/dx/cf/attrib/AttExceptions done
Event: 0.874 loading class com/android/dx/ssa/PhiInsn$Operand
Event: 0.874 loading class com/android/dx/ssa/PhiInsn$Operand done
Event: 0.877 loading class com/android/dx/ssa/back/FirstFitLocalCombiningAllocator$Multiset
Event: 0.877 loading class com/android/dx/ssa/back/FirstFitLocalCombiningAllocator$Multiset done
Event: 0.891 Thread 0x0000000016b4a800 Uncommon trap: trap_request=0xffffff65 fr.pc=0x0000000002b76038
Event: 0.891 Thread 0x0000000016b4a800 DEOPT PACKING pc=0x0000000002b76038 sp=0x00000000195fe720
Event: 0.891 Thread 0x0000000016b4a800 DEOPT UNPACKING pc=0x00000000029b582a sp=0x00000000195fe6a8 mode 2


Dynamic libraries:
0x000000013f140000 - 0x000000013f177000 	C:\Program Files\Java\jdk1.8.0_60\bin\java.exe
0x0000000077280000 - 0x0000000077429000 	C:\Windows\SYSTEM32\ntdll.dll
0x0000000077160000 - 0x000000007727f000 	C:\Windows\system32\kernel32.dll
0x000007fefd530000 - 0x000007fefd59b000 	C:\Windows\system32\KERNELBASE.dll
0x000007fefde50000 - 0x000007fefdf2b000 	C:\Windows\system32\ADVAPI32.dll
0x000007fefedd0000 - 0x000007fefee6f000 	C:\Windows\system32\msvcrt.dll
0x000007fefd860000 - 0x000007fefd87f000 	C:\Windows\SYSTEM32\sechost.dll
0x000007fefdd20000 - 0x000007fefde4d000 	C:\Windows\system32\RPCRT4.dll
0x0000000077060000 - 0x000000007715a000 	C:\Windows\system32\USER32.dll
0x000007fefd5a0000 - 0x000007fefd607000 	C:\Windows\system32\GDI32.dll
0x000007fefd880000 - 0x000007fefd88e000 	C:\Windows\system32\LPK.dll
0x000007fefdb20000 - 0x000007fefdbe9000 	C:\Windows\system32\USP10.dll
0x000007fefbca0000 - 0x000007fefbe94000 	C:\Windows\WinSxS\amd64_microsoft.windows.common-controls_6595b64144ccf1df_6.0.7601.17514_none_fa396087175ac9ac\COMCTL32.dll
0x000007fefd7e0000 - 0x000007fefd851000 	C:\Windows\system32\SHLWAPI.dll
0x000007fefe010000 - 0x000007fefe03e000 	C:\Windows\system32\IMM32.DLL
0x000007fefee70000 - 0x000007fefef79000 	C:\Windows\system32\MSCTF.dll
0x0000000051fd0000 - 0x00000000520a2000 	C:\Program Files\Java\jdk1.8.0_60\jre\bin\msvcr100.dll
0x0000000053ad0000 - 0x0000000054359000 	C:\Program Files\Java\jdk1.8.0_60\jre\bin\server\jvm.dll
0x000007fef0b40000 - 0x000007fef0b49000 	C:\Windows\system32\WSOCK32.dll
0x000007fefd790000 - 0x000007fefd7dd000 	C:\Windows\system32\WS2_32.dll
0x000007feff320000 - 0x000007feff328000 	C:\Windows\system32\NSI.dll
0x000007fefb830000 - 0x000007fefb86b000 	C:\Windows\system32\WINMM.dll
0x000007fefc330000 - 0x000007fefc33c000 	C:\Windows\system32\VERSION.dll
0x0000000077440000 - 0x0000000077447000 	C:\Windows\system32\PSAPI.DLL
0x0000000053ac0000 - 0x0000000053acf000 	C:\Program Files\Java\jdk1.8.0_60\jre\bin\verify.dll
0x0000000053a90000 - 0x0000000053ab9000 	C:\Program Files\Java\jdk1.8.0_60\jre\bin\java.dll
0x0000000053a70000 - 0x0000000053a86000 	C:\Program Files\Java\jdk1.8.0_60\jre\bin\zip.dll
0x000007fefe040000 - 0x000007fefedc8000 	C:\Windows\system32\SHELL32.dll
0x000007fefd8f0000 - 0x000007fefdaf3000 	C:\Windows\system32\ole32.dll
0x000007fefd1d0000 - 0x000007fefd1df000 	C:\Windows\system32\profapi.dll

VM Arguments:
jvm_args: -Djava.awt.headless=true -Xmx1024M -Dfile.encoding=windows-1252 -Duser.country=US -Duser.language=en -Duser.variant 
java_command: com.android.dx.command.Main --dex --force-jumbo --num-threads=4 --multi-dex --output D:\project\AndroidStudioProjects\PersonalUtilitiesForLife\app\build\intermediates\transforms\dex\debug\folders\1000\10\com.google.android.gms-play-services-ads-lite-9.0.1_5abcf175e2546798d00bc3109e58b48b9ef62250 D:\project\AndroidStudioProjects\PersonalUtilitiesForLife\app\build\intermediates\exploded-aar\com.google.android.gms\play-services-ads-lite\9.0.1\jars\classes.jar
java_class_path (initial): D:\Android\sdk\build-tools\23.0.3\lib\dx.jar
Launcher Type: SUN_STANDARD

Environment Variables:
JAVA_HOME=C:\Program Files\Java\jdk1.8.0_60
PATH=C:\ProgramData\Oracle\Java\javapath;C:\Program Files\Common Files\Microsoft Shared\Windows Live;C:\Program Files (x86)\HP SimplePass\x64;C:\Program Files (x86)\HP SimplePass\;;C:\Windows\system32;C:\Windows;C:\Windows\System32\Wbem;C:\Windows\System32\WindowsPowerShell\v1.0\;C:\Program Files (x86)\Java\jdk1.7.0_09\bin;C:\Strawberry\c\bin;C:\Strawberry\perl\site\bin;C:\Strawberry\perl\bin;C:\Program Files (x86)\Intel\OpenCL SDK\2.0\bin\x86;C:\Program Files (x86)\Intel\OpenCL SDK\2.0\bin\x64;C:\PROGRA~2\PICC;C:\Program Files (x86)\Microchip\xc16\v1.25\bin;C:\Program Files (x86)\Microchip\xc8\v1.35\bin;C:\Program Files\Java\jre1.8.0_65\bin;C:\Program Files\Java\jdk1.8.0_60\jre\bin;D:\Android\sdk\platform-tools;C:\Program Files\Common Files\Microsoft Shared\Windows Live;C:\Program Files\Java\jre1.8.0_65\bin
USERNAME=Nhut
OS=Windows_NT
PROCESSOR_IDENTIFIER=Intel64 Family 6 Model 42 Stepping 7, GenuineIntel



---------------  S Y S T E M  ---------------

OS: Windows 7 , 64 bit Build 7601 (6.1.7601.17514)

CPU:total 8 (4 cores per cpu, 2 threads per core) family 6 model 42 stepping 7, cmov, cx8, fxsr, mmx, sse, sse2, sse3, ssse3, sse4.1, sse4.2, popcnt, avx, aes, clmul, ht, tsc, tscinvbit

Memory: 4k page, physical 6238064k(579644k free), swap 8333368k(5032k free)

vm_info: Java HotSpot(TM) 64-Bit Server VM (25.60-b23) for windows-amd64 JRE (1.8.0_60-b27), built on Aug  4 2015 11:06:27 by "java_re" with MS VC++ 10.0 (VS2010)

time: Sat Jun 25 19:44:17 2016
elapsed time: 0 seconds (0d 0h 0m 0s)

