#
# There is insufficient memory for the Java Runtime Environment to continue.
# Native memory allocation (malloc) failed to allocate 61392 bytes for Chunk::new
# Possible reasons:
#   The system is out of physical RAM or swap space
#   In 32 bit mode, the process size limit was hit
# Possible solutions:
#   Reduce memory load on the system
#   Increase physical memory or swap space
#   Check if swap backing store is full
#   Use 64 bit Java on a 64 bit OS
#   Decrease Java heap size (-Xmx/-Xms)
#   Decrease number of Java threads
#   Decrease Java thread stack sizes (-Xss)
#   Set larger code cache with -XX:ReservedCodeCacheSize=
# This output file may be truncated or incomplete.
#
#  Out of Memory Error (allocation.cpp:390), pid=2236, tid=12500
#
# JRE version: Java(TM) SE Runtime Environment (8.0_60-b27) (build 1.8.0_60-b27)
# Java VM: Java HotSpot(TM) 64-Bit Server VM (25.60-b23 mixed mode windows-amd64 compressed oops)
# Failed to write core dump. Minidumps are not enabled by default on client versions of Windows
#

---------------  T H R E A D  ---------------

Current thread (0x0000000016a2f000):  JavaThread "C2 CompilerThread1" daemon [_thread_in_native, id=12500, stack(0x0000000018280000,0x0000000018380000)]

Stack: [0x0000000018280000,0x0000000018380000]
[error occurred during error reporting (printing stack bounds), id 0xc0000005]

Native frames: (J=compiled Java code, j=interpreted, Vv=VM code, C=native code)


Current CompileTask:
C2:   1423  785       4       com.android.dx.ssa.RegisterMapper::map (63 bytes)


---------------  P R O C E S S  ---------------

Java Threads: ( => current thread )
  0x0000000016ce6800 JavaThread "pool-1-thread-4" [_thread_in_Java, id=12508, stack(0x00000000193f0000,0x00000000194f0000)]
  0x0000000016d27000 JavaThread "pool-1-thread-3" [_thread_in_Java, id=11652, stack(0x0000000019070000,0x0000000019170000)]
  0x0000000016cd7800 JavaThread "pool-1-thread-2" [_thread_in_Java, id=13176, stack(0x00000000192f0000,0x00000000193f0000)]
  0x0000000016ce9000 JavaThread "pool-2-thread-1" [_thread_blocked, id=5796, stack(0x00000000191b0000,0x00000000192b0000)]
  0x0000000016ce4000 JavaThread "pool-1-thread-1" [_thread_in_vm, id=11656, stack(0x0000000018ee0000,0x0000000018fe0000)]
  0x0000000016a97000 JavaThread "Service Thread" daemon [_thread_blocked, id=9636, stack(0x00000000185b0000,0x00000000186b0000)]
  0x0000000016a90800 JavaThread "C1 CompilerThread3" daemon [_thread_blocked, id=13104, stack(0x0000000017950000,0x0000000017a50000)]
  0x0000000016a8d800 JavaThread "C2 CompilerThread2" daemon [_thread_in_native, id=8556, stack(0x0000000018450000,0x0000000018550000)]
=>0x0000000016a2f000 JavaThread "C2 CompilerThread1" daemon [_thread_in_native, id=12500, stack(0x0000000018280000,0x0000000018380000)]
  0x0000000016a1d000 JavaThread "C2 CompilerThread0" daemon [_thread_blocked, id=13820, stack(0x00000000123b0000,0x00000000124b0000)]
  0x0000000016a1b800 JavaThread "Attach Listener" daemon [_thread_blocked, id=12384, stack(0x00000000180b0000,0x00000000181b0000)]
  0x0000000016a28000 JavaThread "Signal Dispatcher" daemon [_thread_blocked, id=6896, stack(0x0000000017e30000,0x0000000017f30000)]
  0x0000000015a7c000 JavaThread "Finalizer" daemon [_thread_blocked, id=13112, stack(0x0000000017b90000,0x0000000017c90000)]
  0x0000000015a74800 JavaThread "Reference Handler" daemon [_thread_blocked, id=11660, stack(0x0000000017ca0000,0x0000000017da0000)]
  0x000000000251e000 JavaThread "main" [_thread_in_Java, id=10580, stack(0x0000000002690000,0x0000000002790000)]

Other Threads:
  0x00000000169d0800 VMThread [stack: 0x0000000017a60000,0x0000000017b60000] [id=2812]
  0x0000000016aac000 WatcherThread [stack: 0x0000000017fa0000,0x00000000180a0000] [id=13208]

VM state:not at safepoint (normal execution)

VM Mutex/Monitor currently owned by a thread: None

Heap:
 PSYoungGen      total 28672K, used 23920K [0x00000000eab00000, 0x00000000ecb00000, 0x0000000100000000)
  eden space 24576K, 97% used [0x00000000eab00000,0x00000000ec25c1f0,0x00000000ec300000)
  from space 4096K, 0% used [0x00000000ec700000,0x00000000ec700000,0x00000000ecb00000)
  to   space 4096K, 0% used [0x00000000ec300000,0x00000000ec300000,0x00000000ec700000)
 ParOldGen       total 65536K, used 0K [0x00000000c0000000, 0x00000000c4000000, 0x00000000eab00000)
  object space 65536K, 0% used [0x00000000c0000000,0x00000000c0000000,0x00000000c4000000)
 Metaspace       used 5780K, capacity 6704K, committed 6784K, reserved 1056768K
  class space    used 602K, capacity 616K, committed 640K, reserved 1048576K

Card table byte_map: [0x0000000011e20000,0x0000000012030000] byte_map_base: 0x0000000011820000

Marking Bits: (ParMarkBitMap*) 0x000000005266a5b0
 Begin Bits: [0x0000000012e90000, 0x0000000013e90000)
 End Bits:   [0x0000000013e90000, 0x0000000014e90000)

Polling page: 0x0000000000230000

CodeCache: size=245760Kb used=2857Kb max_used=2862Kb free=242902Kb
 bounds [0x0000000002a60000, 0x0000000002d30000, 0x0000000011a60000]
 total_blobs=1030 nmethods=758 adapters=182
 compilation: disabled (not enough contiguous free space left)

Compilation events (10 events):
Event: 1.409 Thread 0x0000000016a90800  789       3       com.android.dx.cf.code.LineNumberList::pcToLine (73 bytes)
Event: 1.410 Thread 0x0000000016a8d800  793       4       com.android.dx.rop.code.RegisterSpecSet::mutableCopy (57 bytes)
Event: 1.410 Thread 0x0000000016a90800 nmethod 789 0x0000000002d22450 code [0x0000000002d225e0, 0x0000000002d22c88]
Event: 1.410 Thread 0x0000000016a90800  714       3       com.android.dx.dex.code.RopTranslator$TranslationVisitor::addOutput (9 bytes)
Event: 1.410 Thread 0x0000000016a90800 nmethod 714 0x0000000002d29a90 code [0x0000000002d29c20, 0x0000000002d29fb8]
Event: 1.410 Thread 0x0000000016a90800  791       3       com.android.dx.ssa.SsaBasicBlock::<init> (109 bytes)
Event: 1.411 Thread 0x0000000016a90800 nmethod 791 0x0000000002d289d0 code [0x0000000002d28bc0, 0x0000000002d295a8]
Event: 1.411 Thread 0x0000000016a90800  792       3       com.android.dx.cf.code.BaseMachine::getLocalTarget (151 bytes)
Event: 1.414 Thread 0x0000000016a90800 

Event: 1.415 Thread 0x0000000016a1d000 


GC Heap History (0 events):
No events

Deoptimization events (3 events):
Event: 0.655 Thread 0x000000000251e000 Uncommon trap: reason=unstable_if action=reinterpret pc=0x0000000002ba6284 method=java.lang.String.compareTo(Ljava/lang/String;)I @ 38
Event: 1.167 Thread 0x0000000016d27000 Uncommon trap: reason=unstable_if action=reinterpret pc=0x0000000002c6c2a8 method=java.util.HashMap.getNode(ILjava/lang/Object;)Ljava/util/HashMap$Node; @ 62
Event: 1.178 Thread 0x0000000016d27000 Uncommon trap: reason=bimorphic action=maybe_recompile pc=0x0000000002c81890 method=java.util.HashMap.getNode(ILjava/lang/Object;)Ljava/util/HashMap$Node; @ 126

Internal exceptions (2 events):
Event: 0.232 Thread 0x000000000251e000 Exception <a 'java/lang/NoSuchMethodError': Method sun.misc.Unsafe.defineClass(Ljava/lang/String;[BII)Ljava/lang/Class; name or signature does not match> (0x00000000eab0d7c8) thrown at [C:\re\workspace\8-2-build-windows-amd64-cygwin\jdk8u60\4407\hotspot\srê*µoÇÍ?
Event: 0.233 Thread 0x000000000251e000 Exception <a 'java/lang/NoSuchMethodError': Method sun.misc.Unsafe.prefetchRead(Ljava/lang/Object;J)V name or signature does not match> (0x00000000eab0dab0) thrown at [C:\re\workspace\8-2-build-windows-amd64-cygwin\jdk8u60\4407\hotspot\src\share\vm\prims\j

Events (10 events):
Event: 1.240 loading class java/util/ArrayList$1
Event: 1.240 loading class java/util/ArrayList$1 done
Event: 1.247 loading class java/util/HashMap$ValueIterator
Event: 1.248 loading class java/util/HashMap$ValueIterator done
Event: 1.311 Executing VM operation: ForceSafepoint
Event: 1.319 Executing VM operation: ForceSafepoint done
Event: 1.341 loading class com/android/dx/dex/file/FieldAnnotationStruct
Event: 1.341 loading class com/android/dx/dex/file/FieldAnnotationStruct done
Event: 1.345 loading class com/android/dx/cf/code/SwitchList
Event: 1.345 loading class com/android/dx/cf/code/SwitchList done


Dynamic libraries:
0x000000013fa50000 - 0x000000013fa87000 	C:\Program Files\Java\jdk1.8.0_60\bin\java.exe
0x0000000077b30000 - 0x0000000077cd9000 	C:\Windows\SYSTEM32\ntdll.dll
0x0000000077a10000 - 0x0000000077b2f000 	C:\Windows\system32\kernel32.dll
0x000007fefdde0000 - 0x000007fefde4b000 	C:\Windows\system32\KERNELBASE.dll
0x000007feff330000 - 0x000007feff40b000 	C:\Windows\system32\ADVAPI32.dll
0x000007feff940000 - 0x000007feff9df000 	C:\Windows\system32\msvcrt.dll
0x000007feff9e0000 - 0x000007feff9ff000 	C:\Windows\SYSTEM32\sechost.dll
0x000007feff5f0000 - 0x000007feff71d000 	C:\Windows\system32\RPCRT4.dll
0x0000000077910000 - 0x0000000077a0a000 	C:\Windows\system32\USER32.dll
0x000007fefeee0000 - 0x000007fefef47000 	C:\Windows\system32\GDI32.dll
0x000007feff930000 - 0x000007feff93e000 	C:\Windows\system32\LPK.dll
0x000007feffd10000 - 0x000007feffdd9000 	C:\Windows\system32\USP10.dll
0x000007fefbc60000 - 0x000007fefbe54000 	C:\Windows\WinSxS\amd64_microsoft.windows.common-controls_6595b64144ccf1df_6.0.7601.17514_none_fa396087175ac9ac\COMCTL32.dll
0x000007fefded0000 - 0x000007fefdf41000 	C:\Windows\system32\SHLWAPI.dll
0x000007fefdf50000 - 0x000007fefdf7e000 	C:\Windows\system32\IMM32.DLL
0x000007feff800000 - 0x000007feff909000 	C:\Windows\system32\MSCTF.dll
0x0000000053a00000 - 0x0000000053ad2000 	C:\Program Files\Java\jdk1.8.0_60\jre\bin\msvcr100.dll
0x0000000051e60000 - 0x00000000526e9000 	C:\Program Files\Java\jdk1.8.0_60\jre\bin\server\jvm.dll
0x000007feec2f0000 - 0x000007feec2f9000 	C:\Windows\system32\WSOCK32.dll
0x000007fefed10000 - 0x000007fefed5d000 	C:\Windows\system32\WS2_32.dll
0x000007feffa00000 - 0x000007feffa08000 	C:\Windows\system32\NSI.dll
0x000007fefc580000 - 0x000007fefc5bb000 	C:\Windows\system32\WINMM.dll
0x000007fefcbe0000 - 0x000007fefcbec000 	C:\Windows\system32\VERSION.dll
0x0000000077d00000 - 0x0000000077d07000 	C:\Windows\system32\PSAPI.DLL
0x000000006b800000 - 0x000000006b80f000 	C:\Program Files\Java\jdk1.8.0_60\jre\bin\verify.dll
0x0000000065be0000 - 0x0000000065c09000 	C:\Program Files\Java\jdk1.8.0_60\jre\bin\java.dll
0x00000000690c0000 - 0x00000000690d6000 	C:\Program Files\Java\jdk1.8.0_60\jre\bin\zip.dll
0x000007fefdf80000 - 0x000007fefed08000 	C:\Windows\system32\SHELL32.dll
0x000007fefef50000 - 0x000007feff153000 	C:\Windows\system32\ole32.dll
0x000007fefda80000 - 0x000007fefda8f000 	C:\Windows\system32\profapi.dll

VM Arguments:
jvm_args: -Djava.awt.headless=true -Xmx1024M -Dfile.encoding=windows-1252 -Duser.country=US -Duser.language=en -Duser.variant 
java_command: com.android.dx.command.Main --dex --force-jumbo --num-threads=4 --output D:\project\AndroidStudioProjects\PersonalUtilitiesForLife\app\build\intermediates\pre-dexed\debug\com.android.support-appcompat-v7-23.4.0_582db295a3e499bc99cff10999019106f01350bf.jar D:\project\AndroidStudioProjects\PersonalUtilitiesForLife\app\build\intermediates\exploded-aar\com.android.support\appcompat-v7\23.4.0\jars\classes.jar
java_class_path (initial): D:\Android\sdk\build-tools\23.0.3\lib\dx.jar
Launcher Type: SUN_STANDARD

Environment Variables:



---------------  S Y S T E M  ---------------

OS:Failed to allocate version_info

CPU:total 8 (4 cores per cpu, 2 threads per core) family 6 model 42 stepping 7, cmov, cx8, fxsr, mmx, sse, sse2, sse3, ssse3, sse4.1, sse4.2, popcnt, avx, aes, clmul, ht, tsc, tscinvbit

Memory: 4k page, physical 6238064k(629696k free), swap 8333368k(5004k free)

vm_info: Java HotSpot(TM) 64-Bit Server VM (25.60-b23) for windows-amd64 JRE (1.8.0_60-b27), built on Aug  4 2015 11:06:27 by "java_re" with MS VC++ 10.0 (VS2010)

time: Mon Jun 20 20:43:52 2016
elapsed time: 1 seconds (0d 0h 0m 1s)

