#
# There is insufficient memory for the Java Runtime Environment to continue.
# Native memory allocation (malloc) failed to allocate 344016 bytes for Chunk::new
# Possible reasons:
#   The system is out of physical RAM or swap space
#   In 32 bit mode, the process size limit was hit
# Possible solutions:
#   Reduce memory load on the system
#   Increase physical memory or swap space
#   Check if swap backing store is full
#   Use 64 bit Java on a 64 bit OS
#   Decrease Java heap size (-Xmx/-Xms)
#   Decrease number of Java threads
#   Decrease Java thread stack sizes (-Xss)
#   Set larger code cache with -XX:ReservedCodeCacheSize=
# This output file may be truncated or incomplete.
#
#  Out of Memory Error (allocation.cpp:390), pid=10604, tid=10008
#
# JRE version: Java(TM) SE Runtime Environment (8.0_60-b27) (build 1.8.0_60-b27)
# Java VM: Java HotSpot(TM) 64-Bit Server VM (25.60-b23 mixed mode windows-amd64 compressed oops)
# Failed to write core dump. Minidumps are not enabled by default on client versions of Windows
#

---------------  T H R E A D  ---------------

Current thread (0x0000000056549000):  JavaThread "" daemon [_thread_in_native, id=10008, stack(0x0000000057d00000,0x0000000057e00000)]

Stack: [0x0000000057d00000,0x0000000057e00000]
[error occurred during error reporting (printing stack bounds), id 0xc0000005]

Native frames: (J=compiled Java code, j=interpreted, Vv=VM code, C=native code)


Current CompileTask:
C2:    544  566       4       com.android.dx.ssa.NormalSsaInsn::accept (25 bytes)


---------------  P R O C E S S  ---------------

Java Threads: ( => current thread )
  0x000000005684a800 JavaThread "" [_thread_blocked, id=13528, stack(0x0000000058d50000,0x0000000058e50000)]
  0x0000000056843000 JavaThread "" [_thread_blocked, id=9648, stack(0x00000000583c0000,0x00000000584c0000)]
  0x00000000566e3800 JavaThread "pool-1-thread-2" [_thread_blocked, id=15284, stack(0x0000000058ba0000,0x0000000058ca0000)]
  0x00000000566e3000 JavaThread "" [_thread_blocked, id=2360, stack(0x00000000589e0000,0x0000000058ae0000)]
  0x00000000566e2000 JavaThread "Unknown thread" [_thread_blocked, id=12120, stack(0x0000000058800000,0x0000000058900000)]
  0x00000000565ed800 JavaThread "Unknown thread" [_thread_blocked, id=12080, stack(0x00000000584e0000,0x00000000585e0000)]
  0x0000000056565000 JavaThread "" daemon [_thread_blocked, id=9412, stack(0x0000000058290000,0x0000000058390000)]
  0x0000000056564000 JavaThread "Unknown thread" [_thread_in_native, id=15168, stack(0x00000000580a0000,0x00000000581a0000)]
  0x0000000056559000 JavaThread "Unknown thread" [_thread_blocked, id=8988, stack(0x0000000057f10000,0x0000000058010000)]
=>0x0000000056549000 JavaThread "" daemon [_thread_in_native, id=10008, stack(0x0000000057d00000,0x0000000057e00000)]
  0x0000000056547800 JavaThread "Unknown thread" [_thread_blocked, id=6724, stack(0x0000000057b80000,0x0000000057c80000)]
  0x0000000056558000 JavaThread "Unknown thread" [_thread_blocked, id=14432, stack(0x00000000579e0000,0x0000000057ae0000)]
  0x000000005549c000 JavaThread "Unknown thread" [_thread_blocked, id=11680, stack(0x0000000057780000,0x0000000057880000)]
  0x0000000055494800 JavaThread "" daemon [_thread_blocked, id=8724, stack(0x0000000057660000,0x0000000057760000)]
  0x00000000002ae000 JavaThread "Unknown thread" [_thread_blocked, id=13732, stack(0x00000000025d0000,0x00000000026d0000)]

Other Threads:
  0x0000000056500800 VMThread [stack: 0x0000000057510000,0x0000000057610000] [id=15124]
  0x0000000056606000 WatcherThread [stack: 0x0000000058680000,0x0000000058780000] [id=12064]

VM state:at safepoint (normal execution)

VM Mutex/Monitor currently owned by a thread:  ([mutex/lock_event])
[0x00000000002ac7a0] Threads_lock - owner thread: 0x0000000056500800
[0x00000000002acca0] Heap_lock - owner thread: 0x00000000566e2000
[0x00000000002ad220] MethodData_lock - owner thread: 0x00000000566e2000

Heap:
 PSYoungGen      total 28672K, used 4082K [0x00000000eab00000, 0x00000000ecb00000, 0x0000000100000000)
  eden space 24576K, 0% used [0x00000000eab00000,0x00000000eab00000,0x00000000ec300000)
  from space 4096K, 99% used [0x00000000ec300000,0x00000000ec6fc8f0,0x00000000ec700000)
  to   space 4096K, 0% used [0x00000000ec700000,0x00000000ec700000,0x00000000ecb00000)
 ParOldGen       total 65536K, used 1186K [0x00000000c0000000, 0x00000000c4000000, 0x00000000eab00000)
  object space 65536K, 1% used [0x00000000c0000000,0x00000000c0128858,0x00000000c4000000)
 Metaspace       used 5569K, capacity 6704K, committed 6784K, reserved 1058816K
  class space    used 576K, capacity 616K, committed 640K, reserved 1048576K

Card table byte_map: [0x0000000011d60000,0x0000000011f70000] byte_map_base: 0x0000000011760000

Marking Bits: (ParMarkBitMap*) 0x0000000059e0a5b0
 Begin Bits: [0x00000000128b0000, 0x00000000138b0000)
 End Bits:   [0x00000000138b0000, 0x00000000148b0000)

Polling page: 0x0000000000130000

CodeCache: size=245760Kb used=2522Kb max_used=2533Kb free=243238Kb
 bounds [0x00000000029a0000, 0x0000000002c20000, 0x00000000119a0000]
 total_blobs=881 nmethods=618 adapters=175
 compilation: disabled (not enough contiguous free space left)

Compilation events (10 events):
Event: 0.491 Thread 0x0000000056559000 nmethod 627 0x0000000002c19a90 code [0x0000000002c19c20, 0x0000000002c1a0f8]
Event: 0.491 Thread 0x0000000056559000  654       4       java.util.AbstractCollection::<init> (5 bytes)
Event: 0.492 Thread 0x0000000056559000 nmethod 654 0x0000000002c0e710 code [0x0000000002c0e840, 0x0000000002c0e898]
Event: 0.492 Thread 0x0000000056559000  659       4       java.util.ArrayList::isEmpty (13 bytes)
Event: 0.492 Thread 0x0000000056559000 nmethod 659 0x0000000002c05a90 code [0x0000000002c05bc0, 0x0000000002c05c18]
Event: 0.492 Thread 0x0000000056559000  661       4       com.android.dx.ssa.NormalSsaInsn::isNormalMoveInsn (20 bytes)
Event: 0.493 Thread 0x0000000056559000 nmethod 661 0x0000000002c16b90 code [0x0000000002c16cc0, 0x0000000002c16d38]
Event: 0.493 Thread 0x0000000056559000  663       4       com.android.dx.util.Bits::findFirst (61 bytes)
Event: 0.494 Thread 0x0000000056565000 

Event: 0.496 Thread 0x0000000056559000 


GC Heap History (0 events):
No events

Deoptimization events (10 events):
Event: 0.436 Thread 0x00000000566e3800 Uncommon trap: reason=speculate_class_check action=maybe_recompile pc=0x0000000002b44830 method=com.android.dx.rop.cst.Constant.compareTo(Lcom/android/dx/rop/cst/Constant;)I @ 29
Event: 0.436 Thread 0x00000000566e3800 Uncommon trap: reason=class_check action=maybe_recompile pc=0x0000000002b46940 method=com.android.dx.rop.cst.CstMemberRef.compareTo0(Lcom/android/dx/rop/cst/Constant;)I @ 1
Event: 0.436 Thread 0x00000000566e3800 Uncommon trap: reason=speculate_class_check action=maybe_recompile pc=0x0000000002b44830 method=com.android.dx.rop.cst.Constant.compareTo(Lcom/android/dx/rop/cst/Constant;)I @ 29
Event: 0.436 Thread 0x00000000566e3800 Uncommon trap: reason=class_check action=maybe_recompile pc=0x0000000002b46940 method=com.android.dx.rop.cst.CstMemberRef.compareTo0(Lcom/android/dx/rop/cst/Constant;)I @ 1
Event: 0.436 Thread 0x00000000002ae000 Uncommon trap: reason=speculate_class_check action=maybe_recompile pc=0x0000000002b44830 method=com.android.dx.rop.cst.Constant.compareTo(Lcom/android/dx/rop/cst/Constant;)I @ 29
Event: 0.436 Thread 0x00000000002ae000 Uncommon trap: reason=class_check action=maybe_recompile pc=0x0000000002b46940 method=com.android.dx.rop.cst.CstMemberRef.compareTo0(Lcom/android/dx/rop/cst/Constant;)I @ 1
Event: 0.440 Thread 0x00000000002ae000 Uncommon trap: reason=unstable_if action=reinterpret pc=0x0000000002b97e24 method=java.util.HashMap.getNode(ILjava/lang/Object;)Ljava/util/HashMap$Node; @ 62
Event: 0.472 Thread 0x00000000566e2000 Uncommon trap: reason=unstable_if action=reinterpret pc=0x0000000002bf3960 method=com.android.dx.rop.cst.CstFieldRef.compareTo0(Lcom/android/dx/rop/cst/Constant;)I @ 7
Event: 0.475 Thread 0x000000005684a800 Uncommon trap: reason=unstable_if action=reinterpret pc=0x0000000002b43e04 method=com.android.dx.rop.cst.CstFieldRef.compareTo0(Lcom/android/dx/rop/cst/Constant;)I @ 7
Event: 0.496 Thread 0x00000000002ae000 Uncommon trap: reason=unstable_if action=reinterpret pc=0x0000000002b2dafc method=java.lang.String.<init>([CII)V @ 18

Internal exceptions (2 events):
Event: 0.040 Thread 0x00000000002ae000 Exception <a 'java/lang/NoSuchMethodError': Method sun.misc.Unsafe.defineClass(Ljava/lang/String;[BII)Ljava/lang/Class; name or signature does not match> (0x00000000eab0d400) thrown at [C:\re\workspace\8-2-build-windows-amd64-cygwin\jdk8u60\4407\hotspot\srÇ€åo¬¤?
Event: 0.040 Thread 0x00000000002ae000 Exception <a 'java/lang/NoSuchMethodError': Method sun.misc.Unsafe.prefetchRead(Ljava/lang/Object;J)V name or signature does not match> (0x00000000eab0d6e8) thrown at [C:\re\workspace\8-2-build-windows-amd64-cygwin\jdk8u60\4407\hotspot\src\share\vm\prims\j

Events (10 events):
Event: 0.487 Executing VM operation: ForceSafepoint done
Event: 0.496 Thread 0x00000000002ae000 Uncommon trap: trap_request=0xffffff65 fr.pc=0x0000000002b2dafc
Event: 0.496 Thread 0x00000000002ae000 DEOPT PACKING pc=0x0000000002b2dafc sp=0x00000000026ce700
Event: 0.496 Thread 0x00000000002ae000 DEOPT UNPACKING pc=0x00000000029e582a sp=0x00000000026ce630 mode 2
Event: 0.507 loading class com/android/dx/cf/attrib/AttSignature
Event: 0.507 loading class com/android/dx/cf/attrib/AttSignature done
Event: 0.511 loading class com/android/dx/cf/direct/DirectClassFile$DcfTypeList
Event: 0.511 loading class com/android/dx/cf/direct/DirectClassFile$DcfTypeList done
Event: 0.512 loading class com/android/dx/cf/attrib/AttEnclosingMethod
Event: 0.512 loading class com/android/dx/cf/attrib/AttEnclosingMethod done


Dynamic libraries:
0x000000013f890000 - 0x000000013f8c7000 	C:\Program Files\Java\jdk1.8.0_60\bin\java.exe
0x0000000077b30000 - 0x0000000077cd9000 	C:\Windows\SYSTEM32\ntdll.dll
0x0000000077a10000 - 0x0000000077b2f000 	C:\Windows\system32\kernel32.dll
0x000007fefdde0000 - 0x000007fefde4b000 	C:\Windows\system32\KERNELBASE.dll
0x000007feff330000 - 0x000007feff40b000 	C:\Windows\system32\ADVAPI32.dll
0x000007feff940000 - 0x000007feff9df000 	C:\Windows\system32\msvcrt.dll
0x000007feff9e0000 - 0x000007feff9ff000 	C:\Windows\SYSTEM32\sechost.dll
0x000007feff5f0000 - 0x000007feff71d000 	C:\Windows\system32\RPCRT4.dll
0x0000000077910000 - 0x0000000077a0a000 	C:\Windows\system32\USER32.dll
0x000007fefeee0000 - 0x000007fefef47000 	C:\Windows\system32\GDI32.dll
0x000007feff930000 - 0x000007feff93e000 	C:\Windows\system32\LPK.dll
0x000007feffd10000 - 0x000007feffdd9000 	C:\Windows\system32\USP10.dll
0x000007fefbc60000 - 0x000007fefbe54000 	C:\Windows\WinSxS\amd64_microsoft.windows.common-controls_6595b64144ccf1df_6.0.7601.17514_none_fa396087175ac9ac\COMCTL32.dll
0x000007fefded0000 - 0x000007fefdf41000 	C:\Windows\system32\SHLWAPI.dll
0x000007fefdf50000 - 0x000007fefdf7e000 	C:\Windows\system32\IMM32.DLL
0x000007feff800000 - 0x000007feff909000 	C:\Windows\system32\MSCTF.dll
0x00000000604c0000 - 0x0000000060592000 	C:\Program Files\Java\jdk1.8.0_60\jre\bin\msvcr100.dll
0x0000000059600000 - 0x0000000059e89000 	C:\Program Files\Java\jdk1.8.0_60\jre\bin\server\jvm.dll
0x000007feec2f0000 - 0x000007feec2f9000 	C:\Windows\system32\WSOCK32.dll
0x000007fefed10000 - 0x000007fefed5d000 	C:\Windows\system32\WS2_32.dll
0x000007feffa00000 - 0x000007feffa08000 	C:\Windows\system32\NSI.dll
0x000007fefc580000 - 0x000007fefc5bb000 	C:\Windows\system32\WINMM.dll
0x000007fefcbe0000 - 0x000007fefcbec000 	C:\Windows\system32\VERSION.dll
0x0000000077d00000 - 0x0000000077d07000 	C:\Windows\system32\PSAPI.DLL
0x000000006b800000 - 0x000000006b80f000 	C:\Program Files\Java\jdk1.8.0_60\jre\bin\verify.dll
0x0000000065680000 - 0x00000000656a9000 	C:\Program Files\Java\jdk1.8.0_60\jre\bin\java.dll
0x0000000067090000 - 0x00000000670a6000 	C:\Program Files\Java\jdk1.8.0_60\jre\bin\zip.dll
0x000007fefdf80000 - 0x000007fefed08000 	C:\Windows\system32\SHELL32.dll
0x000007fefef50000 - 0x000007feff153000 	C:\Windows\system32\ole32.dll
0x000007fefda80000 - 0x000007fefda8f000 	C:\Windows\system32\profapi.dll

VM Arguments:
jvm_args: -Djava.awt.headless=true -Xmx1024M -Dfile.encoding=windows-1252 -Duser.country=US -Duser.language=en -Duser.variant 
java_command: com.android.dx.command.Main --dex --force-jumbo --num-threads=4 --output D:\project\AndroidStudioProjects\PersonalUtilitiesForLife\app\build\intermediates\pre-dexed\debug\main_dc9e55863ea3e99c59fc9c81aa71c5d10b5f058e.jar D:\project\AndroidStudioProjects\PersonalUtilitiesForLife\app\build\intermediates\transforms\instantRun\debug\folders\1\5\main
java_class_path (initial): D:\Android\sdk\build-tools\23.0.3\lib\dx.jar
Launcher Type: SUN_STANDARD

Environment Variables:
JAVA_HOME=C:\Program Files\Java\jdk1.8.0_60
PATH=C:\ProgramData\Oracle\Java\javapath;C:\Program Files\Common Files\Microsoft Shared\Windows Live;C:\Program Files (x86)\HP SimplePass\x64;C:\Program Files (x86)\HP SimplePass\;;C:\Windows\system32;C:\Windows;C:\Windows\System32\Wbem;C:\Windows\System32\WindowsPowerShell\v1.0\;C:\Program Files (x86)\Java\jdk1.7.0_09\bin;C:\Strawberry\c\bin;C:\Strawberry\perl\site\bin;C:\Strawberry\perl\bin;C:\Program Files (x86)\Intel\OpenCL SDK\2.0\bin\x86;C:\Program Files (x86)\Intel\OpenCL SDK\2.0\bin\x64;C:\PROGRA~2\PICC;C:\Program Files (x86)\Microchip\xc16\v1.25\bin;C:\Program Files (x86)\Microchip\xc8\v1.35\bin;C:\Program Files\Java\jre1.8.0_65\bin;C:\Program Files\Java\jdk1.8.0_60\jre\bin;D:\Android\sdk\platform-tools;C:\Program Files\Common Files\Microsoft Shared\Windows Live;C:\Program Files\Java\jre1.8.0_65\bin
USERNAME=Nhut
OS=Windows_NT
PROCESSOR_IDENTIFIER=Intel64 Family 6 Model 42 Stepping 7, GenuineIntel



---------------  S Y S T E M  ---------------

OS: Windows 7 , 64 bit Build 7601 (6.1.7601.17514)

CPU:total 8 (4 cores per cpu, 2 threads per core) family 6 model 42 stepping 7, cmov, cx8, fxsr, mmx, sse, sse2, sse3, ssse3, sse4.1, sse4.2, popcnt, avx, aes, clmul, ht, tsc, tscinvbit

Memory: 4k page, physical 6238064k(833192k free), swap 8333368k(4772k free)

vm_info: Java HotSpot(TM) 64-Bit Server VM (25.60-b23) for windows-amd64 JRE (1.8.0_60-b27), built on Aug  4 2015 11:06:27 by "java_re" with MS VC++ 10.0 (VS2010)

time: Tue Jun 21 06:26:18 2016
elapsed time: 0 seconds (0d 0h 0m 0s)

