#
# There is insufficient memory for the Java Runtime Environment to continue.
# Native memory allocation (malloc) failed to allocate 756976 bytes for Chunk::new
# Possible reasons:
#   The system is out of physical RAM or swap space
#   In 32 bit mode, the process size limit was hit
# Possible solutions:
#   Reduce memory load on the system
#   Increase physical memory or swap space
#   Check if swap backing store is full
#   Use 64 bit Java on a 64 bit OS
#   Decrease Java heap size (-Xmx/-Xms)
#   Decrease number of Java threads
#   Decrease Java thread stack sizes (-Xss)
#   Set larger code cache with -XX:ReservedCodeCacheSize=
# This output file may be truncated or incomplete.
#
#  Out of Memory Error (allocation.cpp:390), pid=9688, tid=11096
#
# JRE version: Java(TM) SE Runtime Environment (8.0_60-b27) (build 1.8.0_60-b27)
# Java VM: Java HotSpot(TM) 64-Bit Server VM (25.60-b23 mixed mode windows-amd64 compressed oops)
# Failed to write core dump. Minidumps are not enabled by default on client versions of Windows
#

---------------  T H R E A D  ---------------

Current thread (0x0000000057143000):  JavaThread "C2 CompilerThread0" daemon [_thread_in_native, id=11096, stack(0x00000000588b0000,0x00000000589b0000)]

Stack: [0x00000000588b0000,0x00000000589b0000]
[error occurred during error reporting (printing stack bounds), id 0xc0000005]

Native frames: (J=compiled Java code, j=interpreted, Vv=VM code, C=native code)


Current CompileTask:
C2:   6682 1248       4       com.android.dx.ssa.SCCP::simulateBranch (666 bytes)


---------------  P R O C E S S  ---------------

Java Threads: ( => current thread )
  0x00000000571b5800 JavaThread "Service Thread" daemon [_thread_blocked, id=6088, stack(0x0000000058b70000,0x0000000058c70000)]
  0x00000000571af000 JavaThread "C1 CompilerThread3" daemon [_thread_in_vm, id=14108, stack(0x0000000058e70000,0x0000000058f70000)]
  0x00000000571ae000 JavaThread "C2 CompilerThread2" daemon [_thread_in_native, id=4644, stack(0x0000000058c90000,0x0000000058d90000)]
  0x0000000057149000 JavaThread "C2 CompilerThread1" daemon [_thread_in_native, id=11480, stack(0x0000000058a70000,0x0000000058b70000)]
=>0x0000000057143000 JavaThread "C2 CompilerThread0" daemon [_thread_in_native, id=11096, stack(0x00000000588b0000,0x00000000589b0000)]
  0x0000000057141800 JavaThread "Attach Listener" daemon [_thread_blocked, id=10224, stack(0x00000000587a0000,0x00000000588a0000)]
  0x0000000057140000 JavaThread "Signal Dispatcher" daemon [_thread_blocked, id=10120, stack(0x00000000585b0000,0x00000000586b0000)]
  0x0000000054da8800 JavaThread "Finalizer" daemon [_thread_blocked, id=11180, stack(0x00000000584a0000,0x00000000585a0000)]
  0x0000000054da6800 JavaThread "Reference Handler" daemon [_thread_blocked, id=7604, stack(0x00000000582a0000,0x00000000583a0000)]
  0x00000000002be000 JavaThread "main" [_thread_in_vm, id=13816, stack(0x0000000002330000,0x0000000002430000)]

Other Threads:
  0x00000000570f0800 VMThread [stack: 0x0000000058160000,0x0000000058260000] [id=1388]
  0x00000000571c8800 WatcherThread [stack: 0x0000000058060000,0x0000000058160000] [id=10436]

VM state:not at safepoint (normal execution)

VM Mutex/Monitor currently owned by a thread: None

Heap:
 PSYoungGen      total 53248K, used 33667K [0x00000000eab00000, 0x00000000ee300000, 0x0000000100000000)
  eden space 49152K, 60% used [0x00000000eab00000,0x00000000ec7e8e98,0x00000000edb00000)
  from space 4096K, 99% used [0x00000000edf00000,0x00000000ee2f8010,0x00000000ee300000)
  to   space 4096K, 0% used [0x00000000edb00000,0x00000000edb00000,0x00000000edf00000)
 ParOldGen       total 40448K, used 11576K [0x00000000c0000000, 0x00000000c2780000, 0x00000000eab00000)
  object space 40448K, 28% used [0x00000000c0000000,0x00000000c0b4e120,0x00000000c2780000)
 Metaspace       used 6509K, capacity 7352K, committed 7552K, reserved 1058816K
  class space    used 618K, capacity 624K, committed 640K, reserved 1048576K

Card table byte_map: [0x0000000011b70000,0x0000000011d80000] byte_map_base: 0x0000000011570000

Marking Bits: (ParMarkBitMap*) 0x0000000056efa5b0
 Begin Bits: [0x00000000129c0000, 0x00000000139c0000)
 End Bits:   [0x00000000139c0000, 0x00000000149c0000)

Polling page: 0x0000000000230000

CodeCache: size=245760Kb used=6315Kb max_used=6315Kb free=239444Kb
 bounds [0x00000000027b0000, 0x0000000002df0000, 0x00000000117b0000]
 total_blobs=1950 nmethods=1680 adapters=181
 compilation: enabled

Compilation events (10 events):
Event: 6.259 Thread 0x0000000057149000 1620       4       com.android.dx.dex.code.OutputFinisher::align64bits (247 bytes)
Event: 6.275 Thread 0x0000000057149000 nmethod 1620 0x0000000002d703d0 code [0x0000000002d705a0, 0x0000000002d70e40]
Event: 6.276 Thread 0x0000000057149000 1610 %     4       com.android.dx.dex.code.OutputFinisher::assignAddresses @ 12 (51 bytes)
Event: 6.281 Thread 0x0000000057149000 nmethod 1610% 0x0000000002d6fcd0 code [0x0000000002d6fe20, 0x0000000002d70098]
Event: 6.281 Thread 0x0000000057149000 1599       4       com.android.dx.dex.code.OutputFinisher::calculateReservedCount (122 bytes)
Event: 6.292 Thread 0x0000000057149000 nmethod 1599 0x0000000002d737d0 code [0x0000000002d73960, 0x0000000002d73df0]
Event: 6.292 Thread 0x0000000057149000 1598 %     4       com.android.dx.dex.code.PositionList::make @ 73 (224 bytes)
Event: 6.318 Thread 0x0000000057149000 nmethod 1598% 0x0000000002d74490 code [0x0000000002d74620, 0x0000000002d74e78]
Event: 6.319 Thread 0x0000000057149000 1609 %     4       com.android.dx.dex.code.DalvInsnList::makeImmutable @ 18 (51 bytes)
Event: 6.334 Thread 0x0000000057149000 nmethod 1609% 0x0000000002d6b010 code [0x0000000002d6b180, 0x0000000002d6b698]

GC Heap History (10 events):
Event: 3.139 GC heap before
{Heap before GC invocations=1 (full 0):
 PSYoungGen      total 28672K, used 24576K [0x00000000eab00000, 0x00000000ecb00000, 0x0000000100000000)
  eden space 24576K, 100% used [0x00000000eab00000,0x00000000ec300000,0x00000000ec300000)
  from space 4096K, 0% used [0x00000000ec700000,0x00000000ec700000,0x00000000ecb00000)
  to   space 4096K, 0% used [0x00000000ec300000,0x00000000ec300000,0x00000000ec700000)
 ParOldGen       total 65536K, used 0K [0x00000000c0000000, 0x00000000c4000000, 0x00000000eab00000)
  object space 65536K, 0% used [0x00000000c0000000,0x00000000c0000000,0x00000000c4000000)
 Metaspace       used 5871K, capacity 6832K, committed 7040K, reserved 1056768K
  class space    used 597K, capacity 616K, committed 640K, reserved 1048576K
Event: 3.477 GC heap after
Heap after GC invocations=1 (full 0):
 PSYoungGen      total 28672K, used 4088K [0x00000000eab00000, 0x00000000ee300000, 0x0000000100000000)
  eden space 24576K, 0% used [0x00000000eab00000,0x00000000eab00000,0x00000000ec300000)
  from space 4096K, 99% used [0x00000000ec300000,0x00000000ec6fe0d8,0x00000000ec700000)
  to   space 4096K, 0% used [0x00000000edf00000,0x00000000edf00000,0x00000000ee300000)
 ParOldGen       total 65536K, used 1082K [0x00000000c0000000, 0x00000000c4000000, 0x00000000eab00000)
  object space 65536K, 1% used [0x00000000c0000000,0x00000000c010e9d8,0x00000000c4000000)
 Metaspace       used 5871K, capacity 6832K, committed 7040K, reserved 1056768K
  class space    used 597K, capacity 616K, committed 640K, reserved 1048576K
}
Event: 4.337 GC heap before
{Heap before GC invocations=2 (full 0):
 PSYoungGen      total 28672K, used 28664K [0x00000000eab00000, 0x00000000ee300000, 0x0000000100000000)
  eden space 24576K, 100% used [0x00000000eab00000,0x00000000ec300000,0x00000000ec300000)
  from space 4096K, 99% used [0x00000000ec300000,0x00000000ec6fe0d8,0x00000000ec700000)
  to   space 4096K, 0% used [0x00000000edf00000,0x00000000edf00000,0x00000000ee300000)
 ParOldGen       total 65536K, used 1082K [0x00000000c0000000, 0x00000000c4000000, 0x00000000eab00000)
  object space 65536K, 1% used [0x00000000c0000000,0x00000000c010e9d8,0x00000000c4000000)
 Metaspace       used 6047K, capacity 6960K, committed 7040K, reserved 1056768K
  class space    used 599K, capacity 616K, committed 640K, reserved 1048576K
Event: 4.372 GC heap after
Heap after GC invocations=2 (full 0):
 PSYoungGen      total 53248K, used 4080K [0x00000000eab00000, 0x00000000ee300000, 0x0000000100000000)
  eden space 49152K, 0% used [0x00000000eab00000,0x00000000eab00000,0x00000000edb00000)
  from space 4096K, 99% used [0x00000000edf00000,0x00000000ee2fc038,0x00000000ee300000)
  to   space 4096K, 0% used [0x00000000edb00000,0x00000000edb00000,0x00000000edf00000)
 ParOldGen       total 65536K, used 4633K [0x00000000c0000000, 0x00000000c4000000, 0x00000000eab00000)
  object space 65536K, 7% used [0x00000000c0000000,0x00000000c0486480,0x00000000c4000000)
 Metaspace       used 6047K, capacity 6960K, committed 7040K, reserved 1056768K
  class space    used 599K, capacity 616K, committed 640K, reserved 1048576K
}
Event: 4.422 GC heap before
{Heap before GC invocations=3 (full 0):
 PSYoungGen      total 53248K, used 14895K [0x00000000eab00000, 0x00000000ee300000, 0x0000000100000000)
  eden space 49152K, 22% used [0x00000000eab00000,0x00000000eb58fee8,0x00000000edb00000)
  from space 4096K, 99% used [0x00000000edf00000,0x00000000ee2fc038,0x00000000ee300000)
  to   space 4096K, 0% used [0x00000000edb00000,0x00000000edb00000,0x00000000edf00000)
 ParOldGen       total 65536K, used 4633K [0x00000000c0000000, 0x00000000c4000000, 0x00000000eab00000)
  object space 65536K, 7% used [0x00000000c0000000,0x00000000c0486480,0x00000000c4000000)
 Metaspace       used 6080K, capacity 6960K, committed 7040K, reserved 1060864K
  class space    used 599K, capacity 616K, committed 640K, reserved 1048576K
Event: 4.472 GC heap after
Heap after GC invocations=3 (full 0):
 PSYoungGen      total 53248K, used 4064K [0x00000000eab00000, 0x00000000ee300000, 0x0000000100000000)
  eden space 49152K, 0% used [0x00000000eab00000,0x00000000eab00000,0x00000000edb00000)
  from space 4096K, 99% used [0x00000000edb00000,0x00000000edef8028,0x00000000edf00000)
  to   space 4096K, 0% used [0x00000000edf00000,0x00000000edf00000,0x00000000ee300000)
 ParOldGen       total 65536K, used 5992K [0x00000000c0000000, 0x00000000c4000000, 0x00000000eab00000)
  object space 65536K, 9% used [0x00000000c0000000,0x00000000c05da370,0x00000000c4000000)
 Metaspace       used 6080K, capacity 6960K, committed 7040K, reserved 1060864K
  class space    used 599K, capacity 616K, committed 640K, reserved 1048576K
}
Event: 4.472 GC heap before
{Heap before GC invocations=4 (full 1):
 PSYoungGen      total 53248K, used 4064K [0x00000000eab00000, 0x00000000ee300000, 0x0000000100000000)
  eden space 49152K, 0% used [0x00000000eab00000,0x00000000eab00000,0x00000000edb00000)
  from space 4096K, 99% used [0x00000000edb00000,0x00000000edef8028,0x00000000edf00000)
  to   space 4096K, 0% used [0x00000000edf00000,0x00000000edf00000,0x00000000ee300000)
 ParOldGen       total 65536K, used 5992K [0x00000000c0000000, 0x00000000c4000000, 0x00000000eab00000)
  object space 65536K, 9% used [0x00000000c0000000,0x00000000c05da370,0x00000000c4000000)
 Metaspace       used 6080K, capacity 6960K, committed 7040K, reserved 1060864K
  class space    used 599K, capacity 616K, committed 640K, reserved 1048576K
Event: 4.613 GC heap after
Heap after GC invocations=4 (full 1):
 PSYoungGen      total 53248K, used 0K [0x00000000eab00000, 0x00000000ee300000, 0x0000000100000000)
  eden space 49152K, 0% used [0x00000000eab00000,0x00000000eab00000,0x00000000edb00000)
  from space 4096K, 0% used [0x00000000edb00000,0x00000000edb00000,0x00000000edf00000)
  to   space 4096K, 0% used [0x00000000edf00000,0x00000000edf00000,0x00000000ee300000)
 ParOldGen       total 40448K, used 8146K [0x00000000c0000000, 0x00000000c2780000, 0x00000000eab00000)
  object space 40448K, 20% used [0x00000000c0000000,0x00000000c07f4a18,0x00000000c2780000)
 Metaspace       used 6080K, capacity 6960K, committed 7040K, reserved 1058816K
  class space    used 599K, capacity 616K, committed 640K, reserved 1048576K
}
Event: 5.116 GC heap before
{Heap before GC invocations=5 (full 1):
 PSYoungGen      total 53248K, used 49152K [0x00000000eab00000, 0x00000000ee300000, 0x0000000100000000)
  eden space 49152K, 100% used [0x00000000eab00000,0x00000000edb00000,0x00000000edb00000)
  from space 4096K, 0% used [0x00000000edb00000,0x00000000edb00000,0x00000000edf00000)
  to   space 4096K, 0% used [0x00000000edf00000,0x00000000edf00000,0x00000000ee300000)
 ParOldGen       total 40448K, used 8146K [0x00000000c0000000, 0x00000000c2780000, 0x00000000eab00000)
  object space 40448K, 20% used [0x00000000c0000000,0x00000000c07f4a18,0x00000000c2780000)
 Metaspace       used 6143K, capacity 7024K, committed 7296K, reserved 1058816K
  class space    used 599K, capacity 616K, committed 640K, reserved 1048576K
Event: 5.135 GC heap after
Heap after GC invocations=5 (full 1):
 PSYoungGen      total 53248K, used 4064K [0x00000000eab00000, 0x00000000ee300000, 0x0000000100000000)
  eden space 49152K, 0% used [0x00000000eab00000,0x00000000eab00000,0x00000000edb00000)
  from space 4096K, 99% used [0x00000000edf00000,0x00000000ee2f8010,0x00000000ee300000)
  to   space 4096K, 0% used [0x00000000edb00000,0x00000000edb00000,0x00000000edf00000)
 ParOldGen       total 40448K, used 11576K [0x00000000c0000000, 0x00000000c2780000, 0x00000000eab00000)
  object space 40448K, 28% used [0x00000000c0000000,0x00000000c0b4e120,0x00000000c2780000)
 Metaspace       used 6143K, capacity 7024K, committed 7296K, reserved 1058816K
  class space    used 599K, capacity 616K, committed 640K, reserved 1048576K
}

Deoptimization events (10 events):
Event: 6.069 Thread 0x00000000002be000 Uncommon trap: reason=unstable_if action=reinterpret pc=0x0000000002d13bb0 method=com.android.dx.dex.code.OutputFinisher.findOpcodeForInsn(Lcom/android/dx/dex/code/DalvInsn;Lcom/android/dx/dex/code/Dop;)Lcom/android/dx/dex/code/Dop; @ 1
Event: 6.113 Thread 0x00000000002be000 Uncommon trap: reason=speculate_class_check action=maybe_recompile pc=0x0000000002ab9234 method=com.android.dx.util.FixedSizeList.equals(Ljava/lang/Object;)Z @ 25
Event: 6.113 Thread 0x00000000002be000 Uncommon trap: reason=class_check action=maybe_recompile pc=0x0000000002ab860c method=java.util.Arrays.equals([Ljava/lang/Object;[Ljava/lang/Object;)Z @ 62
Event: 6.113 Thread 0x00000000002be000 Uncommon trap: reason=speculate_class_check action=maybe_recompile pc=0x0000000002ab9234 method=com.android.dx.util.FixedSizeList.equals(Ljava/lang/Object;)Z @ 25
Event: 6.113 Thread 0x00000000002be000 Uncommon trap: reason=class_check action=maybe_recompile pc=0x0000000002ab860c method=java.util.Arrays.equals([Ljava/lang/Object;[Ljava/lang/Object;)Z @ 62
Event: 6.113 Thread 0x00000000002be000 Uncommon trap: reason=speculate_class_check action=maybe_recompile pc=0x0000000002ab9234 method=com.android.dx.util.FixedSizeList.equals(Ljava/lang/Object;)Z @ 25
Event: 6.113 Thread 0x00000000002be000 Uncommon trap: reason=class_check action=maybe_recompile pc=0x0000000002ab860c method=java.util.Arrays.equals([Ljava/lang/Object;[Ljava/lang/Object;)Z @ 62
Event: 6.113 Thread 0x00000000002be000 Uncommon trap: reason=speculate_class_check action=maybe_recompile pc=0x0000000002ab9234 method=com.android.dx.util.FixedSizeList.equals(Ljava/lang/Object;)Z @ 25
Event: 6.113 Thread 0x00000000002be000 Uncommon trap: reason=class_check action=maybe_recompile pc=0x0000000002ab860c method=java.util.Arrays.equals([Ljava/lang/Object;[Ljava/lang/Object;)Z @ 62
Event: 6.113 Thread 0x00000000002be000 Uncommon trap: reason=unstable_if action=reinterpret pc=0x0000000002ced8cc method=java.util.TreeMap.put(Ljava/lang/Object;Ljava/lang/Object;)Ljava/lang/Object; @ 163

Internal exceptions (2 events):
Event: 0.630 Thread 0x00000000002be000 Exception <a 'java/lang/NoSuchMethodError': Method sun.misc.Unsafe.defineClass(Ljava/lang/String;[BII)Ljava/lang/Class; name or signature does not match> (0x00000000eab0d7e0) thrown at [C:\re\workspace\8-2-build-windows-amd64-cygwin\jdk8u60\4407\hotspot\srxƒå7›-ä?
Event: 0.631 Thread 0x00000000002be000 Exception <a 'java/lang/NoSuchMethodError': Method sun.misc.Unsafe.prefetchRead(Ljava/lang/Object;J)V name or signature does not match> (0x00000000eab0dac8) thrown at [C:\re\workspace\8-2-build-windows-amd64-cygwin\jdk8u60\4407\hotspot\src\share\vm\prims\j

Events (10 events):
Event: 6.113 Thread 0x00000000002be000 DEOPT UNPACKING pc=0x00000000027f582a sp=0x000000000242ed40 mode 2
Event: 6.113 Thread 0x00000000002be000 Uncommon trap: trap_request=0xffffff65 fr.pc=0x0000000002ced8cc
Event: 6.113 Thread 0x00000000002be000 DEOPT PACKING pc=0x0000000002ced8cc sp=0x000000000242f110
Event: 6.113 Thread 0x00000000002be000 DEOPT UNPACKING pc=0x00000000027f582a sp=0x000000000242f0b0 mode 2
Event: 6.241 Thread 0x00000000002be000 DEOPT PACKING pc=0x0000000002d14dfd sp=0x000000000242f1a0
Event: 6.241 Thread 0x00000000002be000 DEOPT UNPACKING pc=0x00000000027f787f sp=0x000000000242ef10 mode 0
Event: 6.250 Thread 0x00000000002be000 DEOPT PACKING pc=0x0000000002d14dfd sp=0x000000000242f1a0
Event: 6.250 Thread 0x00000000002be000 DEOPT UNPACKING pc=0x00000000027f787f sp=0x000000000242ef10 mode 0
Event: 6.257 Thread 0x00000000002be000 DEOPT PACKING pc=0x0000000002d1f173 sp=0x000000000242f0a0
Event: 6.257 Thread 0x00000000002be000 DEOPT UNPACKING pc=0x00000000027f787f sp=0x000000000242edf0 mode 0


Dynamic libraries:
0x000000013f140000 - 0x000000013f177000 	C:\Program Files\Java\jdk1.8.0_60\bin\java.exe
0x0000000077280000 - 0x0000000077429000 	C:\Windows\SYSTEM32\ntdll.dll
0x0000000077160000 - 0x000000007727f000 	C:\Windows\system32\kernel32.dll
0x000007fefd530000 - 0x000007fefd59b000 	C:\Windows\system32\KERNELBASE.dll
0x000007fefde50000 - 0x000007fefdf2b000 	C:\Windows\system32\ADVAPI32.dll
0x000007fefedd0000 - 0x000007fefee6f000 	C:\Windows\system32\msvcrt.dll
0x000007fefd860000 - 0x000007fefd87f000 	C:\Windows\SYSTEM32\sechost.dll
0x000007fefdd20000 - 0x000007fefde4d000 	C:\Windows\system32\RPCRT4.dll
0x0000000077060000 - 0x000000007715a000 	C:\Windows\system32\USER32.dll
0x000007fefd5a0000 - 0x000007fefd607000 	C:\Windows\system32\GDI32.dll
0x000007fefd880000 - 0x000007fefd88e000 	C:\Windows\system32\LPK.dll
0x000007fefdb20000 - 0x000007fefdbe9000 	C:\Windows\system32\USP10.dll
0x000007fefbca0000 - 0x000007fefbe94000 	C:\Windows\WinSxS\amd64_microsoft.windows.common-controls_6595b64144ccf1df_6.0.7601.17514_none_fa396087175ac9ac\COMCTL32.dll
0x000007fefd7e0000 - 0x000007fefd851000 	C:\Windows\system32\SHLWAPI.dll
0x000007fefe010000 - 0x000007fefe03e000 	C:\Windows\system32\IMM32.DLL
0x000007fefee70000 - 0x000007fefef79000 	C:\Windows\system32\MSCTF.dll
0x0000000054fc0000 - 0x0000000055092000 	C:\Program Files\Java\jdk1.8.0_60\jre\bin\msvcr100.dll
0x00000000566f0000 - 0x0000000056f79000 	C:\Program Files\Java\jdk1.8.0_60\jre\bin\server\jvm.dll
0x000007fef0b40000 - 0x000007fef0b49000 	C:\Windows\system32\WSOCK32.dll
0x000007fefd790000 - 0x000007fefd7dd000 	C:\Windows\system32\WS2_32.dll
0x000007feff320000 - 0x000007feff328000 	C:\Windows\system32\NSI.dll
0x000007fefb830000 - 0x000007fefb86b000 	C:\Windows\system32\WINMM.dll
0x000007fefc330000 - 0x000007fefc33c000 	C:\Windows\system32\VERSION.dll
0x0000000077440000 - 0x0000000077447000 	C:\Windows\system32\PSAPI.DLL
0x0000000074380000 - 0x000000007438f000 	C:\Program Files\Java\jdk1.8.0_60\jre\bin\verify.dll
0x0000000067040000 - 0x0000000067069000 	C:\Program Files\Java\jdk1.8.0_60\jre\bin\java.dll
0x0000000067970000 - 0x0000000067986000 	C:\Program Files\Java\jdk1.8.0_60\jre\bin\zip.dll
0x000007fefe040000 - 0x000007fefedc8000 	C:\Windows\system32\SHELL32.dll
0x000007fefd8f0000 - 0x000007fefdaf3000 	C:\Windows\system32\ole32.dll
0x000007fefd1d0000 - 0x000007fefd1df000 	C:\Windows\system32\profapi.dll

VM Arguments:
jvm_args: -Djava.awt.headless=true -Xmx1024M -Dfile.encoding=windows-1252 -Duser.country=US -Duser.language=en -Duser.variant 
java_command: com.android.dx.command.Main --dex --num-threads=4 --output D:\project\AndroidStudioProjects\PersonalUtilitiesForLife\app\build\intermediates\pre-dexed\debug\com.google.android.gms-play-services-location-9.0.1_310aa857e589e10c5bbd929c3955d4ce7f16e705.jar D:\project\AndroidStudioProjects\PersonalUtilitiesForLife\app\build\intermediates\exploded-aar\com.google.android.gms\play-services-location\9.0.1\jars\classes.jar
java_class_path (initial): D:\Android\sdk\build-tools\23.0.3\lib\dx.jar
Launcher Type: SUN_STANDARD

Environment Variables:
JAVA_HOME=C:\Program Files\Java\jdk1.8.0_60
PATH=C:\ProgramData\Oracle\Java\javapath;C:\Program Files\Common Files\Microsoft Shared\Windows Live;C:\Program Files (x86)\HP SimplePass\x64;C:\Program Files (x86)\HP SimplePass\;;C:\Windows\system32;C:\Windows;C:\Windows\System32\Wbem;C:\Windows\System32\WindowsPowerShell\v1.0\;C:\Program Files (x86)\Java\jdk1.7.0_09\bin;C:\Strawberry\c\bin;C:\Strawberry\perl\site\bin;C:\Strawberry\perl\bin;C:\Program Files (x86)\Intel\OpenCL SDK\2.0\bin\x86;C:\Program Files (x86)\Intel\OpenCL SDK\2.0\bin\x64;C:\PROGRA~2\PICC;C:\Program Files (x86)\Microchip\xc16\v1.25\bin;C:\Program Files (x86)\Microchip\xc8\v1.35\bin;C:\Program Files\Java\jre1.8.0_65\bin;C:\Program Files\Java\jdk1.8.0_60\jre\bin;D:\Android\sdk\platform-tools;C:\Program Files\Common Files\Microsoft Shared\Windows Live;C:\Program Files\Java\jre1.8.0_65\bin
USERNAME=Nhut
OS=Windows_NT
PROCESSOR_IDENTIFIER=Intel64 Family 6 Model 42 Stepping 7, GenuineIntel



---------------  S Y S T E M  ---------------

OS: Windows 7 , 64 bit Build 7601 (6.1.7601.17514)

CPU:total 8 (4 cores per cpu, 2 threads per core) family 6 model 42 stepping 7, cmov, cx8, fxsr, mmx, sse, sse2, sse3, ssse3, sse4.1, sse4.2, popcnt, avx, aes, clmul, ht, tsc, tscinvbit

Memory: 4k page, physical 6238064k(166524k free), swap 8333368k(17704k free)

vm_info: Java HotSpot(TM) 64-Bit Server VM (25.60-b23) for windows-amd64 JRE (1.8.0_60-b27), built on Aug  4 2015 11:06:27 by "java_re" with MS VC++ 10.0 (VS2010)

time: Sat Jun 25 20:57:35 2016
elapsed time: 6 seconds (0d 0h 0m 6s)

