#
# There is insufficient memory for the Java Runtime Environment to continue.
# Native memory allocation (malloc) failed to allocate 320736 bytes for Chunk::new
# Possible reasons:
#   The system is out of physical RAM or swap space
#   In 32 bit mode, the process size limit was hit
# Possible solutions:
#   Reduce memory load on the system
#   Increase physical memory or swap space
#   Check if swap backing store is full
#   Use 64 bit Java on a 64 bit OS
#   Decrease Java heap size (-Xmx/-Xms)
#   Decrease number of Java threads
#   Decrease Java thread stack sizes (-Xss)
#   Set larger code cache with -XX:ReservedCodeCacheSize=
# This output file may be truncated or incomplete.
#
#  Out of Memory Error (allocation.cpp:390), pid=13472, tid=14016
#
# JRE version: Java(TM) SE Runtime Environment (8.0_60-b27) (build 1.8.0_60-b27)
# Java VM: Java HotSpot(TM) 64-Bit Server VM (25.60-b23 mixed mode windows-amd64 compressed oops)
# Failed to write core dump. Minidumps are not enabled by default on client versions of Windows
#

---------------  T H R E A D  ---------------

Current thread (0x000000005573a000):  JavaThread "C2 CompilerThread1" daemon [_thread_in_native, id=14016, stack(0x0000000058a80000,0x0000000058b80000)]

Stack: [0x0000000058a80000,0x0000000058b80000]
[error occurred during error reporting (printing stack bounds), id 0xc0000005]

Native frames: (J=compiled Java code, j=interpreted, Vv=VM code, C=native code)


Current CompileTask:
C2:   1128  887       4       com.android.dx.ssa.SsaMethod::computeReachability (131 bytes)


---------------  P R O C E S S  ---------------

Java Threads: ( => current thread )
  0x0000000059313000 JavaThread "pool-2-thread-4" [_thread_in_Java, id=13888, stack(0x000000005a080000,0x000000005a180000)]
  0x0000000056aa2800 JavaThread "pool-2-thread-3" [_thread_in_Java, id=14052, stack(0x0000000059df0000,0x0000000059ef0000)]
  0x0000000059260800 JavaThread "pool-2-thread-2" [_thread_in_Java, id=14048, stack(0x0000000059c70000,0x0000000059d70000)]
  0x0000000059256800 JavaThread "pool-3-thread-1" [_thread_blocked, id=14044, stack(0x0000000059a90000,0x0000000059b90000)]
  0x0000000056a56000 JavaThread "pool-2-thread-1" [_thread_in_Java, id=14040, stack(0x0000000058570000,0x0000000058670000)]
  0x0000000056880000 JavaThread "Service Thread" daemon [_thread_blocked, id=14028, stack(0x0000000059050000,0x0000000059150000)]
  0x000000005573f000 JavaThread "C1 CompilerThread3" daemon [_thread_in_native, id=14024, stack(0x0000000058e80000,0x0000000058f80000)]
  0x000000005573d000 JavaThread "C2 CompilerThread2" daemon [_thread_in_native, id=14020, stack(0x0000000058c30000,0x0000000058d30000)]
=>0x000000005573a000 JavaThread "C2 CompilerThread1" daemon [_thread_in_native, id=14016, stack(0x0000000058a80000,0x0000000058b80000)]
  0x00000000567e3000 JavaThread "C2 CompilerThread0" daemon [_thread_in_native, id=13928, stack(0x0000000058360000,0x0000000058460000)]
  0x00000000567e1800 JavaThread "Attach Listener" daemon [_thread_blocked, id=14008, stack(0x00000000588c0000,0x00000000589c0000)]
  0x00000000567e0000 JavaThread "Signal Dispatcher" daemon [_thread_blocked, id=14004, stack(0x00000000586f0000,0x00000000587f0000)]
  0x000000005572e000 JavaThread "Finalizer" daemon [_thread_blocked, id=14000, stack(0x0000000058460000,0x0000000058560000)]
  0x0000000055726800 JavaThread "Reference Handler" daemon [_thread_blocked, id=13996, stack(0x0000000058240000,0x0000000058340000)]
  0x0000000001f1e800 JavaThread "main" [_thread_in_Java, id=13740, stack(0x00000000025b0000,0x00000000026b0000)]

Other Threads:
  0x0000000056792800 VMThread [stack: 0x0000000058090000,0x0000000058190000] [id=13992]
  0x0000000056892800 WatcherThread [stack: 0x0000000059150000,0x0000000059250000] [id=14032]

VM state:not at safepoint (normal execution)

VM Mutex/Monitor currently owned by a thread: None

Heap:
 PSYoungGen      total 28672K, used 9504K [0x00000000eab00000, 0x00000000ee300000, 0x0000000100000000)
  eden space 24576K, 22% used [0x00000000eab00000,0x00000000eb04d890,0x00000000ec300000)
  from space 4096K, 99% used [0x00000000ec300000,0x00000000ec6fa780,0x00000000ec700000)
  to   space 4096K, 0% used [0x00000000edf00000,0x00000000edf00000,0x00000000ee300000)
 ParOldGen       total 65536K, used 984K [0x00000000c0000000, 0x00000000c4000000, 0x00000000eab00000)
  object space 65536K, 1% used [0x00000000c0000000,0x00000000c00f60b0,0x00000000c4000000)
 Metaspace       used 5797K, capacity 6768K, committed 7040K, reserved 1056768K
  class space    used 593K, capacity 616K, committed 640K, reserved 1048576K

Card table byte_map: [0x0000000011d40000,0x0000000011f50000] byte_map_base: 0x0000000011740000

Marking Bits: (ParMarkBitMap*) 0x000000005785a5b0
 Begin Bits: [0x0000000012b40000, 0x0000000013b40000)
 End Bits:   [0x0000000013b40000, 0x0000000014b40000)

Polling page: 0x0000000000140000

CodeCache: size=245760Kb used=3100Kb max_used=3112Kb free=242659Kb
 bounds [0x0000000002980000, 0x0000000002c90000, 0x0000000011980000]
 total_blobs=1115 nmethods=846 adapters=182
 compilation: enabled

Compilation events (10 events):
Event: 1.105 Thread 0x000000005573f000 nmethod 897 0x0000000002c88b10 code [0x0000000002c88e20, 0x0000000002c8a4a8]
Event: 1.105 Thread 0x000000005573f000  883       3       com.android.dx.rop.code.RegisterSpecSet::size (49 bytes)
Event: 1.105 Thread 0x000000005573f000 nmethod 883 0x0000000002c7ed50 code [0x0000000002c7eec0, 0x0000000002c7f150]
Event: 1.105 Thread 0x000000005573f000  882   !   3       com.android.dx.cf.code.RopperMachine::run (1550 bytes)
Event: 1.116 Thread 0x000000005573d000 nmethod 900 0x0000000002c7e2d0 code [0x0000000002c7e420, 0x0000000002c7e938]
Event: 1.116 Thread 0x000000005573d000  905       4       com.android.dx.util.IntList::binarysearch (124 bytes)
Event: 1.119 Thread 0x000000005573d000 nmethod 905 0x0000000002c7de50 code [0x0000000002c7dfa0, 0x0000000002c7e138]
Event: 1.119 Thread 0x000000005573d000  901       4       java.util.Arrays::hashCode (56 bytes)
Event: 1.125 Thread 0x000000005573d000 nmethod 901 0x0000000002c8cc50 code [0x0000000002c8cda0, 0x0000000002c8cff8]
Event: 1.126 Thread 0x000000005573d000  906       4       com.android.dx.dex.code.OutputFinisher::updateInfo (44 bytes)

GC Heap History (2 events):
Event: 0.940 GC heap before
{Heap before GC invocations=1 (full 0):
 PSYoungGen      total 28672K, used 24576K [0x00000000eab00000, 0x00000000ecb00000, 0x0000000100000000)
  eden space 24576K, 100% used [0x00000000eab00000,0x00000000ec300000,0x00000000ec300000)
  from space 4096K, 0% used [0x00000000ec700000,0x00000000ec700000,0x00000000ecb00000)
  to   space 4096K, 0% used [0x00000000ec300000,0x00000000ec300000,0x00000000ec700000)
 ParOldGen       total 65536K, used 0K [0x00000000c0000000, 0x00000000c4000000, 0x00000000eab00000)
  object space 65536K, 0% used [0x00000000c0000000,0x00000000c0000000,0x00000000c4000000)
 Metaspace       used 5745K, capacity 6704K, committed 6784K, reserved 1056768K
  class space    used 593K, capacity 616K, committed 640K, reserved 1048576K
Event: 1.072 GC heap after
Heap after GC invocations=1 (full 0):
 PSYoungGen      total 28672K, used 4073K [0x00000000eab00000, 0x00000000ee300000, 0x0000000100000000)
  eden space 24576K, 0% used [0x00000000eab00000,0x00000000eab00000,0x00000000ec300000)
  from space 4096K, 99% used [0x00000000ec300000,0x00000000ec6fa780,0x00000000ec700000)
  to   space 4096K, 0% used [0x00000000edf00000,0x00000000edf00000,0x00000000ee300000)
 ParOldGen       total 65536K, used 984K [0x00000000c0000000, 0x00000000c4000000, 0x00000000eab00000)
  object space 65536K, 1% used [0x00000000c0000000,0x00000000c00f60b0,0x00000000c4000000)
 Metaspace       used 5745K, capacity 6704K, committed 6784K, reserved 1056768K
  class space    used 593K, capacity 616K, committed 640K, reserved 1048576K
}

Deoptimization events (6 events):
Event: 0.741 Thread 0x0000000059260800 Uncommon trap: reason=unstable_if action=reinterpret pc=0x0000000002b93344 method=java.util.HashMap.getNode(ILjava/lang/Object;)Ljava/util/HashMap$Node; @ 129
Event: 0.871 Thread 0x0000000056a56000 Uncommon trap: reason=unstable_if action=reinterpret pc=0x0000000002b961e0 method=java.util.BitSet.nextSetBit(I)I @ 87
Event: 1.076 Thread 0x0000000059313000 Uncommon trap: reason=unloaded action=reinterpret pc=0x0000000002c3137c method=com.android.dx.ssa.SsaRenamer$BlockRenamer.visitMoveInsn(Lcom/android/dx/ssa/NormalSsaInsn;)V @ 208
Event: 1.091 Thread 0x0000000059313000 Uncommon trap: reason=unstable_if action=reinterpret pc=0x0000000002c2f980 method=com.android.dx.ssa.NormalSsaInsn.getLocalAssignment()Lcom/android/dx/rop/code/RegisterSpec; @ 12
Event: 1.091 Thread 0x0000000059313000 Uncommon trap: reason=unstable_if action=reinterpret pc=0x0000000002c0ee98 method=com.android.dx.ssa.NormalSsaInsn.getLocalAssignment()Lcom/android/dx/rop/code/RegisterSpec; @ 12
Event: 1.091 Thread 0x0000000059313000 Uncommon trap: reason=unstable_if action=reinterpret pc=0x0000000002c23a60 method=com.android.dx.ssa.NormalSsaInsn.getLocalAssignment()Lcom/android/dx/rop/code/RegisterSpec; @ 12

Internal exceptions (2 events):
Event: 0.036 Thread 0x0000000001f1e800 Exception <a 'java/lang/NoSuchMethodError': Method sun.misc.Unsafe.defineClass(Ljava/lang/String;[BII)Ljava/lang/Class; name or signature does not match> (0x00000000eab0d6b0) thrown at [C:\re\workspace\8-2-build-windows-amd64-cygwin\jdk8u60\4407\hotspot\sr·âÚ,ãc¢?
Event: 0.036 Thread 0x0000000001f1e800 Exception <a 'java/lang/NoSuchMethodError': Method sun.misc.Unsafe.prefetchRead(Ljava/lang/Object;J)V name or signature does not match> (0x00000000eab0d998) thrown at [C:\re\workspace\8-2-build-windows-amd64-cygwin\jdk8u60\4407\hotspot\src\share\vm\prims\j

Events (10 events):
Event: 1.076 Thread 0x0000000059313000 DEOPT UNPACKING pc=0x00000000029c582a sp=0x000000005a17e370 mode 2
Event: 1.091 Thread 0x0000000059313000 Uncommon trap: trap_request=0xffffff65 fr.pc=0x0000000002c2f980
Event: 1.091 Thread 0x0000000059313000 DEOPT PACKING pc=0x0000000002c2f980 sp=0x000000005a17e4d0
Event: 1.091 Thread 0x0000000059313000 DEOPT UNPACKING pc=0x00000000029c582a sp=0x000000005a17e2e8 mode 2
Event: 1.091 Thread 0x0000000059313000 Uncommon trap: trap_request=0xffffff65 fr.pc=0x0000000002c0ee98
Event: 1.091 Thread 0x0000000059313000 DEOPT PACKING pc=0x0000000002c0ee98 sp=0x000000005a17e420
Event: 1.091 Thread 0x0000000059313000 DEOPT UNPACKING pc=0x00000000029c582a sp=0x000000005a17e340 mode 2
Event: 1.091 Thread 0x0000000059313000 Uncommon trap: trap_request=0xffffff65 fr.pc=0x0000000002c23a60
Event: 1.091 Thread 0x0000000059313000 DEOPT PACKING pc=0x0000000002c23a60 sp=0x000000005a17e3a0
Event: 1.091 Thread 0x0000000059313000 DEOPT UNPACKING pc=0x00000000029c582a sp=0x000000005a17e330 mode 2


Dynamic libraries:
0x000000013f5c0000 - 0x000000013f5f7000 	C:\Program Files\Java\jdk1.8.0_60\bin\java.exe
0x0000000076f30000 - 0x00000000770d9000 	C:\Windows\SYSTEM32\ntdll.dll
0x0000000076d10000 - 0x0000000076e2f000 	C:\Windows\system32\kernel32.dll
0x000007fefd070000 - 0x000007fefd0db000 	C:\Windows\system32\KERNELBASE.dll
0x000007fefd7a0000 - 0x000007fefd87b000 	C:\Windows\system32\ADVAPI32.dll
0x000007fefec70000 - 0x000007fefed0f000 	C:\Windows\system32\msvcrt.dll
0x000007fefef20000 - 0x000007fefef3f000 	C:\Windows\SYSTEM32\sechost.dll
0x000007fefd260000 - 0x000007fefd38d000 	C:\Windows\system32\RPCRT4.dll
0x0000000076e30000 - 0x0000000076f2a000 	C:\Windows\system32\USER32.dll
0x000007fefd9d0000 - 0x000007fefda37000 	C:\Windows\system32\GDI32.dll
0x000007fefd790000 - 0x000007fefd79e000 	C:\Windows\system32\LPK.dll
0x000007fefef40000 - 0x000007feff009000 	C:\Windows\system32\USP10.dll
0x000007fefb920000 - 0x000007fefbb14000 	C:\Windows\WinSxS\amd64_microsoft.windows.common-controls_6595b64144ccf1df_6.0.7601.17514_none_fa396087175ac9ac\COMCTL32.dll
0x000007fefea30000 - 0x000007fefeaa1000 	C:\Windows\system32\SHLWAPI.dll
0x000007fefebf0000 - 0x000007fefec1e000 	C:\Windows\system32\IMM32.DLL
0x000007feff130000 - 0x000007feff239000 	C:\Windows\system32\MSCTF.dll
0x0000000077dd0000 - 0x0000000077ea2000 	C:\Program Files\Java\jdk1.8.0_60\jre\bin\msvcr100.dll
0x0000000057050000 - 0x00000000578d9000 	C:\Program Files\Java\jdk1.8.0_60\jre\bin\server\jvm.dll
0x000007fef0f90000 - 0x000007fef0f99000 	C:\Windows\system32\WSOCK32.dll
0x000007fefec20000 - 0x000007fefec6d000 	C:\Windows\system32\WS2_32.dll
0x000007fefd250000 - 0x000007fefd258000 	C:\Windows\system32\NSI.dll
0x000007fefb480000 - 0x000007fefb4bb000 	C:\Windows\system32\WINMM.dll
0x000007fefbfe0000 - 0x000007fefbfec000 	C:\Windows\system32\VERSION.dll
0x0000000077100000 - 0x0000000077107000 	C:\Windows\system32\PSAPI.DLL
0x0000000069350000 - 0x000000006935f000 	C:\Program Files\Java\jdk1.8.0_60\jre\bin\verify.dll
0x0000000057020000 - 0x0000000057049000 	C:\Program Files\Java\jdk1.8.0_60\jre\bin\java.dll
0x0000000057000000 - 0x0000000057016000 	C:\Program Files\Java\jdk1.8.0_60\jre\bin\zip.dll
0x000007fefda40000 - 0x000007fefe7c8000 	C:\Windows\system32\SHELL32.dll
0x000007fefed10000 - 0x000007fefef13000 	C:\Windows\system32\ole32.dll
0x000007fefce80000 - 0x000007fefce8f000 	C:\Windows\system32\profapi.dll

VM Arguments:
jvm_args: -Djava.awt.headless=true -Xmx1024M -Dfile.encoding=windows-1252 -Duser.country=US -Duser.language=en -Duser.variant 
java_command: com.android.dx.command.Main --dex --force-jumbo --num-threads=4 --multi-dex --output D:\project\AndroidStudioProjects\PersonalUtilitiesForLife\app\build\intermediates\transforms\dex\debug\folders\1000\10\com.google.android.gms-play-services-maps-8.1.0_accec827d67031d8106b00a78e393270f4135268 D:\project\AndroidStudioProjects\PersonalUtilitiesForLife\app\build\intermediates\exploded-aar\com.google.android.gms\play-services-maps\8.1.0\jars\classes.jar
java_class_path (initial): D:\Android\sdk\build-tools\23.0.3\lib\dx.jar
Launcher Type: SUN_STANDARD

Environment Variables:
JAVA_HOME=C:\Program Files\Java\jdk1.8.0_60
PATH=C:\ProgramData\Oracle\Java\javapath;C:\Program Files\Common Files\Microsoft Shared\Windows Live;C:\Program Files (x86)\HP SimplePass\x64;C:\Program Files (x86)\HP SimplePass\;;C:\Windows\system32;C:\Windows;C:\Windows\System32\Wbem;C:\Windows\System32\WindowsPowerShell\v1.0\;C:\Program Files (x86)\Java\jdk1.7.0_09\bin;C:\Strawberry\c\bin;C:\Strawberry\perl\site\bin;C:\Strawberry\perl\bin;C:\Program Files (x86)\Intel\OpenCL SDK\2.0\bin\x86;C:\Program Files (x86)\Intel\OpenCL SDK\2.0\bin\x64;C:\PROGRA~2\PICC;C:\Program Files (x86)\Microchip\xc16\v1.25\bin;C:\Program Files (x86)\Microchip\xc8\v1.35\bin;C:\Program Files\Java\jre1.8.0_65\bin;C:\Program Files\Java\jdk1.8.0_60\jre\bin;D:\Android\sdk\platform-tools;C:\Program Files\Common Files\Microsoft Shared\Windows Live;C:\Program Files\Java\jre1.8.0_65\bin
USERNAME=Nhut
OS=Windows_NT
PROCESSOR_IDENTIFIER=Intel64 Family 6 Model 42 Stepping 7, GenuineIntel



---------------  S Y S T E M  ---------------

OS: Windows 7 , 64 bit Build 7601 (6.1.7601.17514)

CPU:total 8 (4 cores per cpu, 2 threads per core) family 6 model 42 stepping 7, cmov, cx8, fxsr, mmx, sse, sse2, sse3, ssse3, sse4.1, sse4.2, popcnt, avx, aes, clmul, ht, tsc, tscinvbit

Memory: 4k page, physical 6238064k(642376k free), swap 8333368k(4996k free)

vm_info: Java HotSpot(TM) 64-Bit Server VM (25.60-b23) for windows-amd64 JRE (1.8.0_60-b27), built on Aug  4 2015 11:06:27 by "java_re" with MS VC++ 10.0 (VS2010)

time: Sun Jun 26 11:00:22 2016
elapsed time: 1 seconds (0d 0h 0m 1s)

