#
# There is insufficient memory for the Java Runtime Environment to continue.
# Native memory allocation (malloc) failed to allocate 1957376 bytes for Chunk::new
# Possible reasons:
#   The system is out of physical RAM or swap space
#   In 32 bit mode, the process size limit was hit
# Possible solutions:
#   Reduce memory load on the system
#   Increase physical memory or swap space
#   Check if swap backing store is full
#   Use 64 bit Java on a 64 bit OS
#   Decrease Java heap size (-Xmx/-Xms)
#   Decrease number of Java threads
#   Decrease Java thread stack sizes (-Xss)
#   Set larger code cache with -XX:ReservedCodeCacheSize=
# This output file may be truncated or incomplete.
#
#  Out of Memory Error (allocation.cpp:390), pid=52168, tid=50164
#
# JRE version: Java(TM) SE Runtime Environment (8.0_60-b27) (build 1.8.0_60-b27)
# Java VM: Java HotSpot(TM) 64-Bit Server VM (25.60-b23 mixed mode windows-amd64 compressed oops)
# Failed to write core dump. Minidumps are not enabled by default on client versions of Windows
#

---------------  T H R E A D  ---------------

Current thread (0x000000001561a000):  JavaThread "C2 CompilerThread1" daemon [_thread_in_native, id=50164, stack(0x0000000017f50000,0x0000000018050000)]

Stack: [0x0000000017f50000,0x0000000018050000]
[error occurred during error reporting (printing stack bounds), id 0xc0000005]

Native frames: (J=compiled Java code, j=interpreted, Vv=VM code, C=native code)


Current CompileTask:
C2:   2978 1773   !   4       com.android.dx.cf.code.BytecodeArray::parseInstruction (2764 bytes)


---------------  P R O C E S S  ---------------

Java Threads: ( => current thread )
  0x00000000188a6800 JavaThread "pool-1-thread-4" [_thread_in_Java, id=41924, stack(0x0000000019720000,0x0000000019820000)]
  0x00000000188a9000 JavaThread "pool-1-thread-3" [_thread_in_Java, id=49424, stack(0x0000000019560000,0x0000000019660000)]
  0x00000000188a3800 JavaThread "pool-1-thread-2" [_thread_in_Java, id=43780, stack(0x0000000018210000,0x0000000018310000)]
  0x000000001693f800 JavaThread "pool-2-thread-1" [_thread_blocked, id=9116, stack(0x0000000019290000,0x0000000019390000)]
  0x000000001693e800 JavaThread "pool-1-thread-1" [_thread_in_Java, id=7060, stack(0x0000000019100000,0x0000000019200000)]
  0x000000001675c000 JavaThread "Service Thread" daemon [_thread_blocked, id=51968, stack(0x0000000018500000,0x0000000018600000)]
  0x000000001561e000 JavaThread "C1 CompilerThread3" daemon [_thread_blocked, id=46604, stack(0x0000000018330000,0x0000000018430000)]
  0x000000001561d800 JavaThread "C2 CompilerThread2" daemon [_thread_in_native, id=40408, stack(0x00000000180a0000,0x00000000181a0000)]
=>0x000000001561a000 JavaThread "C2 CompilerThread1" daemon [_thread_in_native, id=50164, stack(0x0000000017f50000,0x0000000018050000)]
  0x00000000166c9800 JavaThread "C2 CompilerThread0" daemon [_thread_in_native, id=4752, stack(0x0000000017d80000,0x0000000017e80000)]
  0x00000000166c6800 JavaThread "Attach Listener" daemon [_thread_blocked, id=51208, stack(0x0000000017ba0000,0x0000000017ca0000)]
  0x00000000166c5000 JavaThread "Signal Dispatcher" daemon [_thread_blocked, id=50960, stack(0x00000000179e0000,0x0000000017ae0000)]
  0x000000001560f800 JavaThread "Finalizer" daemon [_thread_blocked, id=44640, stack(0x00000000175f0000,0x00000000176f0000)]
  0x0000000015607800 JavaThread "Reference Handler" daemon [_thread_blocked, id=51520, stack(0x00000000178a0000,0x00000000179a0000)]
  0x00000000002ef000 JavaThread "main" [_thread_in_Java, id=50464, stack(0x00000000025d0000,0x00000000026d0000)]

Other Threads:
  0x0000000016672800 VMThread [stack: 0x0000000017720000,0x0000000017820000] [id=51744]
  0x0000000016777000 WatcherThread [stack: 0x00000000186f0000,0x00000000187f0000] [id=49292]

VM state:not at safepoint (normal execution)

VM Mutex/Monitor currently owned by a thread: None

Heap:
 PSYoungGen      total 53248K, used 50603K [0x00000000eab00000, 0x00000000ee300000, 0x0000000100000000)
  eden space 49152K, 94% used [0x00000000eab00000,0x00000000ed8726b8,0x00000000edb00000)
  from space 4096K, 99% used [0x00000000edf00000,0x00000000ee2f85d8,0x00000000ee300000)
  to   space 4096K, 0% used [0x00000000edb00000,0x00000000edb00000,0x00000000edf00000)
 ParOldGen       total 65536K, used 25077K [0x00000000c0000000, 0x00000000c4000000, 0x00000000eab00000)
  object space 65536K, 38% used [0x00000000c0000000,0x00000000c187d790,0x00000000c4000000)
 Metaspace       used 6383K, capacity 7216K, committed 7296K, reserved 1056768K
  class space    used 603K, capacity 616K, committed 640K, reserved 1048576K

Card table byte_map: [0x0000000011d60000,0x0000000011f70000] byte_map_base: 0x0000000011760000

Marking Bits: (ParMarkBitMap*) 0x000000007004a5b0
 Begin Bits: [0x0000000012a20000, 0x0000000013a20000)
 End Bits:   [0x0000000013a20000, 0x0000000014a20000)

Polling page: 0x0000000000240000

CodeCache: size=245760Kb used=7087Kb max_used=7098Kb free=238672Kb
 bounds [0x00000000029a0000, 0x00000000030a0000, 0x00000000119a0000]
 total_blobs=2150 nmethods=1880 adapters=182
 compilation: enabled

Compilation events (10 events):
Event: 2.912 Thread 0x000000001561e000 1956       2       java.util.concurrent.FutureTask::set (36 bytes)
Event: 2.912 Thread 0x000000001561e000 nmethod 1956 0x0000000003082510 code [0x0000000003082680, 0x0000000003082868]
Event: 2.914 Thread 0x000000001561e000 1957       1       com.android.dx.ssa.PhiInsn::isPhiOrMove (2 bytes)
Event: 2.914 Thread 0x000000001561e000 nmethod 1957 0x0000000003082910 code [0x0000000003082a60, 0x0000000003082b70]
Event: 2.933 Thread 0x000000001561e000 1959       2       com.android.dx.rop.cst.CstArray$List::<init> (6 bytes)
Event: 2.933 Thread 0x000000001561e000 nmethod 1959 0x00000000030840d0 code [0x0000000003084240, 0x00000000030843a8]
Event: 2.933 Thread 0x000000001561e000 1960       2       com.android.dx.rop.cst.CstArray::<init> (28 bytes)
Event: 2.934 Thread 0x000000001561e000 nmethod 1960 0x00000000030880d0 code [0x0000000003088260, 0x0000000003088538]
Event: 2.937 Thread 0x00000000166c9800 nmethod 1907 0x00000000030886d0 code [0x0000000003088980, 0x000000000308ae28]
Event: 2.937 Thread 0x00000000166c9800 1947       4       java.util.HashMap::putVal (300 bytes)

GC Heap History (10 events):
Event: 1.585 GC heap before
{Heap before GC invocations=2 (full 0):
 PSYoungGen      total 28672K, used 28288K [0x00000000eab00000, 0x00000000ecb00000, 0x0000000100000000)
  eden space 24576K, 100% used [0x00000000eab00000,0x00000000ec300000,0x00000000ec300000)
  from space 4096K, 90% used [0x00000000ec300000,0x00000000ec6a0030,0x00000000ec700000)
  to   space 4096K, 0% used [0x00000000ec700000,0x00000000ec700000,0x00000000ecb00000)
 ParOldGen       total 65536K, used 8K [0x00000000c0000000, 0x00000000c4000000, 0x00000000eab00000)
  object space 65536K, 0% used [0x00000000c0000000,0x00000000c0002000,0x00000000c4000000)
 Metaspace       used 6038K, capacity 6960K, committed 7040K, reserved 1056768K
  class space    used 600K, capacity 616K, committed 640K, reserved 1048576K
Event: 1.608 GC heap after
Heap after GC invocations=2 (full 0):
 PSYoungGen      total 28672K, used 4087K [0x00000000eab00000, 0x00000000ee300000, 0x0000000100000000)
  eden space 24576K, 0% used [0x00000000eab00000,0x00000000eab00000,0x00000000ec300000)
  from space 4096K, 99% used [0x00000000ec700000,0x00000000ecafdd00,0x00000000ecb00000)
  to   space 4096K, 0% used [0x00000000ec300000,0x00000000ec300000,0x00000000ec700000)
 ParOldGen       total 65536K, used 1675K [0x00000000c0000000, 0x00000000c4000000, 0x00000000eab00000)
  object space 65536K, 2% used [0x00000000c0000000,0x00000000c01a2c88,0x00000000c4000000)
 Metaspace       used 6038K, capacity 6960K, committed 7040K, reserved 1056768K
  class space    used 600K, capacity 616K, committed 640K, reserved 1048576K
}
Event: 1.745 GC heap before
{Heap before GC invocations=3 (full 0):
 PSYoungGen      total 28672K, used 28663K [0x00000000eab00000, 0x00000000ee300000, 0x0000000100000000)
  eden space 24576K, 100% used [0x00000000eab00000,0x00000000ec300000,0x00000000ec300000)
  from space 4096K, 99% used [0x00000000ec700000,0x00000000ecafdd00,0x00000000ecb00000)
  to   space 4096K, 0% used [0x00000000ec300000,0x00000000ec300000,0x00000000ec700000)
 ParOldGen       total 65536K, used 1675K [0x00000000c0000000, 0x00000000c4000000, 0x00000000eab00000)
  object space 65536K, 2% used [0x00000000c0000000,0x00000000c01a2c88,0x00000000c4000000)
 Metaspace       used 6121K, capacity 7024K, committed 7296K, reserved 1056768K
  class space    used 602K, capacity 616K, committed 640K, reserved 1048576K
Event: 1.790 GC heap after
Heap after GC invocations=3 (full 0):
 PSYoungGen      total 28672K, used 4079K [0x00000000eab00000, 0x00000000ee300000, 0x0000000100000000)
  eden space 24576K, 0% used [0x00000000eab00000,0x00000000eab00000,0x00000000ec300000)
  from space 4096K, 99% used [0x00000000ec300000,0x00000000ec6fbe10,0x00000000ec700000)
  to   space 4096K, 0% used [0x00000000edf00000,0x00000000edf00000,0x00000000ee300000)
 ParOldGen       total 65536K, used 5757K [0x00000000c0000000, 0x00000000c4000000, 0x00000000eab00000)
  object space 65536K, 8% used [0x00000000c0000000,0x00000000c059f4c0,0x00000000c4000000)
 Metaspace       used 6121K, capacity 7024K, committed 7296K, reserved 1056768K
  class space    used 602K, capacity 616K, committed 640K, reserved 1048576K
}
Event: 1.969 GC heap before
{Heap before GC invocations=4 (full 0):
 PSYoungGen      total 28672K, used 28655K [0x00000000eab00000, 0x00000000ee300000, 0x0000000100000000)
  eden space 24576K, 100% used [0x00000000eab00000,0x00000000ec300000,0x00000000ec300000)
  from space 4096K, 99% used [0x00000000ec300000,0x00000000ec6fbe10,0x00000000ec700000)
  to   space 4096K, 0% used [0x00000000edf00000,0x00000000edf00000,0x00000000ee300000)
 ParOldGen       total 65536K, used 5757K [0x00000000c0000000, 0x00000000c4000000, 0x00000000eab00000)
  object space 65536K, 8% used [0x00000000c0000000,0x00000000c059f4c0,0x00000000c4000000)
 Metaspace       used 6202K, capacity 7088K, committed 7296K, reserved 1056768K
  class space    used 603K, capacity 616K, committed 640K, reserved 1048576K
Event: 2.018 GC heap after
Heap after GC invocations=4 (full 0):
 PSYoungGen      total 53248K, used 4065K [0x00000000eab00000, 0x00000000ee300000, 0x0000000100000000)
  eden space 49152K, 0% used [0x00000000eab00000,0x00000000eab00000,0x00000000edb00000)
  from space 4096K, 99% used [0x00000000edf00000,0x00000000ee2f85d8,0x00000000ee300000)
  to   space 4096K, 0% used [0x00000000edb00000,0x00000000edb00000,0x00000000edf00000)
 ParOldGen       total 65536K, used 9917K [0x00000000c0000000, 0x00000000c4000000, 0x00000000eab00000)
  object space 65536K, 15% used [0x00000000c0000000,0x00000000c09af5f8,0x00000000c4000000)
 Metaspace       used 6202K, capacity 7088K, committed 7296K, reserved 1056768K
  class space    used 603K, capacity 616K, committed 640K, reserved 1048576K
}
Event: 2.369 GC heap before
{Heap before GC invocations=5 (full 0):
 PSYoungGen      total 53248K, used 53217K [0x00000000eab00000, 0x00000000ee300000, 0x0000000100000000)
  eden space 49152K, 100% used [0x00000000eab00000,0x00000000edb00000,0x00000000edb00000)
  from space 4096K, 99% used [0x00000000edf00000,0x00000000ee2f85d8,0x00000000ee300000)
  to   space 4096K, 0% used [0x00000000edb00000,0x00000000edb00000,0x00000000edf00000)
 ParOldGen       total 65536K, used 9917K [0x00000000c0000000, 0x00000000c4000000, 0x00000000eab00000)
  object space 65536K, 15% used [0x00000000c0000000,0x00000000c09af5f8,0x00000000c4000000)
 Metaspace       used 6295K, capacity 7152K, committed 7296K, reserved 1056768K
  class space    used 603K, capacity 616K, committed 640K, reserved 1048576K
Event: 2.463 GC heap after
Heap after GC invocations=5 (full 0):
 PSYoungGen      total 53248K, used 4065K [0x00000000eab00000, 0x00000000ee300000, 0x0000000100000000)
  eden space 49152K, 0% used [0x00000000eab00000,0x00000000eab00000,0x00000000edb00000)
  from space 4096K, 99% used [0x00000000edb00000,0x00000000edef85d8,0x00000000edf00000)
  to   space 4096K, 0% used [0x00000000edf00000,0x00000000edf00000,0x00000000ee300000)
 ParOldGen       total 65536K, used 17114K [0x00000000c0000000, 0x00000000c4000000, 0x00000000eab00000)
  object space 65536K, 26% used [0x00000000c0000000,0x00000000c10b6870,0x00000000c4000000)
 Metaspace       used 6295K, capacity 7152K, committed 7296K, reserved 1056768K
  class space    used 603K, capacity 616K, committed 640K, reserved 1048576K
}
Event: 2.743 GC heap before
{Heap before GC invocations=6 (full 0):
 PSYoungGen      total 53248K, used 53217K [0x00000000eab00000, 0x00000000ee300000, 0x0000000100000000)
  eden space 49152K, 100% used [0x00000000eab00000,0x00000000edb00000,0x00000000edb00000)
  from space 4096K, 99% used [0x00000000edb00000,0x00000000edef85d8,0x00000000edf00000)
  to   space 4096K, 0% used [0x00000000edf00000,0x00000000edf00000,0x00000000ee300000)
 ParOldGen       total 65536K, used 17114K [0x00000000c0000000, 0x00000000c4000000, 0x00000000eab00000)
  object space 65536K, 26% used [0x00000000c0000000,0x00000000c10b6870,0x00000000c4000000)
 Metaspace       used 6368K, capacity 7216K, committed 7296K, reserved 1056768K
  class space    used 603K, capacity 616K, committed 640K, reserved 1048576K
Event: 2.794 GC heap after
Heap after GC invocations=6 (full 0):
 PSYoungGen      total 53248K, used 4065K [0x00000000eab00000, 0x00000000ee300000, 0x0000000100000000)
  eden space 49152K, 0% used [0x00000000eab00000,0x00000000eab00000,0x00000000edb00000)
  from space 4096K, 99% used [0x00000000edf00000,0x00000000ee2f85d8,0x00000000ee300000)
  to   space 4096K, 0% used [0x00000000edb00000,0x00000000edb00000,0x00000000edf00000)
 ParOldGen       total 65536K, used 25077K [0x00000000c0000000, 0x00000000c4000000, 0x00000000eab00000)
  object space 65536K, 38% used [0x00000000c0000000,0x00000000c187d790,0x00000000c4000000)
 Metaspace       used 6368K, capacity 7216K, committed 7296K, reserved 1056768K
  class space    used 603K, capacity 616K, committed 640K, reserved 1048576K
}

Deoptimization events (10 events):
Event: 1.851 Thread 0x00000000188a9000 Uncommon trap: reason=class_check action=maybe_recompile pc=0x0000000002d7232c method=java.util.HashMap.putVal(ILjava/lang/Object;Ljava/lang/Object;ZZ)Ljava/lang/Object; @ 203
Event: 1.851 Thread 0x00000000188a9000 Uncommon trap: reason=bimorphic action=maybe_recompile pc=0x0000000002bec940 method=java.util.HashMap.getNode(ILjava/lang/Object;)Ljava/util/HashMap$Node; @ 126
Event: 1.851 Thread 0x00000000188a9000 Uncommon trap: reason=bimorphic action=maybe_recompile pc=0x0000000002bec940 method=java.util.HashMap.getNode(ILjava/lang/Object;)Ljava/util/HashMap$Node; @ 126
Event: 1.851 Thread 0x00000000188a9000 Uncommon trap: reason=class_check action=maybe_recompile pc=0x0000000002dbefe4 method=java.util.HashMap.putVal(ILjava/lang/Object;Ljava/lang/Object;ZZ)Ljava/lang/Object; @ 203
Event: 1.851 Thread 0x00000000188a9000 Uncommon trap: reason=bimorphic action=maybe_recompile pc=0x0000000002bf0878 method=java.util.HashMap.getNode(ILjava/lang/Object;)Ljava/util/HashMap$Node; @ 126
Event: 1.900 Thread 0x00000000188a9000 Uncommon trap: reason=unstable_if action=reinterpret pc=0x0000000002f1acc4 method=com.android.dx.ssa.SCCP.simulateBranch(Lcom/android/dx/ssa/SsaInsn;)V @ 64
Event: 1.901 Thread 0x00000000188a9000 Uncommon trap: reason=unstable_if action=reinterpret pc=0x0000000002d6810c method=com.android.dx.ssa.SsaMethod.updateOneDefinition(Lcom/android/dx/ssa/SsaInsn;Lcom/android/dx/rop/code/RegisterSpec;)V @ 4
Event: 2.312 Thread 0x00000000188a6800 Uncommon trap: reason=bimorphic action=maybe_recompile pc=0x0000000002fc8958 method=com.android.dx.cf.code.BytecodeArray.parseInstruction(ILcom/android/dx/cf/code/BytecodeArray$Visitor;)I @ 1130
Event: 2.313 Thread 0x00000000188a6800 Uncommon trap: reason=bimorphic action=maybe_recompile pc=0x0000000002fc8958 method=com.android.dx.cf.code.BytecodeArray.parseInstruction(ILcom/android/dx/cf/code/BytecodeArray$Visitor;)I @ 1130
Event: 2.589 Thread 0x00000000188a6800 Uncommon trap: reason=class_check action=maybe_recompile pc=0x0000000002d7232c method=java.util.HashMap.putVal(ILjava/lang/Object;Ljava/lang/Object;ZZ)Ljava/lang/Object; @ 203

Internal exceptions (3 events):
Event: 0.056 Thread 0x00000000002ef000 Exception <a 'java/lang/NoSuchMethodError': Method sun.misc.Unsafe.defineClass(Ljava/lang/String;[BII)Ljava/lang/Class; name or signature does not match> (0x00000000eab0d748) thrown at [C:\re\workspace\8-2-build-windows-amd64-cygwin\jdk8u60\4407\hotspot\srd×w_Õ¬?
Event: 0.056 Thread 0x00000000002ef000 Exception <a 'java/lang/NoSuchMethodError': Method sun.misc.Unsafe.prefetchRead(Ljava/lang/Object;J)V name or signature does not match> (0x00000000eab0da30) thrown at [C:\re\workspace\8-2-build-windows-amd64-cygwin\jdk8u60\4407\hotspot\src\share\vm\prims\jP¬Uòïø?
Event: 1.559 Thread 0x00000000188a9000 Implicit null exception at 0x0000000002c47fd2 to 0x0000000002c480d1

Events (10 events):
Event: 2.463 Executing VM operation: ParallelGCFailedAllocation done
Event: 2.589 Thread 0x00000000188a6800 Uncommon trap: trap_request=0xffffffde fr.pc=0x0000000002d7232c
Event: 2.589 Thread 0x00000000188a6800 DEOPT PACKING pc=0x0000000002d7232c sp=0x000000001981e750
Event: 2.589 Thread 0x00000000188a6800 DEOPT UNPACKING pc=0x00000000029e582a sp=0x000000001981e6d8 mode 2
Event: 2.742 Executing VM operation: ParallelGCFailedAllocation
Event: 2.794 Executing VM operation: ParallelGCFailedAllocation done
Event: 2.837 Thread 0x00000000002ef000 DEOPT PACKING pc=0x0000000002fae729 sp=0x00000000026ceba0
Event: 2.837 Thread 0x00000000002ef000 DEOPT UNPACKING pc=0x00000000029e787f sp=0x00000000026ce960 mode 0
Event: 2.869 Thread 0x00000000002ef000 DEOPT PACKING pc=0x0000000002f408f1 sp=0x00000000026ce850
Event: 2.869 Thread 0x00000000002ef000 DEOPT UNPACKING pc=0x00000000029e787f sp=0x00000000026ce5d0 mode 0


Dynamic libraries:
0x000000013f790000 - 0x000000013f7c7000 	C:\Program Files\Java\jdk1.8.0_60\bin\java.exe
0x0000000076e30000 - 0x0000000076fd9000 	C:\Windows\SYSTEM32\ntdll.dll
0x0000000076c10000 - 0x0000000076d2f000 	C:\Windows\system32\kernel32.dll
0x000007fefd0a0000 - 0x000007fefd10b000 	C:\Windows\system32\KERNELBASE.dll
0x000007fefd2f0000 - 0x000007fefd3cb000 	C:\Windows\system32\ADVAPI32.dll
0x000007fefdc10000 - 0x000007fefdcaf000 	C:\Windows\system32\msvcrt.dll
0x000007feff120000 - 0x000007feff13f000 	C:\Windows\SYSTEM32\sechost.dll
0x000007fefd700000 - 0x000007fefd82d000 	C:\Windows\system32\RPCRT4.dll
0x0000000076d30000 - 0x0000000076e2a000 	C:\Windows\system32\USER32.dll
0x000007fefd3d0000 - 0x000007fefd437000 	C:\Windows\system32\GDI32.dll
0x000007fefd150000 - 0x000007fefd15e000 	C:\Windows\system32\LPK.dll
0x000007fefd830000 - 0x000007fefd8f9000 	C:\Windows\system32\USP10.dll
0x000007fefaf60000 - 0x000007fefb154000 	C:\Windows\WinSxS\amd64_microsoft.windows.common-controls_6595b64144ccf1df_6.0.7601.17514_none_fa396087175ac9ac\COMCTL32.dll
0x000007fefe0c0000 - 0x000007fefe131000 	C:\Windows\system32\SHLWAPI.dll
0x000007fefdd90000 - 0x000007fefddbe000 	C:\Windows\system32\IMM32.DLL
0x000007fefd1c0000 - 0x000007fefd2c9000 	C:\Windows\system32\MSCTF.dll
0x000000006a6c0000 - 0x000000006a792000 	C:\Program Files\Java\jdk1.8.0_60\jre\bin\msvcr100.dll
0x000000006f840000 - 0x00000000700c9000 	C:\Program Files\Java\jdk1.8.0_60\jre\bin\server\jvm.dll
0x000007feeae20000 - 0x000007feeae29000 	C:\Windows\system32\WSOCK32.dll
0x000007feff0d0000 - 0x000007feff11d000 	C:\Windows\system32\WS2_32.dll
0x000007fefd650000 - 0x000007fefd658000 	C:\Windows\system32\NSI.dll
0x000007fefb810000 - 0x000007fefb84b000 	C:\Windows\system32\WINMM.dll
0x000007fefbee0000 - 0x000007fefbeec000 	C:\Windows\system32\VERSION.dll
0x0000000077000000 - 0x0000000077007000 	C:\Windows\system32\PSAPI.DLL
0x0000000053330000 - 0x000000005333f000 	C:\Program Files\Java\jdk1.8.0_60\jre\bin\verify.dll
0x0000000053300000 - 0x0000000053329000 	C:\Program Files\Java\jdk1.8.0_60\jre\bin\java.dll
0x0000000053250000 - 0x0000000053266000 	C:\Program Files\Java\jdk1.8.0_60\jre\bin\zip.dll
0x000007fefe140000 - 0x000007fefeec8000 	C:\Windows\system32\SHELL32.dll
0x000007fefd440000 - 0x000007fefd643000 	C:\Windows\system32\ole32.dll
0x000007fefcd80000 - 0x000007fefcd8f000 	C:\Windows\system32\profapi.dll

VM Arguments:
jvm_args: -Djava.awt.headless=true -Xmx1024M -Dfile.encoding=windows-1252 -Duser.country=US -Duser.language=en -Duser.variant 
java_command: com.android.dx.command.Main --dex --force-jumbo --num-threads=4 --output D:\project\AndroidStudioProjects\projectKaraoke\app\build\intermediates\pre-dexed\debug\com.android.support-support-v4-23.4.0_c01c86a02aeaf286b3e657e1cf05e8348f15dbbc.jar D:\project\AndroidStudioProjects\projectKaraoke\app\build\intermediates\exploded-aar\com.android.support\support-v4\23.4.0\jars\classes.jar
java_class_path (initial): D:\Android\sdk\build-tools\23.0.3\lib\dx.jar
Launcher Type: SUN_STANDARD

Environment Variables:
JAVA_HOME=C:\Program Files\Java\jdk1.8.0_60
PATH=C:\ProgramData\Oracle\Java\javapath;C:\Program Files\Common Files\Microsoft Shared\Windows Live;C:\Program Files (x86)\HP SimplePass\x64;C:\Program Files (x86)\HP SimplePass\;;C:\Windows\system32;C:\Windows;C:\Windows\System32\Wbem;C:\Windows\System32\WindowsPowerShell\v1.0\;C:\Program Files (x86)\Java\jdk1.7.0_09\bin;C:\Strawberry\c\bin;C:\Strawberry\perl\site\bin;C:\Strawberry\perl\bin;C:\Program Files (x86)\Intel\OpenCL SDK\2.0\bin\x86;C:\Program Files (x86)\Intel\OpenCL SDK\2.0\bin\x64;C:\PROGRA~2\PICC;C:\Program Files (x86)\Microchip\xc16\v1.25\bin;C:\Program Files (x86)\Microchip\xc8\v1.35\bin;C:\Program Files\Java\jre1.8.0_65\bin;C:\Program Files\Java\jdk1.8.0_60\jre\bin;D:\Android\sdk\platform-tools;C:\Program Files\Common Files\Microsoft Shared\Windows Live;C:\Program Files\Java\jre1.8.0_65\bin
USERNAME=Nhut
OS=Windows_NT
PROCESSOR_IDENTIFIER=Intel64 Family 6 Model 42 Stepping 7, GenuineIntel



---------------  S Y S T E M  ---------------

OS: Windows 7 , 64 bit Build 7601 (6.1.7601.17514)

CPU:total 8 (4 cores per cpu, 2 threads per core) family 6 model 42 stepping 7, cmov, cx8, fxsr, mmx, sse, sse2, sse3, ssse3, sse4.1, sse4.2, popcnt, avx, aes, clmul, ht, tsc, tscinvbit

Memory: 4k page, physical 6238064k(746720k free), swap 8333368k(7520k free)

vm_info: Java HotSpot(TM) 64-Bit Server VM (25.60-b23) for windows-amd64 JRE (1.8.0_60-b27), built on Aug  4 2015 11:06:27 by "java_re" with MS VC++ 10.0 (VS2010)

time: Tue Jun 07 18:08:54 2016
elapsed time: 2 seconds (0d 0h 0m 2s)

