#
# There is insufficient memory for the Java Runtime Environment to continue.
# Native memory allocation (malloc) failed to allocate 891984 bytes for Chunk::new
# Possible reasons:
#   The system is out of physical RAM or swap space
#   In 32 bit mode, the process size limit was hit
# Possible solutions:
#   Reduce memory load on the system
#   Increase physical memory or swap space
#   Check if swap backing store is full
#   Use 64 bit Java on a 64 bit OS
#   Decrease Java heap size (-Xmx/-Xms)
#   Decrease number of Java threads
#   Decrease Java thread stack sizes (-Xss)
#   Set larger code cache with -XX:ReservedCodeCacheSize=
# This output file may be truncated or incomplete.
#
#  Out of Memory Error (allocation.cpp:390), pid=3548, tid=7196
#
# JRE version: Java(TM) SE Runtime Environment (8.0_60-b27) (build 1.8.0_60-b27)
# Java VM: Java HotSpot(TM) 64-Bit Server VM (25.60-b23 mixed mode windows-amd64 compressed oops)
# Failed to write core dump. Minidumps are not enabled by default on client versions of Windows
#

---------------  T H R E A D  ---------------

Current thread (0x0000000015679000):  JavaThread "C2 CompilerThread1" daemon [_thread_in_native, id=7196, stack(0x0000000017f30000,0x0000000018030000)]

Stack: [0x0000000017f30000,0x0000000018030000]
[error occurred during error reporting (printing stack bounds), id 0xc0000005]

Native frames: (J=compiled Java code, j=interpreted, Vv=VM code, C=native code)


Current CompileTask:
C2:   5162 2073   !   4       com.android.dx.cf.code.BytecodeArray::parseInstruction (2764 bytes)


---------------  P R O C E S S  ---------------

Java Threads: ( => current thread )
  0x000000001867e000 JavaThread "pool-1-thread-4" [_thread_blocked, id=8508, stack(0x00000000193d0000,0x00000000194d0000)]
  0x000000001867e800 JavaThread "pool-1-thread-3" [_thread_blocked, id=744, stack(0x00000000191c0000,0x00000000192c0000)]
  0x000000001867b800 JavaThread "pool-1-thread-2" [_thread_blocked, id=6784, stack(0x00000000190a0000,0x00000000191a0000)]
  0x000000001868a800 JavaThread "pool-2-thread-1" [_thread_blocked, id=4632, stack(0x0000000018fa0000,0x00000000190a0000)]
  0x000000001698b000 JavaThread "pool-1-thread-1" [_thread_blocked, id=5232, stack(0x0000000018e90000,0x0000000018f90000)]
  0x00000000167bf000 JavaThread "Service Thread" daemon [_thread_blocked, id=8720, stack(0x00000000183a0000,0x00000000184a0000)]
  0x0000000016732800 JavaThread "C1 CompilerThread3" daemon [_thread_blocked, id=9320, stack(0x0000000018190000,0x0000000018290000)]
  0x0000000016731800 JavaThread "C2 CompilerThread2" daemon [_thread_in_native, id=9556, stack(0x0000000018030000,0x0000000018130000)]
=>0x0000000015679000 JavaThread "C2 CompilerThread1" daemon [_thread_in_native, id=7196, stack(0x0000000017f30000,0x0000000018030000)]
  0x0000000016725000 JavaThread "C2 CompilerThread0" daemon [_thread_blocked, id=4400, stack(0x0000000017950000,0x0000000017a50000)]
  0x0000000016730800 JavaThread "Attach Listener" daemon [_thread_blocked, id=5040, stack(0x0000000017d20000,0x0000000017e20000)]
  0x000000001672f800 JavaThread "Signal Dispatcher" daemon [_thread_blocked, id=9928, stack(0x0000000017b80000,0x0000000017c80000)]
  0x000000001566e800 JavaThread "Finalizer" daemon [_thread_blocked, id=7100, stack(0x0000000017a80000,0x0000000017b80000)]
  0x0000000015667000 JavaThread "Reference Handler" daemon [_thread_blocked, id=2860, stack(0x0000000017620000,0x0000000017720000)]
  0x000000000035f000 JavaThread "main" [_thread_blocked, id=5064, stack(0x0000000002510000,0x0000000002610000)]

Other Threads:
  0x00000000166d2800 VMThread [stack: 0x00000000177e0000,0x00000000178e0000] [id=6692]
  0x00000000167d6000 WatcherThread [stack: 0x0000000018540000,0x0000000018640000] [id=8432]

VM state:at safepoint (normal execution)

VM Mutex/Monitor currently owned by a thread:  ([mutex/lock_event])
[0x000000000035c7a0] Threads_lock - owner thread: 0x00000000166d2800
[0x000000000035cca0] Heap_lock - owner thread: 0x000000000035f000

Heap:
 PSYoungGen      total 112128K, used 112117K [0x00000000eab00000, 0x00000000f2900000, 0x0000000100000000)
  eden space 96768K, 100% used [0x00000000eab00000,0x00000000f0980000,0x00000000f0980000)
  from space 15360K, 99% used [0x00000000f0980000,0x00000000f187d400,0x00000000f1880000)
  to   space 13824K, 50% used [0x00000000f1880000,0x00000000f1f5e690,0x00000000f2600000)
 ParOldGen       total 65536K, used 30910K [0x00000000c0000000, 0x00000000c4000000, 0x00000000eab00000)
  object space 65536K, 47% used [0x00000000c0000000,0x00000000c1e2f818,0x00000000c4000000)
 Metaspace       used 6511K, capacity 7256K, committed 7424K, reserved 1056768K
  class space    used 625K, capacity 656K, committed 768K, reserved 1048576K

Card table byte_map: [0x0000000011ca0000,0x0000000011eb0000] byte_map_base: 0x00000000116a0000

Marking Bits: (ParMarkBitMap*) 0x0000000054d7a5b0
 Begin Bits: [0x0000000012a80000, 0x0000000013a80000)
 End Bits:   [0x0000000013a80000, 0x0000000014a80000)

Polling page: 0x0000000000340000

CodeCache: size=245760Kb used=8251Kb max_used=8270Kb free=237508Kb
 bounds [0x00000000028e0000, 0x0000000003100000, 0x00000000118e0000]
 total_blobs=2340 nmethods=2070 adapters=182
 compilation: enabled

Compilation events (10 events):
Event: 4.071 Thread 0x0000000016732800 2101 %     3       com.android.dx.ssa.SsaRenamer::<init> @ 65 (100 bytes)
Event: 4.072 Thread 0x0000000016732800 nmethod 2101% 0x00000000030a68d0 code [0x00000000030a6ac0, 0x00000000030a7628]
Event: 4.078 Thread 0x0000000016732800 2102       2       com.android.dx.cf.code.Simulator::requiredArrayTypeFor (61 bytes)
Event: 4.079 Thread 0x0000000016732800 nmethod 2102 0x00000000030a6190 code [0x00000000030a6340, 0x00000000030a6638]
Event: 4.097 Thread 0x0000000016732800 2104       2       com.android.dx.rop.code.RegisterSpecList::withoutLast (60 bytes)
Event: 4.098 Thread 0x0000000016732800 nmethod 2104 0x00000000030a5410 code [0x00000000030a55e0, 0x00000000030a5b88]
Event: 4.467 Thread 0x0000000016725000 nmethod 2096% 0x00000000030c4ad0 code [0x00000000030c4ee0, 0x00000000030c94e8]
Event: 4.468 Thread 0x0000000016725000 1954       4       com.android.dx.ssa.SsaBasicBlock::newFromRop (183 bytes)
Event: 4.582 Thread 0x0000000016725000 nmethod 1954 0x00000000030d02d0 code [0x00000000030d0580, 0x00000000030d2b68]
Event: 4.582 Thread 0x0000000016725000 2076       4       com.android.dx.ssa.back.IdenticalBlockCombiner::combineBlocks (102 bytes)

GC Heap History (10 events):
Event: 1.141 GC heap before
{Heap before GC invocations=3 (full 0):
 PSYoungGen      total 28672K, used 28651K [0x00000000eab00000, 0x00000000ee300000, 0x0000000100000000)
  eden space 24576K, 100% used [0x00000000eab00000,0x00000000ec300000,0x00000000ec300000)
  from space 4096K, 99% used [0x00000000ec700000,0x00000000ecafac10,0x00000000ecb00000)
  to   space 4096K, 0% used [0x00000000ec300000,0x00000000ec300000,0x00000000ec700000)
 ParOldGen       total 65536K, used 2131K [0x00000000c0000000, 0x00000000c4000000, 0x00000000eab00000)
  object space 65536K, 3% used [0x00000000c0000000,0x00000000c0214d10,0x00000000c4000000)
 Metaspace       used 6087K, capacity 7024K, committed 7296K, reserved 1056768K
  class space    used 603K, capacity 616K, committed 640K, reserved 1048576K
Event: 1.152 GC heap after
Heap after GC invocations=3 (full 0):
 PSYoungGen      total 28672K, used 4079K [0x00000000eab00000, 0x00000000ee300000, 0x0000000100000000)
  eden space 24576K, 0% used [0x00000000eab00000,0x00000000eab00000,0x00000000ec300000)
  from space 4096K, 99% used [0x00000000ec300000,0x00000000ec6fbe78,0x00000000ec700000)
  to   space 4096K, 0% used [0x00000000edf00000,0x00000000edf00000,0x00000000ee300000)
 ParOldGen       total 65536K, used 5607K [0x00000000c0000000, 0x00000000c4000000, 0x00000000eab00000)
  object space 65536K, 8% used [0x00000000c0000000,0x00000000c0579d30,0x00000000c4000000)
 Metaspace       used 6087K, capacity 7024K, committed 7296K, reserved 1056768K
  class space    used 603K, capacity 616K, committed 640K, reserved 1048576K
}
Event: 1.275 GC heap before
{Heap before GC invocations=4 (full 0):
 PSYoungGen      total 28672K, used 28655K [0x00000000eab00000, 0x00000000ee300000, 0x0000000100000000)
  eden space 24576K, 100% used [0x00000000eab00000,0x00000000ec300000,0x00000000ec300000)
  from space 4096K, 99% used [0x00000000ec300000,0x00000000ec6fbe78,0x00000000ec700000)
  to   space 4096K, 0% used [0x00000000edf00000,0x00000000edf00000,0x00000000ee300000)
 ParOldGen       total 65536K, used 5607K [0x00000000c0000000, 0x00000000c4000000, 0x00000000eab00000)
  object space 65536K, 8% used [0x00000000c0000000,0x00000000c0579d30,0x00000000c4000000)
 Metaspace       used 6151K, capacity 7024K, committed 7296K, reserved 1056768K
  class space    used 604K, capacity 616K, committed 640K, reserved 1048576K
Event: 1.294 GC heap after
Heap after GC invocations=4 (full 0):
 PSYoungGen      total 53248K, used 4068K [0x00000000eab00000, 0x00000000ee300000, 0x0000000100000000)
  eden space 49152K, 0% used [0x00000000eab00000,0x00000000eab00000,0x00000000edb00000)
  from space 4096K, 99% used [0x00000000edf00000,0x00000000ee2f9120,0x00000000ee300000)
  to   space 4096K, 0% used [0x00000000edb00000,0x00000000edb00000,0x00000000edf00000)
 ParOldGen       total 65536K, used 10595K [0x00000000c0000000, 0x00000000c4000000, 0x00000000eab00000)
  object space 65536K, 16% used [0x00000000c0000000,0x00000000c0a58cc8,0x00000000c4000000)
 Metaspace       used 6151K, capacity 7024K, committed 7296K, reserved 1056768K
  class space    used 604K, capacity 616K, committed 640K, reserved 1048576K
}
Event: 1.644 GC heap before
{Heap before GC invocations=5 (full 0):
 PSYoungGen      total 53248K, used 53220K [0x00000000eab00000, 0x00000000ee300000, 0x0000000100000000)
  eden space 49152K, 100% used [0x00000000eab00000,0x00000000edb00000,0x00000000edb00000)
  from space 4096K, 99% used [0x00000000edf00000,0x00000000ee2f9120,0x00000000ee300000)
  to   space 4096K, 0% used [0x00000000edb00000,0x00000000edb00000,0x00000000edf00000)
 ParOldGen       total 65536K, used 10595K [0x00000000c0000000, 0x00000000c4000000, 0x00000000eab00000)
  object space 65536K, 16% used [0x00000000c0000000,0x00000000c0a58cc8,0x00000000c4000000)
 Metaspace       used 6272K, capacity 7152K, committed 7296K, reserved 1056768K
  class space    used 604K, capacity 616K, committed 640K, reserved 1048576K
Event: 1.662 GC heap after
Heap after GC invocations=5 (full 0):
 PSYoungGen      total 53248K, used 4095K [0x00000000eab00000, 0x00000000f2600000, 0x0000000100000000)
  eden space 49152K, 0% used [0x00000000eab00000,0x00000000eab00000,0x00000000edb00000)
  from space 4096K, 99% used [0x00000000edb00000,0x00000000edefff20,0x00000000edf00000)
  to   space 13824K, 0% used [0x00000000f1880000,0x00000000f1880000,0x00000000f2600000)
 ParOldGen       total 65536K, used 18346K [0x00000000c0000000, 0x00000000c4000000, 0x00000000eab00000)
  object space 65536K, 27% used [0x00000000c0000000,0x00000000c11ea9f0,0x00000000c4000000)
 Metaspace       used 6272K, capacity 7152K, committed 7296K, reserved 1056768K
  class space    used 604K, capacity 616K, committed 640K, reserved 1048576K
}
Event: 2.075 GC heap before
{Heap before GC invocations=6 (full 0):
 PSYoungGen      total 53248K, used 53247K [0x00000000eab00000, 0x00000000f2600000, 0x0000000100000000)
  eden space 49152K, 100% used [0x00000000eab00000,0x00000000edb00000,0x00000000edb00000)
  from space 4096K, 99% used [0x00000000edb00000,0x00000000edefff20,0x00000000edf00000)
  to   space 13824K, 0% used [0x00000000f1880000,0x00000000f1880000,0x00000000f2600000)
 ParOldGen       total 65536K, used 18346K [0x00000000c0000000, 0x00000000c4000000, 0x00000000eab00000)
  object space 65536K, 27% used [0x00000000c0000000,0x00000000c11ea9f0,0x00000000c4000000)
 Metaspace       used 6325K, capacity 7152K, committed 7296K, reserved 1056768K
  class space    used 604K, capacity 616K, committed 640K, reserved 1048576K
Event: 2.104 GC heap after
Heap after GC invocations=6 (full 0):
 PSYoungGen      total 110592K, used 11809K [0x00000000eab00000, 0x00000000f2900000, 0x0000000100000000)
  eden space 96768K, 0% used [0x00000000eab00000,0x00000000eab00000,0x00000000f0980000)
  from space 13824K, 85% used [0x00000000f1880000,0x00000000f24087d8,0x00000000f2600000)
  to   space 15360K, 0% used [0x00000000f0980000,0x00000000f0980000,0x00000000f1880000)
 ParOldGen       total 65536K, used 18354K [0x00000000c0000000, 0x00000000c4000000, 0x00000000eab00000)
  object space 65536K, 28% used [0x00000000c0000000,0x00000000c11ec9f0,0x00000000c4000000)
 Metaspace       used 6325K, capacity 7152K, committed 7296K, reserved 1056768K
  class space    used 604K, capacity 616K, committed 640K, reserved 1048576K
}
Event: 3.057 GC heap before
{Heap before GC invocations=7 (full 0):
 PSYoungGen      total 110592K, used 108577K [0x00000000eab00000, 0x00000000f2900000, 0x0000000100000000)
  eden space 96768K, 100% used [0x00000000eab00000,0x00000000f0980000,0x00000000f0980000)
  from space 13824K, 85% used [0x00000000f1880000,0x00000000f24087d8,0x00000000f2600000)
  to   space 15360K, 0% used [0x00000000f0980000,0x00000000f0980000,0x00000000f1880000)
 ParOldGen       total 65536K, used 18354K [0x00000000c0000000, 0x00000000c4000000, 0x00000000eab00000)
  object space 65536K, 28% used [0x00000000c0000000,0x00000000c11ec9f0,0x00000000c4000000)
 Metaspace       used 6485K, capacity 7256K, committed 7424K, reserved 1056768K
  class space    used 625K, capacity 656K, committed 768K, reserved 1048576K
Event: 4.001 GC heap after
Heap after GC invocations=7 (full 0):
 PSYoungGen      total 112128K, used 15349K [0x00000000eab00000, 0x00000000f2900000, 0x0000000100000000)
  eden space 96768K, 0% used [0x00000000eab00000,0x00000000eab00000,0x00000000f0980000)
  from space 15360K, 99% used [0x00000000f0980000,0x00000000f187d400,0x00000000f1880000)
  to   space 13824K, 0% used [0x00000000f1880000,0x00000000f1880000,0x00000000f2600000)
 ParOldGen       total 65536K, used 29954K [0x00000000c0000000, 0x00000000c4000000, 0x00000000eab00000)
  object space 65536K, 45% used [0x00000000c0000000,0x00000000c1d40bd8,0x00000000c4000000)
 Metaspace       used 6485K, capacity 7256K, committed 7424K, reserved 1056768K
  class space    used 625K, capacity 656K, committed 768K, reserved 1048576K
}

Deoptimization events (10 events):
Event: 1.677 Thread 0x000000001867b800 Uncommon trap: reason=bimorphic action=maybe_recompile pc=0x0000000002e0ed88 method=com.android.dx.cf.code.BytecodeArray.parseInstruction(ILcom/android/dx/cf/code/BytecodeArray$Visitor;)I @ 1130
Event: 1.677 Thread 0x000000001867b800 Uncommon trap: reason=bimorphic action=maybe_recompile pc=0x0000000002e0ed88 method=com.android.dx.cf.code.BytecodeArray.parseInstruction(ILcom/android/dx/cf/code/BytecodeArray$Visitor;)I @ 1130
Event: 1.896 Thread 0x000000001698b000 Uncommon trap: reason=unstable_if action=reinterpret pc=0x0000000002ead5f0 method=com.android.dx.ssa.SCCP.simulateBranch(Lcom/android/dx/ssa/SsaInsn;)V @ 64
Event: 1.900 Thread 0x000000001698b000 Uncommon trap: reason=class_check action=maybe_recompile pc=0x0000000002ca1bf4 method=java.util.HashMap.putVal(ILjava/lang/Object;Ljava/lang/Object;ZZ)Ljava/lang/Object; @ 203
Event: 2.847 Thread 0x000000001867e000 Uncommon trap: reason=class_check action=maybe_recompile pc=0x0000000003000cec method=com.android.dx.cf.code.BytecodeArray.parseInstruction(ILcom/android/dx/cf/code/BytecodeArray$Visitor;)I @ 1417
Event: 2.853 Thread 0x000000001698b000 Uncommon trap: reason=class_check action=maybe_recompile pc=0x0000000003000cec method=com.android.dx.cf.code.BytecodeArray.parseInstruction(ILcom/android/dx/cf/code/BytecodeArray$Visitor;)I @ 1417
Event: 2.854 Thread 0x000000001698b000 Uncommon trap: reason=class_check action=maybe_recompile pc=0x0000000003000cec method=com.android.dx.cf.code.BytecodeArray.parseInstruction(ILcom/android/dx/cf/code/BytecodeArray$Visitor;)I @ 1417
Event: 2.868 Thread 0x000000001867e000 Uncommon trap: reason=class_check action=maybe_recompile pc=0x0000000003000cec method=com.android.dx.cf.code.BytecodeArray.parseInstruction(ILcom/android/dx/cf/code/BytecodeArray$Visitor;)I @ 1417
Event: 3.005 Thread 0x000000001867e000 Uncommon trap: reason=unstable_if action=reinterpret pc=0x0000000002b917f0 method=java.util.HashMap.putVal(ILjava/lang/Object;Ljava/lang/Object;ZZ)Ljava/lang/Object; @ 162
Event: 3.010 Thread 0x000000001867e000 Uncommon trap: reason=unstable_if action=reinterpret pc=0x0000000002e01530 method=java.util.HashMap.getNode(ILjava/lang/Object;)Ljava/util/HashMap$Node; @ 84

Internal exceptions (6 events):
Event: 0.125 Thread 0x000000000035f000 Exception <a 'java/lang/NoSuchMethodError': Method sun.misc.Unsafe.defineClass(Ljava/lang/String;[BII)Ljava/lang/Class; name or signature does not match> (0x00000000eab0d790) thrown at [C:\re\workspace\8-2-build-windows-amd64-cygwin\jdk8u60\4407\hotspot\srôzÉ!*î¿?
Event: 0.125 Thread 0x000000000035f000 Exception <a 'java/lang/NoSuchMethodError': Method sun.misc.Unsafe.prefetchRead(Ljava/lang/Object;J)V name or signature does not match> (0x00000000eab0da78) thrown at [C:\re\workspace\8-2-build-windows-amd64-cygwin\jdk8u60\4407\hotspot\src\share\vm\prims\j'–sú“5í?
Event: 0.913 Thread 0x000000001867e800 Implicit null exception at 0x0000000002b3c452 to 0x0000000002b3c551
Event: 3.008 Thread 0x000000001867e000 Exception <a 'java/lang/ArrayIndexOutOfBoundsException': 18> (0x00000000f020f3a8) thrown at [C:\re\workspace\8-2-build-windows-amd64-cygwin\jdk8u60\4407\hotspot\src\share\vm\interpreter\interpreterRuntime.cpp, line 366]
Event: 3.008 Thread 0x000000001867e000 Exception <a 'java/lang/ArrayIndexOutOfBoundsException': 145> (0x00000000f0210f28) thrown at [C:\re\workspace\8-2-build-windows-amd64-cygwin\jdk8u60\4407\hotspot\src\share\vm\interpreter\interpreterRuntime.cpp, line 366]
Event: 3.009 Thread 0x000000001867e000 Exception <a 'java/lang/ArrayIndexOutOfBoundsException'> (0x00000000f0212210) thrown at [C:\re\workspace\8-2-build-windows-amd64-cygwin\jdk8u60\4407\hotspot\src\share\vm\runtime\sharedRuntime.cpp, line 605]

Events (10 events):
Event: 3.010 loading class sun/reflect/generics/reflectiveObjects/TypeVariableImpl done
Event: 3.010 Thread 0x000000001867e000 Uncommon trap: trap_request=0xffffff65 fr.pc=0x0000000002e01530
Event: 3.011 Thread 0x000000001867e000 DEOPT PACKING pc=0x0000000002e01530 sp=0x00000000194ce710
Event: 3.011 Thread 0x000000001867e000 DEOPT UNPACKING pc=0x000000000292582a sp=0x00000000194ce630 mode 2
Event: 3.045 Executing VM operation: ParallelGCFailedAllocation
Event: 4.001 Executing VM operation: ParallelGCFailedAllocation done
Event: 4.091 Thread 0x000000001698b000 DEOPT PACKING pc=0x0000000002c636a4 sp=0x0000000018f8e770
Event: 4.091 Thread 0x000000001698b000 DEOPT UNPACKING pc=0x000000000292787f sp=0x0000000018f8e488 mode 0
Event: 4.265 Executing VM operation: EnableBiasedLocking
Event: 4.266 Executing VM operation: EnableBiasedLocking done


Dynamic libraries:
0x000000013ff70000 - 0x000000013ffa7000 	C:\Program Files\Java\jdk1.8.0_60\bin\java.exe
0x0000000077ba0000 - 0x0000000077d49000 	C:\Windows\SYSTEM32\ntdll.dll
0x0000000077a80000 - 0x0000000077b9f000 	C:\Windows\system32\kernel32.dll
0x000007fefde10000 - 0x000007fefde7b000 	C:\Windows\system32\KERNELBASE.dll
0x000007feff690000 - 0x000007feff76b000 	C:\Windows\system32\ADVAPI32.dll
0x000007fefe630000 - 0x000007fefe6cf000 	C:\Windows\system32\msvcrt.dll
0x000007feffe30000 - 0x000007feffe4f000 	C:\Windows\SYSTEM32\sechost.dll
0x000007feff960000 - 0x000007feffa8d000 	C:\Windows\system32\RPCRT4.dll
0x0000000077980000 - 0x0000000077a7a000 	C:\Windows\system32\USER32.dll
0x000007fefe360000 - 0x000007fefe3c7000 	C:\Windows\system32\GDI32.dll
0x000007feffc80000 - 0x000007feffc8e000 	C:\Windows\system32\LPK.dll
0x000007feff810000 - 0x000007feff8d9000 	C:\Windows\system32\USP10.dll
0x000007fefbcd0000 - 0x000007fefbec4000 	C:\Windows\WinSxS\amd64_microsoft.windows.common-controls_6595b64144ccf1df_6.0.7601.17514_none_fa396087175ac9ac\COMCTL32.dll
0x000007fefe6d0000 - 0x000007fefe741000 	C:\Windows\system32\SHLWAPI.dll
0x000007fefe8d0000 - 0x000007fefe8fe000 	C:\Windows\system32\IMM32.DLL
0x000007fefe250000 - 0x000007fefe359000 	C:\Windows\system32\MSCTF.dll
0x0000000054f00000 - 0x0000000054fd2000 	C:\Program Files\Java\jdk1.8.0_60\jre\bin\msvcr100.dll
0x0000000054570000 - 0x0000000054df9000 	C:\Program Files\Java\jdk1.8.0_60\jre\bin\server\jvm.dll
0x000007feec030000 - 0x000007feec039000 	C:\Windows\system32\WSOCK32.dll
0x000007fefe750000 - 0x000007fefe79d000 	C:\Windows\system32\WS2_32.dll
0x000007feffc70000 - 0x000007feffc78000 	C:\Windows\system32\NSI.dll
0x000007fefc600000 - 0x000007fefc63b000 	C:\Windows\system32\WINMM.dll
0x000007fefcc50000 - 0x000007fefcc5c000 	C:\Windows\system32\VERSION.dll
0x0000000077d70000 - 0x0000000077d77000 	C:\Windows\system32\PSAPI.DLL
0x0000000074260000 - 0x000000007426f000 	C:\Program Files\Java\jdk1.8.0_60\jre\bin\verify.dll
0x000000005ade0000 - 0x000000005ae09000 	C:\Program Files\Java\jdk1.8.0_60\jre\bin\java.dll
0x000000005bba0000 - 0x000000005bbb6000 	C:\Program Files\Java\jdk1.8.0_60\jre\bin\zip.dll
0x000007fefe900000 - 0x000007feff688000 	C:\Windows\system32\SHELL32.dll
0x000007fefdec0000 - 0x000007fefe0c3000 	C:\Windows\system32\ole32.dll
0x000007fefdaf0000 - 0x000007fefdaff000 	C:\Windows\system32\profapi.dll

VM Arguments:
jvm_args: -Djava.awt.headless=true -Xmx1024M -Dfile.encoding=windows-1252 -Duser.country=US -Duser.language=en -Duser.variant 
java_command: com.android.dx.command.Main --dex --force-jumbo --num-threads=4 --output D:\project\AndroidStudioProjects\HocListViewCoBan\app\build\intermediates\pre-dexed\debug\com.android.support-support-v4-23.4.0_e26b792e9d855ecd6f7cc5d8165b60041e666f26.jar D:\project\AndroidStudioProjects\HocListViewCoBan\app\build\intermediates\exploded-aar\com.android.support\support-v4\23.4.0\jars\classes.jar
java_class_path (initial): D:\Android\sdk\build-tools\23.0.3\lib\dx.jar
Launcher Type: SUN_STANDARD

Environment Variables:
JAVA_HOME=C:\Program Files\Java\jdk1.8.0_60
PATH=C:\ProgramData\Oracle\Java\javapath;C:\Program Files\Common Files\Microsoft Shared\Windows Live;C:\Program Files (x86)\HP SimplePass\x64;C:\Program Files (x86)\HP SimplePass\;;C:\Windows\system32;C:\Windows;C:\Windows\System32\Wbem;C:\Windows\System32\WindowsPowerShell\v1.0\;C:\Program Files (x86)\Java\jdk1.7.0_09\bin;C:\Strawberry\c\bin;C:\Strawberry\perl\site\bin;C:\Strawberry\perl\bin;C:\Program Files (x86)\Intel\OpenCL SDK\2.0\bin\x86;C:\Program Files (x86)\Intel\OpenCL SDK\2.0\bin\x64;C:\PROGRA~2\PICC;C:\Program Files (x86)\Microchip\xc16\v1.25\bin;C:\Program Files (x86)\Microchip\xc8\v1.35\bin;C:\Program Files\Java\jre1.8.0_65\bin;C:\Program Files\Java\jdk1.8.0_60\jre\bin;D:\Android\sdk\platform-tools;C:\Program Files\Common Files\Microsoft Shared\Windows Live;C:\Program Files\Java\jre1.8.0_65\bin
USERNAME=Nhut
OS=Windows_NT
PROCESSOR_IDENTIFIER=Intel64 Family 6 Model 42 Stepping 7, GenuineIntel



---------------  S Y S T E M  ---------------

OS: Windows 7 , 64 bit Build 7601 (6.1.7601.17514)

CPU:total 8 (4 cores per cpu, 2 threads per core) family 6 model 42 stepping 7, cmov, cx8, fxsr, mmx, sse, sse2, sse3, ssse3, sse4.1, sse4.2, popcnt, avx, aes, clmul, ht, tsc, tscinvbit

Memory: 4k page, physical 6238064k(242448k free), swap 8333368k(111112k free)

vm_info: Java HotSpot(TM) 64-Bit Server VM (25.60-b23) for windows-amd64 JRE (1.8.0_60-b27), built on Aug  4 2015 11:06:27 by "java_re" with MS VC++ 10.0 (VS2010)

time: Tue May 31 14:55:05 2016
elapsed time: 5 seconds (0d 0h 0m 5s)

