#
# There is insufficient memory for the Java Runtime Environment to continue.
# Native memory allocation (malloc) failed to allocate 1126096 bytes for Chunk::new
# Possible reasons:
#   The system is out of physical RAM or swap space
#   In 32 bit mode, the process size limit was hit
# Possible solutions:
#   Reduce memory load on the system
#   Increase physical memory or swap space
#   Check if swap backing store is full
#   Use 64 bit Java on a 64 bit OS
#   Decrease Java heap size (-Xmx/-Xms)
#   Decrease number of Java threads
#   Decrease Java thread stack sizes (-Xss)
#   Set larger code cache with -XX:ReservedCodeCacheSize=
# This output file may be truncated or incomplete.
#
#  Out of Memory Error (allocation.cpp:390), pid=6740, tid=9276
#
# JRE version: Java(TM) SE Runtime Environment (8.0_60-b27) (build 1.8.0_60-b27)
# Java VM: Java HotSpot(TM) 64-Bit Server VM (25.60-b23 mixed mode windows-amd64 compressed oops)
# Failed to write core dump. Minidumps are not enabled by default on client versions of Windows
#

---------------  T H R E A D  ---------------

Current thread (0x0000000016908000):  JavaThread "C2 CompilerThread1" daemon [_thread_in_native, id=9276, stack(0x00000000181b0000,0x00000000182b0000)]

Stack: [0x00000000181b0000,0x00000000182b0000]
[error occurred during error reporting (printing stack bounds), id 0xc0000005]

Native frames: (J=compiled Java code, j=interpreted, Vv=VM code, C=native code)


Current CompileTask:
C2:   7306 1744   !   4       com.android.dx.cf.code.BytecodeArray::parseInstruction (2764 bytes)


---------------  P R O C E S S  ---------------

Java Threads: ( => current thread )
  0x0000000018785800 JavaThread "pool-1-thread-4" [_thread_blocked, id=10100, stack(0x00000000196a0000,0x00000000197a0000)]
  0x0000000018782800 JavaThread "pool-1-thread-3" [_thread_blocked, id=9360, stack(0x0000000019580000,0x0000000019680000)]
  0x0000000016c0f000 JavaThread "pool-1-thread-2" [_thread_blocked, id=9688, stack(0x0000000019430000,0x0000000019530000)]
  0x0000000016bb1000 JavaThread "pool-2-thread-1" [_thread_blocked, id=9956, stack(0x0000000019290000,0x0000000019390000)]
  0x0000000016bf9800 JavaThread "pool-1-thread-1" [_thread_blocked, id=2476, stack(0x0000000019090000,0x0000000019190000)]
  0x000000001697f000 JavaThread "Service Thread" daemon [_thread_blocked, id=5296, stack(0x0000000018080000,0x0000000018180000)]
  0x000000001695f800 JavaThread "C1 CompilerThread3" daemon [_thread_blocked, id=9960, stack(0x00000000184e0000,0x00000000185e0000)]
  0x000000001695e000 JavaThread "C2 CompilerThread2" daemon [_thread_blocked, id=6444, stack(0x0000000018390000,0x0000000018490000)]
=>0x0000000016908000 JavaThread "C2 CompilerThread1" daemon [_thread_in_native, id=9276, stack(0x00000000181b0000,0x00000000182b0000)]
  0x0000000016900800 JavaThread "C2 CompilerThread0" daemon [_thread_in_native, id=7396, stack(0x0000000017d10000,0x0000000017e10000)]
  0x00000000168fd000 JavaThread "Attach Listener" daemon [_thread_blocked, id=8404, stack(0x0000000017f50000,0x0000000018050000)]
  0x00000000168fc000 JavaThread "Signal Dispatcher" daemon [_thread_blocked, id=10080, stack(0x0000000017e50000,0x0000000017f50000)]
  0x0000000015956000 JavaThread "Finalizer" daemon [_thread_blocked, id=8444, stack(0x0000000017ba0000,0x0000000017ca0000)]
  0x0000000015954800 JavaThread "Reference Handler" daemon [_thread_blocked, id=8692, stack(0x00000000178a0000,0x00000000179a0000)]
  0x0000000001f7f000 JavaThread "main" [_thread_blocked, id=9368, stack(0x0000000002690000,0x0000000002790000)]

Other Threads:
  0x00000000168b2800 VMThread [stack: 0x00000000179b0000,0x0000000017ab0000] [id=9896]
  0x0000000016990000 WatcherThread [stack: 0x0000000018620000,0x0000000018720000] [id=7280]

VM state:at safepoint (normal execution)

VM Mutex/Monitor currently owned by a thread:  ([mutex/lock_event])
[0x0000000001f7c7a0] Threads_lock - owner thread: 0x00000000168b2800
[0x0000000001f7cca0] Heap_lock - owner thread: 0x0000000001f7f000

Heap:
 PSYoungGen      total 53248K, used 53233K [0x00000000eab00000, 0x00000000f1300000, 0x0000000100000000)
  eden space 49152K, 100% used [0x00000000eab00000,0x00000000edb00000,0x00000000edb00000)
  from space 4096K, 99% used [0x00000000edf00000,0x00000000ee2fc4d8,0x00000000ee300000)
  to   space 4096K, 99% used [0x00000000edb00000,0x00000000edeff030,0x00000000edf00000)
 ParOldGen       total 65536K, used 25561K [0x00000000c0000000, 0x00000000c4000000, 0x00000000eab00000)
  object space 65536K, 39% used [0x00000000c0000000,0x00000000c18f67d0,0x00000000c4000000)
 Metaspace       used 6377K, capacity 7192K, committed 7424K, reserved 1056768K
  class space    used 624K, capacity 656K, committed 768K, reserved 1048576K

Card table byte_map: [0x0000000011e20000,0x0000000012030000] byte_map_base: 0x0000000011820000

Marking Bits: (ParMarkBitMap*) 0x0000000054d7a5b0
 Begin Bits: [0x0000000012d70000, 0x0000000013d70000)
 End Bits:   [0x0000000013d70000, 0x0000000014d70000)

Polling page: 0x0000000000230000

CodeCache: size=245760Kb used=8516Kb max_used=8516Kb free=237243Kb
 bounds [0x0000000002a60000, 0x00000000032c0000, 0x0000000011a60000]
 total_blobs=2145 nmethods=1876 adapters=182
 compilation: enabled

Compilation events (10 events):
Event: 7.179 Thread 0x000000001695f800 1895       2       com.android.dx.util.ByteArray::makeInputStream (9 bytes)
Event: 7.179 Thread 0x000000001695f800 nmethod 1895 0x00000000032b6590 code [0x00000000032b66e0, 0x00000000032b6890]
Event: 7.181 Thread 0x000000001695f800 1896       2       java.util.concurrent.FutureTask::set (36 bytes)
Event: 7.181 Thread 0x000000001695f800 nmethod 1896 0x00000000032b6910 code [0x00000000032b6a80, 0x00000000032b6c68]
Event: 7.184 Thread 0x000000001695f800 1897       2       java.util.BitSet::trimToSize (32 bytes)
Event: 7.185 Thread 0x000000001695f800 nmethod 1897 0x00000000032b6d10 code [0x00000000032b6e80, 0x00000000032b7158]
Event: 7.186 Thread 0x000000001695f800 1898       1       com.android.dx.dex.file.OffsettedItem::getAlignment (5 bytes)
Event: 7.186 Thread 0x000000001695f800 nmethod 1898 0x00000000032b7290 code [0x00000000032b73e0, 0x00000000032b74f0]
Event: 7.201 Thread 0x000000001695f800 1900       2       com.android.dx.rop.code.BasicBlockList::preferredSuccessorOf (77 bytes)
Event: 7.202 Thread 0x000000001695f800 nmethod 1900 0x00000000032b7550 code [0x00000000032b76e0, 0x00000000032b7948]

GC Heap History (9 events):
Event: 1.715 GC heap before
{Heap before GC invocations=1 (full 0):
 PSYoungGen      total 28672K, used 24576K [0x00000000eab00000, 0x00000000ecb00000, 0x0000000100000000)
  eden space 24576K, 100% used [0x00000000eab00000,0x00000000ec300000,0x00000000ec300000)
  from space 4096K, 0% used [0x00000000ec700000,0x00000000ec700000,0x00000000ecb00000)
  to   space 4096K, 0% used [0x00000000ec300000,0x00000000ec300000,0x00000000ec700000)
 ParOldGen       total 65536K, used 0K [0x00000000c0000000, 0x00000000c4000000, 0x00000000eab00000)
  object space 65536K, 0% used [0x00000000c0000000,0x00000000c0000000,0x00000000c4000000)
 Metaspace       used 5848K, capacity 6768K, committed 7040K, reserved 1056768K
  class space    used 601K, capacity 616K, committed 640K, reserved 1048576K
Event: 2.028 GC heap after
Heap after GC invocations=1 (full 0):
 PSYoungGen      total 28672K, used 4081K [0x00000000eab00000, 0x00000000ee300000, 0x0000000100000000)
  eden space 24576K, 0% used [0x00000000eab00000,0x00000000eab00000,0x00000000ec300000)
  from space 4096K, 99% used [0x00000000ec300000,0x00000000ec6fc6b0,0x00000000ec700000)
  to   space 4096K, 0% used [0x00000000edf00000,0x00000000edf00000,0x00000000ee300000)
 ParOldGen       total 65536K, used 608K [0x00000000c0000000, 0x00000000c4000000, 0x00000000eab00000)
  object space 65536K, 0% used [0x00000000c0000000,0x00000000c00980d8,0x00000000c4000000)
 Metaspace       used 5848K, capacity 6768K, committed 7040K, reserved 1056768K
  class space    used 601K, capacity 616K, committed 640K, reserved 1048576K
}
Event: 2.957 GC heap before
{Heap before GC invocations=2 (full 0):
 PSYoungGen      total 28672K, used 28657K [0x00000000eab00000, 0x00000000ee300000, 0x0000000100000000)
  eden space 24576K, 100% used [0x00000000eab00000,0x00000000ec300000,0x00000000ec300000)
  from space 4096K, 99% used [0x00000000ec300000,0x00000000ec6fc6b0,0x00000000ec700000)
  to   space 4096K, 0% used [0x00000000edf00000,0x00000000edf00000,0x00000000ee300000)
 ParOldGen       total 65536K, used 608K [0x00000000c0000000, 0x00000000c4000000, 0x00000000eab00000)
  object space 65536K, 0% used [0x00000000c0000000,0x00000000c00980d8,0x00000000c4000000)
 Metaspace       used 6146K, capacity 7024K, committed 7296K, reserved 1056768K
  class space    used 602K, capacity 616K, committed 640K, reserved 1048576K
Event: 2.997 GC heap after
Heap after GC invocations=2 (full 0):
 PSYoungGen      total 53248K, used 4065K [0x00000000eab00000, 0x00000000ee300000, 0x0000000100000000)
  eden space 49152K, 0% used [0x00000000eab00000,0x00000000eab00000,0x00000000edb00000)
  from space 4096K, 99% used [0x00000000edf00000,0x00000000ee2f85d0,0x00000000ee300000)
  to   space 4096K, 0% used [0x00000000edb00000,0x00000000edb00000,0x00000000edf00000)
 ParOldGen       total 65536K, used 3174K [0x00000000c0000000, 0x00000000c4000000, 0x00000000eab00000)
  object space 65536K, 4% used [0x00000000c0000000,0x00000000c03199a8,0x00000000c4000000)
 Metaspace       used 6146K, capacity 7024K, committed 7296K, reserved 1056768K
  class space    used 602K, capacity 616K, committed 640K, reserved 1048576K
}
Event: 6.640 GC heap before
{Heap before GC invocations=3 (full 0):
 PSYoungGen      total 53248K, used 53217K [0x00000000eab00000, 0x00000000ee300000, 0x0000000100000000)
  eden space 49152K, 100% used [0x00000000eab00000,0x00000000edb00000,0x00000000edb00000)
  from space 4096K, 99% used [0x00000000edf00000,0x00000000ee2f85d0,0x00000000ee300000)
  to   space 4096K, 0% used [0x00000000edb00000,0x00000000edb00000,0x00000000edf00000)
 ParOldGen       total 65536K, used 3174K [0x00000000c0000000, 0x00000000c4000000, 0x00000000eab00000)
  object space 65536K, 4% used [0x00000000c0000000,0x00000000c03199a8,0x00000000c4000000)
 Metaspace       used 6234K, capacity 7088K, committed 7296K, reserved 1056768K
  class space    used 603K, capacity 616K, committed 640K, reserved 1048576K
Event: 6.752 GC heap after
Heap after GC invocations=3 (full 0):
 PSYoungGen      total 53248K, used 4087K [0x00000000eab00000, 0x00000000ee300000, 0x0000000100000000)
  eden space 49152K, 0% used [0x00000000eab00000,0x00000000eab00000,0x00000000edb00000)
  from space 4096K, 99% used [0x00000000edb00000,0x00000000edefdcf8,0x00000000edf00000)
  to   space 4096K, 0% used [0x00000000edf00000,0x00000000edf00000,0x00000000ee300000)
 ParOldGen       total 65536K, used 10915K [0x00000000c0000000, 0x00000000c4000000, 0x00000000eab00000)
  object space 65536K, 16% used [0x00000000c0000000,0x00000000c0aa8db8,0x00000000c4000000)
 Metaspace       used 6234K, capacity 7088K, committed 7296K, reserved 1056768K
  class space    used 603K, capacity 616K, committed 640K, reserved 1048576K
}
Event: 6.999 GC heap before
{Heap before GC invocations=4 (full 0):
 PSYoungGen      total 53248K, used 53239K [0x00000000eab00000, 0x00000000ee300000, 0x0000000100000000)
  eden space 49152K, 100% used [0x00000000eab00000,0x00000000edb00000,0x00000000edb00000)
  from space 4096K, 99% used [0x00000000edb00000,0x00000000edefdcf8,0x00000000edf00000)
  to   space 4096K, 0% used [0x00000000edf00000,0x00000000edf00000,0x00000000ee300000)
 ParOldGen       total 65536K, used 10915K [0x00000000c0000000, 0x00000000c4000000, 0x00000000eab00000)
  object space 65536K, 16% used [0x00000000c0000000,0x00000000c0aa8db8,0x00000000c4000000)
 Metaspace       used 6272K, capacity 7152K, committed 7296K, reserved 1056768K
  class space    used 603K, capacity 616K, committed 640K, reserved 1048576K
Event: 7.026 GC heap after
Heap after GC invocations=4 (full 0):
 PSYoungGen      total 53248K, used 4081K [0x00000000eab00000, 0x00000000f1300000, 0x0000000100000000)
  eden space 49152K, 0% used [0x00000000eab00000,0x00000000eab00000,0x00000000edb00000)
  from space 4096K, 99% used [0x00000000edf00000,0x00000000ee2fc4d8,0x00000000ee300000)
  to   space 4096K, 0% used [0x00000000edb00000,0x00000000edb00000,0x00000000edf00000)
 ParOldGen       total 65536K, used 18584K [0x00000000c0000000, 0x00000000c4000000, 0x00000000eab00000)
  object space 65536K, 28% used [0x00000000c0000000,0x00000000c1226340,0x00000000c4000000)
 Metaspace       used 6272K, capacity 7152K, committed 7296K, reserved 1056768K
  class space    used 603K, capacity 616K, committed 640K, reserved 1048576K
}
Event: 7.236 GC heap before
{Heap before GC invocations=5 (full 0):
 PSYoungGen      total 53248K, used 53233K [0x00000000eab00000, 0x00000000f1300000, 0x0000000100000000)
  eden space 49152K, 100% used [0x00000000eab00000,0x00000000edb00000,0x00000000edb00000)
  from space 4096K, 99% used [0x00000000edf00000,0x00000000ee2fc4d8,0x00000000ee300000)
  to   space 4096K, 0% used [0x00000000edb00000,0x00000000edb00000,0x00000000edf00000)
 ParOldGen       total 65536K, used 18584K [0x00000000c0000000, 0x00000000c4000000, 0x00000000eab00000)
  object space 65536K, 28% used [0x00000000c0000000,0x00000000c1226340,0x00000000c4000000)
 Metaspace       used 6377K, capacity 7192K, committed 7424K, reserved 1056768K
  class space    used 624K, capacity 656K, committed 768K, reserved 1048576K

Deoptimization events (10 events):
Event: 7.083 Thread 0x0000000018785800 Uncommon trap: reason=unstable_if action=reinterpret pc=0x0000000003298d34 method=com.android.dx.ssa.SCCP.simulateStmt(Lcom/android/dx/ssa/SsaInsn;)V @ 59
Event: 7.103 Thread 0x0000000016c0f000 Uncommon trap: reason=bimorphic action=maybe_recompile pc=0x0000000002e4a77c method=java.util.HashMap.putVal(ILjava/lang/Object;Ljava/lang/Object;ZZ)Ljava/lang/Object; @ 203
Event: 7.103 Thread 0x0000000016c0f000 Uncommon trap: reason=bimorphic action=maybe_recompile pc=0x0000000002e4a77c method=java.util.HashMap.putVal(ILjava/lang/Object;Ljava/lang/Object;ZZ)Ljava/lang/Object; @ 203
Event: 7.107 Thread 0x0000000016c0f000 Uncommon trap: reason=unstable_if action=reinterpret pc=0x0000000002d807cc method=java.util.HashMap.putVal(ILjava/lang/Object;Ljava/lang/Object;ZZ)Ljava/lang/Object; @ 162
Event: 7.115 Thread 0x0000000018782800 Uncommon trap: reason=unstable_if action=reinterpret pc=0x000000000329e474 method=com.android.dx.ssa.LiteralOpUpgrader$1.visitNonMoveInsn(Lcom/android/dx/ssa/NormalSsaInsn;)V @ 176
Event: 7.154 Thread 0x0000000001f7f000 Uncommon trap: reason=unstable_if action=reinterpret pc=0x0000000002e4a2b4 method=java.util.HashMap.putVal(ILjava/lang/Object;Ljava/lang/Object;ZZ)Ljava/lang/Object; @ 162
Event: 7.155 Thread 0x0000000001f7f000 Uncommon trap: reason=unstable_if action=reinterpret pc=0x0000000002cac948 method=java.util.HashMap.getNode(ILjava/lang/Object;)Ljava/util/HashMap$Node; @ 84
Event: 7.160 Thread 0x0000000016bf9800 Uncommon trap: reason=bimorphic action=maybe_recompile pc=0x000000000307f654 method=com.android.dx.ssa.SCCP.simulatePhi(Lcom/android/dx/ssa/PhiInsn;)V @ 124
Event: 7.166 Thread 0x0000000016bf9800 Uncommon trap: reason=bimorphic action=maybe_recompile pc=0x000000000307f654 method=com.android.dx.ssa.SCCP.simulatePhi(Lcom/android/dx/ssa/PhiInsn;)V @ 124
Event: 7.201 Thread 0x0000000016bf9800 Uncommon trap: reason=unstable_if action=reinterpret pc=0x000000000316a9a4 method=com.android.dx.rop.code.BasicBlockList.preferredSuccessorOf(Lcom/android/dx/rop/code/BasicBlock;)Lcom/android/dx/rop/code/BasicBlock; @ 58

Internal exceptions (5 events):
Event: 0.190 Thread 0x0000000001f7f000 Exception <a 'java/lang/NoSuchMethodError': Method sun.misc.Unsafe.defineClass(Ljava/lang/String;[BII)Ljava/lang/Class; name or signature does not match> (0x00000000eab0d798) thrown at [C:\re\workspace\8-2-build-windows-amd64-cygwin\jdk8u60\4407\hotspot\srÚ_ÈE
EÈ?
Event: 0.190 Thread 0x0000000001f7f000 Exception <a 'java/lang/NoSuchMethodError': Method sun.misc.Unsafe.prefetchRead(Ljava/lang/Object;J)V name or signature does not match> (0x00000000eab0da80) thrown at [C:\re\workspace\8-2-build-windows-amd64-cygwin\jdk8u60\4407\hotspot\src\share\vm\prims\j~[Z'ðo@
Event: 7.109 Thread 0x0000000016c0f000 Exception <a 'java/lang/ArrayIndexOutOfBoundsException': 18> (0x00000000ebdf8470) thrown at [C:\re\workspace\8-2-build-windows-amd64-cygwin\jdk8u60\4407\hotspot\src\share\vm\interpreter\interpreterRuntime.cpp, line 366]
Event: 7.110 Thread 0x0000000016c0f000 Exception <a 'java/lang/ArrayIndexOutOfBoundsException': 145> (0x00000000ebdf9ff0) thrown at [C:\re\workspace\8-2-build-windows-amd64-cygwin\jdk8u60\4407\hotspot\src\share\vm\interpreter\interpreterRuntime.cpp, line 366]
Event: 7.111 Thread 0x0000000016c0f000 Exception <a 'java/lang/ArrayIndexOutOfBoundsException': 40> (0x00000000ebdfb2d8) thrown at [C:\re\workspace\8-2-build-windows-amd64-cygwin\jdk8u60\4407\hotspot\src\share\vm\interpreter\interpreterRuntime.cpp, line 366]

Events (10 events):
Event: 7.160 Thread 0x0000000016bf9800 Uncommon trap: trap_request=0xffffffc6 fr.pc=0x000000000307f654
Event: 7.160 Thread 0x0000000016bf9800 DEOPT PACKING pc=0x000000000307f654 sp=0x000000001918e3d0
Event: 7.160 Thread 0x0000000016bf9800 DEOPT UNPACKING pc=0x0000000002aa582a sp=0x000000001918e358 mode 2
Event: 7.166 Thread 0x0000000016bf9800 Uncommon trap: trap_request=0xffffffc6 fr.pc=0x000000000307f654
Event: 7.166 Thread 0x0000000016bf9800 DEOPT PACKING pc=0x000000000307f654 sp=0x000000001918e3d0
Event: 7.166 Thread 0x0000000016bf9800 DEOPT UNPACKING pc=0x0000000002aa582a sp=0x000000001918e358 mode 2
Event: 7.201 Thread 0x0000000016bf9800 Uncommon trap: trap_request=0xffffff65 fr.pc=0x000000000316a9a4
Event: 7.201 Thread 0x0000000016bf9800 DEOPT PACKING pc=0x000000000316a9a4 sp=0x000000001918e5b0
Event: 7.201 Thread 0x0000000016bf9800 DEOPT UNPACKING pc=0x0000000002aa582a sp=0x000000001918e538 mode 2
Event: 7.236 Executing VM operation: ParallelGCFailedAllocation


Dynamic libraries:
0x000000013f840000 - 0x000000013f877000 	C:\Program Files\Java\jdk1.8.0_60\bin\java.exe
0x0000000077ba0000 - 0x0000000077d49000 	C:\Windows\SYSTEM32\ntdll.dll
0x0000000077a80000 - 0x0000000077b9f000 	C:\Windows\system32\kernel32.dll
0x000007fefde10000 - 0x000007fefde7b000 	C:\Windows\system32\KERNELBASE.dll
0x000007feff690000 - 0x000007feff76b000 	C:\Windows\system32\ADVAPI32.dll
0x000007fefe630000 - 0x000007fefe6cf000 	C:\Windows\system32\msvcrt.dll
0x000007feffe30000 - 0x000007feffe4f000 	C:\Windows\SYSTEM32\sechost.dll
0x000007feff960000 - 0x000007feffa8d000 	C:\Windows\system32\RPCRT4.dll
0x0000000077980000 - 0x0000000077a7a000 	C:\Windows\system32\USER32.dll
0x000007fefe360000 - 0x000007fefe3c7000 	C:\Windows\system32\GDI32.dll
0x000007feffc80000 - 0x000007feffc8e000 	C:\Windows\system32\LPK.dll
0x000007feff810000 - 0x000007feff8d9000 	C:\Windows\system32\USP10.dll
0x000007fefbcd0000 - 0x000007fefbec4000 	C:\Windows\WinSxS\amd64_microsoft.windows.common-controls_6595b64144ccf1df_6.0.7601.17514_none_fa396087175ac9ac\COMCTL32.dll
0x000007fefe6d0000 - 0x000007fefe741000 	C:\Windows\system32\SHLWAPI.dll
0x000007fefe8d0000 - 0x000007fefe8fe000 	C:\Windows\system32\IMM32.DLL
0x000007fefe250000 - 0x000007fefe359000 	C:\Windows\system32\MSCTF.dll
0x0000000054f00000 - 0x0000000054fd2000 	C:\Program Files\Java\jdk1.8.0_60\jre\bin\msvcr100.dll
0x0000000054570000 - 0x0000000054df9000 	C:\Program Files\Java\jdk1.8.0_60\jre\bin\server\jvm.dll
0x000007feec030000 - 0x000007feec039000 	C:\Windows\system32\WSOCK32.dll
0x000007fefe750000 - 0x000007fefe79d000 	C:\Windows\system32\WS2_32.dll
0x000007feffc70000 - 0x000007feffc78000 	C:\Windows\system32\NSI.dll
0x000007fefc600000 - 0x000007fefc63b000 	C:\Windows\system32\WINMM.dll
0x000007fefcc50000 - 0x000007fefcc5c000 	C:\Windows\system32\VERSION.dll
0x0000000077d70000 - 0x0000000077d77000 	C:\Windows\system32\PSAPI.DLL
0x0000000074260000 - 0x000000007426f000 	C:\Program Files\Java\jdk1.8.0_60\jre\bin\verify.dll
0x000000005ae10000 - 0x000000005ae39000 	C:\Program Files\Java\jdk1.8.0_60\jre\bin\java.dll
0x000000005bba0000 - 0x000000005bbb6000 	C:\Program Files\Java\jdk1.8.0_60\jre\bin\zip.dll
0x000007fefe900000 - 0x000007feff688000 	C:\Windows\system32\SHELL32.dll
0x000007fefdec0000 - 0x000007fefe0c3000 	C:\Windows\system32\ole32.dll
0x000007fefdaf0000 - 0x000007fefdaff000 	C:\Windows\system32\profapi.dll

VM Arguments:
jvm_args: -Djava.awt.headless=true -Xmx1024M -Dfile.encoding=windows-1252 -Duser.country=US -Duser.language=en -Duser.variant 
java_command: com.android.dx.command.Main --dex --force-jumbo --num-threads=4 --output D:\project\AndroidStudioProjects\HocListViewCoBan\app\build\intermediates\pre-dexed\debug\com.android.support-appcompat-v7-23.4.0_6e7ef7d02cfdc60eee7c3c39cfb152355c4533ae.jar D:\project\AndroidStudioProjects\HocListViewCoBan\app\build\intermediates\exploded-aar\com.android.support\appcompat-v7\23.4.0\jars\classes.jar
java_class_path (initial): D:\Android\sdk\build-tools\23.0.3\lib\dx.jar
Launcher Type: SUN_STANDARD

Environment Variables:
JAVA_HOME=C:\Program Files\Java\jdk1.8.0_60
PATH=C:\ProgramData\Oracle\Java\javapath;C:\Program Files\Common Files\Microsoft Shared\Windows Live;C:\Program Files (x86)\HP SimplePass\x64;C:\Program Files (x86)\HP SimplePass\;;C:\Windows\system32;C:\Windows;C:\Windows\System32\Wbem;C:\Windows\System32\WindowsPowerShell\v1.0\;C:\Program Files (x86)\Java\jdk1.7.0_09\bin;C:\Strawberry\c\bin;C:\Strawberry\perl\site\bin;C:\Strawberry\perl\bin;C:\Program Files (x86)\Intel\OpenCL SDK\2.0\bin\x86;C:\Program Files (x86)\Intel\OpenCL SDK\2.0\bin\x64;C:\PROGRA~2\PICC;C:\Program Files (x86)\Microchip\xc16\v1.25\bin;C:\Program Files (x86)\Microchip\xc8\v1.35\bin;C:\Program Files\Java\jre1.8.0_65\bin;C:\Program Files\Java\jdk1.8.0_60\jre\bin;D:\Android\sdk\platform-tools;C:\Program Files\Common Files\Microsoft Shared\Windows Live;C:\Program Files\Java\jre1.8.0_65\bin
USERNAME=Nhut
OS=Windows_NT
PROCESSOR_IDENTIFIER=Intel64 Family 6 Model 42 Stepping 7, GenuineIntel



---------------  S Y S T E M  ---------------

OS: Windows 7 , 64 bit Build 7601 (6.1.7601.17514)

CPU:total 8 (4 cores per cpu, 2 threads per core) family 6 model 42 stepping 7, cmov, cx8, fxsr, mmx, sse, sse2, sse3, ssse3, sse4.1, sse4.2, popcnt, avx, aes, clmul, ht, tsc, tscinvbit

Memory: 4k page, physical 6238064k(467444k free), swap 8333368k(6036k free)

vm_info: Java HotSpot(TM) 64-Bit Server VM (25.60-b23) for windows-amd64 JRE (1.8.0_60-b27), built on Aug  4 2015 11:06:27 by "java_re" with MS VC++ 10.0 (VS2010)

time: Tue May 31 15:09:35 2016
elapsed time: 7 seconds (0d 0h 0m 7s)

