#
# There is insufficient memory for the Java Runtime Environment to continue.
# Native memory allocation (malloc) failed to allocate 1048576 bytes for AllocateHeap
# Possible reasons:
#   The system is out of physical RAM or swap space
#   In 32 bit mode, the process size limit was hit
# Possible solutions:
#   Reduce memory load on the system
#   Increase physical memory or swap space
#   Check if swap backing store is full
#   Use 64 bit Java on a 64 bit OS
#   Decrease Java heap size (-Xmx/-Xms)
#   Decrease number of Java threads
#   Decrease Java thread stack sizes (-Xss)
#   Set larger code cache with -XX:ReservedCodeCacheSize=
# This output file may be truncated or incomplete.
#
#  Out of Memory Error (memory/allocation.inline.hpp:61), pid=8612, tid=6040
#
# JRE version:  (8.0_60-b27) (build )
# Java VM: Java HotSpot(TM) 64-Bit Server VM (25.60-b23 mixed mode windows-amd64 compressed oops)
# Failed to write core dump. Minidumps are not enabled by default on client versions of Windows
#

---------------  T H R E A D  ---------------

Current thread (0x0000000002208000):  JavaThread "Unknown thread" [_thread_in_vm, id=6040, stack(0x0000000002540000,0x0000000002640000)]

Stack: [0x0000000002540000,0x0000000002640000]
[error occurred during error reporting (printing stack bounds), id 0xc0000005]

Native frames: (J=compiled Java code, j=interpreted, Vv=VM code, C=native code)


---------------  P R O C E S S  ---------------

Java Threads: ( => current thread )

Other Threads:

=>0x0000000002208000 (exited) JavaThread "Unknown thread" [_thread_in_vm, id=6040, stack(0x0000000002540000,0x0000000002640000)]

VM state:not at safepoint (normal execution)

VM Mutex/Monitor currently owned by a thread: None

Heap:
 PSYoungGen      total 57344K, used 983K [0x00000006c0000000, 0x00000006c4000000, 0x00000007c0000000)
  eden space 49152K, 2% used [0x00000006c0000000,0x00000006c00f5c38,0x00000006c3000000)
  from space 8192K, 0% used [0x00000006c3800000,0x00000006c3800000,0x00000006c4000000)
  to   space 8192K, 0% used [0x00000006c3000000,0x00000006c3000000,0x00000006c3800000)
 ParOldGen       total 131072K, used 0K [0x00000004c0000000, 0x00000004c8000000, 0x00000006c0000000)
  object space 131072K, 0% used [0x00000004c0000000,0x00000004c0000000,0x00000004c8000000)
 Metaspace       used 767K, capacity 4480K, committed 4480K, reserved 1056768K
  class space    used 75K, capacity 384K, committed 384K, reserved 1048576K

Card table byte_map: [0x0000000011cd0000,0x00000000134e0000] byte_map_base: 0x000000000f6d0000

Marking Bits: (ParMarkBitMap*) 0x000000005667a5b0
 Begin Bits: [0x0000000014ee0000, 0x0000000020ee0000)
 End Bits:   [0x0000000020ee0000, 0x000000002cee0000)

Polling page: 0x0000000000140000

CodeCache: size=245760Kb used=328Kb max_used=328Kb free=245431Kb
 bounds [0x0000000002910000, 0x0000000002b80000, 0x0000000011910000]
 total_blobs=57 nmethods=0 adapters=37
 compilation: enabled

Compilation events (0 events):
No events

GC Heap History (0 events):
No events

Deoptimization events (0 events):
No events

Internal exceptions (0 events):
No events

Events (10 events):
Event: 0.050 loading class java/lang/Short
Event: 0.050 loading class java/lang/Short done
Event: 0.050 loading class java/lang/Integer
Event: 0.050 loading class java/lang/Integer done
Event: 0.050 loading class java/lang/Long
Event: 0.050 loading class java/lang/Long done
Event: 0.051 loading class java/lang/NullPointerException
Event: 0.052 loading class java/lang/NullPointerException done
Event: 0.052 loading class java/lang/ArithmeticException
Event: 0.052 loading class java/lang/ArithmeticException done


Dynamic libraries:
0x000000013f400000 - 0x000000013f437000 	C:\Program Files\Java\jdk1.8.0_60\bin\java.exe
0x0000000077340000 - 0x00000000774e9000 	C:\Windows\SYSTEM32\ntdll.dll
0x0000000077220000 - 0x000000007733f000 	C:\Windows\system32\kernel32.dll
0x000007fefd340000 - 0x000007fefd3ab000 	C:\Windows\system32\KERNELBASE.dll
0x000007fefd660000 - 0x000007fefd73b000 	C:\Windows\system32\ADVAPI32.dll
0x000007fefddf0000 - 0x000007fefde8f000 	C:\Windows\system32\msvcrt.dll
0x000007feff1a0000 - 0x000007feff1bf000 	C:\Windows\SYSTEM32\sechost.dll
0x000007feff070000 - 0x000007feff19d000 	C:\Windows\system32\RPCRT4.dll
0x0000000077120000 - 0x000000007721a000 	C:\Windows\system32\USER32.dll
0x000007fefde90000 - 0x000007fefdef7000 	C:\Windows\system32\GDI32.dll
0x000007feff340000 - 0x000007feff34e000 	C:\Windows\system32\LPK.dll
0x000007fefdd20000 - 0x000007fefdde9000 	C:\Windows\system32\USP10.dll
0x000007fefb880000 - 0x000007fefba74000 	C:\Windows\WinSxS\amd64_microsoft.windows.common-controls_6595b64144ccf1df_6.0.7601.17514_none_fa396087175ac9ac\COMCTL32.dll
0x000007fefed10000 - 0x000007fefed81000 	C:\Windows\system32\SHLWAPI.dll
0x000007fefd9b0000 - 0x000007fefd9de000 	C:\Windows\system32\IMM32.DLL
0x000007fefee30000 - 0x000007fefef39000 	C:\Windows\system32\MSCTF.dll
0x0000000063250000 - 0x0000000063322000 	C:\Program Files\Java\jdk1.8.0_60\jre\bin\msvcr100.dll
0x0000000055e70000 - 0x00000000566f9000 	C:\Program Files\Java\jdk1.8.0_60\jre\bin\server\jvm.dll
0x000007fef8f20000 - 0x000007fef8f29000 	C:\Windows\system32\WSOCK32.dll
0x000007feff350000 - 0x000007feff39d000 	C:\Windows\system32\WS2_32.dll
0x000007fefd740000 - 0x000007fefd748000 	C:\Windows\system32\NSI.dll
0x000007fefbd70000 - 0x000007fefbdab000 	C:\Windows\system32\WINMM.dll
0x000007fefc3f0000 - 0x000007fefc3fc000 	C:\Windows\system32\VERSION.dll
0x0000000077510000 - 0x0000000077517000 	C:\Windows\system32\PSAPI.DLL
0x000000006c300000 - 0x000000006c30f000 	C:\Program Files\Java\jdk1.8.0_60\jre\bin\verify.dll
0x0000000067620000 - 0x0000000067649000 	C:\Program Files\Java\jdk1.8.0_60\jre\bin\java.dll
0x000000006c2e0000 - 0x000000006c2f6000 	C:\Program Files\Java\jdk1.8.0_60\jre\bin\zip.dll

VM Arguments:
jvm_args: -Djava.awt.headless=true -Xmx12g -Dfile.encoding=windows-1252 -Duser.country=US -Duser.language=en -Duser.variant 
java_command: com.android.dx.command.Main --dex --num-threads=4 --output D:\project\AndroidStudioProjects\SignIn-with-Google-Demo-master\app\build\intermediates\pre-dexed\debug\com.google.android.gms-play-services-tagmanager-9.2.0_641d7b35709d4fc774008c4e17cd03b09bea9fb2.jar D:\project\AndroidStudioProjects\SignIn-with-Google-Demo-master\app\build\intermediates\exploded-aar\com.google.android.gms\play-services-tagmanager\9.2.0\jars\classes.jar
java_class_path (initial): D:\Android\sdk\build-tools\23.0.3\lib\dx.jar
Launcher Type: SUN_STANDARD

Environment Variables:
JAVA_HOME=C:\Program Files\Java\jdk1.8.0_60
PATH=C:\Program Files (x86)\AMD APP\bin\x86_64;C:\Program Files (x86)\AMD APP\bin\x86;C:\Program Files (x86)\Common Files\Intel\Shared Libraries\redist\intel64\compiler;C:\ProgramData\Oracle\Java\javapath;C:\Program Files\Common Files\Microsoft Shared\Windows Live;C:\Program Files (x86)\HP SimplePass\x64;C:\Program Files (x86)\HP SimplePass\;C:\Windows\system32;C:\Windows;C:\Windows\System32\Wbem;C:\Windows\System32\WindowsPowerShell\v1.0\;C:\Program Files (x86)\Java\jdk1.7.0_09\bin;C:\Strawberry\c\bin;C:\Strawberry\perl\site\bin;C:\Strawberry\perl\bin;C:\Program Files (x86)\Intel\OpenCL SDK\2.0\bin\x86;C:\Program Files (x86)\Intel\OpenCL SDK\2.0\bin\x64;C:\PROGRA~2\PICC;C:\Program Files (x86)\Microchip\xc16\v1.25\bin;C:\Program Files (x86)\Microchip\xc8\v1.35\bin;C:\Program Files\Java\jre1.8.0_65\bin;C:\Program Files\Java\jdk1.8.0_60\jre\bin;D:\Android\sdk\platform-tools;D:\MATLAB\R2016a\runtime\win64;D:\MATLAB\R2016a\bin;D:\MATLAB\R2016a\polyspace\bin;D:\project\java_project\Spring\gradle-3.1\bin;D:\project\java_project\Spring\apache-maven-3.3.9\bin;D:\TestTrack;D:\TestTrack\64bitLibs;C:\Go\bin;C:\Users\Nhut\AppData\Local\Programs\Python\Python35-32\Scripts\;C:\Users\Nhut\AppData\Local\Programs\Python\Python35-32\;C:\Program Files\Common Files\Microsoft Shared\Windows Live;C:\Program Files\Java\jre1.8.0_65\bin
USERNAME=Nhut
OS=Windows_NT
PROCESSOR_IDENTIFIER=Intel64 Family 6 Model 42 Stepping 7, GenuineIntel



---------------  S Y S T E M  ---------------

OS: Windows 7 , 64 bit Build 7601 (6.1.7601.17514)

CPU:total 8 (4 cores per cpu, 2 threads per core) family 6 model 42 stepping 7, cmov, cx8, fxsr, mmx, sse, sse2, sse3, ssse3, sse4.1, sse4.2, popcnt, avx, aes, clmul, ht, tsc, tscinvbit

Memory: 4k page, physical 12529520k(2534108k free), swap 14392376k(21308k free)

vm_info: Java HotSpot(TM) 64-Bit Server VM (25.60-b23) for windows-amd64 JRE (1.8.0_60-b27), built on Aug  4 2015 11:06:27 by "java_re" with MS VC++ 10.0 (VS2010)

time: Sat Jul 22 17:11:55 2017
elapsed time: 0 seconds (0d 0h 0m 0s)

