#
# There is insufficient memory for the Java Runtime Environment to continue.
# Native memory allocation (malloc) failed to allocate 843056 bytes for Chunk::new
# Possible reasons:
#   The system is out of physical RAM or swap space
#   In 32 bit mode, the process size limit was hit
# Possible solutions:
#   Reduce memory load on the system
#   Increase physical memory or swap space
#   Check if swap backing store is full
#   Use 64 bit Java on a 64 bit OS
#   Decrease Java heap size (-Xmx/-Xms)
#   Decrease number of Java threads
#   Decrease Java thread stack sizes (-Xss)
#   Set larger code cache with -XX:ReservedCodeCacheSize=
# This output file may be truncated or incomplete.
#
#  Out of Memory Error (allocation.cpp:390), pid=2932, tid=7200
#
# JRE version: Java(TM) SE Runtime Environment (8.0_60-b27) (build 1.8.0_60-b27)
# Java VM: Java HotSpot(TM) 64-Bit Server VM (25.60-b23 mixed mode windows-amd64 compressed oops)
# Failed to write core dump. Minidumps are not enabled by default on client versions of Windows
#

---------------  T H R E A D  ---------------

Current thread (0x0000000030112800):  JavaThread "C2 CompilerThread0" daemon [_thread_in_native, id=7200, stack(0x0000000031500000,0x0000000031600000)]

Stack: [0x0000000031500000,0x0000000031600000]
[error occurred during error reporting (printing stack bounds), id 0xc0000005]

Native frames: (J=compiled Java code, j=interpreted, Vv=VM code, C=native code)


Current CompileTask:
C2:   2149 1258       4       com.android.dx.ssa.SCCP::simulateBranch (666 bytes)


---------------  P R O C E S S  ---------------

Java Threads: ( => current thread )
  0x0000000030193800 JavaThread "Service Thread" daemon [_thread_blocked, id=7744, stack(0x0000000031f90000,0x0000000032090000)]
  0x0000000030181800 JavaThread "C1 CompilerThread3" daemon [_thread_blocked, id=12168, stack(0x0000000031d50000,0x0000000031e50000)]
  0x0000000030181000 JavaThread "C2 CompilerThread2" daemon [_thread_in_native, id=11096, stack(0x0000000031ae0000,0x0000000031be0000)]
  0x000000003011a000 JavaThread "C2 CompilerThread1" daemon [_thread_in_native, id=7496, stack(0x00000000318c0000,0x00000000319c0000)]
=>0x0000000030112800 JavaThread "C2 CompilerThread0" daemon [_thread_in_native, id=7200, stack(0x0000000031500000,0x0000000031600000)]
  0x000000003010f000 JavaThread "Attach Listener" daemon [_thread_blocked, id=11976, stack(0x00000000316d0000,0x00000000317d0000)]
  0x000000003010c000 JavaThread "Signal Dispatcher" daemon [_thread_blocked, id=7092, stack(0x00000000313f0000,0x00000000314f0000)]
  0x000000002f055800 JavaThread "Finalizer" daemon [_thread_blocked, id=2280, stack(0x00000000312a0000,0x00000000313a0000)]
  0x000000002f054800 JavaThread "Reference Handler" daemon [_thread_blocked, id=11992, stack(0x0000000031150000,0x0000000031250000)]
  0x0000000002128000 JavaThread "main" [_thread_blocked, id=6200, stack(0x00000000023b0000,0x00000000024b0000)]

Other Threads:
  0x00000000300c0800 VMThread [stack: 0x0000000031050000,0x0000000031150000] [id=4616]
  0x000000003018a800 WatcherThread [stack: 0x0000000032140000,0x0000000032240000] [id=12096]

VM state:not at safepoint (normal execution)

VM Mutex/Monitor currently owned by a thread: None

Heap:
 PSYoungGen      total 57344K, used 12559K [0x00000006c0000000, 0x00000006c7000000, 0x00000007c0000000)
  eden space 49152K, 8% used [0x00000006c0000000,0x00000006c044b460,0x00000006c3000000)
  from space 8192K, 99% used [0x00000006c3000000,0x00000006c37f88b0,0x00000006c3800000)
  to   space 8192K, 0% used [0x00000006c6800000,0x00000006c6800000,0x00000006c7000000)
 ParOldGen       total 131072K, used 894K [0x00000004c0000000, 0x00000004c8000000, 0x00000006c0000000)
  object space 131072K, 0% used [0x00000004c0000000,0x00000004c00df840,0x00000004c8000000)
 Metaspace       used 6076K, capacity 6962K, committed 7040K, reserved 1056768K
  class space    used 601K, capacity 618K, committed 640K, reserved 1048576K

Card table byte_map: [0x0000000011b40000,0x0000000013350000] byte_map_base: 0x000000000f540000

Marking Bits: (ParMarkBitMap*) 0x000000005667a5b0
 Begin Bits: [0x0000000014e70000, 0x0000000020e70000)
 End Bits:   [0x0000000020e70000, 0x000000002ce70000)

Polling page: 0x0000000000230000

CodeCache: size=245760Kb used=5429Kb max_used=5429Kb free=240330Kb
 bounds [0x0000000002780000, 0x0000000002ce0000, 0x0000000011780000]
 total_blobs=1609 nmethods=1341 adapters=181
 compilation: enabled

Compilation events (10 events):
Event: 1.934 Thread 0x0000000030181800 1320       1       java.util.HashMap$Node::getKey (5 bytes)
Event: 1.935 Thread 0x0000000030181800 nmethod 1320 0x0000000002cbf910 code [0x0000000002cbfa60, 0x0000000002cbfb70]
Event: 1.935 Thread 0x0000000030181800 1325       3       java.util.Collections::unmodifiableCollection (9 bytes)
Event: 1.935 Thread 0x0000000030181800 nmethod 1325 0x0000000002cbfbd0 code [0x0000000002cbfd60, 0x0000000002cc00a8]
Event: 1.935 Thread 0x0000000030181800 1326       3       com.android.dx.cf.code.RopperMachine::updateReturnOp (115 bytes)
Event: 1.937 Thread 0x0000000030181800 nmethod 1326 0x0000000002cc0210 code [0x0000000002cc04a0, 0x0000000002cc1718]
Event: 1.937 Thread 0x0000000030181800 1327       3       java.util.concurrent.locks.AbstractQueuedSynchronizer$ConditionObject::signal (33 bytes)
Event: 1.937 Thread 0x0000000030181800 nmethod 1327 0x0000000002cc1f50 code [0x0000000002cc20e0, 0x0000000002cc2468]
Event: 1.937 Thread 0x0000000030181800 1328       3       java.util.concurrent.locks.ReentrantLock$Sync::isHeldExclusively (16 bytes)
Event: 1.937 Thread 0x0000000030181800 nmethod 1328 0x0000000002cc2590 code [0x0000000002cc2700, 0x0000000002cc2970]

GC Heap History (2 events):
Event: 1.940 GC heap before
{Heap before GC invocations=1 (full 0):
 PSYoungGen      total 57344K, used 49152K [0x00000006c0000000, 0x00000006c4000000, 0x00000007c0000000)
  eden space 49152K, 100% used [0x00000006c0000000,0x00000006c3000000,0x00000006c3000000)
  from space 8192K, 0% used [0x00000006c3800000,0x00000006c3800000,0x00000006c4000000)
  to   space 8192K, 0% used [0x00000006c3000000,0x00000006c3000000,0x00000006c3800000)
 ParOldGen       total 131072K, used 0K [0x00000004c0000000, 0x00000004c8000000, 0x00000006c0000000)
  object space 131072K, 0% used [0x00000004c0000000,0x00000004c0000000,0x00000004c8000000)
 Metaspace       used 6054K, capacity 6960K, committed 7040K, reserved 1056768K
  class space    used 599K, capacity 616K, committed 640K, reserved 1048576K
Event: 2.081 GC heap after
Heap after GC invocations=1 (full 0):
 PSYoungGen      total 57344K, used 8162K [0x00000006c0000000, 0x00000006c7000000, 0x00000007c0000000)
  eden space 49152K, 0% used [0x00000006c0000000,0x00000006c0000000,0x00000006c3000000)
  from space 8192K, 99% used [0x00000006c3000000,0x00000006c37f88b0,0x00000006c3800000)
  to   space 8192K, 0% used [0x00000006c6800000,0x00000006c6800000,0x00000006c7000000)
 ParOldGen       total 131072K, used 894K [0x00000004c0000000, 0x00000004c8000000, 0x00000006c0000000)
  object space 131072K, 0% used [0x00000004c0000000,0x00000004c00df840,0x00000004c8000000)
 Metaspace       used 6054K, capacity 6960K, committed 7040K, reserved 1056768K
  class space    used 599K, capacity 616K, committed 640K, reserved 1048576K
}

Deoptimization events (8 events):
Event: 0.944 Thread 0x0000000030428800 Uncommon trap: reason=unstable_if action=reinterpret pc=0x000000000297f5bc method=java.util.HashMap.getNode(ILjava/lang/Object;)Ljava/util/HashMap$Node; @ 62
Event: 1.260 Thread 0x0000000030428800 Uncommon trap: reason=unstable_if action=reinterpret pc=0x0000000002a3503c method=com.android.dx.rop.code.RegisterSpec.equals(ILcom/android/dx/rop/type/TypeBearer;Lcom/android/dx/rop/code/LocalItem;)Z @ 16
Event: 1.260 Thread 0x0000000030428800 Uncommon trap: reason=unstable_if action=reinterpret pc=0x0000000002a0976c method=com.android.dx.rop.code.RegisterSpec.equals(ILcom/android/dx/rop/type/TypeBearer;Lcom/android/dx/rop/code/LocalItem;)Z @ 16
Event: 1.260 Thread 0x0000000030428800 Uncommon trap: reason=unstable_if action=reinterpret pc=0x0000000002982a74 method=java.util.HashMap.getNode(ILjava/lang/Object;)Ljava/util/HashMap$Node; @ 62
Event: 1.593 Thread 0x0000000002128000 Uncommon trap: reason=unstable_if action=reinterpret pc=0x0000000002a58c50 method=java.lang.String.<init>([CII)V @ 18
Event: 1.614 Thread 0x00000000303d3000 Uncommon trap: reason=bimorphic action=maybe_recompile pc=0x0000000002b2effc method=java.util.HashMap.getNode(ILjava/lang/Object;)Ljava/util/HashMap$Node; @ 126
Event: 1.618 Thread 0x0000000030428800 Uncommon trap: reason=bimorphic action=maybe_recompile pc=0x0000000002b2effc method=java.util.HashMap.getNode(ILjava/lang/Object;)Ljava/util/HashMap$Node; @ 126
Event: 1.819 Thread 0x0000000002128000 Uncommon trap: reason=unstable_if action=reinterpret pc=0x00000000029b2e20 method=java.lang.String.<init>([CII)V @ 18

Internal exceptions (2 events):
Event: 0.115 Thread 0x0000000002128000 Exception <a 'java/lang/NoSuchMethodError': Method sun.misc.Unsafe.defineClass(Ljava/lang/String;[BII)Ljava/lang/Class; name or signature does not match> (0x00000006c000dbf0) thrown at [C:\re\workspace\8-2-build-windows-amd64-cygwin\jdk8u60\4407\hotspot\sr…ZcùΩ?
Event: 0.115 Thread 0x0000000002128000 Exception <a 'java/lang/NoSuchMethodError': Method sun.misc.Unsafe.prefetchRead(Ljava/lang/Object;J)V name or signature does not match> (0x00000006c000ded8) thrown at [C:\re\workspace\8-2-build-windows-amd64-cygwin\jdk8u60\4407\hotspot\src\share\vm\prims\j

Events (10 events):
Event: 1.618 Thread 0x0000000030428800 DEOPT UNPACKING pc=0x00000000027c582a sp=0x0000000031d0ebb8 mode 2
Event: 1.644 Executing VM operation: ForceSafepoint
Event: 1.645 Executing VM operation: ForceSafepoint done
Event: 1.819 Thread 0x0000000002128000 Uncommon trap: trap_request=0xffffff65 fr.pc=0x00000000029b2e20
Event: 1.819 Thread 0x0000000002128000 DEOPT PACKING pc=0x00000000029b2e20 sp=0x00000000024ae1c0
Event: 1.819 Thread 0x0000000002128000 DEOPT UNPACKING pc=0x00000000027c582a sp=0x00000000024ae188 mode 2
Event: 1.905 Thread 0x0000000002128000 DEOPT PACKING pc=0x0000000002b73590 sp=0x00000000024ae440
Event: 1.905 Thread 0x0000000002128000 DEOPT UNPACKING pc=0x00000000027c787f sp=0x00000000024ae1b0 mode 0
Event: 1.939 Executing VM operation: ParallelGCFailedAllocation
Event: 2.081 Executing VM operation: ParallelGCFailedAllocation done


Dynamic libraries:
0x000000013f400000 - 0x000000013f437000 	C:\Program Files\Java\jdk1.8.0_60\bin\java.exe
0x0000000077340000 - 0x00000000774e9000 	C:\Windows\SYSTEM32\ntdll.dll
0x0000000077220000 - 0x000000007733f000 	C:\Windows\system32\kernel32.dll
0x000007fefd340000 - 0x000007fefd3ab000 	C:\Windows\system32\KERNELBASE.dll
0x000007fefd660000 - 0x000007fefd73b000 	C:\Windows\system32\ADVAPI32.dll
0x000007fefddf0000 - 0x000007fefde8f000 	C:\Windows\system32\msvcrt.dll
0x000007feff1a0000 - 0x000007feff1bf000 	C:\Windows\SYSTEM32\sechost.dll
0x000007feff070000 - 0x000007feff19d000 	C:\Windows\system32\RPCRT4.dll
0x0000000077120000 - 0x000000007721a000 	C:\Windows\system32\USER32.dll
0x000007fefde90000 - 0x000007fefdef7000 	C:\Windows\system32\GDI32.dll
0x000007feff340000 - 0x000007feff34e000 	C:\Windows\system32\LPK.dll
0x000007fefdd20000 - 0x000007fefdde9000 	C:\Windows\system32\USP10.dll
0x000007fefb880000 - 0x000007fefba74000 	C:\Windows\WinSxS\amd64_microsoft.windows.common-controls_6595b64144ccf1df_6.0.7601.17514_none_fa396087175ac9ac\COMCTL32.dll
0x000007fefed10000 - 0x000007fefed81000 	C:\Windows\system32\SHLWAPI.dll
0x000007fefd9b0000 - 0x000007fefd9de000 	C:\Windows\system32\IMM32.DLL
0x000007fefee30000 - 0x000007fefef39000 	C:\Windows\system32\MSCTF.dll
0x0000000063250000 - 0x0000000063322000 	C:\Program Files\Java\jdk1.8.0_60\jre\bin\msvcr100.dll
0x0000000055e70000 - 0x00000000566f9000 	C:\Program Files\Java\jdk1.8.0_60\jre\bin\server\jvm.dll
0x000007fef8f20000 - 0x000007fef8f29000 	C:\Windows\system32\WSOCK32.dll
0x000007feff350000 - 0x000007feff39d000 	C:\Windows\system32\WS2_32.dll
0x000007fefd740000 - 0x000007fefd748000 	C:\Windows\system32\NSI.dll
0x000007fefbd70000 - 0x000007fefbdab000 	C:\Windows\system32\WINMM.dll
0x000007fefc3f0000 - 0x000007fefc3fc000 	C:\Windows\system32\VERSION.dll
0x0000000077510000 - 0x0000000077517000 	C:\Windows\system32\PSAPI.DLL
0x000000006c300000 - 0x000000006c30f000 	C:\Program Files\Java\jdk1.8.0_60\jre\bin\verify.dll
0x0000000067620000 - 0x0000000067649000 	C:\Program Files\Java\jdk1.8.0_60\jre\bin\java.dll
0x000000006c2e0000 - 0x000000006c2f6000 	C:\Program Files\Java\jdk1.8.0_60\jre\bin\zip.dll
0x000007fefdf80000 - 0x000007fefed08000 	C:\Windows\system32\SHELL32.dll
0x000007feff440000 - 0x000007feff643000 	C:\Windows\system32\ole32.dll
0x000007fefd290000 - 0x000007fefd29f000 	C:\Windows\system32\profapi.dll

VM Arguments:
jvm_args: -Djava.awt.headless=true -Xmx12g -Dfile.encoding=windows-1252 -Duser.country=US -Duser.language=en -Duser.variant 
java_command: com.android.dx.command.Main --dex --num-threads=4 --output D:\project\AndroidStudioProjects\SignIn-with-Google-Demo-master\app\build\intermediates\pre-dexed\debug\com.google.android.gms-play-services-auth-9.2.0_cc08d431a45d6dcb5e3ed8c4564af537229dcb00.jar D:\project\AndroidStudioProjects\SignIn-with-Google-Demo-master\app\build\intermediates\exploded-aar\com.google.android.gms\play-services-auth\9.2.0\jars\classes.jar
java_class_path (initial): D:\Android\sdk\build-tools\23.0.3\lib\dx.jar
Launcher Type: SUN_STANDARD

Environment Variables:
JAVA_HOME=C:\Program Files\Java\jdk1.8.0_60
PATH=C:\Program Files (x86)\AMD APP\bin\x86_64;C:\Program Files (x86)\AMD APP\bin\x86;C:\Program Files (x86)\Common Files\Intel\Shared Libraries\redist\intel64\compiler;C:\ProgramData\Oracle\Java\javapath;C:\Program Files\Common Files\Microsoft Shared\Windows Live;C:\Program Files (x86)\HP SimplePass\x64;C:\Program Files (x86)\HP SimplePass\;C:\Windows\system32;C:\Windows;C:\Windows\System32\Wbem;C:\Windows\System32\WindowsPowerShell\v1.0\;C:\Program Files (x86)\Java\jdk1.7.0_09\bin;C:\Strawberry\c\bin;C:\Strawberry\perl\site\bin;C:\Strawberry\perl\bin;C:\Program Files (x86)\Intel\OpenCL SDK\2.0\bin\x86;C:\Program Files (x86)\Intel\OpenCL SDK\2.0\bin\x64;C:\PROGRA~2\PICC;C:\Program Files (x86)\Microchip\xc16\v1.25\bin;C:\Program Files (x86)\Microchip\xc8\v1.35\bin;C:\Program Files\Java\jre1.8.0_65\bin;C:\Program Files\Java\jdk1.8.0_60\jre\bin;D:\Android\sdk\platform-tools;D:\MATLAB\R2016a\runtime\win64;D:\MATLAB\R2016a\bin;D:\MATLAB\R2016a\polyspace\bin;D:\project\java_project\Spring\gradle-3.1\bin;D:\project\java_project\Spring\apache-maven-3.3.9\bin;D:\TestTrack;D:\TestTrack\64bitLibs;C:\Go\bin;C:\Users\Nhut\AppData\Local\Programs\Python\Python35-32\Scripts\;C:\Users\Nhut\AppData\Local\Programs\Python\Python35-32\;C:\Program Files\Common Files\Microsoft Shared\Windows Live;C:\Program Files\Java\jre1.8.0_65\bin
USERNAME=Nhut
OS=Windows_NT
PROCESSOR_IDENTIFIER=Intel64 Family 6 Model 42 Stepping 7, GenuineIntel



---------------  S Y S T E M  ---------------

OS: Windows 7 , 64 bit Build 7601 (6.1.7601.17514)

CPU:total 8 (4 cores per cpu, 2 threads per core) family 6 model 42 stepping 7, cmov, cx8, fxsr, mmx, sse, sse2, sse3, ssse3, sse4.1, sse4.2, popcnt, avx, aes, clmul, ht, tsc, tscinvbit

Memory: 4k page, physical 12529520k(2402228k free), swap 14604988k(18360k free)

vm_info: Java HotSpot(TM) 64-Bit Server VM (25.60-b23) for windows-amd64 JRE (1.8.0_60-b27), built on Aug  4 2015 11:06:27 by "java_re" with MS VC++ 10.0 (VS2010)

time: Sat Jul 22 17:10:02 2017
elapsed time: 2 seconds (0d 0h 0m 2s)

