#
# There is insufficient memory for the Java Runtime Environment to continue.
# Native memory allocation (malloc) failed to allocate 1782256 bytes for Chunk::new
# Possible reasons:
#   The system is out of physical RAM or swap space
#   In 32 bit mode, the process size limit was hit
# Possible solutions:
#   Reduce memory load on the system
#   Increase physical memory or swap space
#   Check if swap backing store is full
#   Use 64 bit Java on a 64 bit OS
#   Decrease Java heap size (-Xmx/-Xms)
#   Decrease number of Java threads
#   Decrease Java thread stack sizes (-Xss)
#   Set larger code cache with -XX:ReservedCodeCacheSize=
# This output file may be truncated or incomplete.
#
#  Out of Memory Error (allocation.cpp:390), pid=11160, tid=6872
#
# JRE version: Java(TM) SE Runtime Environment (8.0_60-b27) (build 1.8.0_60-b27)
# Java VM: Java HotSpot(TM) 64-Bit Server VM (25.60-b23 mixed mode windows-amd64 compressed oops)
# Failed to write core dump. Minidumps are not enabled by default on client versions of Windows
#

---------------  T H R E A D  ---------------

Current thread (0x0000000030002800):  JavaThread "C2 CompilerThread0" daemon [_thread_in_native, id=6872, stack(0x0000000031620000,0x0000000031720000)]

Stack: [0x0000000031620000,0x0000000031720000]
[error occurred during error reporting (printing stack bounds), id 0xc0000005]

Native frames: (J=compiled Java code, j=interpreted, Vv=VM code, C=native code)


Current CompileTask:
C2:   7496 2120       4       com.android.dx.rop.code.Rops::ropFor (771 bytes)


---------------  P R O C E S S  ---------------

Java Threads: ( => current thread )
  0x0000000031f9c000 JavaThread "pool-1-thread-4" [_thread_blocked, id=11048, stack(0x0000000032e90000,0x0000000032f90000)]
  0x0000000031f99000 JavaThread "pool-1-thread-3" [_thread_blocked, id=10288, stack(0x0000000032cd0000,0x0000000032dd0000)]
  0x0000000031f98800 JavaThread "pool-1-thread-2" [_thread_blocked, id=11692, stack(0x0000000032aa0000,0x0000000032ba0000)]
  0x0000000032084800 JavaThread "pool-2-thread-1" [_thread_blocked, id=8384, stack(0x0000000032950000,0x0000000032a50000)]
  0x0000000030306000 JavaThread "pool-1-thread-1" [_thread_blocked, id=11628, stack(0x0000000032800000,0x0000000032900000)]
  0x00000000300ac800 JavaThread "Service Thread" daemon [_thread_blocked, id=7200, stack(0x0000000031d00000,0x0000000031e00000)]
  0x0000000030069800 JavaThread "C1 CompilerThread3" daemon [_thread_blocked, id=11992, stack(0x0000000031b60000,0x0000000031c60000)]
  0x000000003004e800 JavaThread "C2 CompilerThread2" daemon [_thread_in_native, id=5228, stack(0x0000000031740000,0x0000000031840000)]
  0x000000003000a000 JavaThread "C2 CompilerThread1" daemon [_thread_in_native, id=9196, stack(0x0000000031900000,0x0000000031a00000)]
=>0x0000000030002800 JavaThread "C2 CompilerThread0" daemon [_thread_in_native, id=6872, stack(0x0000000031620000,0x0000000031720000)]
  0x000000002ffff000 JavaThread "Attach Listener" daemon [_thread_blocked, id=6200, stack(0x0000000031270000,0x0000000031370000)]
  0x000000002fffc000 JavaThread "Signal Dispatcher" daemon [_thread_blocked, id=5108, stack(0x0000000031500000,0x0000000031600000)]
  0x000000002ee3b800 JavaThread "Finalizer" daemon [_thread_blocked, id=11724, stack(0x0000000031380000,0x0000000031480000)]
  0x000000002ee34800 JavaThread "Reference Handler" daemon [_thread_blocked, id=10476, stack(0x0000000031130000,0x0000000031230000)]
  0x00000000020f8000 JavaThread "main" [_thread_blocked, id=11780, stack(0x0000000002470000,0x0000000002570000)]

Other Threads:
  0x000000002ffb0800 VMThread [stack: 0x0000000030f10000,0x0000000031010000] [id=8316]
  0x00000000300ad800 WatcherThread [stack: 0x0000000031e90000,0x0000000031f90000] [id=7496]

VM state:not at safepoint (normal execution)

VM Mutex/Monitor currently owned by a thread: None

Heap:
 PSYoungGen      total 204800K, used 11144K [0x00000006c0000000, 0x00000006cd000000, 0x00000007c0000000)
  eden space 196608K, 1% used [0x00000006c0000000,0x00000006c02e5b68,0x00000006cc000000)
  from space 8192K, 99% used [0x00000006cc800000,0x00000006ccffc500,0x00000006cd000000)
  to   space 8192K, 0% used [0x00000006cc000000,0x00000006cc000000,0x00000006cc800000)
 ParOldGen       total 131072K, used 33706K [0x00000004c0000000, 0x00000004c8000000, 0x00000006c0000000)
  object space 131072K, 25% used [0x00000004c0000000,0x00000004c20ea9e0,0x00000004c8000000)
 Metaspace       used 6468K, capacity 7256K, committed 7424K, reserved 1056768K
  class space    used 625K, capacity 656K, committed 768K, reserved 1048576K

Card table byte_map: [0x0000000011c00000,0x0000000013410000] byte_map_base: 0x000000000f600000

Marking Bits: (ParMarkBitMap*) 0x000000005667a5b0
 Begin Bits: [0x0000000014c50000, 0x0000000020c50000)
 End Bits:   [0x0000000020c50000, 0x000000002cc50000)

Polling page: 0x0000000000330000

CodeCache: size=245760Kb used=9012Kb max_used=9030Kb free=236747Kb
 bounds [0x0000000002840000, 0x0000000003130000, 0x0000000011840000]
 total_blobs=2412 nmethods=2142 adapters=182
 compilation: enabled

Compilation events (10 events):
Event: 7.182 Thread 0x0000000030002800 nmethod 2141 0x00000000030aebd0 code [0x00000000030aed40, 0x00000000030af098]
Event: 7.182 Thread 0x0000000030002800 2140       4       com.android.dx.ssa.back.FirstFitLocalCombiningAllocator::getParameterIndexForReg (55 bytes)
Event: 7.189 Thread 0x0000000030002800 nmethod 2140 0x00000000030fce10 code [0x00000000030fcf80, 0x00000000030fd288]
Event: 7.189 Thread 0x0000000030002800 2120       4       com.android.dx.rop.code.Rops::ropFor (771 bytes)
Event: 7.191 Thread 0x000000003000a000 nmethod 2119 0x00000000030b0690 code [0x00000000030b0800, 0x00000000030b0db8]
Event: 7.191 Thread 0x000000003000a000 2155       4       com.android.dx.dex.code.RopTranslator::outputBlock (202 bytes)
Event: 7.234 Thread 0x0000000030069800 2299       2       com.android.dx.cf.code.Frame::makeExceptionHandlerStartFrame (34 bytes)
Event: 7.234 Thread 0x0000000030069800 nmethod 2299 0x00000000030b0150 code [0x00000000030b02e0, 0x00000000030b0538]
Event: 7.325 Thread 0x000000003000a000 nmethod 2155 0x000000000310a510 code [0x000000000310a760, 0x000000000310c2c8]
Event: 7.326 Thread 0x000000003000a000 2294   !   4       com.android.dx.cf.code.Ropper::processBlock (1101 bytes)

GC Heap History (8 events):
Event: 2.355 GC heap before
{Heap before GC invocations=1 (full 0):
 PSYoungGen      total 57344K, used 49152K [0x00000006c0000000, 0x00000006c4000000, 0x00000007c0000000)
  eden space 49152K, 100% used [0x00000006c0000000,0x00000006c3000000,0x00000006c3000000)
  from space 8192K, 0% used [0x00000006c3800000,0x00000006c3800000,0x00000006c4000000)
  to   space 8192K, 0% used [0x00000006c3000000,0x00000006c3000000,0x00000006c3800000)
 ParOldGen       total 131072K, used 0K [0x00000004c0000000, 0x00000004c8000000, 0x00000006c0000000)
  object space 131072K, 0% used [0x00000004c0000000,0x00000004c0000000,0x00000004c8000000)
 Metaspace       used 5924K, capacity 6832K, committed 7040K, reserved 1056768K
  class space    used 601K, capacity 616K, committed 640K, reserved 1048576K
Event: 2.547 GC heap after
Heap after GC invocations=1 (full 0):
 PSYoungGen      total 57344K, used 6989K [0x00000006c0000000, 0x00000006c7000000, 0x00000007c0000000)
  eden space 49152K, 0% used [0x00000006c0000000,0x00000006c0000000,0x00000006c3000000)
  from space 8192K, 85% used [0x00000006c3000000,0x00000006c36d3698,0x00000006c3800000)
  to   space 8192K, 0% used [0x00000006c6800000,0x00000006c6800000,0x00000006c7000000)
 ParOldGen       total 131072K, used 16K [0x00000004c0000000, 0x00000004c8000000, 0x00000006c0000000)
  object space 131072K, 0% used [0x00000004c0000000,0x00000004c0004000,0x00000004c8000000)
 Metaspace       used 5924K, capacity 6832K, committed 7040K, reserved 1056768K
  class space    used 601K, capacity 616K, committed 640K, reserved 1048576K
}
Event: 3.068 GC heap before
{Heap before GC invocations=2 (full 0):
 PSYoungGen      total 57344K, used 56141K [0x00000006c0000000, 0x00000006c7000000, 0x00000007c0000000)
  eden space 49152K, 100% used [0x00000006c0000000,0x00000006c3000000,0x00000006c3000000)
  from space 8192K, 85% used [0x00000006c3000000,0x00000006c36d3698,0x00000006c3800000)
  to   space 8192K, 0% used [0x00000006c6800000,0x00000006c6800000,0x00000006c7000000)
 ParOldGen       total 131072K, used 16K [0x00000004c0000000, 0x00000004c8000000, 0x00000006c0000000)
  object space 131072K, 0% used [0x00000004c0000000,0x00000004c0004000,0x00000004c8000000)
 Metaspace       used 6091K, capacity 7024K, committed 7296K, reserved 1056768K
  class space    used 604K, capacity 616K, committed 640K, reserved 1048576K
Event: 3.221 GC heap after
Heap after GC invocations=2 (full 0):
 PSYoungGen      total 106496K, used 8160K [0x00000006c0000000, 0x00000006c7000000, 0x00000007c0000000)
  eden space 98304K, 0% used [0x00000006c0000000,0x00000006c0000000,0x00000006c6000000)
  from space 8192K, 99% used [0x00000006c6800000,0x00000006c6ff81a0,0x00000006c7000000)
  to   space 8192K, 0% used [0x00000006c6000000,0x00000006c6000000,0x00000006c6800000)
 ParOldGen       total 131072K, used 4466K [0x00000004c0000000, 0x00000004c8000000, 0x00000006c0000000)
  object space 131072K, 3% used [0x00000004c0000000,0x00000004c045cb38,0x00000004c8000000)
 Metaspace       used 6091K, capacity 7024K, committed 7296K, reserved 1056768K
  class space    used 604K, capacity 616K, committed 640K, reserved 1048576K
}
Event: 4.562 GC heap before
{Heap before GC invocations=3 (full 0):
 PSYoungGen      total 106496K, used 106464K [0x00000006c0000000, 0x00000006c7000000, 0x00000007c0000000)
  eden space 98304K, 100% used [0x00000006c0000000,0x00000006c6000000,0x00000006c6000000)
  from space 8192K, 99% used [0x00000006c6800000,0x00000006c6ff81a0,0x00000006c7000000)
  to   space 8192K, 0% used [0x00000006c6000000,0x00000006c6000000,0x00000006c6800000)
 ParOldGen       total 131072K, used 4466K [0x00000004c0000000, 0x00000004c8000000, 0x00000006c0000000)
  object space 131072K, 3% used [0x00000004c0000000,0x00000004c045cb38,0x00000004c8000000)
 Metaspace       used 6279K, capacity 7152K, committed 7296K, reserved 1056768K
  class space    used 604K, capacity 616K, committed 640K, reserved 1048576K
Event: 5.041 GC heap after
Heap after GC invocations=3 (full 0):
 PSYoungGen      total 106496K, used 8168K [0x00000006c0000000, 0x00000006cd000000, 0x00000007c0000000)
  eden space 98304K, 0% used [0x00000006c0000000,0x00000006c0000000,0x00000006c6000000)
  from space 8192K, 99% used [0x00000006c6000000,0x00000006c67fa2c0,0x00000006c6800000)
  to   space 8192K, 0% used [0x00000006cc800000,0x00000006cc800000,0x00000006cd000000)
 ParOldGen       total 131072K, used 17986K [0x00000004c0000000, 0x00000004c8000000, 0x00000006c0000000)
  object space 131072K, 13% used [0x00000004c0000000,0x00000004c11909c8,0x00000004c8000000)
 Metaspace       used 6279K, capacity 7152K, committed 7296K, reserved 1056768K
  class space    used 604K, capacity 616K, committed 640K, reserved 1048576K
}
Event: 6.705 GC heap before
{Heap before GC invocations=4 (full 0):
 PSYoungGen      total 106496K, used 106472K [0x00000006c0000000, 0x00000006cd000000, 0x00000007c0000000)
  eden space 98304K, 100% used [0x00000006c0000000,0x00000006c6000000,0x00000006c6000000)
  from space 8192K, 99% used [0x00000006c6000000,0x00000006c67fa2c0,0x00000006c6800000)
  to   space 8192K, 0% used [0x00000006cc800000,0x00000006cc800000,0x00000006cd000000)
 ParOldGen       total 131072K, used 17986K [0x00000004c0000000, 0x00000004c8000000, 0x00000006c0000000)
  object space 131072K, 13% used [0x00000004c0000000,0x00000004c11909c8,0x00000004c8000000)
 Metaspace       used 6467K, capacity 7256K, committed 7424K, reserved 1056768K
  class space    used 625K, capacity 656K, committed 768K, reserved 1048576K
Event: 7.151 GC heap after
Heap after GC invocations=4 (full 0):
 PSYoungGen      total 204800K, used 8177K [0x00000006c0000000, 0x00000006cd000000, 0x00000007c0000000)
  eden space 196608K, 0% used [0x00000006c0000000,0x00000006c0000000,0x00000006cc000000)
  from space 8192K, 99% used [0x00000006cc800000,0x00000006ccffc500,0x00000006cd000000)
  to   space 8192K, 0% used [0x00000006cc000000,0x00000006cc000000,0x00000006cc800000)
 ParOldGen       total 131072K, used 33706K [0x00000004c0000000, 0x00000004c8000000, 0x00000006c0000000)
  object space 131072K, 25% used [0x00000004c0000000,0x00000004c20ea9e0,0x00000004c8000000)
 Metaspace       used 6467K, capacity 7256K, committed 7424K, reserved 1056768K
  class space    used 625K, capacity 656K, committed 768K, reserved 1048576K
}

Deoptimization events (10 events):
Event: 5.095 Thread 0x0000000030306000 Uncommon trap: reason=bimorphic action=maybe_recompile pc=0x0000000002e82440 method=com.android.dx.ssa.SCCP.simulatePhi(Lcom/android/dx/ssa/PhiInsn;)V @ 124
Event: 5.095 Thread 0x0000000030306000 Uncommon trap: reason=bimorphic action=maybe_recompile pc=0x0000000002e82440 method=com.android.dx.ssa.SCCP.simulatePhi(Lcom/android/dx/ssa/PhiInsn;)V @ 124
Event: 6.251 Thread 0x0000000031f9c000 Uncommon trap: reason=unstable_if action=reinterpret pc=0x0000000002db978c method=com.android.dx.rop.code.LocalItem.compareHandlesNulls(Lcom/android/dx/rop/cst/CstString;Lcom/android/dx/rop/cst/CstString;)I @ 14
Event: 6.387 Thread 0x0000000030306000 Uncommon trap: reason=unstable_if action=reinterpret pc=0x0000000002ff60a8 method=java.util.HashMap.putVal(ILjava/lang/Object;Ljava/lang/Object;ZZ)Ljava/lang/Object; @ 94
Event: 6.506 Thread 0x0000000030306000 Uncommon trap: reason=class_check action=maybe_recompile pc=0x00000000030042ac method=com.android.dx.cf.code.BytecodeArray.parseInstruction(ILcom/android/dx/cf/code/BytecodeArray$Visitor;)I @ 1417
Event: 6.526 Thread 0x0000000030306000 Uncommon trap: reason=class_check action=maybe_recompile pc=0x00000000030042ac method=com.android.dx.cf.code.BytecodeArray.parseInstruction(ILcom/android/dx/cf/code/BytecodeArray$Visitor;)I @ 1417
Event: 6.532 Thread 0x0000000031f98800 Uncommon trap: reason=unstable_if action=reinterpret pc=0x0000000002cc5c90 method=java.util.HashMap.getNode(ILjava/lang/Object;)Ljava/util/HashMap$Node; @ 84
Event: 6.535 Thread 0x0000000031f98800 Uncommon trap: reason=class_check action=maybe_recompile pc=0x00000000030042ac method=com.android.dx.cf.code.BytecodeArray.parseInstruction(ILcom/android/dx/cf/code/BytecodeArray$Visitor;)I @ 1417
Event: 6.535 Thread 0x0000000031f98800 Uncommon trap: reason=class_check action=maybe_recompile pc=0x00000000030042ac method=com.android.dx.cf.code.BytecodeArray.parseInstruction(ILcom/android/dx/cf/code/BytecodeArray$Visitor;)I @ 1417
Event: 7.227 Thread 0x0000000031f98800 Uncommon trap: reason=null_check action=make_not_entrant pc=0x0000000003116cd4 method=com.android.dx.cf.code.Ropper$CatchInfo.getSetup(Lcom/android/dx/rop/type/Type;)Lcom/android/dx/cf/code/Ropper$ExceptionHandlerSetup; @ 10

Internal exceptions (9 events):
Event: 0.070 Thread 0x00000000020f8000 Exception <a 'java/lang/NoSuchMethodError': Method sun.misc.Unsafe.defineClass(Ljava/lang/String;[BII)Ljava/lang/Class; name or signature does not match> (0x00000006c000dbc8) thrown at [C:\re\workspace\8-2-build-windows-amd64-cygwin\jdk8u60\4407\hotspot\sr@r
Event: 0.070 Thread 0x00000000020f8000 Exception <a 'java/lang/NoSuchMethodError': Method sun.misc.Unsafe.prefetchRead(Ljava/lang/Object;J)V name or signature does not match> (0x00000006c000deb0) thrown at [C:\re\workspace\8-2-build-windows-amd64-cygwin\jdk8u60\4407\hotspot\src\share\vm\prims\jpúÎ_$ÿ?
Event: 1.946 Thread 0x00000000020f8000 Implicit null exception at 0x0000000002ac3de2 to 0x0000000002ac3ee9
Event: 4.384 Thread 0x0000000030306000 Implicit null exception at 0x0000000002f43973 to 0x0000000002f46241
Event: 6.251 Thread 0x0000000031f9c000 Implicit null exception at 0x0000000002db80a5 to 0x0000000002db975d
Event: 6.529 Thread 0x0000000031f98800 Exception <a 'java/lang/ArrayIndexOutOfBoundsException': 18> (0x00000006c5ae02c0) thrown at [C:\re\workspace\8-2-build-windows-amd64-cygwin\jdk8u60\4407\hotspot\src\share\vm\interpreter\interpreterRuntime.cpp, line 366]
Event: 6.530 Thread 0x0000000031f98800 Exception <a 'java/lang/ArrayIndexOutOfBoundsException': 145> (0x00000006c5ae1e40) thrown at [C:\re\workspace\8-2-build-windows-amd64-cygwin\jdk8u60\4407\hotspot\src\share\vm\interpreter\interpreterRuntime.cpp, line 366]
Event: 6.531 Thread 0x0000000031f98800 Exception <a 'java/lang/ArrayIndexOutOfBoundsException'> (0x00000006c5ae3128) thrown at [C:\re\workspace\8-2-build-windows-amd64-cygwin\jdk8u60\4407\hotspot\src\share\vm\runtime\sharedRuntime.cpp, line 605]
Event: 7.227 Thread 0x0000000031f98800 Implicit null exception at 0x0000000003112284 to 0x0000000003116c8d

Events (10 events):
Event: 6.535 Thread 0x0000000031f98800 DEOPT PACKING pc=0x00000000030042ac sp=0x0000000032b9e6f0
Event: 6.535 Thread 0x0000000031f98800 DEOPT UNPACKING pc=0x000000000288582a sp=0x0000000032b9e6a8 mode 2
Event: 6.535 Thread 0x0000000031f98800 Uncommon trap: trap_request=0xffffffde fr.pc=0x00000000030042ac
Event: 6.535 Thread 0x0000000031f98800 DEOPT PACKING pc=0x00000000030042ac sp=0x0000000032b9e6f0
Event: 6.535 Thread 0x0000000031f98800 DEOPT UNPACKING pc=0x000000000288582a sp=0x0000000032b9e6a8 mode 2
Event: 6.705 Executing VM operation: ParallelGCFailedAllocation
Event: 7.151 Executing VM operation: ParallelGCFailedAllocation done
Event: 7.227 Thread 0x0000000031f98800 Uncommon trap: trap_request=0xfffffff4 fr.pc=0x0000000003116cd4
Event: 7.227 Thread 0x0000000031f98800 DEOPT PACKING pc=0x0000000003116cd4 sp=0x0000000032b9e870
Event: 7.227 Thread 0x0000000031f98800 DEOPT UNPACKING pc=0x000000000288582a sp=0x0000000032b9e7e8 mode 2


Dynamic libraries:
0x000000013f400000 - 0x000000013f437000 	C:\Program Files\Java\jdk1.8.0_60\bin\java.exe
0x0000000077340000 - 0x00000000774e9000 	C:\Windows\SYSTEM32\ntdll.dll
0x0000000077220000 - 0x000000007733f000 	C:\Windows\system32\kernel32.dll
0x000007fefd340000 - 0x000007fefd3ab000 	C:\Windows\system32\KERNELBASE.dll
0x000007fefd660000 - 0x000007fefd73b000 	C:\Windows\system32\ADVAPI32.dll
0x000007fefddf0000 - 0x000007fefde8f000 	C:\Windows\system32\msvcrt.dll
0x000007feff1a0000 - 0x000007feff1bf000 	C:\Windows\SYSTEM32\sechost.dll
0x000007feff070000 - 0x000007feff19d000 	C:\Windows\system32\RPCRT4.dll
0x0000000077120000 - 0x000000007721a000 	C:\Windows\system32\USER32.dll
0x000007fefde90000 - 0x000007fefdef7000 	C:\Windows\system32\GDI32.dll
0x000007feff340000 - 0x000007feff34e000 	C:\Windows\system32\LPK.dll
0x000007fefdd20000 - 0x000007fefdde9000 	C:\Windows\system32\USP10.dll
0x000007fefb880000 - 0x000007fefba74000 	C:\Windows\WinSxS\amd64_microsoft.windows.common-controls_6595b64144ccf1df_6.0.7601.17514_none_fa396087175ac9ac\COMCTL32.dll
0x000007fefed10000 - 0x000007fefed81000 	C:\Windows\system32\SHLWAPI.dll
0x000007fefd9b0000 - 0x000007fefd9de000 	C:\Windows\system32\IMM32.DLL
0x000007fefee30000 - 0x000007fefef39000 	C:\Windows\system32\MSCTF.dll
0x0000000063250000 - 0x0000000063322000 	C:\Program Files\Java\jdk1.8.0_60\jre\bin\msvcr100.dll
0x0000000055e70000 - 0x00000000566f9000 	C:\Program Files\Java\jdk1.8.0_60\jre\bin\server\jvm.dll
0x000007fef8f20000 - 0x000007fef8f29000 	C:\Windows\system32\WSOCK32.dll
0x000007feff350000 - 0x000007feff39d000 	C:\Windows\system32\WS2_32.dll
0x000007fefd740000 - 0x000007fefd748000 	C:\Windows\system32\NSI.dll
0x000007fefbd70000 - 0x000007fefbdab000 	C:\Windows\system32\WINMM.dll
0x000007fefc3f0000 - 0x000007fefc3fc000 	C:\Windows\system32\VERSION.dll
0x0000000077510000 - 0x0000000077517000 	C:\Windows\system32\PSAPI.DLL
0x000000006c300000 - 0x000000006c30f000 	C:\Program Files\Java\jdk1.8.0_60\jre\bin\verify.dll
0x0000000067620000 - 0x0000000067649000 	C:\Program Files\Java\jdk1.8.0_60\jre\bin\java.dll
0x000000006c2e0000 - 0x000000006c2f6000 	C:\Program Files\Java\jdk1.8.0_60\jre\bin\zip.dll
0x000007fefdf80000 - 0x000007fefed08000 	C:\Windows\system32\SHELL32.dll
0x000007feff440000 - 0x000007feff643000 	C:\Windows\system32\ole32.dll
0x000007fefd290000 - 0x000007fefd29f000 	C:\Windows\system32\profapi.dll

VM Arguments:
jvm_args: -Djava.awt.headless=true -Xmx12g -Dfile.encoding=windows-1252 -Duser.country=US -Duser.language=en -Duser.variant 
java_command: com.android.dx.command.Main --dex --num-threads=4 --output D:\project\AndroidStudioProjects\SignIn-with-Google-Demo-master\app\build\intermediates\pre-dexed\debug\com.android.support-support-v4-24.0.0_52f10b1d46ed1b3bbffbf249f06e00da8bebed26.jar D:\project\AndroidStudioProjects\SignIn-with-Google-Demo-master\app\build\intermediates\exploded-aar\com.android.support\support-v4\24.0.0\jars\classes.jar
java_class_path (initial): D:\Android\sdk\build-tools\23.0.3\lib\dx.jar
Launcher Type: SUN_STANDARD

Environment Variables:
JAVA_HOME=C:\Program Files\Java\jdk1.8.0_60
PATH=C:\Program Files (x86)\AMD APP\bin\x86_64;C:\Program Files (x86)\AMD APP\bin\x86;C:\Program Files (x86)\Common Files\Intel\Shared Libraries\redist\intel64\compiler;C:\ProgramData\Oracle\Java\javapath;C:\Program Files\Common Files\Microsoft Shared\Windows Live;C:\Program Files (x86)\HP SimplePass\x64;C:\Program Files (x86)\HP SimplePass\;C:\Windows\system32;C:\Windows;C:\Windows\System32\Wbem;C:\Windows\System32\WindowsPowerShell\v1.0\;C:\Program Files (x86)\Java\jdk1.7.0_09\bin;C:\Strawberry\c\bin;C:\Strawberry\perl\site\bin;C:\Strawberry\perl\bin;C:\Program Files (x86)\Intel\OpenCL SDK\2.0\bin\x86;C:\Program Files (x86)\Intel\OpenCL SDK\2.0\bin\x64;C:\PROGRA~2\PICC;C:\Program Files (x86)\Microchip\xc16\v1.25\bin;C:\Program Files (x86)\Microchip\xc8\v1.35\bin;C:\Program Files\Java\jre1.8.0_65\bin;C:\Program Files\Java\jdk1.8.0_60\jre\bin;D:\Android\sdk\platform-tools;D:\MATLAB\R2016a\runtime\win64;D:\MATLAB\R2016a\bin;D:\MATLAB\R2016a\polyspace\bin;D:\project\java_project\Spring\gradle-3.1\bin;D:\project\java_project\Spring\apache-maven-3.3.9\bin;D:\TestTrack;D:\TestTrack\64bitLibs;C:\Go\bin;C:\Users\Nhut\AppData\Local\Programs\Python\Python35-32\Scripts\;C:\Users\Nhut\AppData\Local\Programs\Python\Python35-32\;C:\Program Files\Common Files\Microsoft Shared\Windows Live;C:\Program Files\Java\jre1.8.0_65\bin
USERNAME=Nhut
OS=Windows_NT
PROCESSOR_IDENTIFIER=Intel64 Family 6 Model 42 Stepping 7, GenuineIntel



---------------  S Y S T E M  ---------------

OS: Windows 7 , 64 bit Build 7601 (6.1.7601.17514)

CPU:total 8 (4 cores per cpu, 2 threads per core) family 6 model 42 stepping 7, cmov, cx8, fxsr, mmx, sse, sse2, sse3, ssse3, sse4.1, sse4.2, popcnt, avx, aes, clmul, ht, tsc, tscinvbit

Memory: 4k page, physical 12529520k(2290672k free), swap 14624824k(9412k free)

vm_info: Java HotSpot(TM) 64-Bit Server VM (25.60-b23) for windows-amd64 JRE (1.8.0_60-b27), built on Aug  4 2015 11:06:27 by "java_re" with MS VC++ 10.0 (VS2010)

time: Sat Jul 22 17:10:31 2017
elapsed time: 7 seconds (0d 0h 0m 7s)

