#
# There is insufficient memory for the Java Runtime Environment to continue.
# Native memory allocation (malloc) failed to allocate 1044976 bytes for Chunk::new
# Possible reasons:
#   The system is out of physical RAM or swap space
#   In 32 bit mode, the process size limit was hit
# Possible solutions:
#   Reduce memory load on the system
#   Increase physical memory or swap space
#   Check if swap backing store is full
#   Use 64 bit Java on a 64 bit OS
#   Decrease Java heap size (-Xmx/-Xms)
#   Decrease number of Java threads
#   Decrease Java thread stack sizes (-Xss)
#   Set larger code cache with -XX:ReservedCodeCacheSize=
# This output file may be truncated or incomplete.
#
#  Out of Memory Error (allocation.cpp:390), pid=8040, tid=8104
#
# JRE version: Java(TM) SE Runtime Environment (8.0_60-b27) (build 1.8.0_60-b27)
# Java VM: Java HotSpot(TM) 64-Bit Server VM (25.60-b23 mixed mode windows-amd64 compressed oops)
# Failed to write core dump. Minidumps are not enabled by default on client versions of Windows
#

---------------  T H R E A D  ---------------

Current thread (0x0000000030064800):  JavaThread "C2 CompilerThread0" daemon [_thread_in_native, id=8104, stack(0x00000000316f0000,0x00000000317f0000)]

Stack: [0x00000000316f0000,0x00000000317f0000]
[error occurred during error reporting (printing stack bounds), id 0xc0000005]

Native frames: (J=compiled Java code, j=interpreted, Vv=VM code, C=native code)


Current CompileTask:
C2:   4188 1071       4       com.android.dx.rop.code.Rops::ropFor (771 bytes)


---------------  P R O C E S S  ---------------

Java Threads: ( => current thread )
  0x00000000300fe800 JavaThread "Service Thread" daemon [_thread_blocked, id=9396, stack(0x0000000031d00000,0x0000000031e00000)]
  0x00000000300a1000 JavaThread "C1 CompilerThread3" daemon [_thread_blocked, id=10040, stack(0x0000000031b10000,0x0000000031c10000)]
  0x0000000030073000 JavaThread "C2 CompilerThread2" daemon [_thread_blocked, id=6792, stack(0x00000000319a0000,0x0000000031aa0000)]
  0x000000003006c800 JavaThread "C2 CompilerThread1" daemon [_thread_blocked, id=3980, stack(0x0000000031820000,0x0000000031920000)]
=>0x0000000030064800 JavaThread "C2 CompilerThread0" daemon [_thread_in_native, id=8104, stack(0x00000000316f0000,0x00000000317f0000)]
  0x0000000030061000 JavaThread "Attach Listener" daemon [_thread_blocked, id=7140, stack(0x0000000031560000,0x0000000031660000)]
  0x000000003005e000 JavaThread "Signal Dispatcher" daemon [_thread_blocked, id=8196, stack(0x0000000031450000,0x0000000031550000)]
  0x000000002ee96000 JavaThread "Finalizer" daemon [_thread_blocked, id=6128, stack(0x0000000031320000,0x0000000031420000)]
  0x000000002ee94800 JavaThread "Reference Handler" daemon [_thread_blocked, id=11860, stack(0x0000000030f70000,0x0000000031070000)]
  0x0000000002038000 JavaThread "main" [_thread_in_native, id=3592, stack(0x00000000021e0000,0x00000000022e0000)]

Other Threads:
  0x0000000030011000 VMThread [stack: 0x0000000031100000,0x0000000031200000] [id=11584]
  0x000000003011f800 WatcherThread [stack: 0x0000000031e10000,0x0000000031f10000] [id=5980]

VM state:not at safepoint (normal execution)

VM Mutex/Monitor currently owned by a thread: None

Heap:
 PSYoungGen      total 57344K, used 26754K [0x00000006c0000000, 0x00000006c7000000, 0x00000007c0000000)
  eden space 49152K, 37% used [0x00000006c0000000,0x00000006c12234f8,0x00000006c3000000)
  from space 8192K, 99% used [0x00000006c3000000,0x00000006c37fd550,0x00000006c3800000)
  to   space 8192K, 0% used [0x00000006c6800000,0x00000006c6800000,0x00000006c7000000)
 ParOldGen       total 131072K, used 834K [0x00000004c0000000, 0x00000004c8000000, 0x00000006c0000000)
  object space 131072K, 0% used [0x00000004c0000000,0x00000004c00d0a28,0x00000004c8000000)
 Metaspace       used 6761K, capacity 7384K, committed 7680K, reserved 1056768K
  class space    used 673K, capacity 720K, committed 768K, reserved 1048576K

Card table byte_map: [0x0000000011a20000,0x0000000013230000] byte_map_base: 0x000000000f420000

Marking Bits: (ParMarkBitMap*) 0x000000005667a5b0
 Begin Bits: [0x0000000014cb0000, 0x0000000020cb0000)
 End Bits:   [0x0000000020cb0000, 0x000000002ccb0000)

Polling page: 0x0000000001c60000

CodeCache: size=245760Kb used=5045Kb max_used=5045Kb free=240714Kb
 bounds [0x0000000002660000, 0x0000000002b60000, 0x0000000011660000]
 total_blobs=1786 nmethods=1510 adapters=189
 compilation: enabled

Compilation events (10 events):
Event: 4.168 Thread 0x00000000300a1000 1570       3       java.util.zip.ZipEntry::setExtra0 (360 bytes)
Event: 4.179 Thread 0x00000000300a1000 nmethod 1570 0x0000000002b49cd0 code [0x0000000002b4a300, 0x0000000002b4e448]
Event: 4.179 Thread 0x00000000300a1000 1567       3       java.util.WeakHashMap$Entry::<init> (24 bytes)
Event: 4.179 Thread 0x00000000300a1000 nmethod 1567 0x0000000002b47e50 code [0x0000000002b47fc0, 0x0000000002b48310]
Event: 4.179 Thread 0x00000000300a1000 1568       3       java.lang.ref.WeakReference::<init> (7 bytes)
Event: 4.180 Thread 0x00000000300a1000 nmethod 1568 0x0000000002b45e50 code [0x0000000002b45fc0, 0x0000000002b46270]
Event: 4.180 Thread 0x00000000300a1000 1571       3       java.util.ArrayDeque::poll (5 bytes)
Event: 4.180 Thread 0x00000000300a1000 nmethod 1571 0x0000000002b45a90 code [0x0000000002b45c00, 0x0000000002b45da8]
Event: 4.180 Thread 0x00000000300a1000 1572       3       java.util.ArrayDeque::pollFirst (42 bytes)
Event: 4.180 Thread 0x00000000300a1000 nmethod 1572 0x0000000002b45490 code [0x0000000002b45600, 0x0000000002b45930]

GC Heap History (2 events):
Event: 2.215 GC heap before
{Heap before GC invocations=1 (full 0):
 PSYoungGen      total 57344K, used 49152K [0x00000006c0000000, 0x00000006c4000000, 0x00000007c0000000)
  eden space 49152K, 100% used [0x00000006c0000000,0x00000006c3000000,0x00000006c3000000)
  from space 8192K, 0% used [0x00000006c3800000,0x00000006c3800000,0x00000006c4000000)
  to   space 8192K, 0% used [0x00000006c3000000,0x00000006c3000000,0x00000006c3800000)
 ParOldGen       total 131072K, used 0K [0x00000004c0000000, 0x00000004c8000000, 0x00000006c0000000)
  object space 131072K, 0% used [0x00000004c0000000,0x00000004c0000000,0x00000004c8000000)
 Metaspace       used 5948K, capacity 6896K, committed 7040K, reserved 1056768K
  class space    used 599K, capacity 616K, committed 640K, reserved 1048576K
Event: 3.225 GC heap after
Heap after GC invocations=1 (full 0):
 PSYoungGen      total 57344K, used 8181K [0x00000006c0000000, 0x00000006c7000000, 0x00000007c0000000)
  eden space 49152K, 0% used [0x00000006c0000000,0x00000006c0000000,0x00000006c3000000)
  from space 8192K, 99% used [0x00000006c3000000,0x00000006c37fd550,0x00000006c3800000)
  to   space 8192K, 0% used [0x00000006c6800000,0x00000006c6800000,0x00000006c7000000)
 ParOldGen       total 131072K, used 834K [0x00000004c0000000, 0x00000004c8000000, 0x00000006c0000000)
  object space 131072K, 0% used [0x00000004c0000000,0x00000004c00d0a28,0x00000004c8000000)
 Metaspace       used 5948K, capacity 6896K, committed 7040K, reserved 1056768K
  class space    used 599K, capacity 616K, committed 640K, reserved 1048576K
}

Deoptimization events (10 events):
Event: 4.035 Thread 0x0000000002038000 Uncommon trap: reason=unstable_if action=reinterpret pc=0x000000000283f850 method=java.lang.String.indexOf([CII[CIII)I @ 3
Event: 4.035 Thread 0x0000000002038000 Uncommon trap: reason=unstable_if action=reinterpret pc=0x00000000028dbbe8 method=java.util.Arrays.copyOf([Ljava/lang/Object;ILjava/lang/Class;)[Ljava/lang/Object; @ 3
Event: 4.038 Thread 0x0000000002038000 Uncommon trap: reason=speculate_class_check action=maybe_recompile pc=0x0000000002aa4734 method=java.util.HashMap.putVal(ILjava/lang/Object;Ljava/lang/Object;ZZ)Ljava/lang/Object; @ 56
Event: 4.039 Thread 0x0000000002038000 Uncommon trap: reason=speculate_class_check action=maybe_recompile pc=0x0000000002aa478c method=java.util.HashMap.putVal(ILjava/lang/Object;Ljava/lang/Object;ZZ)Ljava/lang/Object; @ 152
Event: 4.039 Thread 0x0000000002038000 Uncommon trap: reason=speculate_class_check action=maybe_recompile pc=0x0000000002aa4734 method=java.util.HashMap.putVal(ILjava/lang/Object;Ljava/lang/Object;ZZ)Ljava/lang/Object; @ 56
Event: 4.039 Thread 0x0000000002038000 Uncommon trap: reason=speculate_class_check action=maybe_recompile pc=0x0000000002aa4734 method=java.util.HashMap.putVal(ILjava/lang/Object;Ljava/lang/Object;ZZ)Ljava/lang/Object; @ 56
Event: 4.039 Thread 0x0000000002038000 Uncommon trap: reason=class_check action=maybe_recompile pc=0x0000000002a994f8 method=java.util.HashMap.putVal(ILjava/lang/Object;Ljava/lang/Object;ZZ)Ljava/lang/Object; @ 56
Event: 4.039 Thread 0x0000000002038000 Uncommon trap: reason=class_check action=maybe_recompile pc=0x0000000002a994f8 method=java.util.HashMap.putVal(ILjava/lang/Object;Ljava/lang/Object;ZZ)Ljava/lang/Object; @ 56
Event: 4.039 Thread 0x0000000002038000 Uncommon trap: reason=class_check action=maybe_recompile pc=0x0000000002a994f8 method=java.util.HashMap.putVal(ILjava/lang/Object;Ljava/lang/Object;ZZ)Ljava/lang/Object; @ 56
Event: 4.039 Thread 0x0000000002038000 Uncommon trap: reason=class_check action=maybe_recompile pc=0x0000000002a994f8 method=java.util.HashMap.putVal(ILjava/lang/Object;Ljava/lang/Object;ZZ)Ljava/lang/Object; @ 56

Internal exceptions (3 events):
Event: 0.090 Thread 0x0000000002038000 Exception <a 'java/lang/NoSuchMethodError': Method sun.misc.Unsafe.defineClass(Ljava/lang/String;[BII)Ljava/lang/Class; name or signature does not match> (0x00000006c000dd80) thrown at [C:\re\workspace\8-2-build-windows-amd64-cygwin\jdk8u60\4407\hotspot\sr²“ä&.·?
Event: 0.091 Thread 0x0000000002038000 Exception <a 'java/lang/NoSuchMethodError': Method sun.misc.Unsafe.prefetchRead(Ljava/lang/Object;J)V name or signature does not match> (0x00000006c000e068) thrown at [C:\re\workspace\8-2-build-windows-amd64-cygwin\jdk8u60\4407\hotspot\src\share\vm\prims\jí
Event: 3.349 Thread 0x00000000302ea000 Implicit null exception at 0x000000000290e1e2 to 0x000000000290e2da

Events (10 events):
Event: 4.167 loading class java/util/zip/ZipOutputStream done
Event: 4.167 loading class java/util/jar/JarOutputStream done
Event: 4.167 loading class java/util/zip/Deflater
Event: 4.167 loading class java/util/zip/Deflater done
Event: 4.168 loading class java/util/zip/ZipOutputStream$XEntry
Event: 4.168 loading class java/util/zip/ZipOutputStream$XEntry done
Event: 4.169 loading class java/io/DataOutputStream
Event: 4.170 loading class java/io/DataOutput
Event: 4.170 loading class java/io/DataOutput done
Event: 4.170 loading class java/io/DataOutputStream done


Dynamic libraries:
0x000000013f400000 - 0x000000013f437000 	C:\Program Files\Java\jdk1.8.0_60\bin\java.exe
0x0000000077340000 - 0x00000000774e9000 	C:\Windows\SYSTEM32\ntdll.dll
0x0000000077220000 - 0x000000007733f000 	C:\Windows\system32\kernel32.dll
0x000007fefd340000 - 0x000007fefd3ab000 	C:\Windows\system32\KERNELBASE.dll
0x000007fefd660000 - 0x000007fefd73b000 	C:\Windows\system32\ADVAPI32.dll
0x000007fefddf0000 - 0x000007fefde8f000 	C:\Windows\system32\msvcrt.dll
0x000007feff1a0000 - 0x000007feff1bf000 	C:\Windows\SYSTEM32\sechost.dll
0x000007feff070000 - 0x000007feff19d000 	C:\Windows\system32\RPCRT4.dll
0x0000000077120000 - 0x000000007721a000 	C:\Windows\system32\USER32.dll
0x000007fefde90000 - 0x000007fefdef7000 	C:\Windows\system32\GDI32.dll
0x000007feff340000 - 0x000007feff34e000 	C:\Windows\system32\LPK.dll
0x000007fefdd20000 - 0x000007fefdde9000 	C:\Windows\system32\USP10.dll
0x000007fefb880000 - 0x000007fefba74000 	C:\Windows\WinSxS\amd64_microsoft.windows.common-controls_6595b64144ccf1df_6.0.7601.17514_none_fa396087175ac9ac\COMCTL32.dll
0x000007fefed10000 - 0x000007fefed81000 	C:\Windows\system32\SHLWAPI.dll
0x000007fefd9b0000 - 0x000007fefd9de000 	C:\Windows\system32\IMM32.DLL
0x000007fefee30000 - 0x000007fefef39000 	C:\Windows\system32\MSCTF.dll
0x0000000063250000 - 0x0000000063322000 	C:\Program Files\Java\jdk1.8.0_60\jre\bin\msvcr100.dll
0x0000000055e70000 - 0x00000000566f9000 	C:\Program Files\Java\jdk1.8.0_60\jre\bin\server\jvm.dll
0x000007fef8f20000 - 0x000007fef8f29000 	C:\Windows\system32\WSOCK32.dll
0x000007feff350000 - 0x000007feff39d000 	C:\Windows\system32\WS2_32.dll
0x000007fefd740000 - 0x000007fefd748000 	C:\Windows\system32\NSI.dll
0x000007fefbd70000 - 0x000007fefbdab000 	C:\Windows\system32\WINMM.dll
0x000007fefc3f0000 - 0x000007fefc3fc000 	C:\Windows\system32\VERSION.dll
0x0000000077510000 - 0x0000000077517000 	C:\Windows\system32\PSAPI.DLL
0x000000006c300000 - 0x000000006c30f000 	C:\Program Files\Java\jdk1.8.0_60\jre\bin\verify.dll
0x0000000067620000 - 0x0000000067649000 	C:\Program Files\Java\jdk1.8.0_60\jre\bin\java.dll
0x000000006c2e0000 - 0x000000006c2f6000 	C:\Program Files\Java\jdk1.8.0_60\jre\bin\zip.dll
0x000007fefdf80000 - 0x000007fefed08000 	C:\Windows\system32\SHELL32.dll
0x000007feff440000 - 0x000007feff643000 	C:\Windows\system32\ole32.dll
0x000007fefd290000 - 0x000007fefd29f000 	C:\Windows\system32\profapi.dll

VM Arguments:
jvm_args: -Djava.awt.headless=true -Xmx12g -Dfile.encoding=windows-1252 -Duser.country=US -Duser.language=en -Duser.variant 
java_command: com.android.dx.command.Main --dex --num-threads=4 --output D:\project\AndroidStudioProjects\SignIn-with-Google-Demo-master\app\build\intermediates\pre-dexed\debug\com.google.android.gms-play-services-location-9.2.0_1fd156b7d872b67f5dec5d937eba17c443c1aaf7.jar D:\project\AndroidStudioProjects\SignIn-with-Google-Demo-master\app\build\intermediates\exploded-aar\com.google.android.gms\play-services-location\9.2.0\jars\classes.jar
java_class_path (initial): D:\Android\sdk\build-tools\23.0.3\lib\dx.jar
Launcher Type: SUN_STANDARD

Environment Variables:
JAVA_HOME=C:\Program Files\Java\jdk1.8.0_60
PATH=C:\Program Files (x86)\AMD APP\bin\x86_64;C:\Program Files (x86)\AMD APP\bin\x86;C:\Program Files (x86)\Common Files\Intel\Shared Libraries\redist\intel64\compiler;C:\ProgramData\Oracle\Java\javapath;C:\Program Files\Common Files\Microsoft Shared\Windows Live;C:\Program Files (x86)\HP SimplePass\x64;C:\Program Files (x86)\HP SimplePass\;C:\Windows\system32;C:\Windows;C:\Windows\System32\Wbem;C:\Windows\System32\WindowsPowerShell\v1.0\;C:\Program Files (x86)\Java\jdk1.7.0_09\bin;C:\Strawberry\c\bin;C:\Strawberry\perl\site\bin;C:\Strawberry\perl\bin;C:\Program Files (x86)\Intel\OpenCL SDK\2.0\bin\x86;C:\Program Files (x86)\Intel\OpenCL SDK\2.0\bin\x64;C:\PROGRA~2\PICC;C:\Program Files (x86)\Microchip\xc16\v1.25\bin;C:\Program Files (x86)\Microchip\xc8\v1.35\bin;C:\Program Files\Java\jre1.8.0_65\bin;C:\Program Files\Java\jdk1.8.0_60\jre\bin;D:\Android\sdk\platform-tools;D:\MATLAB\R2016a\runtime\win64;D:\MATLAB\R2016a\bin;D:\MATLAB\R2016a\polyspace\bin;D:\project\java_project\Spring\gradle-3.1\bin;D:\project\java_project\Spring\apache-maven-3.3.9\bin;D:\TestTrack;D:\TestTrack\64bitLibs;C:\Go\bin;C:\Users\Nhut\AppData\Local\Programs\Python\Python35-32\Scripts\;C:\Users\Nhut\AppData\Local\Programs\Python\Python35-32\;C:\Program Files\Common Files\Microsoft Shared\Windows Live;C:\Program Files\Java\jre1.8.0_65\bin
USERNAME=Nhut
OS=Windows_NT
PROCESSOR_IDENTIFIER=Intel64 Family 6 Model 42 Stepping 7, GenuineIntel



---------------  S Y S T E M  ---------------

OS: Windows 7 , 64 bit Build 7601 (6.1.7601.17514)

CPU:total 8 (4 cores per cpu, 2 threads per core) family 6 model 42 stepping 7, cmov, cx8, fxsr, mmx, sse, sse2, sse3, ssse3, sse4.1, sse4.2, popcnt, avx, aes, clmul, ht, tsc, tscinvbit

Memory: 4k page, physical 12529520k(2331540k free), swap 14624824k(5272k free)

vm_info: Java HotSpot(TM) 64-Bit Server VM (25.60-b23) for windows-amd64 JRE (1.8.0_60-b27), built on Aug  4 2015 11:06:27 by "java_re" with MS VC++ 10.0 (VS2010)

time: Sat Jul 22 17:12:48 2017
elapsed time: 4 seconds (0d 0h 0m 4s)

