#
# There is insufficient memory for the Java Runtime Environment to continue.
# Native memory allocation (malloc) failed to allocate 1149616 bytes for Chunk::new
# Possible reasons:
#   The system is out of physical RAM or swap space
#   In 32 bit mode, the process size limit was hit
# Possible solutions:
#   Reduce memory load on the system
#   Increase physical memory or swap space
#   Check if swap backing store is full
#   Use 64 bit Java on a 64 bit OS
#   Decrease Java heap size (-Xmx/-Xms)
#   Decrease number of Java threads
#   Decrease Java thread stack sizes (-Xss)
#   Set larger code cache with -XX:ReservedCodeCacheSize=
# This output file may be truncated or incomplete.
#
#  Out of Memory Error (allocation.cpp:390), pid=11696, tid=1364
#
# JRE version: Java(TM) SE Runtime Environment (8.0_60-b27) (build 1.8.0_60-b27)
# Java VM: Java HotSpot(TM) 64-Bit Server VM (25.60-b23 mixed mode windows-amd64 compressed oops)
# Failed to write core dump. Minidumps are not enabled by default on client versions of Windows
#

---------------  T H R E A D  ---------------

Current thread (0x00000000302a7800):  JavaThread "C2 CompilerThread2" daemon [_thread_in_native, id=1364, stack(0x00000000319c0000,0x0000000031ac0000)]

Stack: [0x00000000319c0000,0x0000000031ac0000]
[error occurred during error reporting (printing stack bounds), id 0xc0000005]

Native frames: (J=compiled Java code, j=interpreted, Vv=VM code, C=native code)


Current CompileTask:
C2:   7363 1954       4       com.android.dx.dex.code.RopToDop::dopFor (792 bytes)


---------------  P R O C E S S  ---------------

Java Threads: ( => current thread )
  0x0000000032025800 JavaThread "pool-1-thread-4" [_thread_in_Java, id=11408, stack(0x0000000032fe0000,0x00000000330e0000)]
  0x000000003056e800 JavaThread "pool-1-thread-3" [_thread_blocked, id=4960, stack(0x0000000032810000,0x0000000032910000)]
  0x000000003056b800 JavaThread "pool-1-thread-2" [_thread_in_Java, id=2656, stack(0x0000000032da0000,0x0000000032ea0000)]
  0x000000003056b000 JavaThread "pool-2-thread-1" [_thread_blocked, id=8692, stack(0x0000000032b80000,0x0000000032c80000)]
  0x0000000030561000 JavaThread "pool-1-thread-1" [_thread_blocked, id=1212, stack(0x00000000329c0000,0x0000000032ac0000)]
  0x0000000030314000 JavaThread "Service Thread" daemon [_thread_blocked, id=8592, stack(0x0000000031d60000,0x0000000031e60000)]
  0x000000003030a000 JavaThread "C1 CompilerThread3" daemon [_thread_blocked, id=4616, stack(0x0000000031c60000,0x0000000031d60000)]
=>0x00000000302a7800 JavaThread "C2 CompilerThread2" daemon [_thread_in_native, id=1364, stack(0x00000000319c0000,0x0000000031ac0000)]
  0x00000000302a6800 JavaThread "C2 CompilerThread1" daemon [_thread_in_native, id=4436, stack(0x0000000031b00000,0x0000000031c00000)]
  0x00000000302a2800 JavaThread "C2 CompilerThread0" daemon [_thread_in_native, id=6284, stack(0x0000000031890000,0x0000000031990000)]
  0x000000003029f000 JavaThread "Attach Listener" daemon [_thread_blocked, id=8668, stack(0x0000000031690000,0x0000000031790000)]
  0x000000003029c000 JavaThread "Signal Dispatcher" daemon [_thread_blocked, id=9640, stack(0x0000000031510000,0x0000000031610000)]
  0x000000002f2f5800 JavaThread "Finalizer" daemon [_thread_blocked, id=6924, stack(0x00000000313f0000,0x00000000314f0000)]
  0x000000002f2f4800 JavaThread "Reference Handler" daemon [_thread_blocked, id=7192, stack(0x00000000312d0000,0x00000000313d0000)]
  0x0000000002258000 JavaThread "main" [_thread_blocked, id=11332, stack(0x0000000002650000,0x0000000002750000)]

Other Threads:
  0x0000000030250800 VMThread [stack: 0x00000000311b0000,0x00000000312b0000] [id=2736]
  0x0000000030315800 WatcherThread [stack: 0x0000000031f10000,0x0000000032010000] [id=5612]

VM state:not at safepoint (normal execution)

VM Mutex/Monitor currently owned by a thread: None

Heap:
 PSYoungGen      total 106496K, used 55080K [0x00000006c0000000, 0x00000006cd000000, 0x00000007c0000000)
  eden space 98304K, 47% used [0x00000006c0000000,0x00000006c2dcd2b0,0x00000006c6000000)
  from space 8192K, 99% used [0x00000006c6000000,0x00000006c67fce68,0x00000006c6800000)
  to   space 8192K, 0% used [0x00000006cc800000,0x00000006cc800000,0x00000006cd000000)
 ParOldGen       total 131072K, used 22993K [0x00000004c0000000, 0x00000004c8000000, 0x00000006c0000000)
  object space 131072K, 17% used [0x00000004c0000000,0x00000004c1674788,0x00000004c8000000)
 Metaspace       used 6387K, capacity 7192K, committed 7424K, reserved 1056768K
  class space    used 620K, capacity 656K, committed 768K, reserved 1048576K

Card table byte_map: [0x0000000011de0000,0x00000000135f0000] byte_map_base: 0x000000000f7e0000

Marking Bits: (ParMarkBitMap*) 0x000000005667a5b0
 Begin Bits: [0x0000000015110000, 0x0000000021110000)
 End Bits:   [0x0000000021110000, 0x000000002d110000)

Polling page: 0x0000000000230000

CodeCache: size=245760Kb used=7955Kb max_used=7955Kb free=237804Kb
 bounds [0x0000000002a20000, 0x00000000031f0000, 0x0000000011a20000]
 total_blobs=2203 nmethods=1934 adapters=181
 compilation: enabled

Compilation events (10 events):
Event: 7.054 Thread 0x000000003030a000 2103       3       com.android.dx.ssa.back.InterferenceGraph::<init> (42 bytes)
Event: 7.055 Thread 0x000000003030a000 nmethod 2103 0x00000000031e39d0 code [0x00000000031e3be0, 0x00000000031e46c8]
Event: 7.068 Thread 0x000000003030a000 2104       3       com.android.dx.ssa.back.LivenessAnalyzer::coInterferePhis (128 bytes)
Event: 7.070 Thread 0x000000003030a000 nmethod 2104 0x00000000031e4d50 code [0x00000000031e4fe0, 0x00000000031e6298]
Event: 7.088 Thread 0x000000003030a000 2107       3       com.android.dx.ssa.SsaMethod::getCountReachableBlocks (44 bytes)
Event: 7.089 Thread 0x000000003030a000 nmethod 2107 0x00000000031e6c90 code [0x00000000031e6e60, 0x00000000031e76f8]
Event: 7.090 Thread 0x000000003030a000 2108       3       com.android.dx.ssa.back.SsaToRop::convertBasicBlocks (151 bytes)
Event: 7.093 Thread 0x000000003030a000 nmethod 2108 0x00000000031e7ad0 code [0x00000000031e7dc0, 0x00000000031e9658]
Event: 7.139 Thread 0x000000003030a000 2109       2       com.android.dx.rop.code.Rops::opOr (21 bytes)
Event: 7.139 Thread 0x000000003030a000 nmethod 2109 0x00000000031ea3d0 code [0x00000000031ea540, 0x00000000031ea6e8]

GC Heap History (6 events):
Event: 2.668 GC heap before
{Heap before GC invocations=1 (full 0):
 PSYoungGen      total 57344K, used 49152K [0x00000006c0000000, 0x00000006c4000000, 0x00000007c0000000)
  eden space 49152K, 100% used [0x00000006c0000000,0x00000006c3000000,0x00000006c3000000)
  from space 8192K, 0% used [0x00000006c3800000,0x00000006c3800000,0x00000006c4000000)
  to   space 8192K, 0% used [0x00000006c3000000,0x00000006c3000000,0x00000006c3800000)
 ParOldGen       total 131072K, used 0K [0x00000004c0000000, 0x00000004c8000000, 0x00000006c0000000)
  object space 131072K, 0% used [0x00000004c0000000,0x00000004c0000000,0x00000004c8000000)
 Metaspace       used 5861K, capacity 6832K, committed 7040K, reserved 1056768K
  class space    used 595K, capacity 616K, committed 640K, reserved 1048576K
Event: 2.735 GC heap after
Heap after GC invocations=1 (full 0):
 PSYoungGen      total 57344K, used 7761K [0x00000006c0000000, 0x00000006c7000000, 0x00000007c0000000)
  eden space 49152K, 0% used [0x00000006c0000000,0x00000006c0000000,0x00000006c3000000)
  from space 8192K, 94% used [0x00000006c3000000,0x00000006c3794498,0x00000006c3800000)
  to   space 8192K, 0% used [0x00000006c6800000,0x00000006c6800000,0x00000006c7000000)
 ParOldGen       total 131072K, used 8K [0x00000004c0000000, 0x00000004c8000000, 0x00000006c0000000)
  object space 131072K, 0% used [0x00000004c0000000,0x00000004c0002000,0x00000004c8000000)
 Metaspace       used 5861K, capacity 6832K, committed 7040K, reserved 1056768K
  class space    used 595K, capacity 616K, committed 640K, reserved 1048576K
}
Event: 3.219 GC heap before
{Heap before GC invocations=2 (full 0):
 PSYoungGen      total 57344K, used 56913K [0x00000006c0000000, 0x00000006c7000000, 0x00000007c0000000)
  eden space 49152K, 100% used [0x00000006c0000000,0x00000006c3000000,0x00000006c3000000)
  from space 8192K, 94% used [0x00000006c3000000,0x00000006c3794498,0x00000006c3800000)
  to   space 8192K, 0% used [0x00000006c6800000,0x00000006c6800000,0x00000006c7000000)
 ParOldGen       total 131072K, used 8K [0x00000004c0000000, 0x00000004c8000000, 0x00000006c0000000)
  object space 131072K, 0% used [0x00000004c0000000,0x00000004c0002000,0x00000004c8000000)
 Metaspace       used 6028K, capacity 6960K, committed 7040K, reserved 1056768K
  class space    used 598K, capacity 616K, committed 640K, reserved 1048576K
Event: 3.335 GC heap after
Heap after GC invocations=2 (full 0):
 PSYoungGen      total 106496K, used 8170K [0x00000006c0000000, 0x00000006c7000000, 0x00000007c0000000)
  eden space 98304K, 0% used [0x00000006c0000000,0x00000006c0000000,0x00000006c6000000)
  from space 8192K, 99% used [0x00000006c6800000,0x00000006c6ffaab8,0x00000006c7000000)
  to   space 8192K, 0% used [0x00000006c6000000,0x00000006c6000000,0x00000006c6800000)
 ParOldGen       total 131072K, used 4381K [0x00000004c0000000, 0x00000004c8000000, 0x00000006c0000000)
  object space 131072K, 3% used [0x00000004c0000000,0x00000004c04476a8,0x00000004c8000000)
 Metaspace       used 6028K, capacity 6960K, committed 7040K, reserved 1056768K
  class space    used 598K, capacity 616K, committed 640K, reserved 1048576K
}
Event: 6.275 GC heap before
{Heap before GC invocations=3 (full 0):
 PSYoungGen      total 106496K, used 106474K [0x00000006c0000000, 0x00000006c7000000, 0x00000007c0000000)
  eden space 98304K, 100% used [0x00000006c0000000,0x00000006c6000000,0x00000006c6000000)
  from space 8192K, 99% used [0x00000006c6800000,0x00000006c6ffaab8,0x00000006c7000000)
  to   space 8192K, 0% used [0x00000006c6000000,0x00000006c6000000,0x00000006c6800000)
 ParOldGen       total 131072K, used 4381K [0x00000004c0000000, 0x00000004c8000000, 0x00000006c0000000)
  object space 131072K, 3% used [0x00000004c0000000,0x00000004c04476a8,0x00000004c8000000)
 Metaspace       used 6300K, capacity 7128K, committed 7424K, reserved 1056768K
  class space    used 620K, capacity 656K, committed 768K, reserved 1048576K
Event: 6.471 GC heap after
Heap after GC invocations=3 (full 0):
 PSYoungGen      total 106496K, used 8179K [0x00000006c0000000, 0x00000006cd000000, 0x00000007c0000000)
  eden space 98304K, 0% used [0x00000006c0000000,0x00000006c0000000,0x00000006c6000000)
  from space 8192K, 99% used [0x00000006c6000000,0x00000006c67fce68,0x00000006c6800000)
  to   space 8192K, 0% used [0x00000006cc800000,0x00000006cc800000,0x00000006cd000000)
 ParOldGen       total 131072K, used 22993K [0x00000004c0000000, 0x00000004c8000000, 0x00000006c0000000)
  object space 131072K, 17% used [0x00000004c0000000,0x00000004c1674788,0x00000004c8000000)
 Metaspace       used 6300K, capacity 7128K, committed 7424K, reserved 1056768K
  class space    used 620K, capacity 656K, committed 768K, reserved 1048576K
}

Deoptimization events (10 events):
Event: 3.744 Thread 0x0000000032025800 Uncommon trap: reason=unstable_if action=reinterpret pc=0x0000000002cb6e3c method=java.util.HashMap.putVal(ILjava/lang/Object;Ljava/lang/Object;ZZ)Ljava/lang/Object; @ 162
Event: 3.750 Thread 0x0000000032025800 Uncommon trap: reason=unstable_if action=reinterpret pc=0x0000000002e180a4 method=java.util.HashMap.getNode(ILjava/lang/Object;)Ljava/util/HashMap$Node; @ 84
Event: 3.769 Thread 0x000000003056b800 Uncommon trap: reason=unstable_if action=reinterpret pc=0x0000000002e1745c method=java.util.HashMap.getNode(ILjava/lang/Object;)Ljava/util/HashMap$Node; @ 84
Event: 4.077 Thread 0x000000003056b800 Uncommon trap: reason=unstable_if action=reinterpret pc=0x0000000002d746bc method=com.android.dx.ssa.SCCP.simulateStmt(Lcom/android/dx/ssa/SsaInsn;)V @ 53
Event: 4.080 Thread 0x000000003056b800 Uncommon trap: reason=bimorphic action=maybe_recompile pc=0x0000000003063e28 method=com.android.dx.cf.code.BytecodeArray.parseInstruction(ILcom/android/dx/cf/code/BytecodeArray$Visitor;)I @ 2135
Event: 4.080 Thread 0x000000003056b800 Uncommon trap: reason=bimorphic action=maybe_recompile pc=0x0000000003064ed8 method=com.android.dx.cf.code.BytecodeArray.parseInstruction(ILcom/android/dx/cf/code/BytecodeArray$Visitor;)I @ 1161
Event: 4.080 Thread 0x000000003056b800 Uncommon trap: reason=bimorphic action=maybe_recompile pc=0x0000000003063e28 method=com.android.dx.cf.code.BytecodeArray.parseInstruction(ILcom/android/dx/cf/code/BytecodeArray$Visitor;)I @ 2135
Event: 5.393 Thread 0x0000000002258000 Uncommon trap: reason=unstable_if action=reinterpret pc=0x000000000312e168 method=com.android.dx.cf.code.Merger.mergeType(Lcom/android/dx/rop/type/TypeBearer;Lcom/android/dx/rop/type/TypeBearer;)Lcom/android/dx/rop/type/TypeBearer; @ 52
Event: 5.436 Thread 0x0000000002258000 Uncommon trap: reason=bimorphic action=maybe_recompile pc=0x00000000030f1c80 method=com.android.dx.cf.code.BytecodeArray.parseInstruction(ILcom/android/dx/cf/code/BytecodeArray$Visitor;)I @ 1357
Event: 5.438 Thread 0x0000000002258000 Uncommon trap: reason=bimorphic action=maybe_recompile pc=0x00000000030f1c80 method=com.android.dx.cf.code.BytecodeArray.parseInstruction(ILcom/android/dx/cf/code/BytecodeArray$Visitor;)I @ 1357

Internal exceptions (5 events):
Event: 0.591 Thread 0x0000000002258000 Exception <a 'java/lang/NoSuchMethodError': Method sun.misc.Unsafe.defineClass(Ljava/lang/String;[BII)Ljava/lang/Class; name or signature does not match> (0x00000006c000dbe8) thrown at [C:\re\workspace\8-2-build-windows-amd64-cygwin\jdk8u60\4407\hotspot\srx}fíâ?
Event: 0.591 Thread 0x0000000002258000 Exception <a 'java/lang/NoSuchMethodError': Method sun.misc.Unsafe.prefetchRead(Ljava/lang/Object;J)V name or signature does not match> (0x00000006c000ded0) thrown at [C:\re\workspace\8-2-build-windows-amd64-cygwin\jdk8u60\4407\hotspot\src\share\vm\prims\jQ±Átú@
Event: 3.747 Thread 0x0000000032025800 Exception <a 'java/lang/ArrayIndexOutOfBoundsException': 18> (0x00000006c34f0688) thrown at [C:\re\workspace\8-2-build-windows-amd64-cygwin\jdk8u60\4407\hotspot\src\share\vm\interpreter\interpreterRuntime.cpp, line 366]
Event: 3.748 Thread 0x0000000032025800 Exception <a 'java/lang/ArrayIndexOutOfBoundsException': 145> (0x00000006c34f2208) thrown at [C:\re\workspace\8-2-build-windows-amd64-cygwin\jdk8u60\4407\hotspot\src\share\vm\interpreter\interpreterRuntime.cpp, line 366]
Event: 3.749 Thread 0x0000000032025800 Exception <a 'java/lang/ArrayIndexOutOfBoundsException': 40> (0x00000006c34f34f0) thrown at [C:\re\workspace\8-2-build-windows-amd64-cygwin\jdk8u60\4407\hotspot\src\share\vm\interpreter\interpreterRuntime.cpp, line 366]

Events (10 events):
Event: 7.055 Thread 0x0000000032025800 DEOPT PACKING pc=0x0000000002ec149e sp=0x00000000330de970
Event: 7.055 Thread 0x0000000032025800 DEOPT UNPACKING pc=0x0000000002a6787f sp=0x00000000330de728 mode 0
Event: 7.070 Thread 0x0000000032025800 DEOPT PACKING pc=0x0000000002ecbd64 sp=0x00000000330de970
Event: 7.070 Thread 0x0000000032025800 DEOPT UNPACKING pc=0x0000000002a6787f sp=0x00000000330de700 mode 0
Event: 7.089 Thread 0x0000000032025800 DEOPT PACKING pc=0x0000000002ee84bf sp=0x00000000330de830
Event: 7.089 Thread 0x0000000032025800 DEOPT UNPACKING pc=0x0000000002a6787f sp=0x00000000330de5a0 mode 0
Event: 7.091 Thread 0x0000000032025800 DEOPT PACKING pc=0x0000000002ef2deb sp=0x00000000330de8d0
Event: 7.091 Thread 0x0000000032025800 DEOPT UNPACKING pc=0x0000000002a6787f sp=0x00000000330de680 mode 0
Event: 7.095 Thread 0x0000000032025800 DEOPT PACKING pc=0x0000000002e19c54 sp=0x00000000330dea40
Event: 7.095 Thread 0x0000000032025800 DEOPT UNPACKING pc=0x0000000002a6787f sp=0x00000000330de720 mode 0


Dynamic libraries:
0x000000013f400000 - 0x000000013f437000 	C:\Program Files\Java\jdk1.8.0_60\bin\java.exe
0x0000000077340000 - 0x00000000774e9000 	C:\Windows\SYSTEM32\ntdll.dll
0x0000000077220000 - 0x000000007733f000 	C:\Windows\system32\kernel32.dll
0x000007fefd340000 - 0x000007fefd3ab000 	C:\Windows\system32\KERNELBASE.dll
0x000007fefd660000 - 0x000007fefd73b000 	C:\Windows\system32\ADVAPI32.dll
0x000007fefddf0000 - 0x000007fefde8f000 	C:\Windows\system32\msvcrt.dll
0x000007feff1a0000 - 0x000007feff1bf000 	C:\Windows\SYSTEM32\sechost.dll
0x000007feff070000 - 0x000007feff19d000 	C:\Windows\system32\RPCRT4.dll
0x0000000077120000 - 0x000000007721a000 	C:\Windows\system32\USER32.dll
0x000007fefde90000 - 0x000007fefdef7000 	C:\Windows\system32\GDI32.dll
0x000007feff340000 - 0x000007feff34e000 	C:\Windows\system32\LPK.dll
0x000007fefdd20000 - 0x000007fefdde9000 	C:\Windows\system32\USP10.dll
0x000007fefb880000 - 0x000007fefba74000 	C:\Windows\WinSxS\amd64_microsoft.windows.common-controls_6595b64144ccf1df_6.0.7601.17514_none_fa396087175ac9ac\COMCTL32.dll
0x000007fefed10000 - 0x000007fefed81000 	C:\Windows\system32\SHLWAPI.dll
0x000007fefd9b0000 - 0x000007fefd9de000 	C:\Windows\system32\IMM32.DLL
0x000007fefee30000 - 0x000007fefef39000 	C:\Windows\system32\MSCTF.dll
0x0000000063250000 - 0x0000000063322000 	C:\Program Files\Java\jdk1.8.0_60\jre\bin\msvcr100.dll
0x0000000055e70000 - 0x00000000566f9000 	C:\Program Files\Java\jdk1.8.0_60\jre\bin\server\jvm.dll
0x000007fef8f20000 - 0x000007fef8f29000 	C:\Windows\system32\WSOCK32.dll
0x000007feff350000 - 0x000007feff39d000 	C:\Windows\system32\WS2_32.dll
0x000007fefd740000 - 0x000007fefd748000 	C:\Windows\system32\NSI.dll
0x000007fefbd70000 - 0x000007fefbdab000 	C:\Windows\system32\WINMM.dll
0x000007fefc3f0000 - 0x000007fefc3fc000 	C:\Windows\system32\VERSION.dll
0x0000000077510000 - 0x0000000077517000 	C:\Windows\system32\PSAPI.DLL
0x000000006c300000 - 0x000000006c30f000 	C:\Program Files\Java\jdk1.8.0_60\jre\bin\verify.dll
0x0000000067620000 - 0x0000000067649000 	C:\Program Files\Java\jdk1.8.0_60\jre\bin\java.dll
0x000000006c2e0000 - 0x000000006c2f6000 	C:\Program Files\Java\jdk1.8.0_60\jre\bin\zip.dll
0x000007fefdf80000 - 0x000007fefed08000 	C:\Windows\system32\SHELL32.dll
0x000007feff440000 - 0x000007feff643000 	C:\Windows\system32\ole32.dll
0x000007fefd290000 - 0x000007fefd29f000 	C:\Windows\system32\profapi.dll

VM Arguments:
jvm_args: -Djava.awt.headless=true -Xmx12g -Dfile.encoding=windows-1252 -Duser.country=US -Duser.language=en -Duser.variant 
java_command: com.android.dx.command.Main --dex --num-threads=4 --output D:\project\AndroidStudioProjects\SignIn-with-Google-Demo-master\app\build\intermediates\pre-dexed\debug\com.google.android.gms-play-services-ads-9.2.0_85ddff801b5d2a944b35d74230012f5f6a09e362.jar D:\project\AndroidStudioProjects\SignIn-with-Google-Demo-master\app\build\intermediates\exploded-aar\com.google.android.gms\play-services-ads\9.2.0\jars\classes.jar
java_class_path (initial): D:\Android\sdk\build-tools\23.0.3\lib\dx.jar
Launcher Type: SUN_STANDARD

Environment Variables:
JAVA_HOME=C:\Program Files\Java\jdk1.8.0_60
PATH=C:\Program Files (x86)\AMD APP\bin\x86_64;C:\Program Files (x86)\AMD APP\bin\x86;C:\Program Files (x86)\Common Files\Intel\Shared Libraries\redist\intel64\compiler;C:\ProgramData\Oracle\Java\javapath;C:\Program Files\Common Files\Microsoft Shared\Windows Live;C:\Program Files (x86)\HP SimplePass\x64;C:\Program Files (x86)\HP SimplePass\;C:\Windows\system32;C:\Windows;C:\Windows\System32\Wbem;C:\Windows\System32\WindowsPowerShell\v1.0\;C:\Program Files (x86)\Java\jdk1.7.0_09\bin;C:\Strawberry\c\bin;C:\Strawberry\perl\site\bin;C:\Strawberry\perl\bin;C:\Program Files (x86)\Intel\OpenCL SDK\2.0\bin\x86;C:\Program Files (x86)\Intel\OpenCL SDK\2.0\bin\x64;C:\PROGRA~2\PICC;C:\Program Files (x86)\Microchip\xc16\v1.25\bin;C:\Program Files (x86)\Microchip\xc8\v1.35\bin;C:\Program Files\Java\jre1.8.0_65\bin;C:\Program Files\Java\jdk1.8.0_60\jre\bin;D:\Android\sdk\platform-tools;D:\MATLAB\R2016a\runtime\win64;D:\MATLAB\R2016a\bin;D:\MATLAB\R2016a\polyspace\bin;D:\project\java_project\Spring\gradle-3.1\bin;D:\project\java_project\Spring\apache-maven-3.3.9\bin;D:\TestTrack;D:\TestTrack\64bitLibs;C:\Go\bin;C:\Users\Nhut\AppData\Local\Programs\Python\Python35-32\Scripts\;C:\Users\Nhut\AppData\Local\Programs\Python\Python35-32\;C:\Program Files\Common Files\Microsoft Shared\Windows Live;C:\Program Files\Java\jre1.8.0_65\bin
USERNAME=Nhut
OS=Windows_NT
PROCESSOR_IDENTIFIER=Intel64 Family 6 Model 42 Stepping 7, GenuineIntel



---------------  S Y S T E M  ---------------

OS: Windows 7 , 64 bit Build 7601 (6.1.7601.17514)

CPU:total 8 (4 cores per cpu, 2 threads per core) family 6 model 42 stepping 7, cmov, cx8, fxsr, mmx, sse, sse2, sse3, ssse3, sse4.1, sse4.2, popcnt, avx, aes, clmul, ht, tsc, tscinvbit

Memory: 4k page, physical 12529520k(2309420k free), swap 14624824k(9932k free)

vm_info: Java HotSpot(TM) 64-Bit Server VM (25.60-b23) for windows-amd64 JRE (1.8.0_60-b27), built on Aug  4 2015 11:06:27 by "java_re" with MS VC++ 10.0 (VS2010)

time: Sat Jul 22 17:12:48 2017
elapsed time: 7 seconds (0d 0h 0m 7s)

